[0.006s] Invoking command in '/home/user/qiaoyin/build/system': CMAKE_PREFIX_PATH=/opt/ros/humble /usr/bin/cmake /home/user/qiaoyin/src/system -DCMAKE_INSTALL_PREFIX=/home/user/qiaoyin/install/system
[0.061s] -- The C compiler identification is GNU 11.4.0
[0.097s] -- The CXX compiler identification is GNU 11.4.0
[0.101s] -- Detecting C compiler ABI info
[0.146s] -- Detecting C compiler ABI info - done
[0.151s] -- Check for working C compiler: /usr/bin/cc - skipped
[0.151s] -- Detecting C compile features
[0.151s] -- Detecting C compile features - done
[0.153s] -- Detecting CXX compiler ABI info
[0.206s] -- Detecting CXX compiler ABI info - done
[0.211s] -- Check for working CXX compiler: /usr/bin/c++ - skipped
[0.212s] -- Detecting CXX compile features
[0.212s] -- Detecting CXX compile features - done
[0.213s] -- Found ament_cmake: 1.3.11 (/opt/ros/humble/share/ament_cmake/cmake)
[0.312s] -- Found Python3: /usr/bin/python3 (found version "3.10.12") found components: Interpreter 
[0.365s] -- Found rclcpp: 16.0.12 (/opt/ros/humble/share/rclcpp/cmake)
[0.389s] -- Found rosidl_generator_c: 3.1.6 (/opt/ros/humble/share/rosidl_generator_c/cmake)
[0.392s] -- Found rosidl_adapter: 3.1.6 (/opt/ros/humble/share/rosidl_adapter/cmake)
[0.396s] -- Found rosidl_generator_cpp: 3.1.6 (/opt/ros/humble/share/rosidl_generator_cpp/cmake)
[0.402s] -- Using all available rosidl_typesupport_c: rosidl_typesupport_fastrtps_c;rosidl_typesupport_introspection_c
[0.412s] -- Using all available rosidl_typesupport_cpp: rosidl_typesupport_fastrtps_cpp;rosidl_typesupport_introspection_cpp
[0.436s] -- Found rmw_implementation_cmake: 6.1.2 (/opt/ros/humble/share/rmw_implementation_cmake/cmake)
[0.437s] -- Found rmw_fastrtps_cpp: 6.2.7 (/opt/ros/humble/share/rmw_fastrtps_cpp/cmake)
[0.490s] -- Found OpenSSL: /usr/lib/x86_64-linux-gnu/libcrypto.so (found version "3.0.2")  
[0.507s] -- Found FastRTPS: /opt/ros/humble/include  
[0.533s] -- Using RMW implementation 'rmw_fastrtps_cpp' as default
[0.537s] -- Looking for pthread.h
[0.582s] -- Looking for pthread.h - found
[0.582s] -- Performing Test CMAKE_HAVE_LIBC_PTHREAD
[0.630s] -- Performing Test CMAKE_HAVE_LIBC_PTHREAD - Success
[0.631s] -- Found Threads: TRUE  
[0.666s] [31mCMake Error at CMakeLists.txt:11 (find_package):
[0.666s]   By not providing "Findwheelloong_utillity.cmake" in CMAKE_MODULE_PATH this
[0.666s]   project has asked CMake to find a package configuration file provided by
[0.667s]   "wheelloong_utillity", but CMake did not find one.
[0.667s] 
[0.667s]   Could not find a package configuration file provided by
[0.667s]   "wheelloong_utillity" with any of the following names:
[0.667s] 
[0.667s]     wheelloong_utillityConfig.cmake
[0.667s]     wheelloong_utillity-config.cmake
[0.667s] 
[0.667s]   Add the installation prefix of "wheelloong_utillity" to CMAKE_PREFIX_PATH
[0.667s]   or set "wheelloong_utillity_DIR" to a directory containing one of the above
[0.667s]   files.  If "wheelloong_utillity" provides a separate development package or
[0.667s]   SDK, be sure it has been installed.
[0.667s] 
[0.667s] [0m
[0.667s] -- Configuring incomplete, errors occurred!
[0.667s] See also "/home/user/qiaoyin/build/system/CMakeFiles/CMakeOutput.log".
[0.672s] Invoked command in '/home/user/qiaoyin/build/system' returned '1': CMAKE_PREFIX_PATH=/opt/ros/humble /usr/bin/cmake /home/user/qiaoyin/src/system -DCMAKE_INSTALL_PREFIX=/home/user/qiaoyin/install/system
