[ 10%] Built target driver__rosidl_generator_c
[ 12%] Built target driver__cpp
[ 12%] Built target ament_cmake_python_copy_driver
[ 22%] Built target driver__rosidl_typesupport_c
[ 33%] Built target driver__rosidl_typesupport_introspection_c
[ 51%] Built target driver__rosidl_typesupport_cpp
[ 54%] Built target driver__rosidl_typesupport_fastrtps_c
[ 65%] Built target driver__rosidl_typesupport_fastrtps_cpp
[ 75%] Built target driver__rosidl_typesupport_introspection_cpp
[35m[1mConsolidate compiler generated dependencies of target arm_driver_node[0m
[ 75%] Built target driver
[ 77%] [32mBuilding CXX object CMakeFiles/arm_driver_node.dir/src/arm_driver_node.cpp.o[0m
[ 78%] Built target driver__py
[ 87%] Built target driver__rosidl_generator_py
[ 90%] Built target driver__rosidl_typesupport_fastrtps_c__pyext
[ 93%] Built target driver__rosidl_typesupport_c__pyext
[ 96%] Built target driver__rosidl_typesupport_introspection_c__pyext
running egg_info
writing driver.egg-info/PKG-INFO
writing dependency_links to driver.egg-info/dependency_links.txt
writing top-level names to driver.egg-info/top_level.txt
reading manifest file 'driver.egg-info/SOURCES.txt'
writing manifest file 'driver.egg-info/SOURCES.txt'
[ 96%] Built target ament_cmake_python_build_driver_egg
