[  1%] Built target driver__cpp
[ 11%] Built target driver__rosidl_generator_c
[ 11%] Built target ament_cmake_python_copy_driver
[ 31%] Built target driver__rosidl_typesupport_cpp
[ 32%] Built target driver__rosidl_typesupport_c
[ 43%] Built target driver__rosidl_typesupport_fastrtps_cpp
[ 53%] Built target driver__rosidl_typesupport_introspection_c
[ 64%] Built target driver__rosidl_typesupport_introspection_cpp
[ 74%] Built target driver__rosidl_typesupport_fastrtps_c
[35m[1mConsolidate compiler generated dependencies of target arm_driver_node[0m
[ 74%] Built target driver
[ 77%] [32mBuilding CXX object CMakeFiles/arm_driver_node.dir/src/arm_driver_node.cpp.o[0m
[ 77%] [32mBuilding CXX object CMakeFiles/arm_driver_node.dir/src/main.cpp.o[0m
[ 79%] Built target driver__py
[ 88%] Built target driver__rosidl_generator_py
[ 91%] Built target driver__rosidl_typesupport_introspection_c__pyext
[ 94%] Built target driver__rosidl_typesupport_fastrtps_c__pyext
[ 97%] Built target driver__rosidl_typesupport_c__pyext
running egg_info
writing driver.egg-info/PKG-INFO
writing dependency_links to driver.egg-info/dependency_links.txt
writing top-level names to driver.egg-info/top_level.txt
reading manifest file 'driver.egg-info/SOURCES.txt'
writing manifest file 'driver.egg-info/SOURCES.txt'
[ 97%] Built target ament_cmake_python_build_driver_egg
[01m[K/home/user/qiaoyin/src/driver/src/arm_driver_node.cpp:[m[K In member function ‘[01m[Kvoid ArmDriverNode::publish_arm_info_callback()[m[K’:
[01m[K/home/user/qiaoyin/src/driver/src/arm_driver_node.cpp:38:29:[m[K [01;31m[Kerror: [m[K‘[01m[Kusing _left_arm_joints_type = struct std::array<double, 7>[m[K’ {aka ‘[01m[Kstruct std::array<double, 7>[m[K’} has no member named ‘[01m[Kassign[m[K’
   38 |         msg.left_arm_joints.[01;31m[Kassign[m[K(joint_values.begin(), joint_values.begin() + 7);
      |                             [01;31m[K^~~~~~[m[K
[01m[K/home/user/qiaoyin/src/driver/src/arm_driver_node.cpp:39:30:[m[K [01;31m[Kerror: [m[K‘[01m[Kusing _right_arm_joints_type = struct std::array<double, 7>[m[K’ {aka ‘[01m[Kstruct std::array<double, 7>[m[K’} has no member named ‘[01m[Kassign[m[K’
   39 |         msg.right_arm_joints.[01;31m[Kassign[m[K(joint_values.begin() + 7, joint_values.end());
      |                              [01;31m[K^~~~~~[m[K
In file included from [01m[K/opt/ros/humble/include/rclcpp/rclcpp/logging.hpp:24[m[K,
                 from [01m[K/opt/ros/humble/include/rclcpp/rclcpp/client.hpp:40[m[K,
                 from [01m[K/opt/ros/humble/include/rclcpp/rclcpp/callback_group.hpp:24[m[K,
                 from [01m[K/opt/ros/humble/include/rclcpp/rclcpp/any_executable.hpp:20[m[K,
                 from [01m[K/opt/ros/humble/include/rclcpp/rclcpp/memory_strategy.hpp:25[m[K,
                 from [01m[K/opt/ros/humble/include/rclcpp/rclcpp/memory_strategies.hpp:18[m[K,
                 from [01m[K/opt/ros/humble/include/rclcpp/rclcpp/executor_options.hpp:20[m[K,
                 from [01m[K/opt/ros/humble/include/rclcpp/rclcpp/executor.hpp:37[m[K,
                 from [01m[K/opt/ros/humble/include/rclcpp/rclcpp/executors/multi_threaded_executor.hpp:25[m[K,
                 from [01m[K/opt/ros/humble/include/rclcpp/rclcpp/executors.hpp:21[m[K,
                 from [01m[K/opt/ros/humble/include/rclcpp/rclcpp/rclcpp.hpp:155[m[K,
                 from [01m[K/home/user/qiaoyin/src/driver/src/arm_driver_node.h:5[m[K,
                 from [01m[K/home/user/qiaoyin/src/driver/src/arm_driver_node.cpp:1[m[K:
[01m[K/home/user/qiaoyin/src/driver/src/arm_driver_node.cpp:41:41:[m[K [01;35m[Kwarning: [m[Kformat ‘[01m[K%d[m[K’ expects argument of type ‘[01m[Kint[m[K’, but argument 5 has type ‘[01m[Kstd::vector<double>::size_type[m[K’ {aka ‘[01m[Klong unsigned int[m[K’} [[01;35m[K]8;;https://gcc.gnu.org/onlinedocs/gcc/Warning-Options.html#index-Wformat=-Wformat=]8;;[m[K]
   41 |         RCLCPP_WARN(this->get_logger(), [01;35m[K"Invalid joint data size: %d"[m[K, [32m[Kjoint_values.size()[m[K);
      |                                         [01;35m[K^~~~~~~~~~~~~~~~~~~~~~~~~~~~~[m[K  [32m[K~~~~~~~~~~~~~~~~~~~[m[K
      |                                                                                         [32m[K|[m[K
      |                                                                                         [32m[Kstd::vector<double>::size_type {aka long unsigned int}[m[K
[01m[K/home/user/qiaoyin/src/driver/src/arm_driver_node.cpp:41:68:[m[K [01;36m[Knote: [m[Kformat string is defined here
   41 |         RCLCPP_WARN(this->get_logger(), "Invalid joint data size: [01;36m[K%d[m[K", joint_values.size());
      |                                                                   [01;36m[K~^[m[K
      |                                                                    [01;36m[K|[m[K
      |                                                                    [01;36m[Kint[m[K
      |                                                                   [32m[K%ld[m[K
[01m[K/home/user/qiaoyin/src/driver/src/arm_driver_node.cpp:49:23:[m[K [01;31m[Kerror: [m[K‘[01m[KCartesianPose JAKA::curCart [2][m[K’ is private within this context
   49 |                 jaka_.[01;31m[KcurCart[m[K[i].tran.x,
      |                       [01;31m[K^~~~~~~[m[K
In file included from [01m[K/home/user/qiaoyin/src/driver/src/arm_driver_node.h:3[m[K,
                 from [01m[K/home/user/qiaoyin/src/driver/src/arm_driver_node.cpp:1[m[K:
[01m[K/home/user/qiaoyin/src/driver/src/jaka.h:36:19:[m[K [01;36m[Knote: [m[Kdeclared private here
   36 |     CartesianPose [01;36m[KcurCart[m[K[2];
      |                   [01;36m[K^~~~~~~[m[K
[01m[K/home/user/qiaoyin/src/driver/src/arm_driver_node.cpp:50:23:[m[K [01;31m[Kerror: [m[K‘[01m[KCartesianPose JAKA::curCart [2][m[K’ is private within this context
   50 |                 jaka_.[01;31m[KcurCart[m[K[i].tran.y,
      |                       [01;31m[K^~~~~~~[m[K
In file included from [01m[K/home/user/qiaoyin/src/driver/src/arm_driver_node.h:3[m[K,
                 from [01m[K/home/user/qiaoyin/src/driver/src/arm_driver_node.cpp:1[m[K:
[01m[K/home/user/qiaoyin/src/driver/src/jaka.h:36:19:[m[K [01;36m[Knote: [m[Kdeclared private here
   36 |     CartesianPose [01;36m[KcurCart[m[K[2];
      |                   [01;36m[K^~~~~~~[m[K
[01m[K/home/user/qiaoyin/src/driver/src/arm_driver_node.cpp:51:23:[m[K [01;31m[Kerror: [m[K‘[01m[KCartesianPose JAKA::curCart [2][m[K’ is private within this context
   51 |                 jaka_.[01;31m[KcurCart[m[K[i].tran.z,
      |                       [01;31m[K^~~~~~~[m[K
In file included from [01m[K/home/user/qiaoyin/src/driver/src/arm_driver_node.h:3[m[K,
                 from [01m[K/home/user/qiaoyin/src/driver/src/arm_driver_node.cpp:1[m[K:
[01m[K/home/user/qiaoyin/src/driver/src/jaka.h:36:19:[m[K [01;36m[Knote: [m[Kdeclared private here
   36 |     CartesianPose [01;36m[KcurCart[m[K[2];
      |                   [01;36m[K^~~~~~~[m[K
[01m[K/home/user/qiaoyin/src/driver/src/arm_driver_node.cpp:52:23:[m[K [01;31m[Kerror: [m[K‘[01m[KCartesianPose JAKA::curCart [2][m[K’ is private within this context
   52 |                 jaka_.[01;31m[KcurCart[m[K[i].rpy.rx,
      |                       [01;31m[K^~~~~~~[m[K
In file included from [01m[K/home/user/qiaoyin/src/driver/src/arm_driver_node.h:3[m[K,
                 from [01m[K/home/user/qiaoyin/src/driver/src/arm_driver_node.cpp:1[m[K:
[01m[K/home/user/qiaoyin/src/driver/src/jaka.h:36:19:[m[K [01;36m[Knote: [m[Kdeclared private here
   36 |     CartesianPose [01;36m[KcurCart[m[K[2];
      |                   [01;36m[K^~~~~~~[m[K
[01m[K/home/user/qiaoyin/src/driver/src/arm_driver_node.cpp:53:23:[m[K [01;31m[Kerror: [m[K‘[01m[KCartesianPose JAKA::curCart [2][m[K’ is private within this context
   53 |                 jaka_.[01;31m[KcurCart[m[K[i].rpy.ry,
      |                       [01;31m[K^~~~~~~[m[K
In file included from [01m[K/home/user/qiaoyin/src/driver/src/arm_driver_node.h:3[m[K,
                 from [01m[K/home/user/qiaoyin/src/driver/src/arm_driver_node.cpp:1[m[K:
[01m[K/home/user/qiaoyin/src/driver/src/jaka.h:36:19:[m[K [01;36m[Knote: [m[Kdeclared private here
   36 |     CartesianPose [01;36m[KcurCart[m[K[2];
      |                   [01;36m[K^~~~~~~[m[K
[01m[K/home/user/qiaoyin/src/driver/src/arm_driver_node.cpp:54:23:[m[K [01;31m[Kerror: [m[K‘[01m[KCartesianPose JAKA::curCart [2][m[K’ is private within this context
   54 |                 jaka_.[01;31m[KcurCart[m[K[i].rpy.rz
      |                       [01;31m[K^~~~~~~[m[K
In file included from [01m[K/home/user/qiaoyin/src/driver/src/arm_driver_node.h:3[m[K,
                 from [01m[K/home/user/qiaoyin/src/driver/src/arm_driver_node.cpp:1[m[K:
[01m[K/home/user/qiaoyin/src/driver/src/jaka.h:36:19:[m[K [01;36m[Knote: [m[Kdeclared private here
   36 |     CartesianPose [01;36m[KcurCart[m[K[2];
      |                   [01;36m[K^~~~~~~[m[K
[01m[K/home/user/qiaoyin/src/driver/src/arm_driver_node.cpp:58:23:[m[K [01;31m[Kerror: [m[K‘[01m[KCartesianPose JAKA::curCart [2][m[K’ is private within this context
   58 |                 jaka_.[01;31m[KcurCart[m[K[i].tran.x,
      |                       [01;31m[K^~~~~~~[m[K
In file included from [01m[K/home/user/qiaoyin/src/driver/src/arm_driver_node.h:3[m[K,
                 from [01m[K/home/user/qiaoyin/src/driver/src/arm_driver_node.cpp:1[m[K:
[01m[K/home/user/qiaoyin/src/driver/src/jaka.h:36:19:[m[K [01;36m[Knote: [m[Kdeclared private here
   36 |     CartesianPose [01;36m[KcurCart[m[K[2];
      |                   [01;36m[K^~~~~~~[m[K
[01m[K/home/user/qiaoyin/src/driver/src/arm_driver_node.cpp:59:23:[m[K [01;31m[Kerror: [m[K‘[01m[KCartesianPose JAKA::curCart [2][m[K’ is private within this context
   59 |                 jaka_.[01;31m[KcurCart[m[K[i].tran.y,
      |                       [01;31m[K^~~~~~~[m[K
In file included from [01m[K/home/user/qiaoyin/src/driver/src/arm_driver_node.h:3[m[K,
                 from [01m[K/home/user/qiaoyin/src/driver/src/arm_driver_node.cpp:1[m[K:
[01m[K/home/user/qiaoyin/src/driver/src/jaka.h:36:19:[m[K [01;36m[Knote: [m[Kdeclared private here
   36 |     CartesianPose [01;36m[KcurCart[m[K[2];
      |                   [01;36m[K^~~~~~~[m[K
[01m[K/home/user/qiaoyin/src/driver/src/arm_driver_node.cpp:60:23:[m[K [01;31m[Kerror: [m[K‘[01m[KCartesianPose JAKA::curCart [2][m[K’ is private within this context
   60 |                 jaka_.[01;31m[KcurCart[m[K[i].tran.z,
      |                       [01;31m[K^~~~~~~[m[K
In file included from [01m[K/home/user/qiaoyin/src/driver/src/arm_driver_node.h:3[m[K,
                 from [01m[K/home/user/qiaoyin/src/driver/src/arm_driver_node.cpp:1[m[K:
[01m[K/home/user/qiaoyin/src/driver/src/jaka.h:36:19:[m[K [01;36m[Knote: [m[Kdeclared private here
   36 |     CartesianPose [01;36m[KcurCart[m[K[2];
      |                   [01;36m[K^~~~~~~[m[K
[01m[K/home/user/qiaoyin/src/driver/src/arm_driver_node.cpp:61:23:[m[K [01;31m[Kerror: [m[K‘[01m[KCartesianPose JAKA::curCart [2][m[K’ is private within this context
   61 |                 jaka_.[01;31m[KcurCart[m[K[i].rpy.rx,
      |                       [01;31m[K^~~~~~~[m[K
In file included from [01m[K/home/user/qiaoyin/src/driver/src/arm_driver_node.h:3[m[K,
                 from [01m[K/home/user/qiaoyin/src/driver/src/arm_driver_node.cpp:1[m[K:
[01m[K/home/user/qiaoyin/src/driver/src/jaka.h:36:19:[m[K [01;36m[Knote: [m[Kdeclared private here
   36 |     CartesianPose [01;36m[KcurCart[m[K[2];
      |                   [01;36m[K^~~~~~~[m[K
[01m[K/home/user/qiaoyin/src/driver/src/arm_driver_node.cpp:62:23:[m[K [01;31m[Kerror: [m[K‘[01m[KCartesianPose JAKA::curCart [2][m[K’ is private within this context
   62 |                 jaka_.[01;31m[KcurCart[m[K[i].rpy.ry,
      |                       [01;31m[K^~~~~~~[m[K
In file included from [01m[K/home/user/qiaoyin/src/driver/src/arm_driver_node.h:3[m[K,
                 from [01m[K/home/user/qiaoyin/src/driver/src/arm_driver_node.cpp:1[m[K:
[01m[K/home/user/qiaoyin/src/driver/src/jaka.h:36:19:[m[K [01;36m[Knote: [m[Kdeclared private here
   36 |     CartesianPose [01;36m[KcurCart[m[K[2];
      |                   [01;36m[K^~~~~~~[m[K
[01m[K/home/user/qiaoyin/src/driver/src/arm_driver_node.cpp:63:23:[m[K [01;31m[Kerror: [m[K‘[01m[KCartesianPose JAKA::curCart [2][m[K’ is private within this context
   63 |                 jaka_.[01;31m[KcurCart[m[K[i].rpy.rz
      |                       [01;31m[K^~~~~~~[m[K
In file included from [01m[K/home/user/qiaoyin/src/driver/src/arm_driver_node.h:3[m[K,
                 from [01m[K/home/user/qiaoyin/src/driver/src/arm_driver_node.cpp:1[m[K:
[01m[K/home/user/qiaoyin/src/driver/src/jaka.h:36:19:[m[K [01;36m[Knote: [m[Kdeclared private here
   36 |     CartesianPose [01;36m[KcurCart[m[K[2];
      |                   [01;36m[K^~~~~~~[m[K
[01m[K/home/user/qiaoyin/src/driver/src/arm_driver_node.cpp:69:24:[m[K [01;31m[Kerror: [m[K‘[01m[Kdouble JAKA::vel [2][m[K’ is private within this context
   69 |     msg.speed = {jaka_.[01;31m[Kvel[m[K[0], jaka_.vel[1]};
      |                        [01;31m[K^~~[m[K
In file included from [01m[K/home/user/qiaoyin/src/driver/src/arm_driver_node.h:3[m[K,
                 from [01m[K/home/user/qiaoyin/src/driver/src/arm_driver_node.cpp:1[m[K:
[01m[K/home/user/qiaoyin/src/driver/src/jaka.h:29:12:[m[K [01;36m[Knote: [m[Kdeclared private here
   29 |     double [01;36m[Kvel[m[K[2] = {1, 1};
      |            [01;36m[K^~~[m[K
[01m[K/home/user/qiaoyin/src/driver/src/arm_driver_node.cpp:69:38:[m[K [01;31m[Kerror: [m[K‘[01m[Kdouble JAKA::vel [2][m[K’ is private within this context
   69 |     msg.speed = {jaka_.vel[0], jaka_.[01;31m[Kvel[m[K[1]};
      |                                      [01;31m[K^~~[m[K
In file included from [01m[K/home/user/qiaoyin/src/driver/src/arm_driver_node.h:3[m[K,
                 from [01m[K/home/user/qiaoyin/src/driver/src/arm_driver_node.cpp:1[m[K:
[01m[K/home/user/qiaoyin/src/driver/src/jaka.h:29:12:[m[K [01;36m[Knote: [m[Kdeclared private here
   29 |     double [01;36m[Kvel[m[K[2] = {1, 1};
      |            [01;36m[K^~~[m[K
gmake[2]: *** [CMakeFiles/arm_driver_node.dir/build.make:76：CMakeFiles/arm_driver_node.dir/src/arm_driver_node.cpp.o] 错误 1
gmake[1]: *** [CMakeFiles/Makefile2:593：CMakeFiles/arm_driver_node.dir/all] 错误 2
gmake: *** [Makefile:146：all] 错误 2
