[0.009s] Invoking command in '/home/user/qiaoyin/build/driver': CMAKE_PREFIX_PATH=/opt/ros/humble /usr/bin/cmake --build /home/user/qiaoyin/build/driver -- -j24 -l24
[0.043s] [  1%] Built target driver__cpp
[0.047s] [ 11%] Built target driver__rosidl_generator_c
[0.049s] [ 11%] Built target ament_cmake_python_copy_driver
[0.062s] [ 31%] Built target driver__rosidl_typesupport_cpp
[0.063s] [ 32%] Built target driver__rosidl_typesupport_c
[0.063s] [ 43%] Built target driver__rosidl_typesupport_fastrtps_cpp
[0.063s] [ 53%] Built target driver__rosidl_typesupport_introspection_c
[0.063s] [ 64%] Built target driver__rosidl_typesupport_introspection_cpp
[0.064s] [ 74%] Built target driver__rosidl_typesupport_fastrtps_c
[0.071s] [35m[1mConsolidate compiler generated dependencies of target arm_driver_node[0m
[0.077s] [ 74%] Built target driver
[0.084s] [ 77%] [32mBuilding CXX object CMakeFiles/arm_driver_node.dir/src/arm_driver_node.cpp.o[0m
[0.084s] [ 77%] [32mBuilding CXX object CMakeFiles/arm_driver_node.dir/src/main.cpp.o[0m
[0.092s] [ 79%] Built target driver__py
[0.110s] [ 88%] Built target driver__rosidl_generator_py
[0.127s] [ 91%] Built target driver__rosidl_typesupport_introspection_c__pyext
[0.127s] [ 94%] Built target driver__rosidl_typesupport_fastrtps_c__pyext
[0.130s] [ 97%] Built target driver__rosidl_typesupport_c__pyext
[0.199s] running egg_info
[0.200s] writing driver.egg-info/PKG-INFO
[0.200s] writing dependency_links to driver.egg-info/dependency_links.txt
[0.200s] writing top-level names to driver.egg-info/top_level.txt
[0.201s] reading manifest file 'driver.egg-info/SOURCES.txt'
[0.201s] writing manifest file 'driver.egg-info/SOURCES.txt'
[0.218s] [ 97%] Built target ament_cmake_python_build_driver_egg
[1.458s] [01m[K/home/user/qiaoyin/src/driver/src/arm_driver_node.cpp:[m[K In member function ‘[01m[Kvoid ArmDriverNode::publish_arm_info_callback()[m[K’:
[1.458s] [01m[K/home/user/qiaoyin/src/driver/src/arm_driver_node.cpp:38:29:[m[K [01;31m[Kerror: [m[K‘[01m[Kusing _left_arm_joints_type = struct std::array<double, 7>[m[K’ {aka ‘[01m[Kstruct std::array<double, 7>[m[K’} has no member named ‘[01m[Kassign[m[K’
[1.458s]    38 |         msg.left_arm_joints.[01;31m[Kassign[m[K(joint_values.begin(), joint_values.begin() + 7);
[1.458s]       |                             [01;31m[K^~~~~~[m[K
[1.458s] [01m[K/home/user/qiaoyin/src/driver/src/arm_driver_node.cpp:39:30:[m[K [01;31m[Kerror: [m[K‘[01m[Kusing _right_arm_joints_type = struct std::array<double, 7>[m[K’ {aka ‘[01m[Kstruct std::array<double, 7>[m[K’} has no member named ‘[01m[Kassign[m[K’
[1.458s]    39 |         msg.right_arm_joints.[01;31m[Kassign[m[K(joint_values.begin() + 7, joint_values.end());
[1.458s]       |                              [01;31m[K^~~~~~[m[K
[1.458s] In file included from [01m[K/opt/ros/humble/include/rclcpp/rclcpp/logging.hpp:24[m[K,
[1.458s]                  from [01m[K/opt/ros/humble/include/rclcpp/rclcpp/client.hpp:40[m[K,
[1.458s]                  from [01m[K/opt/ros/humble/include/rclcpp/rclcpp/callback_group.hpp:24[m[K,
[1.458s]                  from [01m[K/opt/ros/humble/include/rclcpp/rclcpp/any_executable.hpp:20[m[K,
[1.458s]                  from [01m[K/opt/ros/humble/include/rclcpp/rclcpp/memory_strategy.hpp:25[m[K,
[1.458s]                  from [01m[K/opt/ros/humble/include/rclcpp/rclcpp/memory_strategies.hpp:18[m[K,
[1.458s]                  from [01m[K/opt/ros/humble/include/rclcpp/rclcpp/executor_options.hpp:20[m[K,
[1.458s]                  from [01m[K/opt/ros/humble/include/rclcpp/rclcpp/executor.hpp:37[m[K,
[1.458s]                  from [01m[K/opt/ros/humble/include/rclcpp/rclcpp/executors/multi_threaded_executor.hpp:25[m[K,
[1.458s]                  from [01m[K/opt/ros/humble/include/rclcpp/rclcpp/executors.hpp:21[m[K,
[1.458s]                  from [01m[K/opt/ros/humble/include/rclcpp/rclcpp/rclcpp.hpp:155[m[K,
[1.459s]                  from [01m[K/home/user/qiaoyin/src/driver/src/arm_driver_node.h:5[m[K,
[1.459s]                  from [01m[K/home/user/qiaoyin/src/driver/src/arm_driver_node.cpp:1[m[K:
[1.459s] [01m[K/home/user/qiaoyin/src/driver/src/arm_driver_node.cpp:41:41:[m[K [01;35m[Kwarning: [m[Kformat ‘[01m[K%d[m[K’ expects argument of type ‘[01m[Kint[m[K’, but argument 5 has type ‘[01m[Kstd::vector<double>::size_type[m[K’ {aka ‘[01m[Klong unsigned int[m[K’} [[01;35m[K]8;;https://gcc.gnu.org/onlinedocs/gcc/Warning-Options.html#index-Wformat=-Wformat=]8;;[m[K]
[1.459s]    41 |         RCLCPP_WARN(this->get_logger(), [01;35m[K"Invalid joint data size: %d"[m[K, [32m[Kjoint_values.size()[m[K);
[1.459s]       |                                         [01;35m[K^~~~~~~~~~~~~~~~~~~~~~~~~~~~~[m[K  [32m[K~~~~~~~~~~~~~~~~~~~[m[K
[1.459s]       |                                                                                         [32m[K|[m[K
[1.459s]       |                                                                                         [32m[Kstd::vector<double>::size_type {aka long unsigned int}[m[K
[1.459s] [01m[K/home/user/qiaoyin/src/driver/src/arm_driver_node.cpp:41:68:[m[K [01;36m[Knote: [m[Kformat string is defined here
[1.459s]    41 |         RCLCPP_WARN(this->get_logger(), "Invalid joint data size: [01;36m[K%d[m[K", joint_values.size());
[1.459s]       |                                                                   [01;36m[K~^[m[K
[1.459s]       |                                                                    [01;36m[K|[m[K
[1.459s]       |                                                                    [01;36m[Kint[m[K
[1.459s]       |                                                                   [32m[K%ld[m[K
[1.459s] [01m[K/home/user/qiaoyin/src/driver/src/arm_driver_node.cpp:49:23:[m[K [01;31m[Kerror: [m[K‘[01m[KCartesianPose JAKA::curCart [2][m[K’ is private within this context
[1.459s]    49 |                 jaka_.[01;31m[KcurCart[m[K[i].tran.x,
[1.459s]       |                       [01;31m[K^~~~~~~[m[K
[1.459s] In file included from [01m[K/home/user/qiaoyin/src/driver/src/arm_driver_node.h:3[m[K,
[1.459s]                  from [01m[K/home/user/qiaoyin/src/driver/src/arm_driver_node.cpp:1[m[K:
[1.460s] [01m[K/home/user/qiaoyin/src/driver/src/jaka.h:36:19:[m[K [01;36m[Knote: [m[Kdeclared private here
[1.460s]    36 |     CartesianPose [01;36m[KcurCart[m[K[2];
[1.460s]       |                   [01;36m[K^~~~~~~[m[K
[1.460s] [01m[K/home/user/qiaoyin/src/driver/src/arm_driver_node.cpp:50:23:[m[K [01;31m[Kerror: [m[K‘[01m[KCartesianPose JAKA::curCart [2][m[K’ is private within this context
[1.460s]    50 |                 jaka_.[01;31m[KcurCart[m[K[i].tran.y,
[1.460s]       |                       [01;31m[K^~~~~~~[m[K
[1.460s] In file included from [01m[K/home/user/qiaoyin/src/driver/src/arm_driver_node.h:3[m[K,
[1.460s]                  from [01m[K/home/user/qiaoyin/src/driver/src/arm_driver_node.cpp:1[m[K:
[1.460s] [01m[K/home/user/qiaoyin/src/driver/src/jaka.h:36:19:[m[K [01;36m[Knote: [m[Kdeclared private here
[1.460s]    36 |     CartesianPose [01;36m[KcurCart[m[K[2];
[1.460s]       |                   [01;36m[K^~~~~~~[m[K
[1.460s] [01m[K/home/user/qiaoyin/src/driver/src/arm_driver_node.cpp:51:23:[m[K [01;31m[Kerror: [m[K‘[01m[KCartesianPose JAKA::curCart [2][m[K’ is private within this context
[1.460s]    51 |                 jaka_.[01;31m[KcurCart[m[K[i].tran.z,
[1.460s]       |                       [01;31m[K^~~~~~~[m[K
[1.460s] In file included from [01m[K/home/user/qiaoyin/src/driver/src/arm_driver_node.h:3[m[K,
[1.460s]                  from [01m[K/home/user/qiaoyin/src/driver/src/arm_driver_node.cpp:1[m[K:
[1.460s] [01m[K/home/user/qiaoyin/src/driver/src/jaka.h:36:19:[m[K [01;36m[Knote: [m[Kdeclared private here
[1.460s]    36 |     CartesianPose [01;36m[KcurCart[m[K[2];
[1.461s]       |                   [01;36m[K^~~~~~~[m[K
[1.461s] [01m[K/home/user/qiaoyin/src/driver/src/arm_driver_node.cpp:52:23:[m[K [01;31m[Kerror: [m[K‘[01m[KCartesianPose JAKA::curCart [2][m[K’ is private within this context
[1.461s]    52 |                 jaka_.[01;31m[KcurCart[m[K[i].rpy.rx,
[1.461s]       |                       [01;31m[K^~~~~~~[m[K
[1.461s] In file included from [01m[K/home/user/qiaoyin/src/driver/src/arm_driver_node.h:3[m[K,
[1.461s]                  from [01m[K/home/user/qiaoyin/src/driver/src/arm_driver_node.cpp:1[m[K:
[1.461s] [01m[K/home/user/qiaoyin/src/driver/src/jaka.h:36:19:[m[K [01;36m[Knote: [m[Kdeclared private here
[1.461s]    36 |     CartesianPose [01;36m[KcurCart[m[K[2];
[1.461s]       |                   [01;36m[K^~~~~~~[m[K
[1.461s] [01m[K/home/user/qiaoyin/src/driver/src/arm_driver_node.cpp:53:23:[m[K [01;31m[Kerror: [m[K‘[01m[KCartesianPose JAKA::curCart [2][m[K’ is private within this context
[1.461s]    53 |                 jaka_.[01;31m[KcurCart[m[K[i].rpy.ry,
[1.461s]       |                       [01;31m[K^~~~~~~[m[K
[1.461s] In file included from [01m[K/home/user/qiaoyin/src/driver/src/arm_driver_node.h:3[m[K,
[1.461s]                  from [01m[K/home/user/qiaoyin/src/driver/src/arm_driver_node.cpp:1[m[K:
[1.461s] [01m[K/home/user/qiaoyin/src/driver/src/jaka.h:36:19:[m[K [01;36m[Knote: [m[Kdeclared private here
[1.461s]    36 |     CartesianPose [01;36m[KcurCart[m[K[2];
[1.461s]       |                   [01;36m[K^~~~~~~[m[K
[1.461s] [01m[K/home/user/qiaoyin/src/driver/src/arm_driver_node.cpp:54:23:[m[K [01;31m[Kerror: [m[K‘[01m[KCartesianPose JAKA::curCart [2][m[K’ is private within this context
[1.462s]    54 |                 jaka_.[01;31m[KcurCart[m[K[i].rpy.rz
[1.462s]       |                       [01;31m[K^~~~~~~[m[K
[1.462s] In file included from [01m[K/home/user/qiaoyin/src/driver/src/arm_driver_node.h:3[m[K,
[1.462s]                  from [01m[K/home/user/qiaoyin/src/driver/src/arm_driver_node.cpp:1[m[K:
[1.462s] [01m[K/home/user/qiaoyin/src/driver/src/jaka.h:36:19:[m[K [01;36m[Knote: [m[Kdeclared private here
[1.462s]    36 |     CartesianPose [01;36m[KcurCart[m[K[2];
[1.462s]       |                   [01;36m[K^~~~~~~[m[K
[1.462s] [01m[K/home/user/qiaoyin/src/driver/src/arm_driver_node.cpp:58:23:[m[K [01;31m[Kerror: [m[K‘[01m[KCartesianPose JAKA::curCart [2][m[K’ is private within this context
[1.462s]    58 |                 jaka_.[01;31m[KcurCart[m[K[i].tran.x,
[1.462s]       |                       [01;31m[K^~~~~~~[m[K
[1.462s] In file included from [01m[K/home/user/qiaoyin/src/driver/src/arm_driver_node.h:3[m[K,
[1.462s]                  from [01m[K/home/user/qiaoyin/src/driver/src/arm_driver_node.cpp:1[m[K:
[1.462s] [01m[K/home/user/qiaoyin/src/driver/src/jaka.h:36:19:[m[K [01;36m[Knote: [m[Kdeclared private here
[1.462s]    36 |     CartesianPose [01;36m[KcurCart[m[K[2];
[1.462s]       |                   [01;36m[K^~~~~~~[m[K
[1.462s] [01m[K/home/user/qiaoyin/src/driver/src/arm_driver_node.cpp:59:23:[m[K [01;31m[Kerror: [m[K‘[01m[KCartesianPose JAKA::curCart [2][m[K’ is private within this context
[1.462s]    59 |                 jaka_.[01;31m[KcurCart[m[K[i].tran.y,
[1.462s]       |                       [01;31m[K^~~~~~~[m[K
[1.463s] In file included from [01m[K/home/user/qiaoyin/src/driver/src/arm_driver_node.h:3[m[K,
[1.463s]                  from [01m[K/home/user/qiaoyin/src/driver/src/arm_driver_node.cpp:1[m[K:
[1.463s] [01m[K/home/user/qiaoyin/src/driver/src/jaka.h:36:19:[m[K [01;36m[Knote: [m[Kdeclared private here
[1.463s]    36 |     CartesianPose [01;36m[KcurCart[m[K[2];
[1.463s]       |                   [01;36m[K^~~~~~~[m[K
[1.463s] [01m[K/home/user/qiaoyin/src/driver/src/arm_driver_node.cpp:60:23:[m[K [01;31m[Kerror: [m[K‘[01m[KCartesianPose JAKA::curCart [2][m[K’ is private within this context
[1.463s]    60 |                 jaka_.[01;31m[KcurCart[m[K[i].tran.z,
[1.463s]       |                       [01;31m[K^~~~~~~[m[K
[1.463s] In file included from [01m[K/home/user/qiaoyin/src/driver/src/arm_driver_node.h:3[m[K,
[1.463s]                  from [01m[K/home/user/qiaoyin/src/driver/src/arm_driver_node.cpp:1[m[K:
[1.463s] [01m[K/home/user/qiaoyin/src/driver/src/jaka.h:36:19:[m[K [01;36m[Knote: [m[Kdeclared private here
[1.463s]    36 |     CartesianPose [01;36m[KcurCart[m[K[2];
[1.463s]       |                   [01;36m[K^~~~~~~[m[K
[1.463s] [01m[K/home/user/qiaoyin/src/driver/src/arm_driver_node.cpp:61:23:[m[K [01;31m[Kerror: [m[K‘[01m[KCartesianPose JAKA::curCart [2][m[K’ is private within this context
[1.463s]    61 |                 jaka_.[01;31m[KcurCart[m[K[i].rpy.rx,
[1.463s]       |                       [01;31m[K^~~~~~~[m[K
[1.463s] In file included from [01m[K/home/user/qiaoyin/src/driver/src/arm_driver_node.h:3[m[K,
[1.463s]                  from [01m[K/home/user/qiaoyin/src/driver/src/arm_driver_node.cpp:1[m[K:
[1.463s] [01m[K/home/user/qiaoyin/src/driver/src/jaka.h:36:19:[m[K [01;36m[Knote: [m[Kdeclared private here
[1.463s]    36 |     CartesianPose [01;36m[KcurCart[m[K[2];
[1.463s]       |                   [01;36m[K^~~~~~~[m[K
[1.463s] [01m[K/home/user/qiaoyin/src/driver/src/arm_driver_node.cpp:62:23:[m[K [01;31m[Kerror: [m[K‘[01m[KCartesianPose JAKA::curCart [2][m[K’ is private within this context
[1.463s]    62 |                 jaka_.[01;31m[KcurCart[m[K[i].rpy.ry,
[1.463s]       |                       [01;31m[K^~~~~~~[m[K
[1.463s] In file included from [01m[K/home/user/qiaoyin/src/driver/src/arm_driver_node.h:3[m[K,
[1.463s]                  from [01m[K/home/user/qiaoyin/src/driver/src/arm_driver_node.cpp:1[m[K:
[1.463s] [01m[K/home/user/qiaoyin/src/driver/src/jaka.h:36:19:[m[K [01;36m[Knote: [m[Kdeclared private here
[1.463s]    36 |     CartesianPose [01;36m[KcurCart[m[K[2];
[1.463s]       |                   [01;36m[K^~~~~~~[m[K
[1.463s] [01m[K/home/user/qiaoyin/src/driver/src/arm_driver_node.cpp:63:23:[m[K [01;31m[Kerror: [m[K‘[01m[KCartesianPose JAKA::curCart [2][m[K’ is private within this context
[1.463s]    63 |                 jaka_.[01;31m[KcurCart[m[K[i].rpy.rz
[1.463s]       |                       [01;31m[K^~~~~~~[m[K
[1.463s] In file included from [01m[K/home/user/qiaoyin/src/driver/src/arm_driver_node.h:3[m[K,
[1.463s]                  from [01m[K/home/user/qiaoyin/src/driver/src/arm_driver_node.cpp:1[m[K:
[1.463s] [01m[K/home/user/qiaoyin/src/driver/src/jaka.h:36:19:[m[K [01;36m[Knote: [m[Kdeclared private here
[1.463s]    36 |     CartesianPose [01;36m[KcurCart[m[K[2];
[1.463s]       |                   [01;36m[K^~~~~~~[m[K
[1.464s] [01m[K/home/user/qiaoyin/src/driver/src/arm_driver_node.cpp:69:24:[m[K [01;31m[Kerror: [m[K‘[01m[Kdouble JAKA::vel [2][m[K’ is private within this context
[1.464s]    69 |     msg.speed = {jaka_.[01;31m[Kvel[m[K[0], jaka_.vel[1]};
[1.464s]       |                        [01;31m[K^~~[m[K
[1.464s] In file included from [01m[K/home/user/qiaoyin/src/driver/src/arm_driver_node.h:3[m[K,
[1.464s]                  from [01m[K/home/user/qiaoyin/src/driver/src/arm_driver_node.cpp:1[m[K:
[1.464s] [01m[K/home/user/qiaoyin/src/driver/src/jaka.h:29:12:[m[K [01;36m[Knote: [m[Kdeclared private here
[1.464s]    29 |     double [01;36m[Kvel[m[K[2] = {1, 1};
[1.464s]       |            [01;36m[K^~~[m[K
[1.464s] [01m[K/home/user/qiaoyin/src/driver/src/arm_driver_node.cpp:69:38:[m[K [01;31m[Kerror: [m[K‘[01m[Kdouble JAKA::vel [2][m[K’ is private within this context
[1.464s]    69 |     msg.speed = {jaka_.vel[0], jaka_.[01;31m[Kvel[m[K[1]};
[1.464s]       |                                      [01;31m[K^~~[m[K
[1.464s] In file included from [01m[K/home/user/qiaoyin/src/driver/src/arm_driver_node.h:3[m[K,
[1.464s]                  from [01m[K/home/user/qiaoyin/src/driver/src/arm_driver_node.cpp:1[m[K:
[1.464s] [01m[K/home/user/qiaoyin/src/driver/src/jaka.h:29:12:[m[K [01;36m[Knote: [m[Kdeclared private here
[1.464s]    29 |     double [01;36m[Kvel[m[K[2] = {1, 1};
[1.464s]       |            [01;36m[K^~~[m[K
[1.950s] gmake[2]: *** [CMakeFiles/arm_driver_node.dir/build.make:76：CMakeFiles/arm_driver_node.dir/src/arm_driver_node.cpp.o] 错误 1
[1.950s] gmake[1]: *** [CMakeFiles/Makefile2:593：CMakeFiles/arm_driver_node.dir/all] 错误 2
[1.951s] gmake: *** [Makefile:146：all] 错误 2
[1.953s] Invoked command in '/home/user/qiaoyin/build/driver' returned '2': CMAKE_PREFIX_PATH=/opt/ros/humble /usr/bin/cmake --build /home/user/qiaoyin/build/driver -- -j24 -l24
