[0.009s] Invoking command in '/home/user/qiaoyin/build/driver': CMAKE_PREFIX_PATH=/opt/ros/humble /usr/bin/cmake --build /home/user/qiaoyin/build/driver -- -j24 -l24
[0.044s] [  1%] Built target driver__cpp
[0.044s] [ 11%] Built target driver__rosidl_generator_c
[0.048s] [ 11%] Built target ament_cmake_python_copy_driver
[0.058s] [ 26%] Built target driver__rosidl_typesupport_introspection_c
[0.058s] [ 32%] Built target driver__rosidl_typesupport_c
[0.060s] [ 43%] Built target driver__rosidl_typesupport_cpp
[0.060s] [ 53%] Built target driver__rosidl_typesupport_introspection_cpp
[0.061s] [ 64%] Built target driver__rosidl_typesupport_fastrtps_cpp
[0.061s] [ 74%] Built target driver__rosidl_typesupport_fastrtps_c
[0.069s] [35m[1mConsolidate compiler generated dependencies of target arm_driver_node[0m
[0.072s] [ 74%] Built target driver
[0.082s] [ 76%] [32mBuilding CXX object CMakeFiles/arm_driver_node.dir/src/arm_driver_node.cpp.o[0m
[0.087s] [ 77%] Built target driver__py
[0.103s] [ 86%] Built target driver__rosidl_generator_py
[0.118s] [ 89%] Built target driver__rosidl_typesupport_c__pyext
[0.121s] [ 95%] Built target driver__rosidl_typesupport_introspection_c__pyext
[0.121s] [ 95%] Built target driver__rosidl_typesupport_fastrtps_c__pyext
[0.196s] running egg_info
[0.196s] writing driver.egg-info/PKG-INFO
[0.196s] writing dependency_links to driver.egg-info/dependency_links.txt
[0.196s] writing top-level names to driver.egg-info/top_level.txt
[0.198s] reading manifest file 'driver.egg-info/SOURCES.txt'
[0.198s] writing manifest file 'driver.egg-info/SOURCES.txt'
[0.215s] [ 95%] Built target ament_cmake_python_build_driver_egg
[1.387s] [01m[K/home/user/qiaoyin/src/driver/src/arm_driver_node.cpp:[m[K In member function ‘[01m[Kvoid ArmDriverNode::publish_arm_info_callback()[m[K’:
[1.387s] [01m[K/home/user/qiaoyin/src/driver/src/arm_driver_node.cpp:48:23:[m[K [01;31m[Kerror: [m[K‘[01m[KCartesianPose JAKA::curCart [2][m[K’ is private within this context
[1.387s]    48 |                 jaka_.[01;31m[KcurCart[m[K[i].tran.x,
[1.387s]       |                       [01;31m[K^~~~~~~[m[K
[1.387s] In file included from [01m[K/home/user/qiaoyin/src/driver/src/arm_driver_node.h:3[m[K,
[1.387s]                  from [01m[K/home/user/qiaoyin/src/driver/src/arm_driver_node.cpp:1[m[K:
[1.387s] [01m[K/home/user/qiaoyin/src/driver/src/jaka.h:36:19:[m[K [01;36m[Knote: [m[Kdeclared private here
[1.387s]    36 |     CartesianPose [01;36m[KcurCart[m[K[2];
[1.387s]       |                   [01;36m[K^~~~~~~[m[K
[1.387s] [01m[K/home/user/qiaoyin/src/driver/src/arm_driver_node.cpp:49:23:[m[K [01;31m[Kerror: [m[K‘[01m[KCartesianPose JAKA::curCart [2][m[K’ is private within this context
[1.387s]    49 |                 jaka_.[01;31m[KcurCart[m[K[i].tran.y,
[1.387s]       |                       [01;31m[K^~~~~~~[m[K
[1.387s] In file included from [01m[K/home/user/qiaoyin/src/driver/src/arm_driver_node.h:3[m[K,
[1.387s]                  from [01m[K/home/user/qiaoyin/src/driver/src/arm_driver_node.cpp:1[m[K:
[1.388s] [01m[K/home/user/qiaoyin/src/driver/src/jaka.h:36:19:[m[K [01;36m[Knote: [m[Kdeclared private here
[1.388s]    36 |     CartesianPose [01;36m[KcurCart[m[K[2];
[1.388s]       |                   [01;36m[K^~~~~~~[m[K
[1.388s] [01m[K/home/user/qiaoyin/src/driver/src/arm_driver_node.cpp:50:23:[m[K [01;31m[Kerror: [m[K‘[01m[KCartesianPose JAKA::curCart [2][m[K’ is private within this context
[1.388s]    50 |                 jaka_.[01;31m[KcurCart[m[K[i].tran.z,
[1.388s]       |                       [01;31m[K^~~~~~~[m[K
[1.388s] In file included from [01m[K/home/user/qiaoyin/src/driver/src/arm_driver_node.h:3[m[K,
[1.388s]                  from [01m[K/home/user/qiaoyin/src/driver/src/arm_driver_node.cpp:1[m[K:
[1.388s] [01m[K/home/user/qiaoyin/src/driver/src/jaka.h:36:19:[m[K [01;36m[Knote: [m[Kdeclared private here
[1.388s]    36 |     CartesianPose [01;36m[KcurCart[m[K[2];
[1.388s]       |                   [01;36m[K^~~~~~~[m[K
[1.388s] [01m[K/home/user/qiaoyin/src/driver/src/arm_driver_node.cpp:51:23:[m[K [01;31m[Kerror: [m[K‘[01m[KCartesianPose JAKA::curCart [2][m[K’ is private within this context
[1.388s]    51 |                 jaka_.[01;31m[KcurCart[m[K[i].rpy.rx,
[1.388s]       |                       [01;31m[K^~~~~~~[m[K
[1.388s] In file included from [01m[K/home/user/qiaoyin/src/driver/src/arm_driver_node.h:3[m[K,
[1.388s]                  from [01m[K/home/user/qiaoyin/src/driver/src/arm_driver_node.cpp:1[m[K:
[1.388s] [01m[K/home/user/qiaoyin/src/driver/src/jaka.h:36:19:[m[K [01;36m[Knote: [m[Kdeclared private here
[1.388s]    36 |     CartesianPose [01;36m[KcurCart[m[K[2];
[1.388s]       |                   [01;36m[K^~~~~~~[m[K
[1.388s] [01m[K/home/user/qiaoyin/src/driver/src/arm_driver_node.cpp:52:23:[m[K [01;31m[Kerror: [m[K‘[01m[KCartesianPose JAKA::curCart [2][m[K’ is private within this context
[1.388s]    52 |                 jaka_.[01;31m[KcurCart[m[K[i].rpy.ry,
[1.388s]       |                       [01;31m[K^~~~~~~[m[K
[1.388s] In file included from [01m[K/home/user/qiaoyin/src/driver/src/arm_driver_node.h:3[m[K,
[1.388s]                  from [01m[K/home/user/qiaoyin/src/driver/src/arm_driver_node.cpp:1[m[K:
[1.388s] [01m[K/home/user/qiaoyin/src/driver/src/jaka.h:36:19:[m[K [01;36m[Knote: [m[Kdeclared private here
[1.388s]    36 |     CartesianPose [01;36m[KcurCart[m[K[2];
[1.388s]       |                   [01;36m[K^~~~~~~[m[K
[1.388s] [01m[K/home/user/qiaoyin/src/driver/src/arm_driver_node.cpp:53:23:[m[K [01;31m[Kerror: [m[K‘[01m[KCartesianPose JAKA::curCart [2][m[K’ is private within this context
[1.388s]    53 |                 jaka_.[01;31m[KcurCart[m[K[i].rpy.rz
[1.389s]       |                       [01;31m[K^~~~~~~[m[K
[1.389s] In file included from [01m[K/home/user/qiaoyin/src/driver/src/arm_driver_node.h:3[m[K,
[1.389s]                  from [01m[K/home/user/qiaoyin/src/driver/src/arm_driver_node.cpp:1[m[K:
[1.389s] [01m[K/home/user/qiaoyin/src/driver/src/jaka.h:36:19:[m[K [01;36m[Knote: [m[Kdeclared private here
[1.389s]    36 |     CartesianPose [01;36m[KcurCart[m[K[2];
[1.389s]       |                   [01;36m[K^~~~~~~[m[K
[1.389s] [01m[K/home/user/qiaoyin/src/driver/src/arm_driver_node.cpp:57:23:[m[K [01;31m[Kerror: [m[K‘[01m[KCartesianPose JAKA::curCart [2][m[K’ is private within this context
[1.389s]    57 |                 jaka_.[01;31m[KcurCart[m[K[i].tran.x,
[1.389s]       |                       [01;31m[K^~~~~~~[m[K
[1.389s] In file included from [01m[K/home/user/qiaoyin/src/driver/src/arm_driver_node.h:3[m[K,
[1.389s]                  from [01m[K/home/user/qiaoyin/src/driver/src/arm_driver_node.cpp:1[m[K:
[1.389s] [01m[K/home/user/qiaoyin/src/driver/src/jaka.h:36:19:[m[K [01;36m[Knote: [m[Kdeclared private here
[1.389s]    36 |     CartesianPose [01;36m[KcurCart[m[K[2];
[1.389s]       |                   [01;36m[K^~~~~~~[m[K
[1.389s] [01m[K/home/user/qiaoyin/src/driver/src/arm_driver_node.cpp:58:23:[m[K [01;31m[Kerror: [m[K‘[01m[KCartesianPose JAKA::curCart [2][m[K’ is private within this context
[1.389s]    58 |                 jaka_.[01;31m[KcurCart[m[K[i].tran.y,
[1.389s]       |                       [01;31m[K^~~~~~~[m[K
[1.389s] In file included from [01m[K/home/user/qiaoyin/src/driver/src/arm_driver_node.h:3[m[K,
[1.389s]                  from [01m[K/home/user/qiaoyin/src/driver/src/arm_driver_node.cpp:1[m[K:
[1.389s] [01m[K/home/user/qiaoyin/src/driver/src/jaka.h:36:19:[m[K [01;36m[Knote: [m[Kdeclared private here
[1.389s]    36 |     CartesianPose [01;36m[KcurCart[m[K[2];
[1.389s]       |                   [01;36m[K^~~~~~~[m[K
[1.389s] [01m[K/home/user/qiaoyin/src/driver/src/arm_driver_node.cpp:59:23:[m[K [01;31m[Kerror: [m[K‘[01m[KCartesianPose JAKA::curCart [2][m[K’ is private within this context
[1.389s]    59 |                 jaka_.[01;31m[KcurCart[m[K[i].tran.z,
[1.389s]       |                       [01;31m[K^~~~~~~[m[K
[1.389s] In file included from [01m[K/home/user/qiaoyin/src/driver/src/arm_driver_node.h:3[m[K,
[1.389s]                  from [01m[K/home/user/qiaoyin/src/driver/src/arm_driver_node.cpp:1[m[K:
[1.389s] [01m[K/home/user/qiaoyin/src/driver/src/jaka.h:36:19:[m[K [01;36m[Knote: [m[Kdeclared private here
[1.389s]    36 |     CartesianPose [01;36m[KcurCart[m[K[2];
[1.389s]       |                   [01;36m[K^~~~~~~[m[K
[1.389s] [01m[K/home/user/qiaoyin/src/driver/src/arm_driver_node.cpp:60:23:[m[K [01;31m[Kerror: [m[K‘[01m[KCartesianPose JAKA::curCart [2][m[K’ is private within this context
[1.389s]    60 |                 jaka_.[01;31m[KcurCart[m[K[i].rpy.rx,
[1.389s]       |                       [01;31m[K^~~~~~~[m[K
[1.389s] In file included from [01m[K/home/user/qiaoyin/src/driver/src/arm_driver_node.h:3[m[K,
[1.389s]                  from [01m[K/home/user/qiaoyin/src/driver/src/arm_driver_node.cpp:1[m[K:
[1.389s] [01m[K/home/user/qiaoyin/src/driver/src/jaka.h:36:19:[m[K [01;36m[Knote: [m[Kdeclared private here
[1.389s]    36 |     CartesianPose [01;36m[KcurCart[m[K[2];
[1.389s]       |                   [01;36m[K^~~~~~~[m[K
[1.389s] [01m[K/home/user/qiaoyin/src/driver/src/arm_driver_node.cpp:61:23:[m[K [01;31m[Kerror: [m[K‘[01m[KCartesianPose JAKA::curCart [2][m[K’ is private within this context
[1.390s]    61 |                 jaka_.[01;31m[KcurCart[m[K[i].rpy.ry,
[1.390s]       |                       [01;31m[K^~~~~~~[m[K
[1.390s] In file included from [01m[K/home/user/qiaoyin/src/driver/src/arm_driver_node.h:3[m[K,
[1.390s]                  from [01m[K/home/user/qiaoyin/src/driver/src/arm_driver_node.cpp:1[m[K:
[1.390s] [01m[K/home/user/qiaoyin/src/driver/src/jaka.h:36:19:[m[K [01;36m[Knote: [m[Kdeclared private here
[1.390s]    36 |     CartesianPose [01;36m[KcurCart[m[K[2];
[1.390s]       |                   [01;36m[K^~~~~~~[m[K
[1.390s] [01m[K/home/user/qiaoyin/src/driver/src/arm_driver_node.cpp:62:23:[m[K [01;31m[Kerror: [m[K‘[01m[KCartesianPose JAKA::curCart [2][m[K’ is private within this context
[1.390s]    62 |                 jaka_.[01;31m[KcurCart[m[K[i].rpy.rz
[1.390s]       |                       [01;31m[K^~~~~~~[m[K
[1.390s] In file included from [01m[K/home/user/qiaoyin/src/driver/src/arm_driver_node.h:3[m[K,
[1.390s]                  from [01m[K/home/user/qiaoyin/src/driver/src/arm_driver_node.cpp:1[m[K:
[1.390s] [01m[K/home/user/qiaoyin/src/driver/src/jaka.h:36:19:[m[K [01;36m[Knote: [m[Kdeclared private here
[1.390s]    36 |     CartesianPose [01;36m[KcurCart[m[K[2];
[1.390s]       |                   [01;36m[K^~~~~~~[m[K
[1.390s] [01m[K/home/user/qiaoyin/src/driver/src/arm_driver_node.cpp:68:24:[m[K [01;31m[Kerror: [m[K‘[01m[Kdouble JAKA::vel [2][m[K’ is private within this context
[1.390s]    68 |     msg.speed = {jaka_.[01;31m[Kvel[m[K[0], jaka_.vel[1]};
[1.390s]       |                        [01;31m[K^~~[m[K
[1.390s] In file included from [01m[K/home/user/qiaoyin/src/driver/src/arm_driver_node.h:3[m[K,
[1.390s]                  from [01m[K/home/user/qiaoyin/src/driver/src/arm_driver_node.cpp:1[m[K:
[1.390s] [01m[K/home/user/qiaoyin/src/driver/src/jaka.h:29:12:[m[K [01;36m[Knote: [m[Kdeclared private here
[1.390s]    29 |     double [01;36m[Kvel[m[K[2] = {1, 1};
[1.390s]       |            [01;36m[K^~~[m[K
[1.390s] [01m[K/home/user/qiaoyin/src/driver/src/arm_driver_node.cpp:68:38:[m[K [01;31m[Kerror: [m[K‘[01m[Kdouble JAKA::vel [2][m[K’ is private within this context
[1.390s]    68 |     msg.speed = {jaka_.vel[0], jaka_.[01;31m[Kvel[m[K[1]};
[1.390s]       |                                      [01;31m[K^~~[m[K
[1.390s] In file included from [01m[K/home/user/qiaoyin/src/driver/src/arm_driver_node.h:3[m[K,
[1.390s]                  from [01m[K/home/user/qiaoyin/src/driver/src/arm_driver_node.cpp:1[m[K:
[1.390s] [01m[K/home/user/qiaoyin/src/driver/src/jaka.h:29:12:[m[K [01;36m[Knote: [m[Kdeclared private here
[1.390s]    29 |     double [01;36m[Kvel[m[K[2] = {1, 1};
[1.390s]       |            [01;36m[K^~~[m[K
[1.847s] gmake[2]: *** [CMakeFiles/arm_driver_node.dir/build.make:76：CMakeFiles/arm_driver_node.dir/src/arm_driver_node.cpp.o] 错误 1
[1.847s] gmake[1]: *** [CMakeFiles/Makefile2:593：CMakeFiles/arm_driver_node.dir/all] 错误 2
[1.848s] gmake: *** [Makefile:146：all] 错误 2
[1.849s] Invoked command in '/home/user/qiaoyin/build/driver' returned '2': CMAKE_PREFIX_PATH=/opt/ros/humble /usr/bin/cmake --build /home/user/qiaoyin/build/driver -- -j24 -l24
