[0.009s] Invoking command in '/home/user/qiaoyin/build/driver': CMAKE_PREFIX_PATH=/opt/ros/humble /usr/bin/cmake --build /home/user/qiaoyin/build/driver -- -j24 -l24
[0.026s] -- Found ament_cmake: 1.3.11 (/opt/ros/humble/share/ament_cmake/cmake)
[0.106s] -- Found rclcpp: 16.0.12 (/opt/ros/humble/share/rclcpp/cmake)
[0.123s] -- Found rosidl_generator_c: 3.1.6 (/opt/ros/humble/share/rosidl_generator_c/cmake)
[0.125s] -- Found rosidl_adapter: 3.1.6 (/opt/ros/humble/share/rosidl_adapter/cmake)
[0.128s] -- Found rosidl_generator_cpp: 3.1.6 (/opt/ros/humble/share/rosidl_generator_cpp/cmake)
[0.134s] -- Using all available rosidl_typesupport_c: rosidl_typesupport_fastrtps_c;rosidl_typesupport_introspection_c
[0.141s] -- Using all available rosidl_typesupport_cpp: rosidl_typesupport_fastrtps_cpp;rosidl_typesupport_introspection_cpp
[0.161s] -- Found rmw_implementation_cmake: 6.1.2 (/opt/ros/humble/share/rmw_implementation_cmake/cmake)
[0.162s] -- Found rmw_fastrtps_cpp: 6.2.7 (/opt/ros/humble/share/rmw_fastrtps_cpp/cmake)
[0.220s] -- Using RMW implementation 'rmw_fastrtps_cpp' as default
[0.247s] -- Found rosidl_default_generators: 1.2.0 (/opt/ros/humble/share/rosidl_default_generators/cmake)
[0.251s] -- Configuring incomplete, errors occurred!
[0.251s] See also "/home/user/qiaoyin/build/driver/CMakeFiles/CMakeOutput.log".
[0.251s] [31mCMake Error at CMakeLists.txt:19 (ind_library):
[0.251s]   Unknown CMake command "ind_library".
[0.251s] 
[0.251s] [0m
[0.254s] gmake: *** [Makefile:1706：cmake_check_build_system] 错误 1
[0.256s] Invoked command in '/home/user/qiaoyin/build/driver' returned '2': CMAKE_PREFIX_PATH=/opt/ros/humble /usr/bin/cmake --build /home/user/qiaoyin/build/driver -- -j24 -l24
