-- Found ament_cmake: 1.3.11 (/opt/ros/humble/share/ament_cmake/cmake)
-- Found rclcpp: 16.0.12 (/opt/ros/humble/share/rclcpp/cmake)
-- Found rosidl_generator_c: 3.1.6 (/opt/ros/humble/share/rosidl_generator_c/cmake)
-- Found rosidl_adapter: 3.1.6 (/opt/ros/humble/share/rosidl_adapter/cmake)
-- Found rosidl_generator_cpp: 3.1.6 (/opt/ros/humble/share/rosidl_generator_cpp/cmake)
-- Using all available rosidl_typesupport_c: rosidl_typesupport_fastrtps_c;rosidl_typesupport_introspection_c
-- Using all available rosidl_typesupport_cpp: rosidl_typesupport_fastrtps_cpp;rosidl_typesupport_introspection_cpp
-- Found rmw_implementation_cmake: 6.1.2 (/opt/ros/humble/share/rmw_implementation_cmake/cmake)
-- Found rmw_fastrtps_cpp: 6.2.7 (/opt/ros/humble/share/rmw_fastrtps_cpp/cmake)
-- Using RMW implementation 'rmw_fastrtps_cpp' as default
-- Found rosidl_default_generators: 1.2.0 (/opt/ros/humble/share/rosidl_default_generators/cmake)
-- Found ament_cmake_ros: 0.10.0 (/opt/ros/humble/share/ament_cmake_ros/cmake)
-- Using all available rosidl_typesupport_c: rosidl_typesupport_fastrtps_c;rosidl_typesupport_introspection_c
-- Using all available rosidl_typesupport_cpp: rosidl_typesupport_fastrtps_cpp;rosidl_typesupport_introspection_cpp
-- Found python_cmake_module: 0.10.0 (/opt/ros/humble/share/python_cmake_module/cmake)
-- Using PYTHON_EXECUTABLE: /usr/bin/python3
-- Using PYTHON_INCLUDE_DIRS: /usr/include/python3.10
-- Using PYTHON_LIBRARIES: /usr/lib/x86_64-linux-gnu/libpython3.10.so
-- Found ament_lint_auto: 0.12.12 (/opt/ros/humble/share/ament_lint_auto/cmake)
-- Added test 'cppcheck' to perform static code analysis on C / C++ code
-- Configured cppcheck include dirs: /home/user/qiaoyin/src/driver/include;/home/user/qiaoyin/src/driver/include/driver;/home/user/qiaoyin/src/driver/src
-- Configured cppcheck exclude dirs and/or files: 
-- Added test 'lint_cmake' to check CMake code style
-- Added test 'uncrustify' to check C / C++ code style
-- Configured uncrustify additional arguments: 
-- Added test 'xmllint' to check XML markup files
-- Configuring done
-- Generating done
-- Build files have been written to: /home/user/qiaoyin/build/driver
[35m[1mConsolidate compiler generated dependencies of target driver__rosidl_generator_c[0m
[  1%] Built target driver__cpp
[ 11%] Built target driver__rosidl_generator_c
[ 11%] Built target ament_cmake_python_copy_driver
[35m[1mConsolidate compiler generated dependencies of target driver__rosidl_typesupport_introspection_cpp[0m
[35m[1mConsolidate compiler generated dependencies of target driver__rosidl_typesupport_cpp[0m
[35m[1mConsolidate compiler generated dependencies of target driver__rosidl_typesupport_fastrtps_cpp[0m
[35m[1mConsolidate compiler generated dependencies of target driver__rosidl_typesupport_c[0m
[35m[1mConsolidate compiler generated dependencies of target driver__rosidl_typesupport_introspection_c[0m
[35m[1mConsolidate compiler generated dependencies of target driver__rosidl_typesupport_fastrtps_c[0m
[ 31%] Built target driver__rosidl_typesupport_c
[ 32%] Built target driver__rosidl_typesupport_cpp
[ 43%] Built target driver__rosidl_typesupport_introspection_cpp
[ 53%] Built target driver__rosidl_typesupport_introspection_c
[ 64%] Built target driver__rosidl_typesupport_fastrtps_cpp
[ 74%] Built target driver__rosidl_typesupport_fastrtps_c
[35m[1mConsolidate compiler generated dependencies of target arm_driver_node[0m
[ 74%] Built target driver
[ 76%] [32m[1mLinking CXX executable arm_driver_node[0m
[ 77%] Built target driver__py
[35m[1mConsolidate compiler generated dependencies of target driver__rosidl_generator_py[0m
[ 86%] Built target driver__rosidl_generator_py
[35m[1mConsolidate compiler generated dependencies of target driver__rosidl_typesupport_fastrtps_c__pyext[0m
[35m[1mConsolidate compiler generated dependencies of target driver__rosidl_typesupport_introspection_c__pyext[0m
[35m[1mConsolidate compiler generated dependencies of target driver__rosidl_typesupport_c__pyext[0m
[ 89%] Built target driver__rosidl_typesupport_fastrtps_c__pyext
[ 92%] Built target driver__rosidl_typesupport_c__pyext
[ 95%] Built target driver__rosidl_typesupport_introspection_c__pyext
running egg_info
writing driver.egg-info/PKG-INFO
writing dependency_links to driver.egg-info/dependency_links.txt
writing top-level names to driver.egg-info/top_level.txt
reading manifest file 'driver.egg-info/SOURCES.txt'
writing manifest file 'driver.egg-info/SOURCES.txt'
[100%] Built target arm_driver_node
[100%] Built target ament_cmake_python_build_driver_egg
-- Install configuration: ""
-- Installing: /home/user/qiaoyin/install/driver/share/ament_index/resource_index/rosidl_interfaces/driver
-- Installing: /home/user/qiaoyin/install/driver/include/driver/driver
-- Installing: /home/user/qiaoyin/install/driver/include/driver/driver/srv
-- Installing: /home/user/qiaoyin/install/driver/include/driver/driver/srv/arm_set_cart.h
-- Installing: /home/user/qiaoyin/install/driver/include/driver/driver/srv/detail
-- Installing: /home/user/qiaoyin/install/driver/include/driver/driver/srv/detail/arm_set_joints__type_support.h
-- Installing: /home/user/qiaoyin/install/driver/include/driver/driver/srv/detail/arm_set_cart__struct.h
-- Installing: /home/user/qiaoyin/install/driver/include/driver/driver/srv/detail/arm_set_cart__type_support.h
-- Installing: /home/user/qiaoyin/install/driver/include/driver/driver/srv/detail/arm_set_joints__struct.h
-- Installing: /home/user/qiaoyin/install/driver/include/driver/driver/srv/detail/arm_set_joints__functions.h
-- Installing: /home/user/qiaoyin/install/driver/include/driver/driver/srv/detail/arm_set_joints__functions.c
-- Installing: /home/user/qiaoyin/install/driver/include/driver/driver/srv/detail/arm_set_cart__functions.c
-- Installing: /home/user/qiaoyin/install/driver/include/driver/driver/srv/detail/arm_set_cart__functions.h
-- Installing: /home/user/qiaoyin/install/driver/include/driver/driver/srv/arm_set_joints.h
-- Installing: /home/user/qiaoyin/install/driver/include/driver/driver/msg
-- Installing: /home/user/qiaoyin/install/driver/include/driver/driver/msg/detail
-- Installing: /home/user/qiaoyin/install/driver/include/driver/driver/msg/detail/gripper_info__type_support.h
-- Installing: /home/user/qiaoyin/install/driver/include/driver/driver/msg/detail/arm_info__struct.h
-- Installing: /home/user/qiaoyin/install/driver/include/driver/driver/msg/detail/agv_info__functions.c
-- Installing: /home/user/qiaoyin/install/driver/include/driver/driver/msg/detail/agv_info__type_support.h
-- Installing: /home/user/qiaoyin/install/driver/include/driver/driver/msg/detail/arm_info__functions.c
-- Installing: /home/user/qiaoyin/install/driver/include/driver/driver/msg/detail/gripper_info__functions.c
-- Installing: /home/user/qiaoyin/install/driver/include/driver/driver/msg/detail/arm_info__type_support.h
-- Installing: /home/user/qiaoyin/install/driver/include/driver/driver/msg/detail/agv_info__functions.h
-- Installing: /home/user/qiaoyin/install/driver/include/driver/driver/msg/detail/gripper_info__struct.h
-- Installing: /home/user/qiaoyin/install/driver/include/driver/driver/msg/detail/gripper_info__functions.h
-- Installing: /home/user/qiaoyin/install/driver/include/driver/driver/msg/detail/agv_info__struct.h
-- Installing: /home/user/qiaoyin/install/driver/include/driver/driver/msg/detail/arm_info__functions.h
-- Installing: /home/user/qiaoyin/install/driver/include/driver/driver/msg/gripper_info.h
-- Installing: /home/user/qiaoyin/install/driver/include/driver/driver/msg/rosidl_generator_c__visibility_control.h
-- Installing: /home/user/qiaoyin/install/driver/include/driver/driver/msg/agv_info.h
-- Installing: /home/user/qiaoyin/install/driver/include/driver/driver/msg/arm_info.h
-- Installing: /home/user/qiaoyin/install/driver/share/driver/environment/library_path.sh
-- Installing: /home/user/qiaoyin/install/driver/share/driver/environment/library_path.dsv
-- Installing: /home/user/qiaoyin/install/driver/lib/libdriver__rosidl_generator_c.so
-- Set runtime path of "/home/user/qiaoyin/install/driver/lib/libdriver__rosidl_generator_c.so" to ""
-- Up-to-date: /home/user/qiaoyin/install/driver/include/driver/driver
-- Up-to-date: /home/user/qiaoyin/install/driver/include/driver/driver/srv
-- Up-to-date: /home/user/qiaoyin/install/driver/include/driver/driver/srv/detail
-- Installing: /home/user/qiaoyin/install/driver/include/driver/driver/srv/detail/arm_set_joints__rosidl_typesupport_fastrtps_c.h
-- Installing: /home/user/qiaoyin/install/driver/include/driver/driver/srv/detail/arm_set_cart__rosidl_typesupport_fastrtps_c.h
-- Up-to-date: /home/user/qiaoyin/install/driver/include/driver/driver/msg
-- Up-to-date: /home/user/qiaoyin/install/driver/include/driver/driver/msg/detail
-- Installing: /home/user/qiaoyin/install/driver/include/driver/driver/msg/detail/gripper_info__rosidl_typesupport_fastrtps_c.h
-- Installing: /home/user/qiaoyin/install/driver/include/driver/driver/msg/detail/arm_info__rosidl_typesupport_fastrtps_c.h
-- Installing: /home/user/qiaoyin/install/driver/include/driver/driver/msg/detail/agv_info__rosidl_typesupport_fastrtps_c.h
-- Installing: /home/user/qiaoyin/install/driver/include/driver/driver/msg/rosidl_typesupport_fastrtps_c__visibility_control.h
-- Installing: /home/user/qiaoyin/install/driver/lib/libdriver__rosidl_typesupport_fastrtps_c.so
-- Set runtime path of "/home/user/qiaoyin/install/driver/lib/libdriver__rosidl_typesupport_fastrtps_c.so" to ""
-- Up-to-date: /home/user/qiaoyin/install/driver/include/driver/driver
-- Up-to-date: /home/user/qiaoyin/install/driver/include/driver/driver/srv
-- Up-to-date: /home/user/qiaoyin/install/driver/include/driver/driver/srv/detail
-- Installing: /home/user/qiaoyin/install/driver/include/driver/driver/srv/detail/arm_set_cart__type_support.hpp
-- Installing: /home/user/qiaoyin/install/driver/include/driver/driver/srv/detail/arm_set_joints__struct.hpp
-- Installing: /home/user/qiaoyin/install/driver/include/driver/driver/srv/detail/arm_set_joints__builder.hpp
-- Installing: /home/user/qiaoyin/install/driver/include/driver/driver/srv/detail/arm_set_cart__struct.hpp
-- Installing: /home/user/qiaoyin/install/driver/include/driver/driver/srv/detail/arm_set_joints__type_support.hpp
-- Installing: /home/user/qiaoyin/install/driver/include/driver/driver/srv/detail/arm_set_cart__builder.hpp
-- Installing: /home/user/qiaoyin/install/driver/include/driver/driver/srv/detail/arm_set_cart__traits.hpp
-- Installing: /home/user/qiaoyin/install/driver/include/driver/driver/srv/detail/arm_set_joints__traits.hpp
-- Installing: /home/user/qiaoyin/install/driver/include/driver/driver/srv/arm_set_joints.hpp
-- Installing: /home/user/qiaoyin/install/driver/include/driver/driver/srv/arm_set_cart.hpp
-- Up-to-date: /home/user/qiaoyin/install/driver/include/driver/driver/msg
-- Installing: /home/user/qiaoyin/install/driver/include/driver/driver/msg/agv_info.hpp
-- Installing: /home/user/qiaoyin/install/driver/include/driver/driver/msg/rosidl_generator_cpp__visibility_control.hpp
-- Up-to-date: /home/user/qiaoyin/install/driver/include/driver/driver/msg/detail
-- Installing: /home/user/qiaoyin/install/driver/include/driver/driver/msg/detail/gripper_info__traits.hpp
-- Installing: /home/user/qiaoyin/install/driver/include/driver/driver/msg/detail/gripper_info__builder.hpp
-- Installing: /home/user/qiaoyin/install/driver/include/driver/driver/msg/detail/agv_info__struct.hpp
-- Installing: /home/user/qiaoyin/install/driver/include/driver/driver/msg/detail/arm_info__builder.hpp
-- Installing: /home/user/qiaoyin/install/driver/include/driver/driver/msg/detail/arm_info__struct.hpp
-- Installing: /home/user/qiaoyin/install/driver/include/driver/driver/msg/detail/agv_info__builder.hpp
-- Installing: /home/user/qiaoyin/install/driver/include/driver/driver/msg/detail/arm_info__type_support.hpp
-- Installing: /home/user/qiaoyin/install/driver/include/driver/driver/msg/detail/gripper_info__struct.hpp
-- Installing: /home/user/qiaoyin/install/driver/include/driver/driver/msg/detail/gripper_info__type_support.hpp
-- Installing: /home/user/qiaoyin/install/driver/include/driver/driver/msg/detail/agv_info__traits.hpp
-- Installing: /home/user/qiaoyin/install/driver/include/driver/driver/msg/detail/agv_info__type_support.hpp
-- Installing: /home/user/qiaoyin/install/driver/include/driver/driver/msg/detail/arm_info__traits.hpp
-- Installing: /home/user/qiaoyin/install/driver/include/driver/driver/msg/arm_info.hpp
-- Installing: /home/user/qiaoyin/install/driver/include/driver/driver/msg/gripper_info.hpp
-- Up-to-date: /home/user/qiaoyin/install/driver/include/driver/driver
-- Up-to-date: /home/user/qiaoyin/install/driver/include/driver/driver/srv
-- Up-to-date: /home/user/qiaoyin/install/driver/include/driver/driver/srv/detail
-- Installing: /home/user/qiaoyin/install/driver/include/driver/driver/srv/detail/arm_set_joints__rosidl_typesupport_fastrtps_cpp.hpp
-- Installing: /home/user/qiaoyin/install/driver/include/driver/driver/srv/detail/dds_fastrtps
-- Installing: /home/user/qiaoyin/install/driver/include/driver/driver/srv/detail/arm_set_cart__rosidl_typesupport_fastrtps_cpp.hpp
-- Up-to-date: /home/user/qiaoyin/install/driver/include/driver/driver/msg
-- Installing: /home/user/qiaoyin/install/driver/include/driver/driver/msg/rosidl_typesupport_fastrtps_cpp__visibility_control.h
-- Up-to-date: /home/user/qiaoyin/install/driver/include/driver/driver/msg/detail
-- Installing: /home/user/qiaoyin/install/driver/include/driver/driver/msg/detail/arm_info__rosidl_typesupport_fastrtps_cpp.hpp
-- Installing: /home/user/qiaoyin/install/driver/include/driver/driver/msg/detail/agv_info__rosidl_typesupport_fastrtps_cpp.hpp
-- Installing: /home/user/qiaoyin/install/driver/include/driver/driver/msg/detail/dds_fastrtps
-- Installing: /home/user/qiaoyin/install/driver/include/driver/driver/msg/detail/gripper_info__rosidl_typesupport_fastrtps_cpp.hpp
-- Installing: /home/user/qiaoyin/install/driver/lib/libdriver__rosidl_typesupport_fastrtps_cpp.so
-- Set runtime path of "/home/user/qiaoyin/install/driver/lib/libdriver__rosidl_typesupport_fastrtps_cpp.so" to ""
-- Up-to-date: /home/user/qiaoyin/install/driver/include/driver/driver
-- Up-to-date: /home/user/qiaoyin/install/driver/include/driver/driver/srv
-- Up-to-date: /home/user/qiaoyin/install/driver/include/driver/driver/srv/detail
-- Installing: /home/user/qiaoyin/install/driver/include/driver/driver/srv/detail/arm_set_joints__type_support.c
-- Installing: /home/user/qiaoyin/install/driver/include/driver/driver/srv/detail/arm_set_cart__type_support.c
-- Installing: /home/user/qiaoyin/install/driver/include/driver/driver/srv/detail/arm_set_cart__rosidl_typesupport_introspection_c.h
-- Installing: /home/user/qiaoyin/install/driver/include/driver/driver/srv/detail/arm_set_joints__rosidl_typesupport_introspection_c.h
-- Up-to-date: /home/user/qiaoyin/install/driver/include/driver/driver/msg
-- Up-to-date: /home/user/qiaoyin/install/driver/include/driver/driver/msg/detail
-- Installing: /home/user/qiaoyin/install/driver/include/driver/driver/msg/detail/arm_info__rosidl_typesupport_introspection_c.h
-- Installing: /home/user/qiaoyin/install/driver/include/driver/driver/msg/detail/agv_info__rosidl_typesupport_introspection_c.h
-- Installing: /home/user/qiaoyin/install/driver/include/driver/driver/msg/detail/arm_info__type_support.c
-- Installing: /home/user/qiaoyin/install/driver/include/driver/driver/msg/detail/gripper_info__rosidl_typesupport_introspection_c.h
-- Installing: /home/user/qiaoyin/install/driver/include/driver/driver/msg/detail/gripper_info__type_support.c
-- Installing: /home/user/qiaoyin/install/driver/include/driver/driver/msg/detail/agv_info__type_support.c
-- Installing: /home/user/qiaoyin/install/driver/include/driver/driver/msg/rosidl_typesupport_introspection_c__visibility_control.h
-- Installing: /home/user/qiaoyin/install/driver/lib/libdriver__rosidl_typesupport_introspection_c.so
-- Set runtime path of "/home/user/qiaoyin/install/driver/lib/libdriver__rosidl_typesupport_introspection_c.so" to ""
-- Installing: /home/user/qiaoyin/install/driver/lib/libdriver__rosidl_typesupport_c.so
-- Set runtime path of "/home/user/qiaoyin/install/driver/lib/libdriver__rosidl_typesupport_c.so" to ""
-- Up-to-date: /home/user/qiaoyin/install/driver/include/driver/driver
-- Up-to-date: /home/user/qiaoyin/install/driver/include/driver/driver/srv
-- Up-to-date: /home/user/qiaoyin/install/driver/include/driver/driver/srv/detail
-- Installing: /home/user/qiaoyin/install/driver/include/driver/driver/srv/detail/arm_set_joints__rosidl_typesupport_introspection_cpp.hpp
-- Installing: /home/user/qiaoyin/install/driver/include/driver/driver/srv/detail/arm_set_cart__rosidl_typesupport_introspection_cpp.hpp
-- Installing: /home/user/qiaoyin/install/driver/include/driver/driver/srv/detail/arm_set_cart__type_support.cpp
-- Installing: /home/user/qiaoyin/install/driver/include/driver/driver/srv/detail/arm_set_joints__type_support.cpp
-- Up-to-date: /home/user/qiaoyin/install/driver/include/driver/driver/msg
-- Up-to-date: /home/user/qiaoyin/install/driver/include/driver/driver/msg/detail
-- Installing: /home/user/qiaoyin/install/driver/include/driver/driver/msg/detail/arm_info__rosidl_typesupport_introspection_cpp.hpp
-- Installing: /home/user/qiaoyin/install/driver/include/driver/driver/msg/detail/gripper_info__type_support.cpp
-- Installing: /home/user/qiaoyin/install/driver/include/driver/driver/msg/detail/agv_info__type_support.cpp
-- Installing: /home/user/qiaoyin/install/driver/include/driver/driver/msg/detail/agv_info__rosidl_typesupport_introspection_cpp.hpp
-- Installing: /home/user/qiaoyin/install/driver/include/driver/driver/msg/detail/arm_info__type_support.cpp
-- Installing: /home/user/qiaoyin/install/driver/include/driver/driver/msg/detail/gripper_info__rosidl_typesupport_introspection_cpp.hpp
-- Installing: /home/user/qiaoyin/install/driver/lib/libdriver__rosidl_typesupport_introspection_cpp.so
-- Set runtime path of "/home/user/qiaoyin/install/driver/lib/libdriver__rosidl_typesupport_introspection_cpp.so" to ""
-- Installing: /home/user/qiaoyin/install/driver/lib/libdriver__rosidl_typesupport_cpp.so
-- Set runtime path of "/home/user/qiaoyin/install/driver/lib/libdriver__rosidl_typesupport_cpp.so" to ""
-- Installing: /home/user/qiaoyin/install/driver/share/driver/environment/pythonpath.sh
-- Installing: /home/user/qiaoyin/install/driver/share/driver/environment/pythonpath.dsv
-- Installing: /home/user/qiaoyin/install/driver/local/lib/python3.10/dist-packages/driver-0.0.0-py3.10.egg-info
-- Installing: /home/user/qiaoyin/install/driver/local/lib/python3.10/dist-packages/driver-0.0.0-py3.10.egg-info/PKG-INFO
-- Installing: /home/user/qiaoyin/install/driver/local/lib/python3.10/dist-packages/driver-0.0.0-py3.10.egg-info/top_level.txt
-- Installing: /home/user/qiaoyin/install/driver/local/lib/python3.10/dist-packages/driver-0.0.0-py3.10.egg-info/SOURCES.txt
-- Installing: /home/user/qiaoyin/install/driver/local/lib/python3.10/dist-packages/driver-0.0.0-py3.10.egg-info/dependency_links.txt
-- Installing: /home/user/qiaoyin/install/driver/local/lib/python3.10/dist-packages/driver
-- Installing: /home/user/qiaoyin/install/driver/local/lib/python3.10/dist-packages/driver/driver_s__rosidl_typesupport_introspection_c.cpython-310-x86_64-linux-gnu.so
-- Installing: /home/user/qiaoyin/install/driver/local/lib/python3.10/dist-packages/driver/driver_s__rosidl_typesupport_c.cpython-310-x86_64-linux-gnu.so
-- Installing: /home/user/qiaoyin/install/driver/local/lib/python3.10/dist-packages/driver/srv
-- Installing: /home/user/qiaoyin/install/driver/local/lib/python3.10/dist-packages/driver/srv/__init__.py
-- Installing: /home/user/qiaoyin/install/driver/local/lib/python3.10/dist-packages/driver/srv/_arm_set_joints.py
-- Installing: /home/user/qiaoyin/install/driver/local/lib/python3.10/dist-packages/driver/srv/_arm_set_cart.py
-- Installing: /home/user/qiaoyin/install/driver/local/lib/python3.10/dist-packages/driver/srv/_arm_set_cart_s.c
-- Installing: /home/user/qiaoyin/install/driver/local/lib/python3.10/dist-packages/driver/srv/_arm_set_joints_s.c
-- Installing: /home/user/qiaoyin/install/driver/local/lib/python3.10/dist-packages/driver/_driver_s.ep.rosidl_typesupport_c.c
-- Installing: /home/user/qiaoyin/install/driver/local/lib/python3.10/dist-packages/driver/__init__.py
-- Installing: /home/user/qiaoyin/install/driver/local/lib/python3.10/dist-packages/driver/_driver_s.ep.rosidl_typesupport_introspection_c.c
-- Installing: /home/user/qiaoyin/install/driver/local/lib/python3.10/dist-packages/driver/driver_s__rosidl_typesupport_fastrtps_c.cpython-310-x86_64-linux-gnu.so
-- Installing: /home/user/qiaoyin/install/driver/local/lib/python3.10/dist-packages/driver/libdriver__rosidl_generator_py.so
-- Installing: /home/user/qiaoyin/install/driver/local/lib/python3.10/dist-packages/driver/msg
-- Installing: /home/user/qiaoyin/install/driver/local/lib/python3.10/dist-packages/driver/msg/_arm_info_s.c
-- Installing: /home/user/qiaoyin/install/driver/local/lib/python3.10/dist-packages/driver/msg/_agv_info.py
-- Installing: /home/user/qiaoyin/install/driver/local/lib/python3.10/dist-packages/driver/msg/__init__.py
-- Installing: /home/user/qiaoyin/install/driver/local/lib/python3.10/dist-packages/driver/msg/_gripper_info_s.c
-- Installing: /home/user/qiaoyin/install/driver/local/lib/python3.10/dist-packages/driver/msg/_arm_info.py
-- Installing: /home/user/qiaoyin/install/driver/local/lib/python3.10/dist-packages/driver/msg/_agv_info_s.c
-- Installing: /home/user/qiaoyin/install/driver/local/lib/python3.10/dist-packages/driver/msg/_gripper_info.py
-- Installing: /home/user/qiaoyin/install/driver/local/lib/python3.10/dist-packages/driver/_driver_s.ep.rosidl_typesupport_fastrtps_c.c
Listing '/home/user/qiaoyin/install/driver/local/lib/python3.10/dist-packages/driver'...
Compiling '/home/user/qiaoyin/install/driver/local/lib/python3.10/dist-packages/driver/__init__.py'...
Listing '/home/user/qiaoyin/install/driver/local/lib/python3.10/dist-packages/driver/msg'...
Compiling '/home/user/qiaoyin/install/driver/local/lib/python3.10/dist-packages/driver/msg/__init__.py'...
Compiling '/home/user/qiaoyin/install/driver/local/lib/python3.10/dist-packages/driver/msg/_agv_info.py'...
Compiling '/home/user/qiaoyin/install/driver/local/lib/python3.10/dist-packages/driver/msg/_arm_info.py'...
Compiling '/home/user/qiaoyin/install/driver/local/lib/python3.10/dist-packages/driver/msg/_gripper_info.py'...
Listing '/home/user/qiaoyin/install/driver/local/lib/python3.10/dist-packages/driver/srv'...
Compiling '/home/user/qiaoyin/install/driver/local/lib/python3.10/dist-packages/driver/srv/__init__.py'...
Compiling '/home/user/qiaoyin/install/driver/local/lib/python3.10/dist-packages/driver/srv/_arm_set_cart.py'...
Compiling '/home/user/qiaoyin/install/driver/local/lib/python3.10/dist-packages/driver/srv/_arm_set_joints.py'...
-- Installing: /home/user/qiaoyin/install/driver/local/lib/python3.10/dist-packages/driver/driver_s__rosidl_typesupport_fastrtps_c.cpython-310-x86_64-linux-gnu.so
-- Set runtime path of "/home/user/qiaoyin/install/driver/local/lib/python3.10/dist-packages/driver/driver_s__rosidl_typesupport_fastrtps_c.cpython-310-x86_64-linux-gnu.so" to ""
-- Installing: /home/user/qiaoyin/install/driver/local/lib/python3.10/dist-packages/driver/driver_s__rosidl_typesupport_introspection_c.cpython-310-x86_64-linux-gnu.so
-- Set runtime path of "/home/user/qiaoyin/install/driver/local/lib/python3.10/dist-packages/driver/driver_s__rosidl_typesupport_introspection_c.cpython-310-x86_64-linux-gnu.so" to ""
-- Installing: /home/user/qiaoyin/install/driver/local/lib/python3.10/dist-packages/driver/driver_s__rosidl_typesupport_c.cpython-310-x86_64-linux-gnu.so
-- Set runtime path of "/home/user/qiaoyin/install/driver/local/lib/python3.10/dist-packages/driver/driver_s__rosidl_typesupport_c.cpython-310-x86_64-linux-gnu.so" to ""
-- Installing: /home/user/qiaoyin/install/driver/lib/libdriver__rosidl_generator_py.so
-- Set runtime path of "/home/user/qiaoyin/install/driver/lib/libdriver__rosidl_generator_py.so" to ""
-- Installing: /home/user/qiaoyin/install/driver/share/driver/srv/ArmSetCart.idl
-- Installing: /home/user/qiaoyin/install/driver/share/driver/srv/ArmSetJoints.idl
-- Installing: /home/user/qiaoyin/install/driver/share/driver/msg/AgvInfo.idl
-- Installing: /home/user/qiaoyin/install/driver/share/driver/msg/ArmInfo.idl
-- Installing: /home/user/qiaoyin/install/driver/share/driver/msg/GripperInfo.idl
-- Installing: /home/user/qiaoyin/install/driver/share/driver/srv/ArmSetCart.srv
-- Installing: /home/user/qiaoyin/install/driver/share/driver/srv/ArmSetCart_Request.msg
-- Installing: /home/user/qiaoyin/install/driver/share/driver/srv/ArmSetCart_Response.msg
-- Installing: /home/user/qiaoyin/install/driver/share/driver/srv/ArmSetJoints.srv
-- Installing: /home/user/qiaoyin/install/driver/share/driver/srv/ArmSetJoints_Request.msg
-- Installing: /home/user/qiaoyin/install/driver/share/driver/srv/ArmSetJoints_Response.msg
-- Installing: /home/user/qiaoyin/install/driver/share/driver/msg/AgvInfo.msg
-- Installing: /home/user/qiaoyin/install/driver/share/driver/msg/ArmInfo.msg
-- Installing: /home/user/qiaoyin/install/driver/share/driver/msg/GripperInfo.msg
-- Installing: /home/user/qiaoyin/install/driver/lib/driver/arm_driver_node
-- Set runtime path of "/home/user/qiaoyin/install/driver/lib/driver/arm_driver_node" to ""
-- Installing: /home/user/qiaoyin/install/driver/share/ament_index/resource_index/package_run_dependencies/driver
-- Up-to-date: /home/user/qiaoyin/install/driver/share/ament_index/resource_index/parent_prefix_path/driver
-- Up-to-date: /home/user/qiaoyin/install/driver/share/driver/environment/ament_prefix_path.sh
-- Installing: /home/user/qiaoyin/install/driver/share/driver/environment/ament_prefix_path.dsv
-- Up-to-date: /home/user/qiaoyin/install/driver/share/driver/environment/path.sh
-- Installing: /home/user/qiaoyin/install/driver/share/driver/environment/path.dsv
-- Up-to-date: /home/user/qiaoyin/install/driver/share/driver/local_setup.bash
-- Installing: /home/user/qiaoyin/install/driver/share/driver/local_setup.sh
-- Up-to-date: /home/user/qiaoyin/install/driver/share/driver/local_setup.zsh
-- Installing: /home/user/qiaoyin/install/driver/share/driver/local_setup.dsv
-- Installing: /home/user/qiaoyin/install/driver/share/driver/package.dsv
-- Up-to-date: /home/user/qiaoyin/install/driver/share/ament_index/resource_index/packages/driver
-- Installing: /home/user/qiaoyin/install/driver/share/driver/cmake/export_driver__rosidl_generator_cExport.cmake
-- Installing: /home/user/qiaoyin/install/driver/share/driver/cmake/export_driver__rosidl_generator_cExport-noconfig.cmake
-- Installing: /home/user/qiaoyin/install/driver/share/driver/cmake/export_driver__rosidl_typesupport_fastrtps_cExport.cmake
-- Installing: /home/user/qiaoyin/install/driver/share/driver/cmake/export_driver__rosidl_typesupport_fastrtps_cExport-noconfig.cmake
-- Installing: /home/user/qiaoyin/install/driver/share/driver/cmake/export_driver__rosidl_generator_cppExport.cmake
-- Installing: /home/user/qiaoyin/install/driver/share/driver/cmake/export_driver__rosidl_typesupport_fastrtps_cppExport.cmake
-- Installing: /home/user/qiaoyin/install/driver/share/driver/cmake/export_driver__rosidl_typesupport_fastrtps_cppExport-noconfig.cmake
-- Installing: /home/user/qiaoyin/install/driver/share/driver/cmake/driver__rosidl_typesupport_introspection_cExport.cmake
-- Installing: /home/user/qiaoyin/install/driver/share/driver/cmake/driver__rosidl_typesupport_introspection_cExport-noconfig.cmake
-- Installing: /home/user/qiaoyin/install/driver/share/driver/cmake/driver__rosidl_typesupport_cExport.cmake
-- Installing: /home/user/qiaoyin/install/driver/share/driver/cmake/driver__rosidl_typesupport_cExport-noconfig.cmake
-- Installing: /home/user/qiaoyin/install/driver/share/driver/cmake/driver__rosidl_typesupport_introspection_cppExport.cmake
-- Installing: /home/user/qiaoyin/install/driver/share/driver/cmake/driver__rosidl_typesupport_introspection_cppExport-noconfig.cmake
-- Installing: /home/user/qiaoyin/install/driver/share/driver/cmake/driver__rosidl_typesupport_cppExport.cmake
-- Installing: /home/user/qiaoyin/install/driver/share/driver/cmake/driver__rosidl_typesupport_cppExport-noconfig.cmake
-- Installing: /home/user/qiaoyin/install/driver/share/driver/cmake/export_driver__rosidl_generator_pyExport.cmake
-- Installing: /home/user/qiaoyin/install/driver/share/driver/cmake/export_driver__rosidl_generator_pyExport-noconfig.cmake
-- Installing: /home/user/qiaoyin/install/driver/share/driver/cmake/rosidl_cmake-extras.cmake
-- Installing: /home/user/qiaoyin/install/driver/share/driver/cmake/ament_cmake_export_include_directories-extras.cmake
-- Installing: /home/user/qiaoyin/install/driver/share/driver/cmake/ament_cmake_export_libraries-extras.cmake
-- Installing: /home/user/qiaoyin/install/driver/share/driver/cmake/ament_cmake_export_targets-extras.cmake
-- Installing: /home/user/qiaoyin/install/driver/share/driver/cmake/rosidl_cmake_export_typesupport_targets-extras.cmake
-- Installing: /home/user/qiaoyin/install/driver/share/driver/cmake/ament_cmake_export_dependencies-extras.cmake
-- Installing: /home/user/qiaoyin/install/driver/share/driver/cmake/rosidl_cmake_export_typesupport_libraries-extras.cmake
-- Installing: /home/user/qiaoyin/install/driver/share/driver/cmake/driverConfig.cmake
-- Up-to-date: /home/user/qiaoyin/install/driver/share/driver/cmake/driverConfig-version.cmake
-- Installing: /home/user/qiaoyin/install/driver/share/driver/package.xml
