[0.009s] Invoking command in '/home/user/qiaoyin/build/driver': CMAKE_PREFIX_PATH=/opt/ros/humble /usr/bin/cmake --build /home/user/qiaoyin/build/driver -- -j24 -l24
[0.029s] -- Found ament_cmake: 1.3.11 (/opt/ros/humble/share/ament_cmake/cmake)
[0.111s] -- Found rclcpp: 16.0.12 (/opt/ros/humble/share/rclcpp/cmake)
[0.128s] -- Found rosidl_generator_c: 3.1.6 (/opt/ros/humble/share/rosidl_generator_c/cmake)
[0.130s] -- Found rosidl_adapter: 3.1.6 (/opt/ros/humble/share/rosidl_adapter/cmake)
[0.133s] -- Found rosidl_generator_cpp: 3.1.6 (/opt/ros/humble/share/rosidl_generator_cpp/cmake)
[0.139s] -- Using all available rosidl_typesupport_c: rosidl_typesupport_fastrtps_c;rosidl_typesupport_introspection_c
[0.146s] -- Using all available rosidl_typesupport_cpp: rosidl_typesupport_fastrtps_cpp;rosidl_typesupport_introspection_cpp
[0.164s] -- Found rmw_implementation_cmake: 6.1.2 (/opt/ros/humble/share/rmw_implementation_cmake/cmake)
[0.165s] -- Found rmw_fastrtps_cpp: 6.2.7 (/opt/ros/humble/share/rmw_fastrtps_cpp/cmake)
[0.222s] -- Using RMW implementation 'rmw_fastrtps_cpp' as default
[0.250s] -- Found rosidl_default_generators: 1.2.0 (/opt/ros/humble/share/rosidl_default_generators/cmake)
[0.420s] -- Found ament_cmake_ros: 0.10.0 (/opt/ros/humble/share/ament_cmake_ros/cmake)
[0.604s] -- Using all available rosidl_typesupport_c: rosidl_typesupport_fastrtps_c;rosidl_typesupport_introspection_c
[0.679s] -- Using all available rosidl_typesupport_cpp: rosidl_typesupport_fastrtps_cpp;rosidl_typesupport_introspection_cpp
[0.695s] -- Found python_cmake_module: 0.10.0 (/opt/ros/humble/share/python_cmake_module/cmake)
[0.711s] -- Using PYTHON_EXECUTABLE: /usr/bin/python3
[0.711s] -- Using PYTHON_INCLUDE_DIRS: /usr/include/python3.10
[0.711s] -- Using PYTHON_LIBRARIES: /usr/lib/x86_64-linux-gnu/libpython3.10.so
[0.718s] -- Found ament_lint_auto: 0.12.12 (/opt/ros/humble/share/ament_lint_auto/cmake)
[0.722s] -- Added test 'cppcheck' to perform static code analysis on C / C++ code
[0.723s] -- Configured cppcheck include dirs: /home/user/qiaoyin/src/driver/include;/home/user/qiaoyin/src/driver/include/driver;/home/user/qiaoyin/src/driver/src
[0.723s] -- Configured cppcheck exclude dirs and/or files: 
[0.724s] -- Added test 'lint_cmake' to check CMake code style
[0.725s] -- Added test 'uncrustify' to check C / C++ code style
[0.725s] -- Configured uncrustify additional arguments: 
[0.725s] -- Added test 'xmllint' to check XML markup files
[0.726s] -- Configuring done
[0.747s] -- Generating done
[0.754s] -- Build files have been written to: /home/user/qiaoyin/build/driver
[0.772s] [35m[1mConsolidate compiler generated dependencies of target driver__rosidl_generator_c[0m
[0.778s] [  1%] Built target driver__cpp
[0.781s] [ 11%] Built target driver__rosidl_generator_c
[0.784s] [ 11%] Built target ament_cmake_python_copy_driver
[0.785s] [35m[1mConsolidate compiler generated dependencies of target driver__rosidl_typesupport_introspection_cpp[0m
[0.785s] [35m[1mConsolidate compiler generated dependencies of target driver__rosidl_typesupport_cpp[0m
[0.786s] [35m[1mConsolidate compiler generated dependencies of target driver__rosidl_typesupport_fastrtps_cpp[0m
[0.788s] [35m[1mConsolidate compiler generated dependencies of target driver__rosidl_typesupport_c[0m
[0.788s] [35m[1mConsolidate compiler generated dependencies of target driver__rosidl_typesupport_introspection_c[0m
[0.789s] [35m[1mConsolidate compiler generated dependencies of target driver__rosidl_typesupport_fastrtps_c[0m
[0.794s] [ 31%] Built target driver__rosidl_typesupport_c
[0.794s] [ 32%] Built target driver__rosidl_typesupport_cpp
[0.795s] [ 43%] Built target driver__rosidl_typesupport_introspection_cpp
[0.796s] [ 53%] Built target driver__rosidl_typesupport_introspection_c
[0.796s] [ 64%] Built target driver__rosidl_typesupport_fastrtps_cpp
[0.799s] [ 74%] Built target driver__rosidl_typesupport_fastrtps_c
[0.802s] [35m[1mConsolidate compiler generated dependencies of target arm_driver_node[0m
[0.811s] [ 74%] Built target driver
[0.813s] [ 76%] [32m[1mLinking CXX executable arm_driver_node[0m
[0.825s] [ 77%] Built target driver__py
[0.833s] [35m[1mConsolidate compiler generated dependencies of target driver__rosidl_generator_py[0m
[0.845s] [ 86%] Built target driver__rosidl_generator_py
[0.852s] [35m[1mConsolidate compiler generated dependencies of target driver__rosidl_typesupport_fastrtps_c__pyext[0m
[0.853s] [35m[1mConsolidate compiler generated dependencies of target driver__rosidl_typesupport_introspection_c__pyext[0m
[0.853s] [35m[1mConsolidate compiler generated dependencies of target driver__rosidl_typesupport_c__pyext[0m
[0.862s] [ 89%] Built target driver__rosidl_typesupport_fastrtps_c__pyext
[0.862s] [ 92%] Built target driver__rosidl_typesupport_c__pyext
[0.862s] [ 95%] Built target driver__rosidl_typesupport_introspection_c__pyext
[0.929s] running egg_info
[0.930s] writing driver.egg-info/PKG-INFO
[0.930s] writing dependency_links to driver.egg-info/dependency_links.txt
[0.930s] writing top-level names to driver.egg-info/top_level.txt
[0.931s] reading manifest file 'driver.egg-info/SOURCES.txt'
[0.932s] writing manifest file 'driver.egg-info/SOURCES.txt'
[0.936s] [100%] Built target arm_driver_node
[0.947s] [100%] Built target ament_cmake_python_build_driver_egg
[0.954s] Invoked command in '/home/user/qiaoyin/build/driver' returned '0': CMAKE_PREFIX_PATH=/opt/ros/humble /usr/bin/cmake --build /home/user/qiaoyin/build/driver -- -j24 -l24
[0.955s] Invoking command in '/home/user/qiaoyin/build/driver': CMAKE_PREFIX_PATH=/opt/ros/humble /usr/bin/cmake --install /home/user/qiaoyin/build/driver
[0.961s] -- Install configuration: ""
[0.961s] -- Installing: /home/user/qiaoyin/install/driver/share/ament_index/resource_index/rosidl_interfaces/driver
[0.961s] -- Installing: /home/user/qiaoyin/install/driver/include/driver/driver
[0.961s] -- Installing: /home/user/qiaoyin/install/driver/include/driver/driver/srv
[0.961s] -- Installing: /home/user/qiaoyin/install/driver/include/driver/driver/srv/arm_set_cart.h
[0.961s] -- Installing: /home/user/qiaoyin/install/driver/include/driver/driver/srv/detail
[0.961s] -- Installing: /home/user/qiaoyin/install/driver/include/driver/driver/srv/detail/arm_set_joints__type_support.h
[0.961s] -- Installing: /home/user/qiaoyin/install/driver/include/driver/driver/srv/detail/arm_set_cart__struct.h
[0.961s] -- Installing: /home/user/qiaoyin/install/driver/include/driver/driver/srv/detail/arm_set_cart__type_support.h
[0.961s] -- Installing: /home/user/qiaoyin/install/driver/include/driver/driver/srv/detail/arm_set_joints__struct.h
[0.961s] -- Installing: /home/user/qiaoyin/install/driver/include/driver/driver/srv/detail/arm_set_joints__functions.h
[0.961s] -- Installing: /home/user/qiaoyin/install/driver/include/driver/driver/srv/detail/arm_set_joints__functions.c
[0.961s] -- Installing: /home/user/qiaoyin/install/driver/include/driver/driver/srv/detail/arm_set_cart__functions.c
[0.961s] -- Installing: /home/user/qiaoyin/install/driver/include/driver/driver/srv/detail/arm_set_cart__functions.h
[0.962s] -- Installing: /home/user/qiaoyin/install/driver/include/driver/driver/srv/arm_set_joints.h
[0.962s] -- Installing: /home/user/qiaoyin/install/driver/include/driver/driver/msg
[0.962s] -- Installing: /home/user/qiaoyin/install/driver/include/driver/driver/msg/detail
[0.962s] -- Installing: /home/user/qiaoyin/install/driver/include/driver/driver/msg/detail/gripper_info__type_support.h
[0.962s] -- Installing: /home/user/qiaoyin/install/driver/include/driver/driver/msg/detail/arm_info__struct.h
[0.962s] -- Installing: /home/user/qiaoyin/install/driver/include/driver/driver/msg/detail/agv_info__functions.c
[0.962s] -- Installing: /home/user/qiaoyin/install/driver/include/driver/driver/msg/detail/agv_info__type_support.h
[0.962s] -- Installing: /home/user/qiaoyin/install/driver/include/driver/driver/msg/detail/arm_info__functions.c
[0.962s] -- Installing: /home/user/qiaoyin/install/driver/include/driver/driver/msg/detail/gripper_info__functions.c
[0.962s] -- Installing: /home/user/qiaoyin/install/driver/include/driver/driver/msg/detail/arm_info__type_support.h
[0.962s] -- Installing: /home/user/qiaoyin/install/driver/include/driver/driver/msg/detail/agv_info__functions.h
[0.962s] -- Installing: /home/user/qiaoyin/install/driver/include/driver/driver/msg/detail/gripper_info__struct.h
[0.962s] -- Installing: /home/user/qiaoyin/install/driver/include/driver/driver/msg/detail/gripper_info__functions.h
[0.962s] -- Installing: /home/user/qiaoyin/install/driver/include/driver/driver/msg/detail/agv_info__struct.h
[0.962s] -- Installing: /home/user/qiaoyin/install/driver/include/driver/driver/msg/detail/arm_info__functions.h
[0.962s] -- Installing: /home/user/qiaoyin/install/driver/include/driver/driver/msg/gripper_info.h
[0.962s] -- Installing: /home/user/qiaoyin/install/driver/include/driver/driver/msg/rosidl_generator_c__visibility_control.h
[0.962s] -- Installing: /home/user/qiaoyin/install/driver/include/driver/driver/msg/agv_info.h
[0.962s] -- Installing: /home/user/qiaoyin/install/driver/include/driver/driver/msg/arm_info.h
[0.962s] -- Installing: /home/user/qiaoyin/install/driver/share/driver/environment/library_path.sh
[0.962s] -- Installing: /home/user/qiaoyin/install/driver/share/driver/environment/library_path.dsv
[0.962s] -- Installing: /home/user/qiaoyin/install/driver/lib/libdriver__rosidl_generator_c.so
[0.963s] -- Set runtime path of "/home/user/qiaoyin/install/driver/lib/libdriver__rosidl_generator_c.so" to ""
[0.963s] -- Up-to-date: /home/user/qiaoyin/install/driver/include/driver/driver
[0.963s] -- Up-to-date: /home/user/qiaoyin/install/driver/include/driver/driver/srv
[0.963s] -- Up-to-date: /home/user/qiaoyin/install/driver/include/driver/driver/srv/detail
[0.963s] -- Installing: /home/user/qiaoyin/install/driver/include/driver/driver/srv/detail/arm_set_joints__rosidl_typesupport_fastrtps_c.h
[0.963s] -- Installing: /home/user/qiaoyin/install/driver/include/driver/driver/srv/detail/arm_set_cart__rosidl_typesupport_fastrtps_c.h
[0.963s] -- Up-to-date: /home/user/qiaoyin/install/driver/include/driver/driver/msg
[0.963s] -- Up-to-date: /home/user/qiaoyin/install/driver/include/driver/driver/msg/detail
[0.963s] -- Installing: /home/user/qiaoyin/install/driver/include/driver/driver/msg/detail/gripper_info__rosidl_typesupport_fastrtps_c.h
[0.963s] -- Installing: /home/user/qiaoyin/install/driver/include/driver/driver/msg/detail/arm_info__rosidl_typesupport_fastrtps_c.h
[0.963s] -- Installing: /home/user/qiaoyin/install/driver/include/driver/driver/msg/detail/agv_info__rosidl_typesupport_fastrtps_c.h
[0.963s] -- Installing: /home/user/qiaoyin/install/driver/include/driver/driver/msg/rosidl_typesupport_fastrtps_c__visibility_control.h
[0.963s] -- Installing: /home/user/qiaoyin/install/driver/lib/libdriver__rosidl_typesupport_fastrtps_c.so
[0.963s] -- Set runtime path of "/home/user/qiaoyin/install/driver/lib/libdriver__rosidl_typesupport_fastrtps_c.so" to ""
[0.963s] -- Up-to-date: /home/user/qiaoyin/install/driver/include/driver/driver
[0.963s] -- Up-to-date: /home/user/qiaoyin/install/driver/include/driver/driver/srv
[0.963s] -- Up-to-date: /home/user/qiaoyin/install/driver/include/driver/driver/srv/detail
[0.963s] -- Installing: /home/user/qiaoyin/install/driver/include/driver/driver/srv/detail/arm_set_cart__type_support.hpp
[0.963s] -- Installing: /home/user/qiaoyin/install/driver/include/driver/driver/srv/detail/arm_set_joints__struct.hpp
[0.963s] -- Installing: /home/user/qiaoyin/install/driver/include/driver/driver/srv/detail/arm_set_joints__builder.hpp
[0.963s] -- Installing: /home/user/qiaoyin/install/driver/include/driver/driver/srv/detail/arm_set_cart__struct.hpp
[0.963s] -- Installing: /home/user/qiaoyin/install/driver/include/driver/driver/srv/detail/arm_set_joints__type_support.hpp
[0.963s] -- Installing: /home/user/qiaoyin/install/driver/include/driver/driver/srv/detail/arm_set_cart__builder.hpp
[0.963s] -- Installing: /home/user/qiaoyin/install/driver/include/driver/driver/srv/detail/arm_set_cart__traits.hpp
[0.963s] -- Installing: /home/user/qiaoyin/install/driver/include/driver/driver/srv/detail/arm_set_joints__traits.hpp
[0.964s] -- Installing: /home/user/qiaoyin/install/driver/include/driver/driver/srv/arm_set_joints.hpp
[0.964s] -- Installing: /home/user/qiaoyin/install/driver/include/driver/driver/srv/arm_set_cart.hpp
[0.964s] -- Up-to-date: /home/user/qiaoyin/install/driver/include/driver/driver/msg
[0.964s] -- Installing: /home/user/qiaoyin/install/driver/include/driver/driver/msg/agv_info.hpp
[0.964s] -- Installing: /home/user/qiaoyin/install/driver/include/driver/driver/msg/rosidl_generator_cpp__visibility_control.hpp
[0.964s] -- Up-to-date: /home/user/qiaoyin/install/driver/include/driver/driver/msg/detail
[0.964s] -- Installing: /home/user/qiaoyin/install/driver/include/driver/driver/msg/detail/gripper_info__traits.hpp
[0.964s] -- Installing: /home/user/qiaoyin/install/driver/include/driver/driver/msg/detail/gripper_info__builder.hpp
[0.964s] -- Installing: /home/user/qiaoyin/install/driver/include/driver/driver/msg/detail/agv_info__struct.hpp
[0.964s] -- Installing: /home/user/qiaoyin/install/driver/include/driver/driver/msg/detail/arm_info__builder.hpp
[0.964s] -- Installing: /home/user/qiaoyin/install/driver/include/driver/driver/msg/detail/arm_info__struct.hpp
[0.964s] -- Installing: /home/user/qiaoyin/install/driver/include/driver/driver/msg/detail/agv_info__builder.hpp
[0.964s] -- Installing: /home/user/qiaoyin/install/driver/include/driver/driver/msg/detail/arm_info__type_support.hpp
[0.964s] -- Installing: /home/user/qiaoyin/install/driver/include/driver/driver/msg/detail/gripper_info__struct.hpp
[0.964s] -- Installing: /home/user/qiaoyin/install/driver/include/driver/driver/msg/detail/gripper_info__type_support.hpp
[0.964s] -- Installing: /home/user/qiaoyin/install/driver/include/driver/driver/msg/detail/agv_info__traits.hpp
[0.964s] -- Installing: /home/user/qiaoyin/install/driver/include/driver/driver/msg/detail/agv_info__type_support.hpp
[0.964s] -- Installing: /home/user/qiaoyin/install/driver/include/driver/driver/msg/detail/arm_info__traits.hpp
[0.964s] -- Installing: /home/user/qiaoyin/install/driver/include/driver/driver/msg/arm_info.hpp
[0.964s] -- Installing: /home/user/qiaoyin/install/driver/include/driver/driver/msg/gripper_info.hpp
[0.964s] -- Up-to-date: /home/user/qiaoyin/install/driver/include/driver/driver
[0.964s] -- Up-to-date: /home/user/qiaoyin/install/driver/include/driver/driver/srv
[0.964s] -- Up-to-date: /home/user/qiaoyin/install/driver/include/driver/driver/srv/detail
[0.964s] -- Installing: /home/user/qiaoyin/install/driver/include/driver/driver/srv/detail/arm_set_joints__rosidl_typesupport_fastrtps_cpp.hpp
[0.964s] -- Installing: /home/user/qiaoyin/install/driver/include/driver/driver/srv/detail/dds_fastrtps
[0.964s] -- Installing: /home/user/qiaoyin/install/driver/include/driver/driver/srv/detail/arm_set_cart__rosidl_typesupport_fastrtps_cpp.hpp
[0.964s] -- Up-to-date: /home/user/qiaoyin/install/driver/include/driver/driver/msg
[0.965s] -- Installing: /home/user/qiaoyin/install/driver/include/driver/driver/msg/rosidl_typesupport_fastrtps_cpp__visibility_control.h
[0.965s] -- Up-to-date: /home/user/qiaoyin/install/driver/include/driver/driver/msg/detail
[0.965s] -- Installing: /home/user/qiaoyin/install/driver/include/driver/driver/msg/detail/arm_info__rosidl_typesupport_fastrtps_cpp.hpp
[0.965s] -- Installing: /home/user/qiaoyin/install/driver/include/driver/driver/msg/detail/agv_info__rosidl_typesupport_fastrtps_cpp.hpp
[0.965s] -- Installing: /home/user/qiaoyin/install/driver/include/driver/driver/msg/detail/dds_fastrtps
[0.965s] -- Installing: /home/user/qiaoyin/install/driver/include/driver/driver/msg/detail/gripper_info__rosidl_typesupport_fastrtps_cpp.hpp
[0.965s] -- Installing: /home/user/qiaoyin/install/driver/lib/libdriver__rosidl_typesupport_fastrtps_cpp.so
[0.965s] -- Set runtime path of "/home/user/qiaoyin/install/driver/lib/libdriver__rosidl_typesupport_fastrtps_cpp.so" to ""
[0.965s] -- Up-to-date: /home/user/qiaoyin/install/driver/include/driver/driver
[0.965s] -- Up-to-date: /home/user/qiaoyin/install/driver/include/driver/driver/srv
[0.965s] -- Up-to-date: /home/user/qiaoyin/install/driver/include/driver/driver/srv/detail
[0.965s] -- Installing: /home/user/qiaoyin/install/driver/include/driver/driver/srv/detail/arm_set_joints__type_support.c
[0.965s] -- Installing: /home/user/qiaoyin/install/driver/include/driver/driver/srv/detail/arm_set_cart__type_support.c
[0.965s] -- Installing: /home/user/qiaoyin/install/driver/include/driver/driver/srv/detail/arm_set_cart__rosidl_typesupport_introspection_c.h
[0.965s] -- Installing: /home/user/qiaoyin/install/driver/include/driver/driver/srv/detail/arm_set_joints__rosidl_typesupport_introspection_c.h
[0.965s] -- Up-to-date: /home/user/qiaoyin/install/driver/include/driver/driver/msg
[0.965s] -- Up-to-date: /home/user/qiaoyin/install/driver/include/driver/driver/msg/detail
[0.965s] -- Installing: /home/user/qiaoyin/install/driver/include/driver/driver/msg/detail/arm_info__rosidl_typesupport_introspection_c.h
[0.965s] -- Installing: /home/user/qiaoyin/install/driver/include/driver/driver/msg/detail/agv_info__rosidl_typesupport_introspection_c.h
[0.965s] -- Installing: /home/user/qiaoyin/install/driver/include/driver/driver/msg/detail/arm_info__type_support.c
[0.965s] -- Installing: /home/user/qiaoyin/install/driver/include/driver/driver/msg/detail/gripper_info__rosidl_typesupport_introspection_c.h
[0.965s] -- Installing: /home/user/qiaoyin/install/driver/include/driver/driver/msg/detail/gripper_info__type_support.c
[0.965s] -- Installing: /home/user/qiaoyin/install/driver/include/driver/driver/msg/detail/agv_info__type_support.c
[0.965s] -- Installing: /home/user/qiaoyin/install/driver/include/driver/driver/msg/rosidl_typesupport_introspection_c__visibility_control.h
[0.965s] -- Installing: /home/user/qiaoyin/install/driver/lib/libdriver__rosidl_typesupport_introspection_c.so
[0.965s] -- Set runtime path of "/home/user/qiaoyin/install/driver/lib/libdriver__rosidl_typesupport_introspection_c.so" to ""
[0.965s] -- Installing: /home/user/qiaoyin/install/driver/lib/libdriver__rosidl_typesupport_c.so
[0.966s] -- Set runtime path of "/home/user/qiaoyin/install/driver/lib/libdriver__rosidl_typesupport_c.so" to ""
[0.966s] -- Up-to-date: /home/user/qiaoyin/install/driver/include/driver/driver
[0.966s] -- Up-to-date: /home/user/qiaoyin/install/driver/include/driver/driver/srv
[0.966s] -- Up-to-date: /home/user/qiaoyin/install/driver/include/driver/driver/srv/detail
[0.966s] -- Installing: /home/user/qiaoyin/install/driver/include/driver/driver/srv/detail/arm_set_joints__rosidl_typesupport_introspection_cpp.hpp
[0.966s] -- Installing: /home/user/qiaoyin/install/driver/include/driver/driver/srv/detail/arm_set_cart__rosidl_typesupport_introspection_cpp.hpp
[0.966s] -- Installing: /home/user/qiaoyin/install/driver/include/driver/driver/srv/detail/arm_set_cart__type_support.cpp
[0.966s] -- Installing: /home/user/qiaoyin/install/driver/include/driver/driver/srv/detail/arm_set_joints__type_support.cpp
[0.966s] -- Up-to-date: /home/user/qiaoyin/install/driver/include/driver/driver/msg
[0.966s] -- Up-to-date: /home/user/qiaoyin/install/driver/include/driver/driver/msg/detail
[0.966s] -- Installing: /home/user/qiaoyin/install/driver/include/driver/driver/msg/detail/arm_info__rosidl_typesupport_introspection_cpp.hpp
[0.966s] -- Installing: /home/user/qiaoyin/install/driver/include/driver/driver/msg/detail/gripper_info__type_support.cpp
[0.966s] -- Installing: /home/user/qiaoyin/install/driver/include/driver/driver/msg/detail/agv_info__type_support.cpp
[0.966s] -- Installing: /home/user/qiaoyin/install/driver/include/driver/driver/msg/detail/agv_info__rosidl_typesupport_introspection_cpp.hpp
[0.966s] -- Installing: /home/user/qiaoyin/install/driver/include/driver/driver/msg/detail/arm_info__type_support.cpp
[0.966s] -- Installing: /home/user/qiaoyin/install/driver/include/driver/driver/msg/detail/gripper_info__rosidl_typesupport_introspection_cpp.hpp
[0.966s] -- Installing: /home/user/qiaoyin/install/driver/lib/libdriver__rosidl_typesupport_introspection_cpp.so
[0.966s] -- Set runtime path of "/home/user/qiaoyin/install/driver/lib/libdriver__rosidl_typesupport_introspection_cpp.so" to ""
[0.966s] -- Installing: /home/user/qiaoyin/install/driver/lib/libdriver__rosidl_typesupport_cpp.so
[0.966s] -- Set runtime path of "/home/user/qiaoyin/install/driver/lib/libdriver__rosidl_typesupport_cpp.so" to ""
[0.966s] -- Installing: /home/user/qiaoyin/install/driver/share/driver/environment/pythonpath.sh
[0.966s] -- Installing: /home/user/qiaoyin/install/driver/share/driver/environment/pythonpath.dsv
[0.966s] -- Installing: /home/user/qiaoyin/install/driver/local/lib/python3.10/dist-packages/driver-0.0.0-py3.10.egg-info
[0.967s] -- Installing: /home/user/qiaoyin/install/driver/local/lib/python3.10/dist-packages/driver-0.0.0-py3.10.egg-info/PKG-INFO
[0.967s] -- Installing: /home/user/qiaoyin/install/driver/local/lib/python3.10/dist-packages/driver-0.0.0-py3.10.egg-info/top_level.txt
[0.967s] -- Installing: /home/user/qiaoyin/install/driver/local/lib/python3.10/dist-packages/driver-0.0.0-py3.10.egg-info/SOURCES.txt
[0.967s] -- Installing: /home/user/qiaoyin/install/driver/local/lib/python3.10/dist-packages/driver-0.0.0-py3.10.egg-info/dependency_links.txt
[0.967s] -- Installing: /home/user/qiaoyin/install/driver/local/lib/python3.10/dist-packages/driver
[0.967s] -- Installing: /home/user/qiaoyin/install/driver/local/lib/python3.10/dist-packages/driver/driver_s__rosidl_typesupport_introspection_c.cpython-310-x86_64-linux-gnu.so
[0.967s] -- Installing: /home/user/qiaoyin/install/driver/local/lib/python3.10/dist-packages/driver/driver_s__rosidl_typesupport_c.cpython-310-x86_64-linux-gnu.so
[0.967s] -- Installing: /home/user/qiaoyin/install/driver/local/lib/python3.10/dist-packages/driver/srv
[0.967s] -- Installing: /home/user/qiaoyin/install/driver/local/lib/python3.10/dist-packages/driver/srv/__init__.py
[0.967s] -- Installing: /home/user/qiaoyin/install/driver/local/lib/python3.10/dist-packages/driver/srv/_arm_set_joints.py
[0.967s] -- Installing: /home/user/qiaoyin/install/driver/local/lib/python3.10/dist-packages/driver/srv/_arm_set_cart.py
[0.967s] -- Installing: /home/user/qiaoyin/install/driver/local/lib/python3.10/dist-packages/driver/srv/_arm_set_cart_s.c
[0.967s] -- Installing: /home/user/qiaoyin/install/driver/local/lib/python3.10/dist-packages/driver/srv/_arm_set_joints_s.c
[0.967s] -- Installing: /home/user/qiaoyin/install/driver/local/lib/python3.10/dist-packages/driver/_driver_s.ep.rosidl_typesupport_c.c
[0.967s] -- Installing: /home/user/qiaoyin/install/driver/local/lib/python3.10/dist-packages/driver/__init__.py
[0.967s] -- Installing: /home/user/qiaoyin/install/driver/local/lib/python3.10/dist-packages/driver/_driver_s.ep.rosidl_typesupport_introspection_c.c
[0.967s] -- Installing: /home/user/qiaoyin/install/driver/local/lib/python3.10/dist-packages/driver/driver_s__rosidl_typesupport_fastrtps_c.cpython-310-x86_64-linux-gnu.so
[0.967s] -- Installing: /home/user/qiaoyin/install/driver/local/lib/python3.10/dist-packages/driver/libdriver__rosidl_generator_py.so
[0.967s] -- Installing: /home/user/qiaoyin/install/driver/local/lib/python3.10/dist-packages/driver/msg
[0.967s] -- Installing: /home/user/qiaoyin/install/driver/local/lib/python3.10/dist-packages/driver/msg/_arm_info_s.c
[0.967s] -- Installing: /home/user/qiaoyin/install/driver/local/lib/python3.10/dist-packages/driver/msg/_agv_info.py
[0.967s] -- Installing: /home/user/qiaoyin/install/driver/local/lib/python3.10/dist-packages/driver/msg/__init__.py
[0.967s] -- Installing: /home/user/qiaoyin/install/driver/local/lib/python3.10/dist-packages/driver/msg/_gripper_info_s.c
[0.967s] -- Installing: /home/user/qiaoyin/install/driver/local/lib/python3.10/dist-packages/driver/msg/_arm_info.py
[0.968s] -- Installing: /home/user/qiaoyin/install/driver/local/lib/python3.10/dist-packages/driver/msg/_agv_info_s.c
[0.968s] -- Installing: /home/user/qiaoyin/install/driver/local/lib/python3.10/dist-packages/driver/msg/_gripper_info.py
[0.968s] -- Installing: /home/user/qiaoyin/install/driver/local/lib/python3.10/dist-packages/driver/_driver_s.ep.rosidl_typesupport_fastrtps_c.c
[0.994s] Listing '/home/user/qiaoyin/install/driver/local/lib/python3.10/dist-packages/driver'...
[0.994s] Compiling '/home/user/qiaoyin/install/driver/local/lib/python3.10/dist-packages/driver/__init__.py'...
[0.994s] Listing '/home/user/qiaoyin/install/driver/local/lib/python3.10/dist-packages/driver/msg'...
[0.994s] Compiling '/home/user/qiaoyin/install/driver/local/lib/python3.10/dist-packages/driver/msg/__init__.py'...
[0.994s] Compiling '/home/user/qiaoyin/install/driver/local/lib/python3.10/dist-packages/driver/msg/_agv_info.py'...
[0.995s] Compiling '/home/user/qiaoyin/install/driver/local/lib/python3.10/dist-packages/driver/msg/_arm_info.py'...
[0.995s] Compiling '/home/user/qiaoyin/install/driver/local/lib/python3.10/dist-packages/driver/msg/_gripper_info.py'...
[0.995s] Listing '/home/user/qiaoyin/install/driver/local/lib/python3.10/dist-packages/driver/srv'...
[0.995s] Compiling '/home/user/qiaoyin/install/driver/local/lib/python3.10/dist-packages/driver/srv/__init__.py'...
[0.995s] Compiling '/home/user/qiaoyin/install/driver/local/lib/python3.10/dist-packages/driver/srv/_arm_set_cart.py'...
[0.995s] Compiling '/home/user/qiaoyin/install/driver/local/lib/python3.10/dist-packages/driver/srv/_arm_set_joints.py'...
[0.997s] -- Installing: /home/user/qiaoyin/install/driver/local/lib/python3.10/dist-packages/driver/driver_s__rosidl_typesupport_fastrtps_c.cpython-310-x86_64-linux-gnu.so
[0.997s] -- Set runtime path of "/home/user/qiaoyin/install/driver/local/lib/python3.10/dist-packages/driver/driver_s__rosidl_typesupport_fastrtps_c.cpython-310-x86_64-linux-gnu.so" to ""
[0.997s] -- Installing: /home/user/qiaoyin/install/driver/local/lib/python3.10/dist-packages/driver/driver_s__rosidl_typesupport_introspection_c.cpython-310-x86_64-linux-gnu.so
[0.998s] -- Set runtime path of "/home/user/qiaoyin/install/driver/local/lib/python3.10/dist-packages/driver/driver_s__rosidl_typesupport_introspection_c.cpython-310-x86_64-linux-gnu.so" to ""
[0.998s] -- Installing: /home/user/qiaoyin/install/driver/local/lib/python3.10/dist-packages/driver/driver_s__rosidl_typesupport_c.cpython-310-x86_64-linux-gnu.so
[0.998s] -- Set runtime path of "/home/user/qiaoyin/install/driver/local/lib/python3.10/dist-packages/driver/driver_s__rosidl_typesupport_c.cpython-310-x86_64-linux-gnu.so" to ""
[0.998s] -- Installing: /home/user/qiaoyin/install/driver/lib/libdriver__rosidl_generator_py.so
[0.998s] -- Set runtime path of "/home/user/qiaoyin/install/driver/lib/libdriver__rosidl_generator_py.so" to ""
[0.998s] -- Installing: /home/user/qiaoyin/install/driver/share/driver/srv/ArmSetCart.idl
[0.998s] -- Installing: /home/user/qiaoyin/install/driver/share/driver/srv/ArmSetJoints.idl
[0.998s] -- Installing: /home/user/qiaoyin/install/driver/share/driver/msg/AgvInfo.idl
[0.998s] -- Installing: /home/user/qiaoyin/install/driver/share/driver/msg/ArmInfo.idl
[0.998s] -- Installing: /home/user/qiaoyin/install/driver/share/driver/msg/GripperInfo.idl
[0.998s] -- Installing: /home/user/qiaoyin/install/driver/share/driver/srv/ArmSetCart.srv
[0.998s] -- Installing: /home/user/qiaoyin/install/driver/share/driver/srv/ArmSetCart_Request.msg
[0.998s] -- Installing: /home/user/qiaoyin/install/driver/share/driver/srv/ArmSetCart_Response.msg
[0.998s] -- Installing: /home/user/qiaoyin/install/driver/share/driver/srv/ArmSetJoints.srv
[0.998s] -- Installing: /home/user/qiaoyin/install/driver/share/driver/srv/ArmSetJoints_Request.msg
[0.998s] -- Installing: /home/user/qiaoyin/install/driver/share/driver/srv/ArmSetJoints_Response.msg
[0.998s] -- Installing: /home/user/qiaoyin/install/driver/share/driver/msg/AgvInfo.msg
[0.998s] -- Installing: /home/user/qiaoyin/install/driver/share/driver/msg/ArmInfo.msg
[0.998s] -- Installing: /home/user/qiaoyin/install/driver/share/driver/msg/GripperInfo.msg
[0.998s] -- Installing: /home/user/qiaoyin/install/driver/lib/driver/arm_driver_node
[0.999s] -- Set runtime path of "/home/user/qiaoyin/install/driver/lib/driver/arm_driver_node" to ""
[0.999s] -- Installing: /home/user/qiaoyin/install/driver/share/ament_index/resource_index/package_run_dependencies/driver
[0.999s] -- Up-to-date: /home/user/qiaoyin/install/driver/share/ament_index/resource_index/parent_prefix_path/driver
[0.999s] -- Up-to-date: /home/user/qiaoyin/install/driver/share/driver/environment/ament_prefix_path.sh
[0.999s] -- Installing: /home/user/qiaoyin/install/driver/share/driver/environment/ament_prefix_path.dsv
[0.999s] -- Up-to-date: /home/user/qiaoyin/install/driver/share/driver/environment/path.sh
[0.999s] -- Installing: /home/user/qiaoyin/install/driver/share/driver/environment/path.dsv
[0.999s] -- Up-to-date: /home/user/qiaoyin/install/driver/share/driver/local_setup.bash
[0.999s] -- Installing: /home/user/qiaoyin/install/driver/share/driver/local_setup.sh
[0.999s] -- Up-to-date: /home/user/qiaoyin/install/driver/share/driver/local_setup.zsh
[0.999s] -- Installing: /home/user/qiaoyin/install/driver/share/driver/local_setup.dsv
[0.999s] -- Installing: /home/user/qiaoyin/install/driver/share/driver/package.dsv
[0.999s] -- Up-to-date: /home/user/qiaoyin/install/driver/share/ament_index/resource_index/packages/driver
[0.999s] -- Installing: /home/user/qiaoyin/install/driver/share/driver/cmake/export_driver__rosidl_generator_cExport.cmake
[1.000s] -- Installing: /home/user/qiaoyin/install/driver/share/driver/cmake/export_driver__rosidl_generator_cExport-noconfig.cmake
[1.000s] -- Installing: /home/user/qiaoyin/install/driver/share/driver/cmake/export_driver__rosidl_typesupport_fastrtps_cExport.cmake
[1.000s] -- Installing: /home/user/qiaoyin/install/driver/share/driver/cmake/export_driver__rosidl_typesupport_fastrtps_cExport-noconfig.cmake
[1.000s] -- Installing: /home/user/qiaoyin/install/driver/share/driver/cmake/export_driver__rosidl_generator_cppExport.cmake
[1.000s] -- Installing: /home/user/qiaoyin/install/driver/share/driver/cmake/export_driver__rosidl_typesupport_fastrtps_cppExport.cmake
[1.000s] -- Installing: /home/user/qiaoyin/install/driver/share/driver/cmake/export_driver__rosidl_typesupport_fastrtps_cppExport-noconfig.cmake
[1.000s] -- Installing: /home/user/qiaoyin/install/driver/share/driver/cmake/driver__rosidl_typesupport_introspection_cExport.cmake
[1.000s] -- Installing: /home/user/qiaoyin/install/driver/share/driver/cmake/driver__rosidl_typesupport_introspection_cExport-noconfig.cmake
[1.000s] -- Installing: /home/user/qiaoyin/install/driver/share/driver/cmake/driver__rosidl_typesupport_cExport.cmake
[1.000s] -- Installing: /home/user/qiaoyin/install/driver/share/driver/cmake/driver__rosidl_typesupport_cExport-noconfig.cmake
[1.000s] -- Installing: /home/user/qiaoyin/install/driver/share/driver/cmake/driver__rosidl_typesupport_introspection_cppExport.cmake
[1.000s] -- Installing: /home/user/qiaoyin/install/driver/share/driver/cmake/driver__rosidl_typesupport_introspection_cppExport-noconfig.cmake
[1.000s] -- Installing: /home/user/qiaoyin/install/driver/share/driver/cmake/driver__rosidl_typesupport_cppExport.cmake
[1.000s] -- Installing: /home/user/qiaoyin/install/driver/share/driver/cmake/driver__rosidl_typesupport_cppExport-noconfig.cmake
[1.000s] -- Installing: /home/user/qiaoyin/install/driver/share/driver/cmake/export_driver__rosidl_generator_pyExport.cmake
[1.000s] -- Installing: /home/user/qiaoyin/install/driver/share/driver/cmake/export_driver__rosidl_generator_pyExport-noconfig.cmake
[1.000s] -- Installing: /home/user/qiaoyin/install/driver/share/driver/cmake/rosidl_cmake-extras.cmake
[1.000s] -- Installing: /home/user/qiaoyin/install/driver/share/driver/cmake/ament_cmake_export_include_directories-extras.cmake
[1.000s] -- Installing: /home/user/qiaoyin/install/driver/share/driver/cmake/ament_cmake_export_libraries-extras.cmake
[1.000s] -- Installing: /home/user/qiaoyin/install/driver/share/driver/cmake/ament_cmake_export_targets-extras.cmake
[1.000s] -- Installing: /home/user/qiaoyin/install/driver/share/driver/cmake/rosidl_cmake_export_typesupport_targets-extras.cmake
[1.000s] -- Installing: /home/user/qiaoyin/install/driver/share/driver/cmake/ament_cmake_export_dependencies-extras.cmake
[1.000s] -- Installing: /home/user/qiaoyin/install/driver/share/driver/cmake/rosidl_cmake_export_typesupport_libraries-extras.cmake
[1.001s] -- Installing: /home/user/qiaoyin/install/driver/share/driver/cmake/driverConfig.cmake
[1.001s] -- Up-to-date: /home/user/qiaoyin/install/driver/share/driver/cmake/driverConfig-version.cmake
[1.001s] -- Installing: /home/user/qiaoyin/install/driver/share/driver/package.xml
[1.002s] Invoked command in '/home/user/qiaoyin/build/driver' returned '0': CMAKE_PREFIX_PATH=/opt/ros/humble /usr/bin/cmake --install /home/user/qiaoyin/build/driver
