[0.009s] Invoking command in '/home/user/qiaoyin/build/driver': CMAKE_PREFIX_PATH=/opt/ros/humble /usr/bin/cmake --build /home/user/qiaoyin/build/driver -- -j24 -l24
[0.026s] -- Found ament_cmake: 1.3.11 (/opt/ros/humble/share/ament_cmake/cmake)
[0.108s] -- Found rclcpp: 16.0.12 (/opt/ros/humble/share/rclcpp/cmake)
[0.126s] -- Found rosidl_generator_c: 3.1.6 (/opt/ros/humble/share/rosidl_generator_c/cmake)
[0.128s] -- Found rosidl_adapter: 3.1.6 (/opt/ros/humble/share/rosidl_adapter/cmake)
[0.131s] -- Found rosidl_generator_cpp: 3.1.6 (/opt/ros/humble/share/rosidl_generator_cpp/cmake)
[0.138s] -- Using all available rosidl_typesupport_c: rosidl_typesupport_fastrtps_c;rosidl_typesupport_introspection_c
[0.145s] -- Using all available rosidl_typesupport_cpp: rosidl_typesupport_fastrtps_cpp;rosidl_typesupport_introspection_cpp
[0.165s] -- Found rmw_implementation_cmake: 6.1.2 (/opt/ros/humble/share/rmw_implementation_cmake/cmake)
[0.166s] -- Found rmw_fastrtps_cpp: 6.2.7 (/opt/ros/humble/share/rmw_fastrtps_cpp/cmake)
[0.225s] -- Using RMW implementation 'rmw_fastrtps_cpp' as default
[0.254s] -- Found rosidl_default_generators: 1.2.0 (/opt/ros/humble/share/rosidl_default_generators/cmake)
[0.427s] -- Found ament_cmake_ros: 0.10.0 (/opt/ros/humble/share/ament_cmake_ros/cmake)
[0.618s] -- Using all available rosidl_typesupport_c: rosidl_typesupport_fastrtps_c;rosidl_typesupport_introspection_c
[0.695s] -- Using all available rosidl_typesupport_cpp: rosidl_typesupport_fastrtps_cpp;rosidl_typesupport_introspection_cpp
[0.710s] -- Found python_cmake_module: 0.10.0 (/opt/ros/humble/share/python_cmake_module/cmake)
[0.725s] -- Using PYTHON_EXECUTABLE: /usr/bin/python3
[0.725s] -- Using PYTHON_INCLUDE_DIRS: /usr/include/python3.10
[0.725s] -- Using PYTHON_LIBRARIES: /usr/lib/x86_64-linux-gnu/libpython3.10.so
[0.733s] -- Found ament_lint_auto: 0.12.12 (/opt/ros/humble/share/ament_lint_auto/cmake)
[0.738s] -- Added test 'cppcheck' to perform static code analysis on C / C++ code
[0.739s] -- Configured cppcheck include dirs: /home/user/qiaoyin/src/driver/include;/home/user/qiaoyin/src/driver/include/driver;/home/user/qiaoyin/src/driver/src
[0.739s] -- Configured cppcheck exclude dirs and/or files: 
[0.739s] -- Added test 'lint_cmake' to check CMake code style
[0.740s] -- Added test 'uncrustify' to check C / C++ code style
[0.740s] -- Configured uncrustify additional arguments: 
[0.740s] -- Added test 'xmllint' to check XML markup files
[0.741s] -- Configuring done
[0.763s] -- Generating done
[0.770s] -- Build files have been written to: /home/user/qiaoyin/build/driver
[0.788s] [35m[1mConsolidate compiler generated dependencies of target driver__rosidl_generator_c[0m
[0.794s] [  1%] Built target driver__cpp
[0.797s] [ 11%] Built target driver__rosidl_generator_c
[0.802s] [35m[1mConsolidate compiler generated dependencies of target driver__rosidl_typesupport_cpp[0m
[0.802s] [35m[1mConsolidate compiler generated dependencies of target driver__rosidl_typesupport_introspection_cpp[0m
[0.804s] [35m[1mConsolidate compiler generated dependencies of target driver__rosidl_typesupport_c[0m
[0.804s] [ 11%] Built target ament_cmake_python_copy_driver
[0.805s] [35m[1mConsolidate compiler generated dependencies of target driver__rosidl_typesupport_fastrtps_cpp[0m
[0.805s] [35m[1mConsolidate compiler generated dependencies of target driver__rosidl_typesupport_fastrtps_c[0m
[0.807s] [35m[1mConsolidate compiler generated dependencies of target driver__rosidl_typesupport_introspection_c[0m
[0.810s] [ 22%] Built target driver__rosidl_typesupport_cpp
[0.811s] [ 32%] Built target driver__rosidl_typesupport_introspection_cpp
[0.812s] [ 43%] Built target driver__rosidl_typesupport_c
[0.816s] [ 61%] Built target driver__rosidl_typesupport_introspection_c
[0.817s] [ 64%] Built target driver__rosidl_typesupport_fastrtps_c
[0.818s] [ 74%] Built target driver__rosidl_typesupport_fastrtps_cpp
[0.819s] [35m[1mConsolidate compiler generated dependencies of target arm_driver_node[0m
[0.832s] [ 76%] Built target driver
[0.832s] [ 76%] [32mBuilding CXX object CMakeFiles/arm_driver_node.dir/src/arm_driver_node.cpp.o[0m
[0.832s] [ 77%] [32mBuilding CXX object CMakeFiles/arm_driver_node.dir/src/jaka.cpp.o[0m
[0.832s] [ 79%] [32mBuilding CXX object CMakeFiles/arm_driver_node.dir/src/main.cpp.o[0m
[0.846s] [ 80%] Built target driver__py
[0.853s] [35m[1mConsolidate compiler generated dependencies of target driver__rosidl_generator_py[0m
[0.864s] [ 89%] Built target driver__rosidl_generator_py
[0.872s] [35m[1mConsolidate compiler generated dependencies of target driver__rosidl_typesupport_c__pyext[0m
[0.872s] [35m[1mConsolidate compiler generated dependencies of target driver__rosidl_typesupport_introspection_c__pyext[0m
[0.873s] [35m[1mConsolidate compiler generated dependencies of target driver__rosidl_typesupport_fastrtps_c__pyext[0m
[0.882s] [ 92%] Built target driver__rosidl_typesupport_introspection_c__pyext
[0.882s] [ 95%] Built target driver__rosidl_typesupport_c__pyext
[0.882s] [ 98%] Built target driver__rosidl_typesupport_fastrtps_c__pyext
[0.957s] running egg_info
[0.957s] writing driver.egg-info/PKG-INFO
[0.957s] writing dependency_links to driver.egg-info/dependency_links.txt
[0.957s] writing top-level names to driver.egg-info/top_level.txt
[0.959s] reading manifest file 'driver.egg-info/SOURCES.txt'
[0.959s] writing manifest file 'driver.egg-info/SOURCES.txt'
[0.976s] [ 98%] Built target ament_cmake_python_build_driver_egg
[2.230s] [01m[K/home/user/qiaoyin/src/driver/src/arm_driver_node.cpp:[m[K In member function ‘[01m[Kvoid ArmDriverNode::handle_arm_set_joints(std::shared_ptr<driver::srv::ArmSetJoints_Request_<std::allocator<void> > >, std::shared_ptr<driver::srv::ArmSetJoints_Response_<std::allocator<void> > >)[m[K’:
[2.230s] [01m[K/home/user/qiaoyin/src/driver/src/arm_driver_node.cpp:64:43:[m[K [01;31m[Kerror: [m[K‘[01m[Kusing element_type = struct driver::srv::ArmSetJoints_Request_<std::allocator<void> >[m[K’ {aka ‘[01m[Kstruct driver::srv::ArmSetJoints_Request_<std::allocator<void> >[m[K’} has no member named ‘[01m[Kleft_jpos[m[K’
[2.230s]    64 |     bool result = jaka_.setJoint(request->[01;31m[Kleft_jpos[m[K, request->right_jpos);
[2.230s]       |                                           [01;31m[K^~~~~~~~~[m[K
[2.230s] [01m[K/home/user/qiaoyin/src/driver/src/arm_driver_node.cpp:64:63:[m[K [01;31m[Kerror: [m[K‘[01m[Kusing element_type = struct driver::srv::ArmSetJoints_Request_<std::allocator<void> >[m[K’ {aka ‘[01m[Kstruct driver::srv::ArmSetJoints_Request_<std::allocator<void> >[m[K’} has no member named ‘[01m[Kright_jpos[m[K’
[2.230s]    64 |     bool result = jaka_.setJoint(request->left_jpos, request->[01;31m[Kright_jpos[m[K);
[2.230s]       |                                                               [01;31m[K^~~~~~~~~~[m[K
[2.230s] [01m[K/home/user/qiaoyin/src/driver/src/arm_driver_node.cpp:[m[K In member function ‘[01m[Kvoid ArmDriverNode::handle_arm_set_cart(std::shared_ptr<driver::srv::ArmSetCart_Request_<std::allocator<void> > >, std::shared_ptr<driver::srv::ArmSetCart_Response_<std::allocator<void> > >)[m[K’:
[2.230s] [01m[K/home/user/qiaoyin/src/driver/src/arm_driver_node.cpp:76:47:[m[K [01;31m[Kerror: [m[K‘[01m[Kusing element_type = struct driver::srv::ArmSetCart_Request_<std::allocator<void> >[m[K’ {aka ‘[01m[Kstruct driver::srv::ArmSetCart_Request_<std::allocator<void> >[m[K’} has no member named ‘[01m[Kleft_cpos[m[K’
[2.230s]    76 |     bool result = jaka_.setCartesian(request->[01;31m[Kleft_cpos[m[K, request->right_cpos);
[2.230s]       |                                               [01;31m[K^~~~~~~~~[m[K
[2.231s] [01m[K/home/user/qiaoyin/src/driver/src/arm_driver_node.cpp:76:67:[m[K [01;31m[Kerror: [m[K‘[01m[Kusing element_type = struct driver::srv::ArmSetCart_Request_<std::allocator<void> >[m[K’ {aka ‘[01m[Kstruct driver::srv::ArmSetCart_Request_<std::allocator<void> >[m[K’} has no member named ‘[01m[Kright_cpos[m[K’
[2.231s]    76 |     bool result = jaka_.setCartesian(request->left_cpos, request->[01;31m[Kright_cpos[m[K);
[2.231s]       |                                                                   [01;31m[K^~~~~~~~~~[m[K
[2.912s] gmake[2]: *** [CMakeFiles/arm_driver_node.dir/build.make:76：CMakeFiles/arm_driver_node.dir/src/arm_driver_node.cpp.o] 错误 1
[2.912s] gmake[1]: *** [CMakeFiles/Makefile2:593：CMakeFiles/arm_driver_node.dir/all] 错误 2
[2.912s] gmake: *** [Makefile:146：all] 错误 2
[2.914s] Invoked command in '/home/user/qiaoyin/build/driver' returned '2': CMAKE_PREFIX_PATH=/opt/ros/humble /usr/bin/cmake --build /home/user/qiaoyin/build/driver -- -j24 -l24
