[0.012s] Invoking command in '/home/user/qiaoyin/build/wheelloong_utillity': CMAKE_PREFIX_PATH=/opt/ros/humble /usr/bin/cmake --build /home/user/qiaoyin/build/wheelloong_utillity -- -j24 -l24
[0.019s] -- Found ament_cmake: 1.3.11 (/opt/ros/humble/share/ament_cmake/cmake)
[0.100s] -- Found rclcpp: 16.0.11 (/opt/ros/humble/share/rclcpp/cmake)
[0.128s] -- Found rosidl_generator_c: 3.1.6 (/opt/ros/humble/share/rosidl_generator_c/cmake)
[0.132s] -- Found rosidl_adapter: 3.1.6 (/opt/ros/humble/share/rosidl_adapter/cmake)
[0.138s] -- Found rosidl_generator_cpp: 3.1.6 (/opt/ros/humble/share/rosidl_generator_cpp/cmake)
[0.148s] -- Using all available rosidl_typesupport_c: rosidl_typesupport_fastrtps_c;rosidl_typesupport_introspection_c
[0.159s] -- Using all available rosidl_typesupport_cpp: rosidl_typesupport_fastrtps_cpp;rosidl_typesupport_introspection_cpp
[0.189s] -- Found rmw_implementation_cmake: 6.1.2 (/opt/ros/humble/share/rmw_implementation_cmake/cmake)
[0.190s] -- Found rmw_fastrtps_cpp: 6.2.7 (/opt/ros/humble/share/rmw_fastrtps_cpp/cmake)
[0.247s] -- Found OpenSSL: /usr/lib/x86_64-linux-gnu/libcrypto.so (found version "3.0.2")  
[0.262s] -- Found FastRTPS: /opt/ros/humble/include  
[0.289s] -- Using RMW implementation 'rmw_fastrtps_cpp' as default
[0.295s] -- Looking for pthread.h
[0.343s] -- Looking for pthread.h - found
[0.343s] -- Performing Test CMAKE_HAVE_LIBC_PTHREAD
[0.391s] -- Performing Test CMAKE_HAVE_LIBC_PTHREAD - Success
[0.391s] -- Found Threads: TRUE  
[0.434s] [31mCMake Error at CMakeLists.txt:16 (find_package):
[0.434s]   By not providing "Findament_lint_auto.cmake" in CMAKE_MODULE_PATH this
[0.435s]   project has asked CMake to find a package configuration file provided by
[0.435s]   "ament_lint_auto", but CMake did not find one.
[0.435s] 
[0.435s]   Could not find a package configuration file provided by "ament_lint_auto"
[0.435s]   with any of the following names:
[0.435s] 
[0.435s]     ament_lint_autoConfig.cmake
[0.435s]     ament_lint_auto-config.cmake
[0.435s] 
[0.435s]   Add the installation prefix of "ament_lint_auto" to CMAKE_PREFIX_PATH or
[0.435s]   set "ament_lint_auto_DIR" to a directory containing one of the above files.
[0.435s]   If "ament_lint_auto" provides a separate development package or SDK, be
[0.435s]   sure it has been installed.
[0.435s] 
[0.435s] [0m
[0.435s] -- Configuring incomplete, errors occurred!
[0.435s] See also "/home/user/qiaoyin/build/wheelloong_utillity/CMakeFiles/CMakeOutput.log".
[0.438s] gmake: *** [Makefile:226：cmake_check_build_system] 错误 1
[0.440s] Invoked command in '/home/user/qiaoyin/build/wheelloong_utillity' returned '2': CMAKE_PREFIX_PATH=/opt/ros/humble /usr/bin/cmake --build /home/user/qiaoyin/build/wheelloong_utillity -- -j24 -l24
