[01m[K/home/user/qiaoyin/src/driver/src/jaka.cpp:[m[K In constructor ‘[01m[KJAKA::JAKA()[m[K’:
[01m[K/home/user/qiaoyin/src/driver/src/jaka.cpp:7:90:[m[K [01;35m[Kwarning: [m[K‘[01m[Kret[m[K’ may be used uninitialized [[01;35m[K]8;;https://gcc.gnu.org/onlinedocs/gcc/Warning-Options.html#index-Wmaybe-uninitialized-Wmaybe-uninitialized]8;;[m[K]
    7 |     std::cout << "==================================================================" << [01;35m[Kret[m[K << std::endl;
      |                                                                                          [01;35m[K^~~[m[K
[01m[K/home/user/qiaoyin/src/driver/src/arm_driver_node.cpp:[m[K In destructor ‘[01m[Kvirtual ArmDriverNode::~ArmDriverNode()[m[K’:
[01m[K/home/user/qiaoyin/src/driver/src/arm_driver_node.cpp:18:12:[m[K [01;31m[Kerror: [m[Ktype ‘[01m[Kclass JAKA[m[K’ argument given to ‘[01m[Kdelete[m[K’, expected pointer
   18 |     delete [01;31m[Kjaka_[m[K;
      |            [01;31m[K^~~~~[m[K
[01m[K/home/user/qiaoyin/src/driver/src/arm_driver_node.cpp:[m[K In member function ‘[01m[Kvoid ArmDriverNode::publish_arm_info_callback()[m[K’:
[01m[K/home/user/qiaoyin/src/driver/src/arm_driver_node.cpp:31:9:[m[K [01;31m[Kerror: [m[K‘[01m[Kusing ArmInfo = struct driver::msg::ArmInfo_<std::allocator<void> >[m[K’ {aka ‘[01m[Kstruct driver::msg::ArmInfo_<std::allocator<void> >[m[K’} has no member named ‘[01m[Kheader[m[K’
   31 |     msg.[01;31m[Kheader[m[K.stamp = this->get_clock()->now();
      |         [01;31m[K^~~~~~[m[K
[01m[K/home/user/qiaoyin/src/driver/src/arm_driver_node.cpp:32:9:[m[K [01;31m[Kerror: [m[K‘[01m[Kusing ArmInfo = struct driver::msg::ArmInfo_<std::allocator<void> >[m[K’ {aka ‘[01m[Kstruct driver::msg::ArmInfo_<std::allocator<void> >[m[K’} has no member named ‘[01m[Kheader[m[K’
   32 |     msg.[01;31m[Kheader[m[K.frame_id = "base_link";
      |         [01;31m[K^~~~~~[m[K
[01m[K/home/user/qiaoyin/src/driver/src/arm_driver_node.cpp:43:29:[m[K [01;31m[Kerror: [m[K‘[01m[Kusing _left_arm_joints_type = struct std::array<double, 7>[m[K’ {aka ‘[01m[Kstruct std::array<double, 7>[m[K’} has no member named ‘[01m[Kassign[m[K’
   43 |         msg.left_arm_joints.[01;31m[Kassign[m[K(joint_values.begin(), joint_values.begin() + 7);
      |                             [01;31m[K^~~~~~[m[K
[01m[K/home/user/qiaoyin/src/driver/src/arm_driver_node.cpp:44:30:[m[K [01;31m[Kerror: [m[K‘[01m[Kusing _right_arm_joints_type = struct std::array<double, 7>[m[K’ {aka ‘[01m[Kstruct std::array<double, 7>[m[K’} has no member named ‘[01m[Kassign[m[K’
   44 |         msg.right_arm_joints.[01;31m[Kassign[m[K(joint_values.begin() + 7, joint_values.end());
      |                              [01;31m[K^~~~~~[m[K
In file included from [01m[K/opt/ros/humble/include/rclcpp/rclcpp/logging.hpp:24[m[K,
                 from [01m[K/opt/ros/humble/include/rclcpp/rclcpp/client.hpp:40[m[K,
                 from [01m[K/opt/ros/humble/include/rclcpp/rclcpp/callback_group.hpp:24[m[K,
                 from [01m[K/opt/ros/humble/include/rclcpp/rclcpp/any_executable.hpp:20[m[K,
                 from [01m[K/opt/ros/humble/include/rclcpp/rclcpp/memory_strategy.hpp:25[m[K,
                 from [01m[K/opt/ros/humble/include/rclcpp/rclcpp/memory_strategies.hpp:18[m[K,
                 from [01m[K/opt/ros/humble/include/rclcpp/rclcpp/executor_options.hpp:20[m[K,
                 from [01m[K/opt/ros/humble/include/rclcpp/rclcpp/executor.hpp:37[m[K,
                 from [01m[K/opt/ros/humble/include/rclcpp/rclcpp/executors/multi_threaded_executor.hpp:25[m[K,
                 from [01m[K/opt/ros/humble/include/rclcpp/rclcpp/executors.hpp:21[m[K,
                 from [01m[K/opt/ros/humble/include/rclcpp/rclcpp/rclcpp.hpp:155[m[K,
                 from [01m[K/home/user/qiaoyin/src/driver/src/arm_driver_node.h:5[m[K,
                 from [01m[K/home/user/qiaoyin/src/driver/src/arm_driver_node.cpp:1[m[K:
[01m[K/home/user/qiaoyin/src/driver/src/arm_driver_node.cpp:46:41:[m[K [01;35m[Kwarning: [m[Kformat ‘[01m[K%d[m[K’ expects argument of type ‘[01m[Kint[m[K’, but argument 5 has type ‘[01m[Kstd::vector<float>::size_type[m[K’ {aka ‘[01m[Klong unsigned int[m[K’} [[01;35m[K]8;;https://gcc.gnu.org/onlinedocs/gcc/Warning-Options.html#index-Wformat=-Wformat=]8;;[m[K]
   46 |         RCLCPP_WARN(this->get_logger(), [01;35m[K"Invalid joint data size: %d"[m[K, [32m[Kjoint_values.size()[m[K);
      |                                         [01;35m[K^~~~~~~~~~~~~~~~~~~~~~~~~~~~~[m[K  [32m[K~~~~~~~~~~~~~~~~~~~[m[K
      |                                                                                         [32m[K|[m[K
      |                                                                                         [32m[Kstd::vector<float>::size_type {aka long unsigned int}[m[K
[01m[K/home/user/qiaoyin/src/driver/src/arm_driver_node.cpp:46:68:[m[K [01;36m[Knote: [m[Kformat string is defined here
   46 |         RCLCPP_WARN(this->get_logger(), "Invalid joint data size: [01;36m[K%d[m[K", joint_values.size());
      |                                                                   [01;36m[K~^[m[K
      |                                                                    [01;36m[K|[m[K
      |                                                                    [01;36m[Kint[m[K
      |                                                                   [32m[K%ld[m[K
[01m[K/home/user/qiaoyin/src/driver/src/arm_driver_node.cpp:54:23:[m[K [01;31m[Kerror: [m[K‘[01m[KCartesianPose JAKA::curCart [2][m[K’ is private within this context
   54 |                 jaka_.[01;31m[KcurCart[m[K[i].tran.x,
      |                       [01;31m[K^~~~~~~[m[K
In file included from [01m[K/home/user/qiaoyin/src/driver/src/arm_driver_node.h:3[m[K,
                 from [01m[K/home/user/qiaoyin/src/driver/src/arm_driver_node.cpp:1[m[K:
[01m[K/home/user/qiaoyin/src/driver/src/jaka.h:36:19:[m[K [01;36m[Knote: [m[Kdeclared private here
   36 |     CartesianPose [01;36m[KcurCart[m[K[2];
      |                   [01;36m[K^~~~~~~[m[K
[01m[K/home/user/qiaoyin/src/driver/src/arm_driver_node.cpp:55:23:[m[K [01;31m[Kerror: [m[K‘[01m[KCartesianPose JAKA::curCart [2][m[K’ is private within this context
   55 |                 jaka_.[01;31m[KcurCart[m[K[i].tran.y,
      |                       [01;31m[K^~~~~~~[m[K
In file included from [01m[K/home/user/qiaoyin/src/driver/src/arm_driver_node.h:3[m[K,
                 from [01m[K/home/user/qiaoyin/src/driver/src/arm_driver_node.cpp:1[m[K:
[01m[K/home/user/qiaoyin/src/driver/src/jaka.h:36:19:[m[K [01;36m[Knote: [m[Kdeclared private here
   36 |     CartesianPose [01;36m[KcurCart[m[K[2];
      |                   [01;36m[K^~~~~~~[m[K
[01m[K/home/user/qiaoyin/src/driver/src/arm_driver_node.cpp:56:23:[m[K [01;31m[Kerror: [m[K‘[01m[KCartesianPose JAKA::curCart [2][m[K’ is private within this context
   56 |                 jaka_.[01;31m[KcurCart[m[K[i].tran.z,
      |                       [01;31m[K^~~~~~~[m[K
In file included from [01m[K/home/user/qiaoyin/src/driver/src/arm_driver_node.h:3[m[K,
                 from [01m[K/home/user/qiaoyin/src/driver/src/arm_driver_node.cpp:1[m[K:
[01m[K/home/user/qiaoyin/src/driver/src/jaka.h:36:19:[m[K [01;36m[Knote: [m[Kdeclared private here
   36 |     CartesianPose [01;36m[KcurCart[m[K[2];
      |                   [01;36m[K^~~~~~~[m[K
[01m[K/home/user/qiaoyin/src/driver/src/arm_driver_node.cpp:57:23:[m[K [01;31m[Kerror: [m[K‘[01m[KCartesianPose JAKA::curCart [2][m[K’ is private within this context
   57 |                 jaka_.[01;31m[KcurCart[m[K[i].rpy.rx,
      |                       [01;31m[K^~~~~~~[m[K
In file included from [01m[K/home/user/qiaoyin/src/driver/src/arm_driver_node.h:3[m[K,
                 from [01m[K/home/user/qiaoyin/src/driver/src/arm_driver_node.cpp:1[m[K:
[01m[K/home/user/qiaoyin/src/driver/src/jaka.h:36:19:[m[K [01;36m[Knote: [m[Kdeclared private here
   36 |     CartesianPose [01;36m[KcurCart[m[K[2];
      |                   [01;36m[K^~~~~~~[m[K
[01m[K/home/user/qiaoyin/src/driver/src/arm_driver_node.cpp:58:23:[m[K [01;31m[Kerror: [m[K‘[01m[KCartesianPose JAKA::curCart [2][m[K’ is private within this context
   58 |                 jaka_.[01;31m[KcurCart[m[K[i].rpy.ry,
      |                       [01;31m[K^~~~~~~[m[K
In file included from [01m[K/home/user/qiaoyin/src/driver/src/arm_driver_node.h:3[m[K,
                 from [01m[K/home/user/qiaoyin/src/driver/src/arm_driver_node.cpp:1[m[K:
[01m[K/home/user/qiaoyin/src/driver/src/jaka.h:36:19:[m[K [01;36m[Knote: [m[Kdeclared private here
   36 |     CartesianPose [01;36m[KcurCart[m[K[2];
      |                   [01;36m[K^~~~~~~[m[K
[01m[K/home/user/qiaoyin/src/driver/src/arm_driver_node.cpp:59:23:[m[K [01;31m[Kerror: [m[K‘[01m[KCartesianPose JAKA::curCart [2][m[K’ is private within this context
   59 |                 jaka_.[01;31m[KcurCart[m[K[i].rpy.rz
      |                       [01;31m[K^~~~~~~[m[K
In file included from [01m[K/home/user/qiaoyin/src/driver/src/arm_driver_node.h:3[m[K,
                 from [01m[K/home/user/qiaoyin/src/driver/src/arm_driver_node.cpp:1[m[K:
[01m[K/home/user/qiaoyin/src/driver/src/jaka.h:36:19:[m[K [01;36m[Knote: [m[Kdeclared private here
   36 |     CartesianPose [01;36m[KcurCart[m[K[2];
      |                   [01;36m[K^~~~~~~[m[K
[01m[K/home/user/qiaoyin/src/driver/src/arm_driver_node.cpp:63:23:[m[K [01;31m[Kerror: [m[K‘[01m[KCartesianPose JAKA::curCart [2][m[K’ is private within this context
   63 |                 jaka_.[01;31m[KcurCart[m[K[i].tran.x,
      |                       [01;31m[K^~~~~~~[m[K
In file included from [01m[K/home/user/qiaoyin/src/driver/src/arm_driver_node.h:3[m[K,
                 from [01m[K/home/user/qiaoyin/src/driver/src/arm_driver_node.cpp:1[m[K:
[01m[K/home/user/qiaoyin/src/driver/src/jaka.h:36:19:[m[K [01;36m[Knote: [m[Kdeclared private here
   36 |     CartesianPose [01;36m[KcurCart[m[K[2];
      |                   [01;36m[K^~~~~~~[m[K
[01m[K/home/user/qiaoyin/src/driver/src/arm_driver_node.cpp:64:23:[m[K [01;31m[Kerror: [m[K‘[01m[KCartesianPose JAKA::curCart [2][m[K’ is private within this context
   64 |                 jaka_.[01;31m[KcurCart[m[K[i].tran.y,
      |                       [01;31m[K^~~~~~~[m[K
In file included from [01m[K/home/user/qiaoyin/src/driver/src/arm_driver_node.h:3[m[K,
                 from [01m[K/home/user/qiaoyin/src/driver/src/arm_driver_node.cpp:1[m[K:
[01m[K/home/user/qiaoyin/src/driver/src/jaka.h:36:19:[m[K [01;36m[Knote: [m[Kdeclared private here
   36 |     CartesianPose [01;36m[KcurCart[m[K[2];
      |                   [01;36m[K^~~~~~~[m[K
[01m[K/home/user/qiaoyin/src/driver/src/arm_driver_node.cpp:65:23:[m[K [01;31m[Kerror: [m[K‘[01m[KCartesianPose JAKA::curCart [2][m[K’ is private within this context
   65 |                 jaka_.[01;31m[KcurCart[m[K[i].tran.z,
      |                       [01;31m[K^~~~~~~[m[K
In file included from [01m[K/home/user/qiaoyin/src/driver/src/arm_driver_node.h:3[m[K,
                 from [01m[K/home/user/qiaoyin/src/driver/src/arm_driver_node.cpp:1[m[K:
[01m[K/home/user/qiaoyin/src/driver/src/jaka.h:36:19:[m[K [01;36m[Knote: [m[Kdeclared private here
   36 |     CartesianPose [01;36m[KcurCart[m[K[2];
      |                   [01;36m[K^~~~~~~[m[K
[01m[K/home/user/qiaoyin/src/driver/src/arm_driver_node.cpp:66:23:[m[K [01;31m[Kerror: [m[K‘[01m[KCartesianPose JAKA::curCart [2][m[K’ is private within this context
   66 |                 jaka_.[01;31m[KcurCart[m[K[i].rpy.rx,
      |                       [01;31m[K^~~~~~~[m[K
In file included from [01m[K/home/user/qiaoyin/src/driver/src/arm_driver_node.h:3[m[K,
                 from [01m[K/home/user/qiaoyin/src/driver/src/arm_driver_node.cpp:1[m[K:
[01m[K/home/user/qiaoyin/src/driver/src/jaka.h:36:19:[m[K [01;36m[Knote: [m[Kdeclared private here
   36 |     CartesianPose [01;36m[KcurCart[m[K[2];
      |                   [01;36m[K^~~~~~~[m[K
[01m[K/home/user/qiaoyin/src/driver/src/arm_driver_node.cpp:67:23:[m[K [01;31m[Kerror: [m[K‘[01m[KCartesianPose JAKA::curCart [2][m[K’ is private within this context
   67 |                 jaka_.[01;31m[KcurCart[m[K[i].rpy.ry,
      |                       [01;31m[K^~~~~~~[m[K
In file included from [01m[K/home/user/qiaoyin/src/driver/src/arm_driver_node.h:3[m[K,
                 from [01m[K/home/user/qiaoyin/src/driver/src/arm_driver_node.cpp:1[m[K:
[01m[K/home/user/qiaoyin/src/driver/src/jaka.h:36:19:[m[K [01;36m[Knote: [m[Kdeclared private here
   36 |     CartesianPose [01;36m[KcurCart[m[K[2];
      |                   [01;36m[K^~~~~~~[m[K
[01m[K/home/user/qiaoyin/src/driver/src/arm_driver_node.cpp:68:23:[m[K [01;31m[Kerror: [m[K‘[01m[KCartesianPose JAKA::curCart [2][m[K’ is private within this context
   68 |                 jaka_.[01;31m[KcurCart[m[K[i].rpy.rz
      |                       [01;31m[K^~~~~~~[m[K
In file included from [01m[K/home/user/qiaoyin/src/driver/src/arm_driver_node.h:3[m[K,
                 from [01m[K/home/user/qiaoyin/src/driver/src/arm_driver_node.cpp:1[m[K:
[01m[K/home/user/qiaoyin/src/driver/src/jaka.h:36:19:[m[K [01;36m[Knote: [m[Kdeclared private here
   36 |     CartesianPose [01;36m[KcurCart[m[K[2];
      |                   [01;36m[K^~~~~~~[m[K
[01m[K/home/user/qiaoyin/src/driver/src/arm_driver_node.cpp:74:24:[m[K [01;31m[Kerror: [m[K‘[01m[Kdouble JAKA::vel [2][m[K’ is private within this context
   74 |     msg.speed = {jaka_.[01;31m[Kvel[m[K[0], jaka_.vel[1]};
      |                        [01;31m[K^~~[m[K
In file included from [01m[K/home/user/qiaoyin/src/driver/src/arm_driver_node.h:3[m[K,
                 from [01m[K/home/user/qiaoyin/src/driver/src/arm_driver_node.cpp:1[m[K:
[01m[K/home/user/qiaoyin/src/driver/src/jaka.h:29:12:[m[K [01;36m[Knote: [m[Kdeclared private here
   29 |     double [01;36m[Kvel[m[K[2] = {1, 1};
      |            [01;36m[K^~~[m[K
[01m[K/home/user/qiaoyin/src/driver/src/arm_driver_node.cpp:74:38:[m[K [01;31m[Kerror: [m[K‘[01m[Kdouble JAKA::vel [2][m[K’ is private within this context
   74 |     msg.speed = {jaka_.vel[0], jaka_.[01;31m[Kvel[m[K[1]};
      |                                      [01;31m[K^~~[m[K
In file included from [01m[K/home/user/qiaoyin/src/driver/src/arm_driver_node.h:3[m[K,
                 from [01m[K/home/user/qiaoyin/src/driver/src/arm_driver_node.cpp:1[m[K:
[01m[K/home/user/qiaoyin/src/driver/src/jaka.h:29:12:[m[K [01;36m[Knote: [m[Kdeclared private here
   29 |     double [01;36m[Kvel[m[K[2] = {1, 1};
      |            [01;36m[K^~~[m[K
gmake[2]: *** [CMakeFiles/arm_driver_node.dir/build.make:76：CMakeFiles/arm_driver_node.dir/src/arm_driver_node.cpp.o] 错误 1
gmake[1]: *** [CMakeFiles/Makefile2:593：CMakeFiles/arm_driver_node.dir/all] 错误 2
gmake: *** [Makefile:146：all] 错误 2
