-- Found ament_cmake: 1.3.11 (/opt/ros/humble/share/ament_cmake/cmake)
-- Found rclcpp: 16.0.12 (/opt/ros/humble/share/rclcpp/cmake)
-- Found rosidl_generator_c: 3.1.6 (/opt/ros/humble/share/rosidl_generator_c/cmake)
-- Found rosidl_adapter: 3.1.6 (/opt/ros/humble/share/rosidl_adapter/cmake)
-- Found rosidl_generator_cpp: 3.1.6 (/opt/ros/humble/share/rosidl_generator_cpp/cmake)
-- Using all available rosidl_typesupport_c: rosidl_typesupport_fastrtps_c;rosidl_typesupport_introspection_c
-- Using all available rosidl_typesupport_cpp: rosidl_typesupport_fastrtps_cpp;rosidl_typesupport_introspection_cpp
-- Found rmw_implementation_cmake: 6.1.2 (/opt/ros/humble/share/rmw_implementation_cmake/cmake)
-- Found rmw_fastrtps_cpp: 6.2.7 (/opt/ros/humble/share/rmw_fastrtps_cpp/cmake)
-- Using RMW implementation 'rmw_fastrtps_cpp' as default
-- Found rosidl_default_generators: 1.2.0 (/opt/ros/humble/share/rosidl_default_generators/cmake)
-- Found ament_cmake_ros: 0.10.0 (/opt/ros/humble/share/ament_cmake_ros/cmake)
-- Using all available rosidl_typesupport_c: rosidl_typesupport_fastrtps_c;rosidl_typesupport_introspection_c
-- Using all available rosidl_typesupport_cpp: rosidl_typesupport_fastrtps_cpp;rosidl_typesupport_introspection_cpp
-- Found python_cmake_module: 0.10.0 (/opt/ros/humble/share/python_cmake_module/cmake)
-- Using PYTHON_EXECUTABLE: /usr/bin/python3
-- Using PYTHON_INCLUDE_DIRS: /usr/include/python3.10
-- Using PYTHON_LIBRARIES: /usr/lib/x86_64-linux-gnu/libpython3.10.so
-- Found source files: /home/user/qiaoyin/src/whl_system/src/fsm.cpp;/home/user/qiaoyin/src/whl_system/src/plan.cpp;/home/user/qiaoyin/src/whl_system/src/system_node.cpp;/home/user/qiaoyin/src/whl_system/src/wheelloong_system.cpp
-- Found ament_lint_auto: 0.12.12 (/opt/ros/humble/share/ament_lint_auto/cmake)
-- Added test 'cppcheck' to perform static code analysis on C / C++ code
-- Configured cppcheck include dirs: 
-- Configured cppcheck exclude dirs and/or files: 
-- Added test 'lint_cmake' to check CMake code style
-- Added test 'uncrustify' to check C / C++ code style
-- Configured uncrustify additional arguments: 
-- Added test 'xmllint' to check XML markup files
-- Configuring done
-- Generating done
-- Build files have been written to: /home/user/qiaoyin/build/whl_system
[35m[1mConsolidate compiler generated dependencies of target whl_system__rosidl_generator_c[0m
[  9%] Built target whl_system__rosidl_generator_c
[ 11%] Built target whl_system__cpp
[ 11%] Built target ament_cmake_python_copy_whl_system
[35m[1mConsolidate compiler generated dependencies of target whl_system__rosidl_typesupport_introspection_c[0m
[35m[1mConsolidate compiler generated dependencies of target whl_system__rosidl_typesupport_fastrtps_c[0m
[35m[1mConsolidate compiler generated dependencies of target whl_system__rosidl_typesupport_c[0m
[35m[1mConsolidate compiler generated dependencies of target whl_system__rosidl_typesupport_fastrtps_cpp[0m
[35m[1mConsolidate compiler generated dependencies of target whl_system__rosidl_typesupport_introspection_cpp[0m
[35m[1mConsolidate compiler generated dependencies of target whl_system__rosidl_typesupport_cpp[0m
[ 21%] Built target whl_system__rosidl_typesupport_fastrtps_c
[ 40%] Built target whl_system__rosidl_typesupport_c
[ 40%] Built target whl_system__rosidl_typesupport_introspection_c
[ 50%] Built target whl_system__rosidl_typesupport_cpp
[ 69%] Built target whl_system__rosidl_typesupport_introspection_cpp
[ 67%] Built target whl_system__rosidl_typesupport_fastrtps_cpp
[35m[1mConsolidate compiler generated dependencies of target wheelloong_system_node[0m
[ 69%] Built target whl_system
[ 71%] [32mBuilding CXX object CMakeFiles/wheelloong_system_node.dir/src/wheelloong_system.cpp.o[0m
[ 73%] [32mBuilding CXX object CMakeFiles/wheelloong_system_node.dir/src/system_node.cpp.o[0m
[ 75%] Built target whl_system__py
[35m[1mConsolidate compiler generated dependencies of target whl_system__rosidl_generator_py[0m
[ 82%] Built target whl_system__rosidl_generator_py
[35m[1mConsolidate compiler generated dependencies of target whl_system__rosidl_typesupport_introspection_c__pyext[0m
[35m[1mConsolidate compiler generated dependencies of target whl_system__rosidl_typesupport_fastrtps_c__pyext[0m
[35m[1mConsolidate compiler generated dependencies of target whl_system__rosidl_typesupport_c__pyext[0m
[ 86%] Built target whl_system__rosidl_typesupport_introspection_c__pyext
[ 90%] Built target whl_system__rosidl_typesupport_c__pyext
[ 94%] Built target whl_system__rosidl_typesupport_fastrtps_c__pyext
running egg_info
writing whl_system.egg-info/PKG-INFO
writing dependency_links to whl_system.egg-info/dependency_links.txt
writing top-level names to whl_system.egg-info/top_level.txt
reading manifest file 'whl_system.egg-info/SOURCES.txt'
writing manifest file 'whl_system.egg-info/SOURCES.txt'
[ 94%] Built target ament_cmake_python_build_whl_system_egg
