[0.006s] Invoking command in '/home/user/qiaoyin/build/system': CMAKE_PREFIX_PATH=/opt/ros/humble /usr/bin/cmake /home/user/qiaoyin/src/system -DCMAKE_INSTALL_PREFIX=/home/user/qiaoyin/install/system
[0.014s] -- Found ament_cmake: 1.3.11 (/opt/ros/humble/share/ament_cmake/cmake)
[0.092s] -- Found rclcpp: 16.0.12 (/opt/ros/humble/share/rclcpp/cmake)
[0.107s] -- Found rosidl_generator_c: 3.1.6 (/opt/ros/humble/share/rosidl_generator_c/cmake)
[0.109s] -- Found rosidl_adapter: 3.1.6 (/opt/ros/humble/share/rosidl_adapter/cmake)
[0.112s] -- Found rosidl_generator_cpp: 3.1.6 (/opt/ros/humble/share/rosidl_generator_cpp/cmake)
[0.118s] -- Using all available rosidl_typesupport_c: rosidl_typesupport_fastrtps_c;rosidl_typesupport_introspection_c
[0.125s] -- Using all available rosidl_typesupport_cpp: rosidl_typesupport_fastrtps_cpp;rosidl_typesupport_introspection_cpp
[0.142s] -- Found rmw_implementation_cmake: 6.1.2 (/opt/ros/humble/share/rmw_implementation_cmake/cmake)
[0.143s] -- Found rmw_fastrtps_cpp: 6.2.7 (/opt/ros/humble/share/rmw_fastrtps_cpp/cmake)
[0.198s] -- Using RMW implementation 'rmw_fastrtps_cpp' as default
[0.227s] -- Found ament_lint_auto: 0.12.12 (/opt/ros/humble/share/ament_lint_auto/cmake)
[0.271s] -- Added test 'cppcheck' to perform static code analysis on C / C++ code
[0.271s] -- Configured cppcheck include dirs: /home/user/qiaoyin/src/system/include
[0.271s] -- Configured cppcheck exclude dirs and/or files: 
[0.272s] -- Added test 'lint_cmake' to check CMake code style
[0.272s] -- Added test 'uncrustify' to check C / C++ code style
[0.272s] -- Configured uncrustify additional arguments: 
[0.272s] -- Added test 'xmllint' to check XML markup files
[0.273s] -- Configuring done
[0.275s] -- Generating done
[0.276s] -- Build files have been written to: /home/user/qiaoyin/build/system
[0.280s] Invoked command in '/home/user/qiaoyin/build/system' returned '0': CMAKE_PREFIX_PATH=/opt/ros/humble /usr/bin/cmake /home/user/qiaoyin/src/system -DCMAKE_INSTALL_PREFIX=/home/user/qiaoyin/install/system
[0.282s] Invoking command in '/home/user/qiaoyin/build/system': CMAKE_PREFIX_PATH=/opt/ros/humble /usr/bin/cmake --build /home/user/qiaoyin/build/system -- -j24 -l24
[0.305s] Invoked command in '/home/user/qiaoyin/build/system' returned '0': CMAKE_PREFIX_PATH=/opt/ros/humble /usr/bin/cmake --build /home/user/qiaoyin/build/system -- -j24 -l24
[0.311s] Invoking command in '/home/user/qiaoyin/build/system': CMAKE_PREFIX_PATH=/opt/ros/humble /usr/bin/cmake --install /home/user/qiaoyin/build/system
[0.315s] -- Install configuration: ""
[0.315s] -- Installing: /home/user/qiaoyin/install/system/share/ament_index/resource_index/package_run_dependencies/system
[0.315s] -- Installing: /home/user/qiaoyin/install/system/share/ament_index/resource_index/parent_prefix_path/system
[0.315s] -- Installing: /home/user/qiaoyin/install/system/share/system/environment/ament_prefix_path.sh
[0.315s] -- Installing: /home/user/qiaoyin/install/system/share/system/environment/ament_prefix_path.dsv
[0.315s] -- Installing: /home/user/qiaoyin/install/system/share/system/environment/path.sh
[0.315s] -- Installing: /home/user/qiaoyin/install/system/share/system/environment/path.dsv
[0.315s] -- Installing: /home/user/qiaoyin/install/system/share/system/local_setup.bash
[0.315s] -- Installing: /home/user/qiaoyin/install/system/share/system/local_setup.sh
[0.315s] -- Installing: /home/user/qiaoyin/install/system/share/system/local_setup.zsh
[0.315s] -- Installing: /home/user/qiaoyin/install/system/share/system/local_setup.dsv
[0.315s] -- Installing: /home/user/qiaoyin/install/system/share/system/package.dsv
[0.316s] -- Installing: /home/user/qiaoyin/install/system/share/ament_index/resource_index/packages/system
[0.316s] -- Installing: /home/user/qiaoyin/install/system/share/system/cmake/systemConfig.cmake
[0.316s] -- Installing: /home/user/qiaoyin/install/system/share/system/cmake/systemConfig-version.cmake
[0.316s] -- Installing: /home/user/qiaoyin/install/system/share/system/package.xml
[0.317s] Invoked command in '/home/user/qiaoyin/build/system' returned '0': CMAKE_PREFIX_PATH=/opt/ros/humble /usr/bin/cmake --install /home/user/qiaoyin/build/system
