[0.005s] Invoking command in '/home/user/qiaoyin/build/wheelloong_utillity': CMAKE_PREFIX_PATH=/opt/ros/humble /usr/bin/cmake /home/user/qiaoyin/src/wheelloong_utillity -DCMAKE_INSTALL_PREFIX=/home/user/qiaoyin/install/wheelloong_utillity
[0.058s] -- The C compiler identification is GNU 11.4.0
[0.092s] -- The CXX compiler identification is GNU 11.4.0
[0.097s] -- Detecting C compiler ABI info
[0.142s] -- Detecting C compiler ABI info - done
[0.147s] -- Check for working C compiler: /usr/bin/cc - skipped
[0.147s] -- Detecting C compile features
[0.148s] -- Detecting C compile features - done
[0.150s] -- Detecting CXX compiler ABI info
[0.202s] -- Detecting CXX compiler ABI info - done
[0.207s] -- Check for working CXX compiler: /usr/bin/c++ - skipped
[0.207s] -- Detecting CXX compile features
[0.207s] -- Detecting CXX compile features - done
[0.208s] -- Found ament_cmake: 1.3.11 (/opt/ros/humble/share/ament_cmake/cmake)
[0.306s] -- Found Python3: /usr/bin/python3 (found version "3.10.12") found components: Interpreter 
[0.357s] -- Found ament_lint_auto: 0.12.12 (/opt/ros/humble/share/ament_lint_auto/cmake)
[0.416s] -- Added test 'cppcheck' to perform static code analysis on C / C++ code
[0.416s] -- Configured cppcheck include dirs: 
[0.416s] -- Configured cppcheck exclude dirs and/or files: 
[0.421s] -- Added test 'lint_cmake' to check CMake code style
[0.435s] -- Added test 'uncrustify' to check C / C++ code style
[0.435s] -- Configured uncrustify additional arguments: 
[0.437s] -- Added test 'xmllint' to check XML markup files
[0.438s] -- Configuring done
[0.439s] -- Generating done
[0.440s] -- Build files have been written to: /home/user/qiaoyin/build/wheelloong_utillity
[0.444s] Invoked command in '/home/user/qiaoyin/build/wheelloong_utillity' returned '0': CMAKE_PREFIX_PATH=/opt/ros/humble /usr/bin/cmake /home/user/qiaoyin/src/wheelloong_utillity -DCMAKE_INSTALL_PREFIX=/home/user/qiaoyin/install/wheelloong_utillity
[0.444s] Invoking command in '/home/user/qiaoyin/build/wheelloong_utillity': CMAKE_PREFIX_PATH=/opt/ros/humble /usr/bin/cmake --build /home/user/qiaoyin/build/wheelloong_utillity -- -j24 -l24
[0.471s] Invoked command in '/home/user/qiaoyin/build/wheelloong_utillity' returned '0': CMAKE_PREFIX_PATH=/opt/ros/humble /usr/bin/cmake --build /home/user/qiaoyin/build/wheelloong_utillity -- -j24 -l24
[0.478s] Invoking command in '/home/user/qiaoyin/build/wheelloong_utillity': CMAKE_PREFIX_PATH=/opt/ros/humble /usr/bin/cmake --install /home/user/qiaoyin/build/wheelloong_utillity
[0.482s] -- Install configuration: ""
[0.482s] -- Installing: /home/user/qiaoyin/install/wheelloong_utillity/share/ament_index/resource_index/package_run_dependencies/wheelloong_utillity
[0.482s] -- Installing: /home/user/qiaoyin/install/wheelloong_utillity/share/ament_index/resource_index/parent_prefix_path/wheelloong_utillity
[0.482s] -- Installing: /home/user/qiaoyin/install/wheelloong_utillity/share/wheelloong_utillity/environment/ament_prefix_path.sh
[0.483s] -- Installing: /home/user/qiaoyin/install/wheelloong_utillity/share/wheelloong_utillity/environment/ament_prefix_path.dsv
[0.483s] -- Installing: /home/user/qiaoyin/install/wheelloong_utillity/share/wheelloong_utillity/environment/path.sh
[0.483s] -- Installing: /home/user/qiaoyin/install/wheelloong_utillity/share/wheelloong_utillity/environment/path.dsv
[0.483s] -- Installing: /home/user/qiaoyin/install/wheelloong_utillity/share/wheelloong_utillity/local_setup.bash
[0.483s] -- Installing: /home/user/qiaoyin/install/wheelloong_utillity/share/wheelloong_utillity/local_setup.sh
[0.483s] -- Installing: /home/user/qiaoyin/install/wheelloong_utillity/share/wheelloong_utillity/local_setup.zsh
[0.483s] -- Installing: /home/user/qiaoyin/install/wheelloong_utillity/share/wheelloong_utillity/local_setup.dsv
[0.483s] -- Installing: /home/user/qiaoyin/install/wheelloong_utillity/share/wheelloong_utillity/package.dsv
[0.483s] -- Installing: /home/user/qiaoyin/install/wheelloong_utillity/share/ament_index/resource_index/packages/wheelloong_utillity
[0.483s] -- Installing: /home/user/qiaoyin/install/wheelloong_utillity/share/wheelloong_utillity/cmake/wheelloong_utillityConfig.cmake
[0.483s] -- Installing: /home/user/qiaoyin/install/wheelloong_utillity/share/wheelloong_utillity/cmake/wheelloong_utillityConfig-version.cmake
[0.483s] -- Installing: /home/user/qiaoyin/install/wheelloong_utillity/share/wheelloong_utillity/package.xml
[0.484s] Invoked command in '/home/user/qiaoyin/build/wheelloong_utillity' returned '0': CMAKE_PREFIX_PATH=/opt/ros/humble /usr/bin/cmake --install /home/user/qiaoyin/build/wheelloong_utillity
