[0.006s] Invoking command in '/home/user/qiaoyin/build/whl_system': CMAKE_PREFIX_PATH=/opt/ros/humble /usr/bin/cmake /home/user/qiaoyin/src/whl_system -DCMAKE_INSTALL_PREFIX=/home/user/qiaoyin/install/whl_system
[0.041s] -- The C compiler identification is GNU 11.4.0
[0.079s] -- The CXX compiler identification is GNU 11.4.0
[0.084s] -- Detecting C compiler ABI info
[0.127s] -- Detecting C compiler ABI info - done
[0.131s] -- Check for working C compiler: /usr/bin/cc - skipped
[0.132s] -- Detecting C compile features
[0.132s] -- Detecting C compile features - done
[0.134s] -- Detecting CXX compiler ABI info
[0.186s] -- Detecting CXX compiler ABI info - done
[0.191s] -- Check for working CXX compiler: /usr/bin/c++ - skipped
[0.191s] -- Detecting CXX compile features
[0.191s] -- Detecting CXX compile features - done
[0.192s] -- Found ament_cmake: 1.3.11 (/opt/ros/humble/share/ament_cmake/cmake)
[0.285s] -- Found Python3: /usr/bin/python3 (found version "3.10.12") found components: Interpreter 
[0.342s] -- Found rclcpp: 16.0.12 (/opt/ros/humble/share/rclcpp/cmake)
[0.364s] -- Found rosidl_generator_c: 3.1.6 (/opt/ros/humble/share/rosidl_generator_c/cmake)
[0.367s] -- Found rosidl_adapter: 3.1.6 (/opt/ros/humble/share/rosidl_adapter/cmake)
[0.371s] -- Found rosidl_generator_cpp: 3.1.6 (/opt/ros/humble/share/rosidl_generator_cpp/cmake)
[0.377s] -- Using all available rosidl_typesupport_c: rosidl_typesupport_fastrtps_c;rosidl_typesupport_introspection_c
[0.385s] -- Using all available rosidl_typesupport_cpp: rosidl_typesupport_fastrtps_cpp;rosidl_typesupport_introspection_cpp
[0.407s] -- Found rmw_implementation_cmake: 6.1.2 (/opt/ros/humble/share/rmw_implementation_cmake/cmake)
[0.408s] -- Found rmw_fastrtps_cpp: 6.2.7 (/opt/ros/humble/share/rmw_fastrtps_cpp/cmake)
[0.459s] -- Found OpenSSL: /usr/lib/x86_64-linux-gnu/libcrypto.so (found version "3.0.2")  
[0.477s] -- Found FastRTPS: /opt/ros/humble/include  
[0.502s] -- Using RMW implementation 'rmw_fastrtps_cpp' as default
[0.509s] -- Looking for pthread.h
[0.555s] -- Looking for pthread.h - found
[0.555s] -- Performing Test CMAKE_HAVE_LIBC_PTHREAD
[0.600s] -- Performing Test CMAKE_HAVE_LIBC_PTHREAD - Success
[0.601s] -- Found Threads: TRUE  
[0.631s] -- Found rosidl_default_generators: 1.2.0 (/opt/ros/humble/share/rosidl_default_generators/cmake)
[0.744s] [31mCMake Error at /opt/ros/humble/share/rosidl_adapter/cmake/rosidl_adapt_interfaces.cmake:59 (message):
[0.744s]   execute_process(/usr/bin/python3 -m rosidl_adapter --package-name
[0.744s]   whl_system --arguments-file
[0.744s]   /home/user/qiaoyin/build/whl_system/rosidl_adapter__arguments__whl_system.json
[0.744s]   --output-dir /home/user/qiaoyin/build/whl_system/rosidl_adapter/whl_system
[0.744s]   --output-file
[0.744s]   /home/user/qiaoyin/build/whl_system/rosidl_adapter/whl_system.idls)
[0.744s]   returned error code 1:
[0.745s] 
[0.745s]   Error processing 'double[2] agv_move_speed' of 'whl_system/AgvInfo':
[0.745s]   ''double' is an invalid message name.  It should have the pattern
[0.745s]   '^[A-Z][A-Za-z0-9]*$''
[0.745s] 
[0.745s]   Traceback (most recent call last):
[0.745s] 
[0.745s]     File "/usr/lib/python3.10/runpy.py", line 196, in _run_module_as_main
[0.745s]       return _run_code(code, main_globals, None,
[0.745s]     File "/usr/lib/python3.10/runpy.py", line 86, in _run_code
[0.745s]       exec(code, run_globals)
[0.745s]     File "/opt/ros/humble/local/lib/python3.10/dist-packages/rosidl_adapter/__main__.py", line 19, in <module>
[0.745s]       sys.exit(main())
[0.745s]     File "/opt/ros/humble/local/lib/python3.10/dist-packages/rosidl_adapter/main.py", line 53, in main
[0.745s]       abs_idl_file = convert_to_idl(
[0.745s]     File "/opt/ros/humble/local/lib/python3.10/dist-packages/rosidl_adapter/__init__.py", line 19, in convert_to_idl
[0.745s]       return convert_msg_to_idl(
[0.745s]     File "/opt/ros/humble/local/lib/python3.10/dist-packages/rosidl_adapter/msg/__init__.py", line 28, in convert_msg_to_idl
[0.745s]       msg = parse_message_string(package_name, input_file.stem, content)
[0.745s]     File "/opt/ros/humble/local/lib/python3.10/dist-packages/rosidl_adapter/parser.py", line 520, in parse_message_string
[0.745s]       Type(type_string, context_package_name=pkg_name),
[0.745s]     File "/opt/ros/humble/local/lib/python3.10/dist-packages/rosidl_adapter/parser.py", line 277, in __init__
[0.745s]       super(Type, self).__init__(
[0.745s]     File "/opt/ros/humble/local/lib/python3.10/dist-packages/rosidl_adapter/parser.py", line 205, in __init__
[0.745s]       raise InvalidResourceName(
[0.745s] 
[0.745s]   rosidl_adapter.parser.InvalidResourceName: 'double' is an invalid message
[0.745s]   name.  It should have the pattern '^[A-Z][A-Za-z0-9]*$'
[0.745s] 
[0.745s] Call Stack (most recent call first):
[0.745s]   /opt/ros/humble/share/rosidl_cmake/cmake/rosidl_generate_interfaces.cmake:130 (rosidl_adapt_interfaces)
[0.745s]   CMakeLists.txt:13 (rosidl_generate_interfaces)
[0.745s] 
[0.745s] [0m
[0.745s] -- Configuring incomplete, errors occurred!
[0.745s] See also "/home/user/qiaoyin/build/whl_system/CMakeFiles/CMakeOutput.log".
[0.751s] Invoked command in '/home/user/qiaoyin/build/whl_system' returned '1': CMAKE_PREFIX_PATH=/opt/ros/humble /usr/bin/cmake /home/user/qiaoyin/src/whl_system -DCMAKE_INSTALL_PREFIX=/home/user/qiaoyin/install/whl_system
