-- Found ament_cmake: 1.3.11 (/opt/ros/humble/share/ament_cmake/cmake)
-- Found rclcpp: 16.0.12 (/opt/ros/humble/share/rclcpp/cmake)
-- Found rosidl_generator_c: 3.1.6 (/opt/ros/humble/share/rosidl_generator_c/cmake)
-- Found rosidl_adapter: 3.1.6 (/opt/ros/humble/share/rosidl_adapter/cmake)
-- Found rosidl_generator_cpp: 3.1.6 (/opt/ros/humble/share/rosidl_generator_cpp/cmake)
-- Using all available rosidl_typesupport_c: rosidl_typesupport_fastrtps_c;rosidl_typesupport_introspection_c
-- Using all available rosidl_typesupport_cpp: rosidl_typesupport_fastrtps_cpp;rosidl_typesupport_introspection_cpp
-- Found rmw_implementation_cmake: 6.1.2 (/opt/ros/humble/share/rmw_implementation_cmake/cmake)
-- Found rmw_fastrtps_cpp: 6.2.7 (/opt/ros/humble/share/rmw_fastrtps_cpp/cmake)
-- Using RMW implementation 'rmw_fastrtps_cpp' as default
-- Found rosidl_default_generators: 1.2.0 (/opt/ros/humble/share/rosidl_default_generators/cmake)
-- Found ament_cmake_ros: 0.10.0 (/opt/ros/humble/share/ament_cmake_ros/cmake)
-- Using all available rosidl_typesupport_c: rosidl_typesupport_fastrtps_c;rosidl_typesupport_introspection_c
-- Using all available rosidl_typesupport_cpp: rosidl_typesupport_fastrtps_cpp;rosidl_typesupport_introspection_cpp
-- Found python_cmake_module: 0.10.0 (/opt/ros/humble/share/python_cmake_module/cmake)
-- Using PYTHON_EXECUTABLE: /usr/bin/python3
-- Using PYTHON_INCLUDE_DIRS: /usr/include/python3.10
-- Using PYTHON_LIBRARIES: /usr/lib/x86_64-linux-gnu/libpython3.10.so
-- Found ament_lint_auto: 0.12.12 (/opt/ros/humble/share/ament_lint_auto/cmake)
-- Added test 'cppcheck' to perform static code analysis on C / C++ code
-- Configured cppcheck include dirs: 
-- Configured cppcheck exclude dirs and/or files: 
-- Added test 'lint_cmake' to check CMake code style
-- Added test 'uncrustify' to check C / C++ code style
-- Configured uncrustify additional arguments: 
-- Added test 'xmllint' to check XML markup files
-- Configuring done
-- Generating done
-- Build files have been written to: /home/user/qiaoyin/build/whl_system
[35m[1mConsolidate compiler generated dependencies of target whl_system__rosidl_generator_c[0m
[  2%] Built target whl_system__cpp
[ 12%] Built target whl_system__rosidl_generator_c
[35m[1mConsolidate compiler generated dependencies of target whl_system__rosidl_typesupport_introspection_c[0m
[35m[1mConsolidate compiler generated dependencies of target whl_system__rosidl_typesupport_introspection_cpp[0m
[35m[1mConsolidate compiler generated dependencies of target whl_system__rosidl_typesupport_fastrtps_c[0m
[ 12%] Built target ament_cmake_python_copy_whl_system
[35m[1mConsolidate compiler generated dependencies of target whl_system__rosidl_typesupport_cpp[0m
[35m[1mConsolidate compiler generated dependencies of target whl_system__rosidl_typesupport_c[0m
[35m[1mConsolidate compiler generated dependencies of target whl_system__rosidl_typesupport_fastrtps_cpp[0m
[ 22%] Built target whl_system__rosidl_typesupport_cpp
[ 32%] Built target whl_system__rosidl_typesupport_introspection_c
[ 42%] Built target whl_system__rosidl_typesupport_c
[ 53%] Built target whl_system__rosidl_typesupport_fastrtps_c
[ 63%] Built target whl_system__rosidl_typesupport_introspection_cpp
[ 73%] Built target whl_system__rosidl_typesupport_fastrtps_cpp
[ 75%] [32mBuilding CXX object CMakeFiles/wheelloong_system_node.dir/src/main.cpp.o[0m
[ 75%] Built target whl_system
[ 77%] Built target whl_system__py
[35m[1mConsolidate compiler generated dependencies of target whl_system__rosidl_generator_py[0m
[ 85%] Built target whl_system__rosidl_generator_py
[35m[1mConsolidate compiler generated dependencies of target whl_system__rosidl_typesupport_introspection_c__pyext[0m
[35m[1mConsolidate compiler generated dependencies of target whl_system__rosidl_typesupport_c__pyext[0m
[35m[1mConsolidate compiler generated dependencies of target whl_system__rosidl_typesupport_fastrtps_c__pyext[0m
[ 89%] Built target whl_system__rosidl_typesupport_introspection_c__pyext
[ 93%] Built target whl_system__rosidl_typesupport_c__pyext
[ 97%] Built target whl_system__rosidl_typesupport_fastrtps_c__pyext
running egg_info
writing whl_system.egg-info/PKG-INFO
writing dependency_links to whl_system.egg-info/dependency_links.txt
writing top-level names to whl_system.egg-info/top_level.txt
reading manifest file 'whl_system.egg-info/SOURCES.txt'
writing manifest file 'whl_system.egg-info/SOURCES.txt'
[ 97%] Built target ament_cmake_python_build_whl_system_egg
In file included from [01m[K/home/user/qiaoyin/src/whl_system/src/main.cpp:1[m[K:
[01m[K/home/user/qiaoyin/src/whl_system/src/wheelloong_system.h:18:5:[m[K [01;31m[Kerror: [m[Kstorage class specified for ‘[01m[Kfsm[m[K’
   18 |     [01;31m[Kextern[m[K FsmClass fsm;
      |     [01;31m[K^~~~~~[m[K
[01m[K/home/user/qiaoyin/src/whl_system/src/main.cpp:[m[K In function ‘[01m[Kint main()[m[K’:
[01m[K/home/user/qiaoyin/src/whl_system/src/main.cpp:6:16:[m[K [01;31m[Kerror: [m[K‘[01m[Kclass std::shared_ptr<WheelloongSystem>[m[K’ has no member named ‘[01m[Krun[m[K’
    6 |     system_ptr.[01;31m[Krun[m[K();
      |                [01;31m[K^~~[m[K
In file included from [01m[K/usr/include/x86_64-linux-gnu/c++/11/bits/c++allocator.h:33[m[K,
                 from [01m[K/usr/include/c++/11/bits/allocator.h:46[m[K,
                 from [01m[K/usr/include/c++/11/string:41[m[K,
                 from [01m[K/usr/include/c++/11/bits/locale_classes.h:40[m[K,
                 from [01m[K/usr/include/c++/11/bits/ios_base.h:41[m[K,
                 from [01m[K/usr/include/c++/11/ios:42[m[K,
                 from [01m[K/usr/include/c++/11/ostream:38[m[K,
                 from [01m[K/usr/include/c++/11/iostream:39[m[K,
                 from [01m[K/home/user/qiaoyin/src/whl_system/src/wheelloong_system.h:2[m[K,
                 from [01m[K/home/user/qiaoyin/src/whl_system/src/main.cpp:1[m[K:
/usr/include/c++/11/ext/new_allocator.h: In instantiation of ‘[01m[Kvoid __gnu_cxx::new_allocator<_Tp>::construct(_Up*, _Args&& ...) [with _Up = WheelloongSystem; _Args = {}; _Tp = WheelloongSystem][m[K’:
[01m[K/usr/include/c++/11/bits/alloc_traits.h:516:17:[m[K   required from ‘[01m[Kstatic void std::allocator_traits<std::allocator<_CharT> >::construct(std::allocator_traits<std::allocator<_CharT> >::allocator_type&, _Up*, _Args&& ...) [with _Up = WheelloongSystem; _Args = {}; _Tp = WheelloongSystem; std::allocator_traits<std::allocator<_CharT> >::allocator_type = std::allocator<WheelloongSystem>][m[K’
[01m[K/usr/include/c++/11/bits/shared_ptr_base.h:519:39:[m[K   required from ‘[01m[Kstd::_Sp_counted_ptr_inplace<_Tp, _Alloc, _Lp>::_Sp_counted_ptr_inplace(_Alloc, _Args&& ...) [with _Args = {}; _Tp = WheelloongSystem; _Alloc = std::allocator<WheelloongSystem>; __gnu_cxx::_Lock_policy _Lp = __gnu_cxx::_S_atomic][m[K’
[01m[K/usr/include/c++/11/bits/shared_ptr_base.h:650:16:[m[K   required from ‘[01m[Kstd::__shared_count<_Lp>::__shared_count(_Tp*&, std::_Sp_alloc_shared_tag<_Alloc>, _Args&& ...) [with _Tp = WheelloongSystem; _Alloc = std::allocator<WheelloongSystem>; _Args = {}; __gnu_cxx::_Lock_policy _Lp = __gnu_cxx::_S_atomic][m[K’
[01m[K/usr/include/c++/11/bits/shared_ptr_base.h:1342:14:[m[K   required from ‘[01m[Kstd::__shared_ptr<_Tp, _Lp>::__shared_ptr(std::_Sp_alloc_shared_tag<_Tp>, _Args&& ...) [with _Alloc = std::allocator<WheelloongSystem>; _Args = {}; _Tp = WheelloongSystem; __gnu_cxx::_Lock_policy _Lp = __gnu_cxx::_S_atomic][m[K’
[01m[K/usr/include/c++/11/bits/shared_ptr.h:409:59:[m[K   required from ‘[01m[Kstd::shared_ptr<_Tp>::shared_ptr(std::_Sp_alloc_shared_tag<_Tp>, _Args&& ...) [with _Alloc = std::allocator<WheelloongSystem>; _Args = {}; _Tp = WheelloongSystem][m[K’
[01m[K/usr/include/c++/11/bits/shared_ptr.h:862:14:[m[K   required from ‘[01m[Kstd::shared_ptr<_Tp> std::allocate_shared(const _Alloc&, _Args&& ...) [with _Tp = WheelloongSystem; _Alloc = std::allocator<WheelloongSystem>; _Args = {}][m[K’
[01m[K/usr/include/c++/11/bits/shared_ptr.h:878:39:[m[K   required from ‘[01m[Kstd::shared_ptr<_Tp> std::make_shared(_Args&& ...) [with _Tp = WheelloongSystem; _Args = {}][m[K’
[01m[K/home/user/qiaoyin/src/whl_system/src/main.cpp:5:52:[m[K   required from here
[01m[K/usr/include/c++/11/ext/new_allocator.h:162:11:[m[K [01;31m[Kerror: [m[Kno matching function for call to ‘[01m[KWheelloongSystem::WheelloongSystem()[m[K’
  162 |         { [01;31m[K::new((void *)__p) _Up(std::forward<_Args>(__args)...)[m[K; }
      |           [01;31m[K^~~~~~~~~~~~~~~~~~~~~~~~~~~~~~~~~~~~~~~~~~~~~~~~~~~~~~[m[K
In file included from [01m[K/home/user/qiaoyin/src/whl_system/src/main.cpp:1[m[K:
[01m[K/home/user/qiaoyin/src/whl_system/src/wheelloong_system.h:12:5:[m[K [01;36m[Knote: [m[Kcandidate: ‘[01m[KWheelloongSystem::WheelloongSystem(rclcpp::Node::SharedPtr)[m[K’
   12 |     [01;36m[KWheelloongSystem[m[K(rclcpp::Node::SharedPtr node);
      |     [01;36m[K^~~~~~~~~~~~~~~~[m[K
[01m[K/home/user/qiaoyin/src/whl_system/src/wheelloong_system.h:12:5:[m[K [01;36m[Knote: [m[K  candidate expects 1 argument, 0 provided
[01m[K/home/user/qiaoyin/src/whl_system/src/wheelloong_system.h:9:7:[m[K [01;36m[Knote: [m[Kcandidate: ‘[01m[KWheelloongSystem::WheelloongSystem(const WheelloongSystem&)[m[K’
    9 | class [01;36m[KWheelloongSystem[m[K
      |       [01;36m[K^~~~~~~~~~~~~~~~[m[K
[01m[K/home/user/qiaoyin/src/whl_system/src/wheelloong_system.h:9:7:[m[K [01;36m[Knote: [m[K  candidate expects 1 argument, 0 provided
[01m[K/home/user/qiaoyin/src/whl_system/src/wheelloong_system.h:9:7:[m[K [01;36m[Knote: [m[Kcandidate: ‘[01m[KWheelloongSystem::WheelloongSystem(WheelloongSystem&&)[m[K’
[01m[K/home/user/qiaoyin/src/whl_system/src/wheelloong_system.h:9:7:[m[K [01;36m[Knote: [m[K  candidate expects 1 argument, 0 provided
gmake[2]: *** [CMakeFiles/wheelloong_system_node.dir/build.make:76：CMakeFiles/wheelloong_system_node.dir/src/main.cpp.o] 错误 1
gmake[1]: *** [CMakeFiles/Makefile2:593：CMakeFiles/wheelloong_system_node.dir/all] 错误 2
gmake: *** [Makefile:146：all] 错误 2
