[35m[1mConsolidate compiler generated dependencies of target whl_system__rosidl_generator_c[0m
[  2%] Built target whl_system__cpp
[ 12%] Built target whl_system__rosidl_generator_c
[ 12%] Built target ament_cmake_python_copy_whl_system
[35m[1mConsolidate compiler generated dependencies of target whl_system__rosidl_typesupport_cpp[0m
[35m[1mConsolidate compiler generated dependencies of target whl_system__rosidl_typesupport_introspection_c[0m
[35m[1mConsolidate compiler generated dependencies of target whl_system__rosidl_typesupport_introspection_cpp[0m
[35m[1mConsolidate compiler generated dependencies of target whl_system__rosidl_typesupport_fastrtps_c[0m
[35m[1mConsolidate compiler generated dependencies of target whl_system__rosidl_typesupport_fastrtps_cpp[0m
[35m[1mConsolidate compiler generated dependencies of target whl_system__rosidl_typesupport_c[0m
[ 22%] Built target whl_system__rosidl_typesupport_introspection_c
[ 32%] Built target whl_system__rosidl_typesupport_cpp
[ 42%] Built target whl_system__rosidl_typesupport_c
[ 53%] Built target whl_system__rosidl_typesupport_fastrtps_c
[ 63%] Built target whl_system__rosidl_typesupport_introspection_cpp
[ 73%] Built target whl_system__rosidl_typesupport_fastrtps_cpp
[35m[1mConsolidate compiler generated dependencies of target wheelloong_system_node[0m
[ 73%] Built target whl_system
[ 75%] [32mBuilding CXX object CMakeFiles/wheelloong_system_node.dir/src/wheelloong_system.cpp.o[0m
[ 77%] Built target whl_system__py
[35m[1mConsolidate compiler generated dependencies of target whl_system__rosidl_generator_py[0m
[ 85%] Built target whl_system__rosidl_generator_py
[35m[1mConsolidate compiler generated dependencies of target whl_system__rosidl_typesupport_fastrtps_c__pyext[0m
[35m[1mConsolidate compiler generated dependencies of target whl_system__rosidl_typesupport_c__pyext[0m
[35m[1mConsolidate compiler generated dependencies of target whl_system__rosidl_typesupport_introspection_c__pyext[0m
[ 89%] Built target whl_system__rosidl_typesupport_fastrtps_c__pyext
[ 93%] Built target whl_system__rosidl_typesupport_c__pyext
[ 97%] Built target whl_system__rosidl_typesupport_introspection_c__pyext
running egg_info
writing whl_system.egg-info/PKG-INFO
writing dependency_links to whl_system.egg-info/dependency_links.txt
writing top-level names to whl_system.egg-info/top_level.txt
reading manifest file 'whl_system.egg-info/SOURCES.txt'
writing manifest file 'whl_system.egg-info/SOURCES.txt'
[ 97%] Built target ament_cmake_python_build_whl_system_egg
[100%] [32m[1mLinking CXX executable wheelloong_system_node[0m
[100%] Built target wheelloong_system_node
-- Install configuration: ""
-- Installing: /home/user/qiaoyin/install/whl_system/share/ament_index/resource_index/rosidl_interfaces/whl_system
-- Installing: /home/user/qiaoyin/install/whl_system/include/whl_system/whl_system
-- Installing: /home/user/qiaoyin/install/whl_system/include/whl_system/whl_system/srv
-- Installing: /home/user/qiaoyin/install/whl_system/include/whl_system/whl_system/srv/inout_struct.h
-- Installing: /home/user/qiaoyin/install/whl_system/include/whl_system/whl_system/srv/detail
-- Installing: /home/user/qiaoyin/install/whl_system/include/whl_system/whl_system/srv/detail/inout_struct__functions.c
-- Installing: /home/user/qiaoyin/install/whl_system/include/whl_system/whl_system/srv/detail/inout_struct__functions.h
-- Installing: /home/user/qiaoyin/install/whl_system/include/whl_system/whl_system/srv/detail/inout_struct__struct.h
-- Installing: /home/user/qiaoyin/install/whl_system/include/whl_system/whl_system/srv/detail/inout_struct__type_support.h
-- Installing: /home/user/qiaoyin/install/whl_system/include/whl_system/whl_system/msg
-- Installing: /home/user/qiaoyin/install/whl_system/include/whl_system/whl_system/msg/detail
-- Installing: /home/user/qiaoyin/install/whl_system/include/whl_system/whl_system/msg/detail/arm_info__struct.h
-- Installing: /home/user/qiaoyin/install/whl_system/include/whl_system/whl_system/msg/detail/agv_info__functions.c
-- Installing: /home/user/qiaoyin/install/whl_system/include/whl_system/whl_system/msg/detail/agv_info__type_support.h
-- Installing: /home/user/qiaoyin/install/whl_system/include/whl_system/whl_system/msg/detail/arm_info__functions.c
-- Installing: /home/user/qiaoyin/install/whl_system/include/whl_system/whl_system/msg/detail/arm_info__type_support.h
-- Installing: /home/user/qiaoyin/install/whl_system/include/whl_system/whl_system/msg/detail/agv_info__functions.h
-- Installing: /home/user/qiaoyin/install/whl_system/include/whl_system/whl_system/msg/detail/agv_info__struct.h
-- Installing: /home/user/qiaoyin/install/whl_system/include/whl_system/whl_system/msg/detail/arm_info__functions.h
-- Installing: /home/user/qiaoyin/install/whl_system/include/whl_system/whl_system/msg/rosidl_generator_c__visibility_control.h
-- Installing: /home/user/qiaoyin/install/whl_system/include/whl_system/whl_system/msg/agv_info.h
-- Installing: /home/user/qiaoyin/install/whl_system/include/whl_system/whl_system/msg/arm_info.h
-- Installing: /home/user/qiaoyin/install/whl_system/share/whl_system/environment/library_path.sh
-- Installing: /home/user/qiaoyin/install/whl_system/share/whl_system/environment/library_path.dsv
-- Installing: /home/user/qiaoyin/install/whl_system/lib/libwhl_system__rosidl_generator_c.so
-- Set runtime path of "/home/user/qiaoyin/install/whl_system/lib/libwhl_system__rosidl_generator_c.so" to ""
-- Up-to-date: /home/user/qiaoyin/install/whl_system/include/whl_system/whl_system
-- Up-to-date: /home/user/qiaoyin/install/whl_system/include/whl_system/whl_system/srv
-- Up-to-date: /home/user/qiaoyin/install/whl_system/include/whl_system/whl_system/srv/detail
-- Installing: /home/user/qiaoyin/install/whl_system/include/whl_system/whl_system/srv/detail/inout_struct__rosidl_typesupport_fastrtps_c.h
-- Up-to-date: /home/user/qiaoyin/install/whl_system/include/whl_system/whl_system/msg
-- Up-to-date: /home/user/qiaoyin/install/whl_system/include/whl_system/whl_system/msg/detail
-- Installing: /home/user/qiaoyin/install/whl_system/include/whl_system/whl_system/msg/detail/arm_info__rosidl_typesupport_fastrtps_c.h
-- Installing: /home/user/qiaoyin/install/whl_system/include/whl_system/whl_system/msg/detail/agv_info__rosidl_typesupport_fastrtps_c.h
-- Installing: /home/user/qiaoyin/install/whl_system/include/whl_system/whl_system/msg/rosidl_typesupport_fastrtps_c__visibility_control.h
-- Installing: /home/user/qiaoyin/install/whl_system/lib/libwhl_system__rosidl_typesupport_fastrtps_c.so
-- Set runtime path of "/home/user/qiaoyin/install/whl_system/lib/libwhl_system__rosidl_typesupport_fastrtps_c.so" to ""
-- Up-to-date: /home/user/qiaoyin/install/whl_system/include/whl_system/whl_system
-- Up-to-date: /home/user/qiaoyin/install/whl_system/include/whl_system/whl_system/srv
-- Up-to-date: /home/user/qiaoyin/install/whl_system/include/whl_system/whl_system/srv/detail
-- Installing: /home/user/qiaoyin/install/whl_system/include/whl_system/whl_system/srv/detail/inout_struct__traits.hpp
-- Installing: /home/user/qiaoyin/install/whl_system/include/whl_system/whl_system/srv/detail/inout_struct__builder.hpp
-- Installing: /home/user/qiaoyin/install/whl_system/include/whl_system/whl_system/srv/detail/inout_struct__type_support.hpp
-- Installing: /home/user/qiaoyin/install/whl_system/include/whl_system/whl_system/srv/detail/inout_struct__struct.hpp
-- Installing: /home/user/qiaoyin/install/whl_system/include/whl_system/whl_system/srv/inout_struct.hpp
-- Up-to-date: /home/user/qiaoyin/install/whl_system/include/whl_system/whl_system/msg
-- Installing: /home/user/qiaoyin/install/whl_system/include/whl_system/whl_system/msg/agv_info.hpp
-- Installing: /home/user/qiaoyin/install/whl_system/include/whl_system/whl_system/msg/rosidl_generator_cpp__visibility_control.hpp
-- Up-to-date: /home/user/qiaoyin/install/whl_system/include/whl_system/whl_system/msg/detail
-- Installing: /home/user/qiaoyin/install/whl_system/include/whl_system/whl_system/msg/detail/agv_info__struct.hpp
-- Installing: /home/user/qiaoyin/install/whl_system/include/whl_system/whl_system/msg/detail/arm_info__builder.hpp
-- Installing: /home/user/qiaoyin/install/whl_system/include/whl_system/whl_system/msg/detail/arm_info__struct.hpp
-- Installing: /home/user/qiaoyin/install/whl_system/include/whl_system/whl_system/msg/detail/agv_info__builder.hpp
-- Installing: /home/user/qiaoyin/install/whl_system/include/whl_system/whl_system/msg/detail/arm_info__type_support.hpp
-- Installing: /home/user/qiaoyin/install/whl_system/include/whl_system/whl_system/msg/detail/agv_info__traits.hpp
-- Installing: /home/user/qiaoyin/install/whl_system/include/whl_system/whl_system/msg/detail/agv_info__type_support.hpp
-- Installing: /home/user/qiaoyin/install/whl_system/include/whl_system/whl_system/msg/detail/arm_info__traits.hpp
-- Installing: /home/user/qiaoyin/install/whl_system/include/whl_system/whl_system/msg/arm_info.hpp
-- Up-to-date: /home/user/qiaoyin/install/whl_system/include/whl_system/whl_system
-- Up-to-date: /home/user/qiaoyin/install/whl_system/include/whl_system/whl_system/srv
-- Up-to-date: /home/user/qiaoyin/install/whl_system/include/whl_system/whl_system/srv/detail
-- Installing: /home/user/qiaoyin/install/whl_system/include/whl_system/whl_system/srv/detail/inout_struct__rosidl_typesupport_fastrtps_cpp.hpp
-- Installing: /home/user/qiaoyin/install/whl_system/include/whl_system/whl_system/srv/detail/dds_fastrtps
-- Up-to-date: /home/user/qiaoyin/install/whl_system/include/whl_system/whl_system/msg
-- Installing: /home/user/qiaoyin/install/whl_system/include/whl_system/whl_system/msg/rosidl_typesupport_fastrtps_cpp__visibility_control.h
-- Up-to-date: /home/user/qiaoyin/install/whl_system/include/whl_system/whl_system/msg/detail
-- Installing: /home/user/qiaoyin/install/whl_system/include/whl_system/whl_system/msg/detail/arm_info__rosidl_typesupport_fastrtps_cpp.hpp
-- Installing: /home/user/qiaoyin/install/whl_system/include/whl_system/whl_system/msg/detail/agv_info__rosidl_typesupport_fastrtps_cpp.hpp
-- Installing: /home/user/qiaoyin/install/whl_system/include/whl_system/whl_system/msg/detail/dds_fastrtps
-- Installing: /home/user/qiaoyin/install/whl_system/lib/libwhl_system__rosidl_typesupport_fastrtps_cpp.so
-- Set runtime path of "/home/user/qiaoyin/install/whl_system/lib/libwhl_system__rosidl_typesupport_fastrtps_cpp.so" to ""
-- Up-to-date: /home/user/qiaoyin/install/whl_system/include/whl_system/whl_system
-- Up-to-date: /home/user/qiaoyin/install/whl_system/include/whl_system/whl_system/srv
-- Up-to-date: /home/user/qiaoyin/install/whl_system/include/whl_system/whl_system/srv/detail
-- Installing: /home/user/qiaoyin/install/whl_system/include/whl_system/whl_system/srv/detail/inout_struct__rosidl_typesupport_introspection_c.h
-- Installing: /home/user/qiaoyin/install/whl_system/include/whl_system/whl_system/srv/detail/inout_struct__type_support.c
-- Up-to-date: /home/user/qiaoyin/install/whl_system/include/whl_system/whl_system/msg
-- Up-to-date: /home/user/qiaoyin/install/whl_system/include/whl_system/whl_system/msg/detail
-- Installing: /home/user/qiaoyin/install/whl_system/include/whl_system/whl_system/msg/detail/arm_info__rosidl_typesupport_introspection_c.h
-- Installing: /home/user/qiaoyin/install/whl_system/include/whl_system/whl_system/msg/detail/agv_info__rosidl_typesupport_introspection_c.h
-- Installing: /home/user/qiaoyin/install/whl_system/include/whl_system/whl_system/msg/detail/arm_info__type_support.c
-- Installing: /home/user/qiaoyin/install/whl_system/include/whl_system/whl_system/msg/detail/agv_info__type_support.c
-- Installing: /home/user/qiaoyin/install/whl_system/include/whl_system/whl_system/msg/rosidl_typesupport_introspection_c__visibility_control.h
-- Installing: /home/user/qiaoyin/install/whl_system/lib/libwhl_system__rosidl_typesupport_introspection_c.so
-- Set runtime path of "/home/user/qiaoyin/install/whl_system/lib/libwhl_system__rosidl_typesupport_introspection_c.so" to ""
-- Installing: /home/user/qiaoyin/install/whl_system/lib/libwhl_system__rosidl_typesupport_c.so
-- Set runtime path of "/home/user/qiaoyin/install/whl_system/lib/libwhl_system__rosidl_typesupport_c.so" to ""
-- Up-to-date: /home/user/qiaoyin/install/whl_system/include/whl_system/whl_system
-- Up-to-date: /home/user/qiaoyin/install/whl_system/include/whl_system/whl_system/srv
-- Up-to-date: /home/user/qiaoyin/install/whl_system/include/whl_system/whl_system/srv/detail
-- Installing: /home/user/qiaoyin/install/whl_system/include/whl_system/whl_system/srv/detail/inout_struct__type_support.cpp
-- Installing: /home/user/qiaoyin/install/whl_system/include/whl_system/whl_system/srv/detail/inout_struct__rosidl_typesupport_introspection_cpp.hpp
-- Up-to-date: /home/user/qiaoyin/install/whl_system/include/whl_system/whl_system/msg
-- Up-to-date: /home/user/qiaoyin/install/whl_system/include/whl_system/whl_system/msg/detail
-- Installing: /home/user/qiaoyin/install/whl_system/include/whl_system/whl_system/msg/detail/arm_info__rosidl_typesupport_introspection_cpp.hpp
-- Installing: /home/user/qiaoyin/install/whl_system/include/whl_system/whl_system/msg/detail/agv_info__type_support.cpp
-- Installing: /home/user/qiaoyin/install/whl_system/include/whl_system/whl_system/msg/detail/agv_info__rosidl_typesupport_introspection_cpp.hpp
-- Installing: /home/user/qiaoyin/install/whl_system/include/whl_system/whl_system/msg/detail/arm_info__type_support.cpp
-- Installing: /home/user/qiaoyin/install/whl_system/lib/libwhl_system__rosidl_typesupport_introspection_cpp.so
-- Set runtime path of "/home/user/qiaoyin/install/whl_system/lib/libwhl_system__rosidl_typesupport_introspection_cpp.so" to ""
-- Installing: /home/user/qiaoyin/install/whl_system/lib/libwhl_system__rosidl_typesupport_cpp.so
-- Set runtime path of "/home/user/qiaoyin/install/whl_system/lib/libwhl_system__rosidl_typesupport_cpp.so" to ""
-- Installing: /home/user/qiaoyin/install/whl_system/share/whl_system/environment/pythonpath.sh
-- Installing: /home/user/qiaoyin/install/whl_system/share/whl_system/environment/pythonpath.dsv
-- Installing: /home/user/qiaoyin/install/whl_system/local/lib/python3.10/dist-packages/whl_system-0.0.0-py3.10.egg-info
-- Installing: /home/user/qiaoyin/install/whl_system/local/lib/python3.10/dist-packages/whl_system-0.0.0-py3.10.egg-info/PKG-INFO
-- Installing: /home/user/qiaoyin/install/whl_system/local/lib/python3.10/dist-packages/whl_system-0.0.0-py3.10.egg-info/top_level.txt
-- Installing: /home/user/qiaoyin/install/whl_system/local/lib/python3.10/dist-packages/whl_system-0.0.0-py3.10.egg-info/SOURCES.txt
-- Installing: /home/user/qiaoyin/install/whl_system/local/lib/python3.10/dist-packages/whl_system-0.0.0-py3.10.egg-info/dependency_links.txt
-- Installing: /home/user/qiaoyin/install/whl_system/local/lib/python3.10/dist-packages/whl_system
-- Installing: /home/user/qiaoyin/install/whl_system/local/lib/python3.10/dist-packages/whl_system/_whl_system_s.ep.rosidl_typesupport_c.c
-- Installing: /home/user/qiaoyin/install/whl_system/local/lib/python3.10/dist-packages/whl_system/libwhl_system__rosidl_generator_py.so
-- Installing: /home/user/qiaoyin/install/whl_system/local/lib/python3.10/dist-packages/whl_system/srv
-- Installing: /home/user/qiaoyin/install/whl_system/local/lib/python3.10/dist-packages/whl_system/srv/_inout_struct_s.c
-- Installing: /home/user/qiaoyin/install/whl_system/local/lib/python3.10/dist-packages/whl_system/srv/__init__.py
-- Installing: /home/user/qiaoyin/install/whl_system/local/lib/python3.10/dist-packages/whl_system/srv/_inout_struct.py
-- Installing: /home/user/qiaoyin/install/whl_system/local/lib/python3.10/dist-packages/whl_system/_whl_system_s.ep.rosidl_typesupport_fastrtps_c.c
-- Installing: /home/user/qiaoyin/install/whl_system/local/lib/python3.10/dist-packages/whl_system/whl_system_s__rosidl_typesupport_c.cpython-310-x86_64-linux-gnu.so
-- Installing: /home/user/qiaoyin/install/whl_system/local/lib/python3.10/dist-packages/whl_system/_whl_system_s.ep.rosidl_typesupport_introspection_c.c
-- Installing: /home/user/qiaoyin/install/whl_system/local/lib/python3.10/dist-packages/whl_system/__init__.py
-- Installing: /home/user/qiaoyin/install/whl_system/local/lib/python3.10/dist-packages/whl_system/whl_system_s__rosidl_typesupport_fastrtps_c.cpython-310-x86_64-linux-gnu.so
-- Installing: /home/user/qiaoyin/install/whl_system/local/lib/python3.10/dist-packages/whl_system/whl_system_s__rosidl_typesupport_introspection_c.cpython-310-x86_64-linux-gnu.so
-- Installing: /home/user/qiaoyin/install/whl_system/local/lib/python3.10/dist-packages/whl_system/msg
-- Installing: /home/user/qiaoyin/install/whl_system/local/lib/python3.10/dist-packages/whl_system/msg/_arm_info_s.c
-- Installing: /home/user/qiaoyin/install/whl_system/local/lib/python3.10/dist-packages/whl_system/msg/_agv_info.py
-- Installing: /home/user/qiaoyin/install/whl_system/local/lib/python3.10/dist-packages/whl_system/msg/__init__.py
-- Installing: /home/user/qiaoyin/install/whl_system/local/lib/python3.10/dist-packages/whl_system/msg/_arm_info.py
-- Installing: /home/user/qiaoyin/install/whl_system/local/lib/python3.10/dist-packages/whl_system/msg/_agv_info_s.c
Listing '/home/user/qiaoyin/install/whl_system/local/lib/python3.10/dist-packages/whl_system'...
Compiling '/home/user/qiaoyin/install/whl_system/local/lib/python3.10/dist-packages/whl_system/__init__.py'...
Listing '/home/user/qiaoyin/install/whl_system/local/lib/python3.10/dist-packages/whl_system/msg'...
Compiling '/home/user/qiaoyin/install/whl_system/local/lib/python3.10/dist-packages/whl_system/msg/__init__.py'...
Compiling '/home/user/qiaoyin/install/whl_system/local/lib/python3.10/dist-packages/whl_system/msg/_agv_info.py'...
Compiling '/home/user/qiaoyin/install/whl_system/local/lib/python3.10/dist-packages/whl_system/msg/_arm_info.py'...
Listing '/home/user/qiaoyin/install/whl_system/local/lib/python3.10/dist-packages/whl_system/srv'...
Compiling '/home/user/qiaoyin/install/whl_system/local/lib/python3.10/dist-packages/whl_system/srv/__init__.py'...
Compiling '/home/user/qiaoyin/install/whl_system/local/lib/python3.10/dist-packages/whl_system/srv/_inout_struct.py'...
-- Installing: /home/user/qiaoyin/install/whl_system/local/lib/python3.10/dist-packages/whl_system/whl_system_s__rosidl_typesupport_fastrtps_c.cpython-310-x86_64-linux-gnu.so
-- Set runtime path of "/home/user/qiaoyin/install/whl_system/local/lib/python3.10/dist-packages/whl_system/whl_system_s__rosidl_typesupport_fastrtps_c.cpython-310-x86_64-linux-gnu.so" to ""
-- Installing: /home/user/qiaoyin/install/whl_system/local/lib/python3.10/dist-packages/whl_system/whl_system_s__rosidl_typesupport_introspection_c.cpython-310-x86_64-linux-gnu.so
-- Set runtime path of "/home/user/qiaoyin/install/whl_system/local/lib/python3.10/dist-packages/whl_system/whl_system_s__rosidl_typesupport_introspection_c.cpython-310-x86_64-linux-gnu.so" to ""
-- Installing: /home/user/qiaoyin/install/whl_system/local/lib/python3.10/dist-packages/whl_system/whl_system_s__rosidl_typesupport_c.cpython-310-x86_64-linux-gnu.so
-- Set runtime path of "/home/user/qiaoyin/install/whl_system/local/lib/python3.10/dist-packages/whl_system/whl_system_s__rosidl_typesupport_c.cpython-310-x86_64-linux-gnu.so" to ""
-- Installing: /home/user/qiaoyin/install/whl_system/lib/libwhl_system__rosidl_generator_py.so
-- Set runtime path of "/home/user/qiaoyin/install/whl_system/lib/libwhl_system__rosidl_generator_py.so" to ""
-- Installing: /home/user/qiaoyin/install/whl_system/share/whl_system/srv/InoutStruct.idl
-- Installing: /home/user/qiaoyin/install/whl_system/share/whl_system/msg/ArmInfo.idl
-- Installing: /home/user/qiaoyin/install/whl_system/share/whl_system/msg/AgvInfo.idl
-- Installing: /home/user/qiaoyin/install/whl_system/share/whl_system/srv/InoutStruct.srv
-- Installing: /home/user/qiaoyin/install/whl_system/share/whl_system/srv/InoutStruct_Request.msg
-- Installing: /home/user/qiaoyin/install/whl_system/share/whl_system/srv/InoutStruct_Response.msg
-- Installing: /home/user/qiaoyin/install/whl_system/share/whl_system/msg/ArmInfo.msg
-- Installing: /home/user/qiaoyin/install/whl_system/share/whl_system/msg/AgvInfo.msg
-- Installing: /home/user/qiaoyin/install/whl_system/lib/whl_system/wheelloong_system_node
-- Set runtime path of "/home/user/qiaoyin/install/whl_system/lib/whl_system/wheelloong_system_node" to ""
-- Installing: /home/user/qiaoyin/install/whl_system/share/ament_index/resource_index/package_run_dependencies/whl_system
-- Installing: /home/user/qiaoyin/install/whl_system/share/ament_index/resource_index/parent_prefix_path/whl_system
-- Installing: /home/user/qiaoyin/install/whl_system/share/whl_system/environment/ament_prefix_path.sh
-- Installing: /home/user/qiaoyin/install/whl_system/share/whl_system/environment/ament_prefix_path.dsv
-- Installing: /home/user/qiaoyin/install/whl_system/share/whl_system/environment/path.sh
-- Installing: /home/user/qiaoyin/install/whl_system/share/whl_system/environment/path.dsv
-- Installing: /home/user/qiaoyin/install/whl_system/share/whl_system/local_setup.bash
-- Installing: /home/user/qiaoyin/install/whl_system/share/whl_system/local_setup.sh
-- Installing: /home/user/qiaoyin/install/whl_system/share/whl_system/local_setup.zsh
-- Installing: /home/user/qiaoyin/install/whl_system/share/whl_system/local_setup.dsv
-- Installing: /home/user/qiaoyin/install/whl_system/share/whl_system/package.dsv
-- Installing: /home/user/qiaoyin/install/whl_system/share/ament_index/resource_index/packages/whl_system
-- Installing: /home/user/qiaoyin/install/whl_system/share/whl_system/cmake/export_whl_system__rosidl_generator_cExport.cmake
-- Installing: /home/user/qiaoyin/install/whl_system/share/whl_system/cmake/export_whl_system__rosidl_generator_cExport-noconfig.cmake
-- Installing: /home/user/qiaoyin/install/whl_system/share/whl_system/cmake/export_whl_system__rosidl_typesupport_fastrtps_cExport.cmake
-- Installing: /home/user/qiaoyin/install/whl_system/share/whl_system/cmake/export_whl_system__rosidl_typesupport_fastrtps_cExport-noconfig.cmake
-- Installing: /home/user/qiaoyin/install/whl_system/share/whl_system/cmake/export_whl_system__rosidl_generator_cppExport.cmake
-- Installing: /home/user/qiaoyin/install/whl_system/share/whl_system/cmake/export_whl_system__rosidl_typesupport_fastrtps_cppExport.cmake
-- Installing: /home/user/qiaoyin/install/whl_system/share/whl_system/cmake/export_whl_system__rosidl_typesupport_fastrtps_cppExport-noconfig.cmake
-- Installing: /home/user/qiaoyin/install/whl_system/share/whl_system/cmake/whl_system__rosidl_typesupport_introspection_cExport.cmake
-- Installing: /home/user/qiaoyin/install/whl_system/share/whl_system/cmake/whl_system__rosidl_typesupport_introspection_cExport-noconfig.cmake
-- Installing: /home/user/qiaoyin/install/whl_system/share/whl_system/cmake/whl_system__rosidl_typesupport_cExport.cmake
-- Installing: /home/user/qiaoyin/install/whl_system/share/whl_system/cmake/whl_system__rosidl_typesupport_cExport-noconfig.cmake
-- Installing: /home/user/qiaoyin/install/whl_system/share/whl_system/cmake/whl_system__rosidl_typesupport_introspection_cppExport.cmake
-- Installing: /home/user/qiaoyin/install/whl_system/share/whl_system/cmake/whl_system__rosidl_typesupport_introspection_cppExport-noconfig.cmake
-- Installing: /home/user/qiaoyin/install/whl_system/share/whl_system/cmake/whl_system__rosidl_typesupport_cppExport.cmake
-- Installing: /home/user/qiaoyin/install/whl_system/share/whl_system/cmake/whl_system__rosidl_typesupport_cppExport-noconfig.cmake
-- Installing: /home/user/qiaoyin/install/whl_system/share/whl_system/cmake/export_whl_system__rosidl_generator_pyExport.cmake
-- Installing: /home/user/qiaoyin/install/whl_system/share/whl_system/cmake/export_whl_system__rosidl_generator_pyExport-noconfig.cmake
-- Installing: /home/user/qiaoyin/install/whl_system/share/whl_system/cmake/rosidl_cmake-extras.cmake
-- Installing: /home/user/qiaoyin/install/whl_system/share/whl_system/cmake/ament_cmake_export_include_directories-extras.cmake
-- Installing: /home/user/qiaoyin/install/whl_system/share/whl_system/cmake/ament_cmake_export_libraries-extras.cmake
-- Installing: /home/user/qiaoyin/install/whl_system/share/whl_system/cmake/ament_cmake_export_targets-extras.cmake
-- Installing: /home/user/qiaoyin/install/whl_system/share/whl_system/cmake/rosidl_cmake_export_typesupport_targets-extras.cmake
-- Installing: /home/user/qiaoyin/install/whl_system/share/whl_system/cmake/ament_cmake_export_dependencies-extras.cmake
-- Installing: /home/user/qiaoyin/install/whl_system/share/whl_system/cmake/rosidl_cmake_export_typesupport_libraries-extras.cmake
-- Installing: /home/user/qiaoyin/install/whl_system/share/whl_system/cmake/whl_systemConfig.cmake
-- Installing: /home/user/qiaoyin/install/whl_system/share/whl_system/cmake/whl_systemConfig-version.cmake
-- Installing: /home/user/qiaoyin/install/whl_system/share/whl_system/package.xml
