[0.006s] Invoking command in '/home/user/qiaoyin/build/wheelloong_utillity': CMAKE_PREFIX_PATH=/opt/ros/humble /usr/bin/cmake /home/user/qiaoyin/wheelloong_utillity -DCMAKE_INSTALL_PREFIX=/home/user/qiaoyin/install/wheelloong_utillity
[0.070s] -- The C compiler identification is GNU 11.4.0
[0.119s] -- The CXX compiler identification is GNU 11.4.0
[0.126s] -- Detecting C compiler ABI info
[0.178s] -- Detecting C compiler ABI info - done
[0.183s] -- Check for working C compiler: /usr/bin/cc - skipped
[0.183s] -- Detecting C compile features
[0.183s] -- Detecting C compile features - done
[0.185s] -- Detecting CXX compiler ABI info
[0.236s] -- Detecting CXX compiler ABI info - done
[0.241s] -- Check for working CXX compiler: /usr/bin/c++ - skipped
[0.241s] -- Detecting CXX compile features
[0.241s] -- Detecting CXX compile features - done
[0.244s] -- Found ament_cmake: 1.3.11 (/opt/ros/humble/share/ament_cmake/cmake)
[0.342s] -- Found Python3: /usr/bin/python3 (found version "3.10.12") found components: Interpreter 
[0.402s] -- Found ament_lint_auto: 0.12.11 (/opt/ros/humble/share/ament_lint_auto/cmake)
[0.464s] -- Added test 'cppcheck' to perform static code analysis on C / C++ code
[0.464s] -- Configured cppcheck include dirs: 
[0.464s] -- Configured cppcheck exclude dirs and/or files: 
[0.469s] -- Added test 'lint_cmake' to check CMake code style
[0.483s] -- Added test 'uncrustify' to check C / C++ code style
[0.483s] -- Configured uncrustify additional arguments: 
[0.485s] -- Added test 'xmllint' to check XML markup files
[0.485s] -- Configuring done
[0.486s] -- Generating done
[0.487s] -- Build files have been written to: /home/user/qiaoyin/build/wheelloong_utillity
[0.491s] Invoked command in '/home/user/qiaoyin/build/wheelloong_utillity' returned '0': CMAKE_PREFIX_PATH=/opt/ros/humble /usr/bin/cmake /home/user/qiaoyin/wheelloong_utillity -DCMAKE_INSTALL_PREFIX=/home/user/qiaoyin/install/wheelloong_utillity
[0.491s] Invoking command in '/home/user/qiaoyin/build/wheelloong_utillity': CMAKE_PREFIX_PATH=/opt/ros/humble /usr/bin/cmake --build /home/user/qiaoyin/build/wheelloong_utillity -- -j24 -l24
[0.514s] Invoked command in '/home/user/qiaoyin/build/wheelloong_utillity' returned '0': CMAKE_PREFIX_PATH=/opt/ros/humble /usr/bin/cmake --build /home/user/qiaoyin/build/wheelloong_utillity -- -j24 -l24
[0.515s] Invoking command in '/home/user/qiaoyin/build/wheelloong_utillity': CMAKE_PREFIX_PATH=/opt/ros/humble /usr/bin/cmake --install /home/user/qiaoyin/build/wheelloong_utillity
[0.519s] -- Install configuration: ""
[0.519s] -- Installing: /home/user/qiaoyin/install/wheelloong_utillity/share/ament_index/resource_index/package_run_dependencies/wheelloong_utillity
[0.519s] -- Installing: /home/user/qiaoyin/install/wheelloong_utillity/share/ament_index/resource_index/parent_prefix_path/wheelloong_utillity
[0.519s] -- Installing: /home/user/qiaoyin/install/wheelloong_utillity/share/wheelloong_utillity/environment/ament_prefix_path.sh
[0.519s] -- Installing: /home/user/qiaoyin/install/wheelloong_utillity/share/wheelloong_utillity/environment/ament_prefix_path.dsv
[0.519s] -- Installing: /home/user/qiaoyin/install/wheelloong_utillity/share/wheelloong_utillity/environment/path.sh
[0.519s] -- Installing: /home/user/qiaoyin/install/wheelloong_utillity/share/wheelloong_utillity/environment/path.dsv
[0.519s] -- Installing: /home/user/qiaoyin/install/wheelloong_utillity/share/wheelloong_utillity/local_setup.bash
[0.519s] -- Installing: /home/user/qiaoyin/install/wheelloong_utillity/share/wheelloong_utillity/local_setup.sh
[0.519s] -- Installing: /home/user/qiaoyin/install/wheelloong_utillity/share/wheelloong_utillity/local_setup.zsh
[0.519s] -- Installing: /home/user/qiaoyin/install/wheelloong_utillity/share/wheelloong_utillity/local_setup.dsv
[0.519s] -- Installing: /home/user/qiaoyin/install/wheelloong_utillity/share/wheelloong_utillity/package.dsv
[0.519s] -- Installing: /home/user/qiaoyin/install/wheelloong_utillity/share/ament_index/resource_index/packages/wheelloong_utillity
[0.519s] -- Installing: /home/user/qiaoyin/install/wheelloong_utillity/share/wheelloong_utillity/cmake/wheelloong_utillityConfig.cmake
[0.520s] -- Installing: /home/user/qiaoyin/install/wheelloong_utillity/share/wheelloong_utillity/cmake/wheelloong_utillityConfig-version.cmake
[0.520s] -- Installing: /home/user/qiaoyin/install/wheelloong_utillity/share/wheelloong_utillity/package.xml
[0.521s] Invoked command in '/home/user/qiaoyin/build/wheelloong_utillity' returned '0': CMAKE_PREFIX_PATH=/opt/ros/humble /usr/bin/cmake --install /home/user/qiaoyin/build/wheelloong_utillity
