[0.058s] DEBUG:colcon:Command line arguments: ['/usr/bin/colcon', 'build']
[0.058s] DEBUG:colcon:Parsed command line arguments: Namespace(log_base=None, log_level=None, verb_name='build', build_base='build', install_base='install', merge_install=False, symlink_install=False, test_result_base=None, continue_on_error=False, executor='parallel', parallel_workers=24, event_handlers=None, ignore_user_meta=False, metas=['./colcon.meta'], base_paths=['.'], packages_ignore=None, packages_ignore_regex=None, paths=None, packages_up_to=None, packages_up_to_regex=None, packages_above=None, packages_above_and_dependencies=None, packages_above_depth=None, packages_select_by_dep=None, packages_skip_by_dep=None, packages_skip_up_to=None, packages_select_build_failed=False, packages_skip_build_finished=False, packages_select_test_failures=False, packages_skip_test_passed=False, packages_select=None, packages_skip=None, packages_select_regex=None, packages_skip_regex=None, packages_start=None, packages_end=None, allow_overriding=[], cmake_args=None, cmake_target=None, cmake_target_skip_unavailable=False, cmake_clean_cache=False, cmake_clean_first=False, cmake_force_configure=False, ament_cmake_args=None, catkin_cmake_args=None, catkin_skip_building_tests=False, mixin_files=None, mixin=None, verb_parser=<colcon_mixin.mixin.mixin_argument.MixinArgumentDecorator object at 0x7d7579e6d270>, verb_extension=<colcon_core.verb.build.BuildVerb object at 0x7d7579e6c3d0>, main=<bound method BuildVerb.main of <colcon_core.verb.build.BuildVerb object at 0x7d7579e6c3d0>>, mixin_verb=('build',))
[0.135s] Level 1:colcon.colcon_core.package_discovery:discover_packages(colcon_meta) check parameters
[0.135s] Level 1:colcon.colcon_core.package_discovery:discover_packages(recursive) check parameters
[0.135s] Level 1:colcon.colcon_core.package_discovery:discover_packages(ignore) check parameters
[0.135s] Level 1:colcon.colcon_core.package_discovery:discover_packages(path) check parameters
[0.135s] Level 1:colcon.colcon_core.package_discovery:discover_packages(colcon_meta) discover
[0.135s] Level 1:colcon.colcon_core.package_discovery:discover_packages(recursive) discover
[0.135s] INFO:colcon.colcon_core.package_discovery:Crawling recursively for packages in '/home/user/qiaoyin'
[0.135s] Level 1:colcon.colcon_core.package_identification:_identify(.) by extensions ['ignore', 'ignore_ament_install']
[0.135s] Level 1:colcon.colcon_core.package_identification:_identify(.) by extension 'ignore'
[0.135s] Level 1:colcon.colcon_core.package_identification:_identify(.) by extension 'ignore_ament_install'
[0.135s] Level 1:colcon.colcon_core.package_identification:_identify(.) by extensions ['colcon_pkg']
[0.135s] Level 1:colcon.colcon_core.package_identification:_identify(.) by extension 'colcon_pkg'
[0.135s] Level 1:colcon.colcon_core.package_identification:_identify(.) by extensions ['colcon_meta']
[0.136s] Level 1:colcon.colcon_core.package_identification:_identify(.) by extension 'colcon_meta'
[0.136s] Level 1:colcon.colcon_core.package_identification:_identify(.) by extensions ['ros']
[0.136s] Level 1:colcon.colcon_core.package_identification:_identify(.) by extension 'ros'
[0.142s] Level 1:colcon.colcon_core.package_identification:_identify(.) by extensions ['cmake', 'python']
[0.142s] Level 1:colcon.colcon_core.package_identification:_identify(.) by extension 'cmake'
[0.142s] Level 1:colcon.colcon_core.package_identification:_identify(.) by extension 'python'
[0.142s] Level 1:colcon.colcon_core.package_identification:_identify(.) by extensions ['python_setup_py']
[0.142s] Level 1:colcon.colcon_core.package_identification:_identify(.) by extension 'python_setup_py'
[0.142s] Level 1:colcon.colcon_core.package_identification:_identify(build) by extensions ['ignore', 'ignore_ament_install']
[0.142s] Level 1:colcon.colcon_core.package_identification:_identify(build) by extension 'ignore'
[0.142s] Level 1:colcon.colcon_core.package_identification:_identify(build) ignored
[0.143s] Level 1:colcon.colcon_core.package_identification:_identify(install) by extensions ['ignore', 'ignore_ament_install']
[0.143s] Level 1:colcon.colcon_core.package_identification:_identify(install) by extension 'ignore'
[0.143s] Level 1:colcon.colcon_core.package_identification:_identify(install) ignored
[0.143s] Level 1:colcon.colcon_core.package_identification:_identify(log) by extensions ['ignore', 'ignore_ament_install']
[0.143s] Level 1:colcon.colcon_core.package_identification:_identify(log) by extension 'ignore'
[0.143s] Level 1:colcon.colcon_core.package_identification:_identify(log) ignored
[0.143s] Level 1:colcon.colcon_core.package_identification:_identify(src) by extensions ['ignore', 'ignore_ament_install']
[0.143s] Level 1:colcon.colcon_core.package_identification:_identify(src) by extension 'ignore'
[0.143s] Level 1:colcon.colcon_core.package_identification:_identify(src) by extension 'ignore_ament_install'
[0.143s] Level 1:colcon.colcon_core.package_identification:_identify(src) by extensions ['colcon_pkg']
[0.143s] Level 1:colcon.colcon_core.package_identification:_identify(src) by extension 'colcon_pkg'
[0.143s] Level 1:colcon.colcon_core.package_identification:_identify(src) by extensions ['colcon_meta']
[0.143s] Level 1:colcon.colcon_core.package_identification:_identify(src) by extension 'colcon_meta'
[0.143s] Level 1:colcon.colcon_core.package_identification:_identify(src) by extensions ['ros']
[0.143s] Level 1:colcon.colcon_core.package_identification:_identify(src) by extension 'ros'
[0.143s] Level 1:colcon.colcon_core.package_identification:_identify(src) by extensions ['cmake', 'python']
[0.143s] Level 1:colcon.colcon_core.package_identification:_identify(src) by extension 'cmake'
[0.143s] Level 1:colcon.colcon_core.package_identification:_identify(src) by extension 'python'
[0.143s] Level 1:colcon.colcon_core.package_identification:_identify(src) by extensions ['python_setup_py']
[0.143s] Level 1:colcon.colcon_core.package_identification:_identify(src) by extension 'python_setup_py'
[0.143s] Level 1:colcon.colcon_core.package_identification:_identify(src/driver) by extensions ['ignore', 'ignore_ament_install']
[0.143s] Level 1:colcon.colcon_core.package_identification:_identify(src/driver) by extension 'ignore'
[0.143s] Level 1:colcon.colcon_core.package_identification:_identify(src/driver) by extension 'ignore_ament_install'
[0.143s] Level 1:colcon.colcon_core.package_identification:_identify(src/driver) by extensions ['colcon_pkg']
[0.143s] Level 1:colcon.colcon_core.package_identification:_identify(src/driver) by extension 'colcon_pkg'
[0.143s] Level 1:colcon.colcon_core.package_identification:_identify(src/driver) by extensions ['colcon_meta']
[0.143s] Level 1:colcon.colcon_core.package_identification:_identify(src/driver) by extension 'colcon_meta'
[0.143s] Level 1:colcon.colcon_core.package_identification:_identify(src/driver) by extensions ['ros']
[0.143s] Level 1:colcon.colcon_core.package_identification:_identify(src/driver) by extension 'ros'
[0.145s] DEBUG:colcon.colcon_core.package_identification:Package 'src/driver' with type 'ros.ament_cmake' and name 'driver'
[0.145s] Level 1:colcon.colcon_core.package_identification:_identify(src/interface) by extensions ['ignore', 'ignore_ament_install']
[0.145s] Level 1:colcon.colcon_core.package_identification:_identify(src/interface) by extension 'ignore'
[0.145s] Level 1:colcon.colcon_core.package_identification:_identify(src/interface) by extension 'ignore_ament_install'
[0.145s] Level 1:colcon.colcon_core.package_identification:_identify(src/interface) by extensions ['colcon_pkg']
[0.145s] Level 1:colcon.colcon_core.package_identification:_identify(src/interface) by extension 'colcon_pkg'
[0.145s] Level 1:colcon.colcon_core.package_identification:_identify(src/interface) by extensions ['colcon_meta']
[0.145s] Level 1:colcon.colcon_core.package_identification:_identify(src/interface) by extension 'colcon_meta'
[0.145s] Level 1:colcon.colcon_core.package_identification:_identify(src/interface) by extensions ['ros']
[0.145s] Level 1:colcon.colcon_core.package_identification:_identify(src/interface) by extension 'ros'
[0.146s] DEBUG:colcon.colcon_core.package_identification:Package 'src/interface' with type 'ros.ament_cmake' and name 'interface'
[0.146s] Level 1:colcon.colcon_core.package_identification:_identify(src/system) by extensions ['ignore', 'ignore_ament_install']
[0.146s] Level 1:colcon.colcon_core.package_identification:_identify(src/system) by extension 'ignore'
[0.146s] Level 1:colcon.colcon_core.package_identification:_identify(src/system) by extension 'ignore_ament_install'
[0.146s] Level 1:colcon.colcon_core.package_identification:_identify(src/system) by extensions ['colcon_pkg']
[0.146s] Level 1:colcon.colcon_core.package_identification:_identify(src/system) by extension 'colcon_pkg'
[0.146s] Level 1:colcon.colcon_core.package_identification:_identify(src/system) by extensions ['colcon_meta']
[0.146s] Level 1:colcon.colcon_core.package_identification:_identify(src/system) by extension 'colcon_meta'
[0.146s] Level 1:colcon.colcon_core.package_identification:_identify(src/system) by extensions ['ros']
[0.146s] Level 1:colcon.colcon_core.package_identification:_identify(src/system) by extension 'ros'
[0.146s] DEBUG:colcon.colcon_core.package_identification:Package 'src/system' with type 'ros.ament_cmake' and name 'system'
[0.146s] Level 1:colcon.colcon_core.package_identification:_identify(src/whl_system) by extensions ['ignore', 'ignore_ament_install']
[0.147s] Level 1:colcon.colcon_core.package_identification:_identify(src/whl_system) by extension 'ignore'
[0.147s] Level 1:colcon.colcon_core.package_identification:_identify(src/whl_system) by extension 'ignore_ament_install'
[0.147s] Level 1:colcon.colcon_core.package_identification:_identify(src/whl_system) by extensions ['colcon_pkg']
[0.147s] Level 1:colcon.colcon_core.package_identification:_identify(src/whl_system) by extension 'colcon_pkg'
[0.147s] Level 1:colcon.colcon_core.package_identification:_identify(src/whl_system) by extensions ['colcon_meta']
[0.147s] Level 1:colcon.colcon_core.package_identification:_identify(src/whl_system) by extension 'colcon_meta'
[0.147s] Level 1:colcon.colcon_core.package_identification:_identify(src/whl_system) by extensions ['ros']
[0.147s] Level 1:colcon.colcon_core.package_identification:_identify(src/whl_system) by extension 'ros'
[0.147s] DEBUG:colcon.colcon_core.package_identification:Package 'src/whl_system' with type 'ros.ament_cmake' and name 'whl_system'
[0.147s] Level 1:colcon.colcon_core.package_discovery:discover_packages(recursive) using defaults
[0.147s] Level 1:colcon.colcon_core.package_discovery:discover_packages(ignore) discover
[0.147s] Level 1:colcon.colcon_core.package_discovery:discover_packages(ignore) using defaults
[0.147s] Level 1:colcon.colcon_core.package_discovery:discover_packages(path) discover
[0.147s] Level 1:colcon.colcon_core.package_discovery:discover_packages(path) using defaults
[0.166s] Level 1:colcon.colcon_core.package_discovery:discover_packages(prefix_path) check parameters
[0.166s] Level 1:colcon.colcon_core.package_discovery:discover_packages(prefix_path) discover
[0.167s] DEBUG:colcon.colcon_installed_package_information.package_discovery:Found 271 installed packages in /opt/ros/humble
[0.168s] Level 1:colcon.colcon_core.package_discovery:discover_packages(prefix_path) using defaults
[0.188s] Level 5:colcon.colcon_core.verb:set package 'driver' build argument 'cmake_args' from command line to 'None'
[0.189s] Level 5:colcon.colcon_core.verb:set package 'driver' build argument 'cmake_target' from command line to 'None'
[0.189s] Level 5:colcon.colcon_core.verb:set package 'driver' build argument 'cmake_target_skip_unavailable' from command line to 'False'
[0.189s] Level 5:colcon.colcon_core.verb:set package 'driver' build argument 'cmake_clean_cache' from command line to 'False'
[0.189s] Level 5:colcon.colcon_core.verb:set package 'driver' build argument 'cmake_clean_first' from command line to 'False'
[0.189s] Level 5:colcon.colcon_core.verb:set package 'driver' build argument 'cmake_force_configure' from command line to 'False'
[0.189s] Level 5:colcon.colcon_core.verb:set package 'driver' build argument 'ament_cmake_args' from command line to 'None'
[0.189s] Level 5:colcon.colcon_core.verb:set package 'driver' build argument 'catkin_cmake_args' from command line to 'None'
[0.189s] Level 5:colcon.colcon_core.verb:set package 'driver' build argument 'catkin_skip_building_tests' from command line to 'False'
[0.189s] DEBUG:colcon.colcon_core.verb:Building package 'driver' with the following arguments: {'ament_cmake_args': None, 'build_base': '/home/user/qiaoyin/build/driver', 'catkin_cmake_args': None, 'catkin_skip_building_tests': False, 'cmake_args': None, 'cmake_clean_cache': False, 'cmake_clean_first': False, 'cmake_force_configure': False, 'cmake_target': None, 'cmake_target_skip_unavailable': False, 'install_base': '/home/user/qiaoyin/install/driver', 'merge_install': False, 'path': '/home/user/qiaoyin/src/driver', 'symlink_install': False, 'test_result_base': None}
[0.189s] Level 5:colcon.colcon_core.verb:set package 'interface' build argument 'cmake_args' from command line to 'None'
[0.189s] Level 5:colcon.colcon_core.verb:set package 'interface' build argument 'cmake_target' from command line to 'None'
[0.189s] Level 5:colcon.colcon_core.verb:set package 'interface' build argument 'cmake_target_skip_unavailable' from command line to 'False'
[0.189s] Level 5:colcon.colcon_core.verb:set package 'interface' build argument 'cmake_clean_cache' from command line to 'False'
[0.189s] Level 5:colcon.colcon_core.verb:set package 'interface' build argument 'cmake_clean_first' from command line to 'False'
[0.189s] Level 5:colcon.colcon_core.verb:set package 'interface' build argument 'cmake_force_configure' from command line to 'False'
[0.189s] Level 5:colcon.colcon_core.verb:set package 'interface' build argument 'ament_cmake_args' from command line to 'None'
[0.189s] Level 5:colcon.colcon_core.verb:set package 'interface' build argument 'catkin_cmake_args' from command line to 'None'
[0.189s] Level 5:colcon.colcon_core.verb:set package 'interface' build argument 'catkin_skip_building_tests' from command line to 'False'
[0.189s] DEBUG:colcon.colcon_core.verb:Building package 'interface' with the following arguments: {'ament_cmake_args': None, 'build_base': '/home/user/qiaoyin/build/interface', 'catkin_cmake_args': None, 'catkin_skip_building_tests': False, 'cmake_args': None, 'cmake_clean_cache': False, 'cmake_clean_first': False, 'cmake_force_configure': False, 'cmake_target': None, 'cmake_target_skip_unavailable': False, 'install_base': '/home/user/qiaoyin/install/interface', 'merge_install': False, 'path': '/home/user/qiaoyin/src/interface', 'symlink_install': False, 'test_result_base': None}
[0.189s] Level 5:colcon.colcon_core.verb:set package 'system' build argument 'cmake_args' from command line to 'None'
[0.189s] Level 5:colcon.colcon_core.verb:set package 'system' build argument 'cmake_target' from command line to 'None'
[0.189s] Level 5:colcon.colcon_core.verb:set package 'system' build argument 'cmake_target_skip_unavailable' from command line to 'False'
[0.189s] Level 5:colcon.colcon_core.verb:set package 'system' build argument 'cmake_clean_cache' from command line to 'False'
[0.189s] Level 5:colcon.colcon_core.verb:set package 'system' build argument 'cmake_clean_first' from command line to 'False'
[0.189s] Level 5:colcon.colcon_core.verb:set package 'system' build argument 'cmake_force_configure' from command line to 'False'
[0.189s] Level 5:colcon.colcon_core.verb:set package 'system' build argument 'ament_cmake_args' from command line to 'None'
[0.189s] Level 5:colcon.colcon_core.verb:set package 'system' build argument 'catkin_cmake_args' from command line to 'None'
[0.189s] Level 5:colcon.colcon_core.verb:set package 'system' build argument 'catkin_skip_building_tests' from command line to 'False'
[0.189s] DEBUG:colcon.colcon_core.verb:Building package 'system' with the following arguments: {'ament_cmake_args': None, 'build_base': '/home/user/qiaoyin/build/system', 'catkin_cmake_args': None, 'catkin_skip_building_tests': False, 'cmake_args': None, 'cmake_clean_cache': False, 'cmake_clean_first': False, 'cmake_force_configure': False, 'cmake_target': None, 'cmake_target_skip_unavailable': False, 'install_base': '/home/user/qiaoyin/install/system', 'merge_install': False, 'path': '/home/user/qiaoyin/src/system', 'symlink_install': False, 'test_result_base': None}
[0.190s] Level 5:colcon.colcon_core.verb:set package 'whl_system' build argument 'cmake_args' from command line to 'None'
[0.190s] Level 5:colcon.colcon_core.verb:set package 'whl_system' build argument 'cmake_target' from command line to 'None'
[0.190s] Level 5:colcon.colcon_core.verb:set package 'whl_system' build argument 'cmake_target_skip_unavailable' from command line to 'False'
[0.190s] Level 5:colcon.colcon_core.verb:set package 'whl_system' build argument 'cmake_clean_cache' from command line to 'False'
[0.190s] Level 5:colcon.colcon_core.verb:set package 'whl_system' build argument 'cmake_clean_first' from command line to 'False'
[0.190s] Level 5:colcon.colcon_core.verb:set package 'whl_system' build argument 'cmake_force_configure' from command line to 'False'
[0.190s] Level 5:colcon.colcon_core.verb:set package 'whl_system' build argument 'ament_cmake_args' from command line to 'None'
[0.190s] Level 5:colcon.colcon_core.verb:set package 'whl_system' build argument 'catkin_cmake_args' from command line to 'None'
[0.190s] Level 5:colcon.colcon_core.verb:set package 'whl_system' build argument 'catkin_skip_building_tests' from command line to 'False'
[0.190s] DEBUG:colcon.colcon_core.verb:Building package 'whl_system' with the following arguments: {'ament_cmake_args': None, 'build_base': '/home/user/qiaoyin/build/whl_system', 'catkin_cmake_args': None, 'catkin_skip_building_tests': False, 'cmake_args': None, 'cmake_clean_cache': False, 'cmake_clean_first': False, 'cmake_force_configure': False, 'cmake_target': None, 'cmake_target_skip_unavailable': False, 'install_base': '/home/user/qiaoyin/install/whl_system', 'merge_install': False, 'path': '/home/user/qiaoyin/src/whl_system', 'symlink_install': False, 'test_result_base': None}
[0.190s] INFO:colcon.colcon_core.executor:Executing jobs using 'parallel' executor
[0.190s] DEBUG:colcon.colcon_parallel_executor.executor.parallel:run_until_complete
[0.191s] INFO:colcon.colcon_ros.task.ament_cmake.build:Building ROS package in '/home/user/qiaoyin/src/driver' with build type 'ament_cmake'
[0.191s] INFO:colcon.colcon_cmake.task.cmake.build:Building CMake package in '/home/user/qiaoyin/src/driver'
[0.192s] INFO:colcon.colcon_core.plugin_system:Skipping extension 'colcon_core.shell.bat': Not used on non-Windows systems
[0.192s] INFO:colcon.colcon_core.shell:Skip shell extension 'powershell' for command environment: Not usable outside of PowerShell
[0.192s] DEBUG:colcon.colcon_core.shell:Skip shell extension 'dsv' for command environment
[0.194s] INFO:colcon.colcon_ros.task.ament_cmake.build:Building ROS package in '/home/user/qiaoyin/src/interface' with build type 'ament_cmake'
[0.194s] INFO:colcon.colcon_cmake.task.cmake.build:Building CMake package in '/home/user/qiaoyin/src/interface'
[0.194s] INFO:colcon.colcon_core.shell:Skip shell extension 'powershell' for command environment: Not usable outside of PowerShell
[0.194s] DEBUG:colcon.colcon_core.shell:Skip shell extension 'dsv' for command environment
[0.196s] INFO:colcon.colcon_ros.task.ament_cmake.build:Building ROS package in '/home/user/qiaoyin/src/system' with build type 'ament_cmake'
[0.196s] INFO:colcon.colcon_cmake.task.cmake.build:Building CMake package in '/home/user/qiaoyin/src/system'
[0.196s] INFO:colcon.colcon_core.shell:Skip shell extension 'powershell' for command environment: Not usable outside of PowerShell
[0.196s] DEBUG:colcon.colcon_core.shell:Skip shell extension 'dsv' for command environment
[0.198s] INFO:colcon.colcon_ros.task.ament_cmake.build:Building ROS package in '/home/user/qiaoyin/src/whl_system' with build type 'ament_cmake'
[0.198s] INFO:colcon.colcon_cmake.task.cmake.build:Building CMake package in '/home/user/qiaoyin/src/whl_system'
[0.198s] INFO:colcon.colcon_core.shell:Skip shell extension 'powershell' for command environment: Not usable outside of PowerShell
[0.198s] DEBUG:colcon.colcon_core.shell:Skip shell extension 'dsv' for command environment
[0.202s] DEBUG:colcon.colcon_core.event_handler.log_command:Invoking command in '/home/user/qiaoyin/build/driver': CMAKE_PREFIX_PATH=/opt/ros/humble /usr/bin/cmake /home/user/qiaoyin/src/driver -DCMAKE_INSTALL_PREFIX=/home/user/qiaoyin/install/driver
[0.204s] DEBUG:colcon.colcon_core.event_handler.log_command:Invoking command in '/home/user/qiaoyin/build/interface': CMAKE_PREFIX_PATH=/opt/ros/humble /usr/bin/cmake --build /home/user/qiaoyin/build/interface -- -j24 -l24
[0.205s] DEBUG:colcon.colcon_core.event_handler.log_command:Invoking command in '/home/user/qiaoyin/build/system': CMAKE_PREFIX_PATH=/opt/ros/humble /usr/bin/cmake /home/user/qiaoyin/src/system -DCMAKE_INSTALL_PREFIX=/home/user/qiaoyin/install/system
[0.208s] DEBUG:colcon.colcon_core.event_handler.log_command:Invoking command in '/home/user/qiaoyin/build/whl_system': CMAKE_PREFIX_PATH=/opt/ros/humble /usr/bin/cmake --build /home/user/qiaoyin/build/whl_system -- -j24 -l24
[0.230s] DEBUG:colcon.colcon_core.event_handler.log_command:Invoked command in '/home/user/qiaoyin/build/interface' returned '0': CMAKE_PREFIX_PATH=/opt/ros/humble /usr/bin/cmake --build /home/user/qiaoyin/build/interface -- -j24 -l24
[0.237s] DEBUG:colcon.colcon_core.event_handler.log_command:Invoking command in '/home/user/qiaoyin/build/interface': CMAKE_PREFIX_PATH=/opt/ros/humble /usr/bin/cmake --install /home/user/qiaoyin/build/interface
[0.245s] Level 1:colcon.colcon_core.environment:create_environment_scripts_only(interface)
[0.245s] DEBUG:colcon.colcon_core.event_handler.log_command:Invoked command in '/home/user/qiaoyin/build/interface' returned '0': CMAKE_PREFIX_PATH=/opt/ros/humble /usr/bin/cmake --install /home/user/qiaoyin/build/interface
[0.247s] Level 1:colcon.colcon_core.environment:checking '/home/user/qiaoyin/install/interface' for CMake module files
[0.247s] Level 1:colcon.colcon_core.environment:checking '/home/user/qiaoyin/install/interface' for CMake config files
[0.247s] Level 1:colcon.colcon_core.shell:create_environment_hook('interface', 'cmake_prefix_path')
[0.247s] INFO:colcon.colcon_core.shell:Creating environment hook '/home/user/qiaoyin/install/interface/share/interface/hook/cmake_prefix_path.ps1'
[0.247s] INFO:colcon.colcon_core.shell:Creating environment descriptor '/home/user/qiaoyin/install/interface/share/interface/hook/cmake_prefix_path.dsv'
[0.248s] INFO:colcon.colcon_core.shell:Creating environment hook '/home/user/qiaoyin/install/interface/share/interface/hook/cmake_prefix_path.sh'
[0.248s] Level 1:colcon.colcon_core.environment:checking '/home/user/qiaoyin/install/interface/bin'
[0.248s] Level 1:colcon.colcon_core.environment:checking '/home/user/qiaoyin/install/interface/lib/pkgconfig/interface.pc'
[0.249s] Level 1:colcon.colcon_core.environment:checking '/home/user/qiaoyin/install/interface/lib/python3.10/site-packages'
[0.249s] Level 1:colcon.colcon_core.environment:checking '/home/user/qiaoyin/install/interface/bin'
[0.249s] INFO:colcon.colcon_core.shell:Creating package script '/home/user/qiaoyin/install/interface/share/interface/package.ps1'
[0.250s] INFO:colcon.colcon_core.shell:Creating package descriptor '/home/user/qiaoyin/install/interface/share/interface/package.dsv'
[0.250s] INFO:colcon.colcon_core.shell:Creating package script '/home/user/qiaoyin/install/interface/share/interface/package.sh'
[0.251s] INFO:colcon.colcon_core.shell:Creating package script '/home/user/qiaoyin/install/interface/share/interface/package.bash'
[0.251s] INFO:colcon.colcon_core.shell:Creating package script '/home/user/qiaoyin/install/interface/share/interface/package.zsh'
[0.251s] Level 1:colcon.colcon_core.environment:create_file_with_runtime_dependencies(/home/user/qiaoyin/install/interface/share/colcon-core/packages/interface)
[0.252s] Level 1:colcon.colcon_core.environment:create_environment_scripts_only(interface)
[0.252s] Level 1:colcon.colcon_core.environment:checking '/home/user/qiaoyin/install/interface' for CMake module files
[0.252s] Level 1:colcon.colcon_core.environment:checking '/home/user/qiaoyin/install/interface' for CMake config files
[0.252s] Level 1:colcon.colcon_core.shell:create_environment_hook('interface', 'cmake_prefix_path')
[0.252s] INFO:colcon.colcon_core.shell:Creating environment hook '/home/user/qiaoyin/install/interface/share/interface/hook/cmake_prefix_path.ps1'
[0.253s] INFO:colcon.colcon_core.shell:Creating environment descriptor '/home/user/qiaoyin/install/interface/share/interface/hook/cmake_prefix_path.dsv'
[0.253s] INFO:colcon.colcon_core.shell:Creating environment hook '/home/user/qiaoyin/install/interface/share/interface/hook/cmake_prefix_path.sh'
[0.253s] Level 1:colcon.colcon_core.environment:checking '/home/user/qiaoyin/install/interface/bin'
[0.253s] Level 1:colcon.colcon_core.environment:checking '/home/user/qiaoyin/install/interface/lib/pkgconfig/interface.pc'
[0.253s] Level 1:colcon.colcon_core.environment:checking '/home/user/qiaoyin/install/interface/lib/python3.10/site-packages'
[0.253s] Level 1:colcon.colcon_core.environment:checking '/home/user/qiaoyin/install/interface/bin'
[0.254s] INFO:colcon.colcon_core.shell:Creating package script '/home/user/qiaoyin/install/interface/share/interface/package.ps1'
[0.254s] INFO:colcon.colcon_core.shell:Creating package descriptor '/home/user/qiaoyin/install/interface/share/interface/package.dsv'
[0.254s] INFO:colcon.colcon_core.shell:Creating package script '/home/user/qiaoyin/install/interface/share/interface/package.sh'
[0.254s] INFO:colcon.colcon_core.shell:Creating package script '/home/user/qiaoyin/install/interface/share/interface/package.bash'
[0.255s] INFO:colcon.colcon_core.shell:Creating package script '/home/user/qiaoyin/install/interface/share/interface/package.zsh'
[0.255s] Level 1:colcon.colcon_core.environment:create_file_with_runtime_dependencies(/home/user/qiaoyin/install/interface/share/colcon-core/packages/interface)
[0.912s] DEBUG:colcon.colcon_core.event_handler.log_command:Invoked command in '/home/user/qiaoyin/build/driver' returned '0': CMAKE_PREFIX_PATH=/opt/ros/humble /usr/bin/cmake /home/user/qiaoyin/src/driver -DCMAKE_INSTALL_PREFIX=/home/user/qiaoyin/install/driver
[0.914s] DEBUG:colcon.colcon_core.event_handler.log_command:Invoking command in '/home/user/qiaoyin/build/driver': CMAKE_PREFIX_PATH=/opt/ros/humble /usr/bin/cmake --build /home/user/qiaoyin/build/driver -- -j24 -l24
[0.917s] DEBUG:colcon.colcon_core.event_handler.log_command:Invoked command in '/home/user/qiaoyin/build/system' returned '0': CMAKE_PREFIX_PATH=/opt/ros/humble /usr/bin/cmake /home/user/qiaoyin/src/system -DCMAKE_INSTALL_PREFIX=/home/user/qiaoyin/install/system
[0.918s] DEBUG:colcon.colcon_core.event_handler.log_command:Invoking command in '/home/user/qiaoyin/build/system': CMAKE_PREFIX_PATH=/opt/ros/humble /usr/bin/cmake --build /home/user/qiaoyin/build/system -- -j24 -l24
[0.941s] DEBUG:colcon.colcon_core.event_handler.log_command:Invoked command in '/home/user/qiaoyin/build/driver' returned '0': CMAKE_PREFIX_PATH=/opt/ros/humble /usr/bin/cmake --build /home/user/qiaoyin/build/driver -- -j24 -l24
[0.942s] DEBUG:colcon.colcon_core.event_handler.log_command:Invoking command in '/home/user/qiaoyin/build/driver': CMAKE_PREFIX_PATH=/opt/ros/humble /usr/bin/cmake --install /home/user/qiaoyin/build/driver
[0.944s] DEBUG:colcon.colcon_core.event_handler.log_command:Invoked command in '/home/user/qiaoyin/build/system' returned '0': CMAKE_PREFIX_PATH=/opt/ros/humble /usr/bin/cmake --build /home/user/qiaoyin/build/system -- -j24 -l24
[0.945s] DEBUG:colcon.colcon_core.event_handler.log_command:Invoking command in '/home/user/qiaoyin/build/system': CMAKE_PREFIX_PATH=/opt/ros/humble /usr/bin/cmake --install /home/user/qiaoyin/build/system
[0.948s] Level 1:colcon.colcon_core.environment:create_environment_scripts_only(driver)
[0.948s] Level 1:colcon.colcon_core.environment:checking '/home/user/qiaoyin/install/driver' for CMake module files
[0.949s] DEBUG:colcon.colcon_core.event_handler.log_command:Invoked command in '/home/user/qiaoyin/build/driver' returned '0': CMAKE_PREFIX_PATH=/opt/ros/humble /usr/bin/cmake --install /home/user/qiaoyin/build/driver
[0.949s] Level 1:colcon.colcon_core.environment:checking '/home/user/qiaoyin/install/driver' for CMake config files
[0.949s] Level 1:colcon.colcon_core.shell:create_environment_hook('driver', 'cmake_prefix_path')
[0.949s] INFO:colcon.colcon_core.shell:Creating environment hook '/home/user/qiaoyin/install/driver/share/driver/hook/cmake_prefix_path.ps1'
[0.951s] INFO:colcon.colcon_core.shell:Creating environment descriptor '/home/user/qiaoyin/install/driver/share/driver/hook/cmake_prefix_path.dsv'
[0.952s] INFO:colcon.colcon_core.shell:Creating environment hook '/home/user/qiaoyin/install/driver/share/driver/hook/cmake_prefix_path.sh'
[0.952s] Level 1:colcon.colcon_core.environment:checking '/home/user/qiaoyin/install/driver/bin'
[0.952s] Level 1:colcon.colcon_core.environment:checking '/home/user/qiaoyin/install/driver/lib/pkgconfig/driver.pc'
[0.953s] Level 1:colcon.colcon_core.environment:checking '/home/user/qiaoyin/install/driver/lib/python3.10/site-packages'
[0.953s] Level 1:colcon.colcon_core.environment:checking '/home/user/qiaoyin/install/driver/bin'
[0.953s] INFO:colcon.colcon_core.shell:Creating package script '/home/user/qiaoyin/install/driver/share/driver/package.ps1'
[0.953s] INFO:colcon.colcon_core.shell:Creating package descriptor '/home/user/qiaoyin/install/driver/share/driver/package.dsv'
[0.953s] INFO:colcon.colcon_core.shell:Creating package script '/home/user/qiaoyin/install/driver/share/driver/package.sh'
[0.954s] INFO:colcon.colcon_core.shell:Creating package script '/home/user/qiaoyin/install/driver/share/driver/package.bash'
[0.954s] INFO:colcon.colcon_core.shell:Creating package script '/home/user/qiaoyin/install/driver/share/driver/package.zsh'
[0.954s] Level 1:colcon.colcon_core.environment:create_file_with_runtime_dependencies(/home/user/qiaoyin/install/driver/share/colcon-core/packages/driver)
[0.954s] Level 1:colcon.colcon_core.environment:create_environment_scripts_only(driver)
[0.954s] Level 1:colcon.colcon_core.environment:checking '/home/user/qiaoyin/install/driver' for CMake module files
[0.955s] Level 1:colcon.colcon_core.environment:checking '/home/user/qiaoyin/install/driver' for CMake config files
[0.955s] Level 1:colcon.colcon_core.shell:create_environment_hook('driver', 'cmake_prefix_path')
[0.955s] INFO:colcon.colcon_core.shell:Creating environment hook '/home/user/qiaoyin/install/driver/share/driver/hook/cmake_prefix_path.ps1'
[0.955s] INFO:colcon.colcon_core.shell:Creating environment descriptor '/home/user/qiaoyin/install/driver/share/driver/hook/cmake_prefix_path.dsv'
[0.955s] INFO:colcon.colcon_core.shell:Creating environment hook '/home/user/qiaoyin/install/driver/share/driver/hook/cmake_prefix_path.sh'
[0.956s] Level 1:colcon.colcon_core.environment:checking '/home/user/qiaoyin/install/driver/bin'
[0.956s] Level 1:colcon.colcon_core.environment:checking '/home/user/qiaoyin/install/driver/lib/pkgconfig/driver.pc'
[0.956s] Level 1:colcon.colcon_core.environment:checking '/home/user/qiaoyin/install/driver/lib/python3.10/site-packages'
[0.956s] Level 1:colcon.colcon_core.environment:checking '/home/user/qiaoyin/install/driver/bin'
[0.956s] INFO:colcon.colcon_core.shell:Creating package script '/home/user/qiaoyin/install/driver/share/driver/package.ps1'
[0.956s] INFO:colcon.colcon_core.shell:Creating package descriptor '/home/user/qiaoyin/install/driver/share/driver/package.dsv'
[0.957s] INFO:colcon.colcon_core.shell:Creating package script '/home/user/qiaoyin/install/driver/share/driver/package.sh'
[0.957s] INFO:colcon.colcon_core.shell:Creating package script '/home/user/qiaoyin/install/driver/share/driver/package.bash'
[0.957s] INFO:colcon.colcon_core.shell:Creating package script '/home/user/qiaoyin/install/driver/share/driver/package.zsh'
[0.957s] Level 1:colcon.colcon_core.environment:create_file_with_runtime_dependencies(/home/user/qiaoyin/install/driver/share/colcon-core/packages/driver)
[0.958s] Level 1:colcon.colcon_core.environment:create_environment_scripts_only(system)
[0.958s] Level 1:colcon.colcon_core.environment:checking '/home/user/qiaoyin/install/system' for CMake module files
[0.958s] DEBUG:colcon.colcon_core.event_handler.log_command:Invoked command in '/home/user/qiaoyin/build/system' returned '0': CMAKE_PREFIX_PATH=/opt/ros/humble /usr/bin/cmake --install /home/user/qiaoyin/build/system
[0.958s] Level 1:colcon.colcon_core.environment:checking '/home/user/qiaoyin/install/system' for CMake config files
[0.959s] Level 1:colcon.colcon_core.shell:create_environment_hook('system', 'cmake_prefix_path')
[0.959s] INFO:colcon.colcon_core.shell:Creating environment hook '/home/user/qiaoyin/install/system/share/system/hook/cmake_prefix_path.ps1'
[0.959s] INFO:colcon.colcon_core.shell:Creating environment descriptor '/home/user/qiaoyin/install/system/share/system/hook/cmake_prefix_path.dsv'
[0.959s] INFO:colcon.colcon_core.shell:Creating environment hook '/home/user/qiaoyin/install/system/share/system/hook/cmake_prefix_path.sh'
[0.959s] Level 1:colcon.colcon_core.environment:checking '/home/user/qiaoyin/install/system/bin'
[0.959s] Level 1:colcon.colcon_core.environment:checking '/home/user/qiaoyin/install/system/lib/pkgconfig/system.pc'
[0.959s] Level 1:colcon.colcon_core.environment:checking '/home/user/qiaoyin/install/system/lib/python3.10/site-packages'
[0.960s] Level 1:colcon.colcon_core.environment:checking '/home/user/qiaoyin/install/system/bin'
[0.960s] INFO:colcon.colcon_core.shell:Creating package script '/home/user/qiaoyin/install/system/share/system/package.ps1'
[0.960s] INFO:colcon.colcon_core.shell:Creating package descriptor '/home/user/qiaoyin/install/system/share/system/package.dsv'
[0.960s] INFO:colcon.colcon_core.shell:Creating package script '/home/user/qiaoyin/install/system/share/system/package.sh'
[0.960s] INFO:colcon.colcon_core.shell:Creating package script '/home/user/qiaoyin/install/system/share/system/package.bash'
[0.961s] INFO:colcon.colcon_core.shell:Creating package script '/home/user/qiaoyin/install/system/share/system/package.zsh'
[0.961s] Level 1:colcon.colcon_core.environment:create_file_with_runtime_dependencies(/home/user/qiaoyin/install/system/share/colcon-core/packages/system)
[0.961s] Level 1:colcon.colcon_core.environment:create_environment_scripts_only(system)
[0.961s] Level 1:colcon.colcon_core.environment:checking '/home/user/qiaoyin/install/system' for CMake module files
[0.961s] Level 1:colcon.colcon_core.environment:checking '/home/user/qiaoyin/install/system' for CMake config files
[0.961s] Level 1:colcon.colcon_core.shell:create_environment_hook('system', 'cmake_prefix_path')
[0.962s] INFO:colcon.colcon_core.shell:Creating environment hook '/home/user/qiaoyin/install/system/share/system/hook/cmake_prefix_path.ps1'
[0.962s] INFO:colcon.colcon_core.shell:Creating environment descriptor '/home/user/qiaoyin/install/system/share/system/hook/cmake_prefix_path.dsv'
[0.962s] INFO:colcon.colcon_core.shell:Creating environment hook '/home/user/qiaoyin/install/system/share/system/hook/cmake_prefix_path.sh'
[0.962s] Level 1:colcon.colcon_core.environment:checking '/home/user/qiaoyin/install/system/bin'
[0.962s] Level 1:colcon.colcon_core.environment:checking '/home/user/qiaoyin/install/system/lib/pkgconfig/system.pc'
[0.962s] Level 1:colcon.colcon_core.environment:checking '/home/user/qiaoyin/install/system/lib/python3.10/site-packages'
[0.963s] Level 1:colcon.colcon_core.environment:checking '/home/user/qiaoyin/install/system/bin'
[0.963s] INFO:colcon.colcon_core.shell:Creating package script '/home/user/qiaoyin/install/system/share/system/package.ps1'
[0.963s] INFO:colcon.colcon_core.shell:Creating package descriptor '/home/user/qiaoyin/install/system/share/system/package.dsv'
[0.963s] INFO:colcon.colcon_core.shell:Creating package script '/home/user/qiaoyin/install/system/share/system/package.sh'
[0.964s] INFO:colcon.colcon_core.shell:Creating package script '/home/user/qiaoyin/install/system/share/system/package.bash'
[0.964s] INFO:colcon.colcon_core.shell:Creating package script '/home/user/qiaoyin/install/system/share/system/package.zsh'
[0.964s] Level 1:colcon.colcon_core.environment:create_file_with_runtime_dependencies(/home/user/qiaoyin/install/system/share/colcon-core/packages/system)
[2.702s] DEBUG:colcon.colcon_core.event_handler.log_command:Invoked command in '/home/user/qiaoyin/build/whl_system' returned '0': CMAKE_PREFIX_PATH=/opt/ros/humble /usr/bin/cmake --build /home/user/qiaoyin/build/whl_system -- -j24 -l24
[2.704s] DEBUG:colcon.colcon_core.event_handler.log_command:Invoking command in '/home/user/qiaoyin/build/whl_system': CMAKE_PREFIX_PATH=/opt/ros/humble /usr/bin/cmake --install /home/user/qiaoyin/build/whl_system
[2.738s] Level 1:colcon.colcon_core.environment:create_environment_scripts_only(whl_system)
[2.738s] Level 1:colcon.colcon_core.environment:checking '/home/user/qiaoyin/install/whl_system' for CMake module files
[2.738s] DEBUG:colcon.colcon_core.event_handler.log_command:Invoked command in '/home/user/qiaoyin/build/whl_system' returned '0': CMAKE_PREFIX_PATH=/opt/ros/humble /usr/bin/cmake --install /home/user/qiaoyin/build/whl_system
[2.739s] Level 1:colcon.colcon_core.environment:checking '/home/user/qiaoyin/install/whl_system' for CMake config files
[2.739s] Level 1:colcon.colcon_core.shell:create_environment_hook('whl_system', 'cmake_prefix_path')
[2.739s] INFO:colcon.colcon_core.shell:Creating environment hook '/home/user/qiaoyin/install/whl_system/share/whl_system/hook/cmake_prefix_path.ps1'
[2.739s] INFO:colcon.colcon_core.shell:Creating environment descriptor '/home/user/qiaoyin/install/whl_system/share/whl_system/hook/cmake_prefix_path.dsv'
[2.740s] INFO:colcon.colcon_core.shell:Creating environment hook '/home/user/qiaoyin/install/whl_system/share/whl_system/hook/cmake_prefix_path.sh'
[2.740s] Level 1:colcon.colcon_core.environment:checking '/home/user/qiaoyin/install/whl_system/lib'
[2.740s] Level 1:colcon.colcon_core.shell:create_environment_hook('whl_system', 'ld_library_path_lib')
[2.740s] INFO:colcon.colcon_core.shell:Creating environment hook '/home/user/qiaoyin/install/whl_system/share/whl_system/hook/ld_library_path_lib.ps1'
[2.740s] INFO:colcon.colcon_core.shell:Creating environment descriptor '/home/user/qiaoyin/install/whl_system/share/whl_system/hook/ld_library_path_lib.dsv'
[2.741s] INFO:colcon.colcon_core.shell:Creating environment hook '/home/user/qiaoyin/install/whl_system/share/whl_system/hook/ld_library_path_lib.sh'
[2.741s] Level 1:colcon.colcon_core.environment:checking '/home/user/qiaoyin/install/whl_system/bin'
[2.741s] Level 1:colcon.colcon_core.environment:checking '/home/user/qiaoyin/install/whl_system/lib/pkgconfig/whl_system.pc'
[2.741s] Level 1:colcon.colcon_core.environment:checking '/home/user/qiaoyin/install/whl_system/lib/python3.10/site-packages'
[2.741s] Level 1:colcon.colcon_core.environment:checking '/home/user/qiaoyin/install/whl_system/bin'
[2.741s] INFO:colcon.colcon_core.shell:Creating package script '/home/user/qiaoyin/install/whl_system/share/whl_system/package.ps1'
[2.742s] INFO:colcon.colcon_core.shell:Creating package descriptor '/home/user/qiaoyin/install/whl_system/share/whl_system/package.dsv'
[2.742s] INFO:colcon.colcon_core.shell:Creating package script '/home/user/qiaoyin/install/whl_system/share/whl_system/package.sh'
[2.742s] INFO:colcon.colcon_core.shell:Creating package script '/home/user/qiaoyin/install/whl_system/share/whl_system/package.bash'
[2.742s] INFO:colcon.colcon_core.shell:Creating package script '/home/user/qiaoyin/install/whl_system/share/whl_system/package.zsh'
[2.742s] Level 1:colcon.colcon_core.environment:create_file_with_runtime_dependencies(/home/user/qiaoyin/install/whl_system/share/colcon-core/packages/whl_system)
[2.743s] Level 1:colcon.colcon_core.environment:create_environment_scripts_only(whl_system)
[2.743s] Level 1:colcon.colcon_core.environment:checking '/home/user/qiaoyin/install/whl_system' for CMake module files
[2.743s] Level 1:colcon.colcon_core.environment:checking '/home/user/qiaoyin/install/whl_system' for CMake config files
[2.743s] Level 1:colcon.colcon_core.shell:create_environment_hook('whl_system', 'cmake_prefix_path')
[2.743s] INFO:colcon.colcon_core.shell:Creating environment hook '/home/user/qiaoyin/install/whl_system/share/whl_system/hook/cmake_prefix_path.ps1'
[2.743s] INFO:colcon.colcon_core.shell:Creating environment descriptor '/home/user/qiaoyin/install/whl_system/share/whl_system/hook/cmake_prefix_path.dsv'
[2.744s] INFO:colcon.colcon_core.shell:Creating environment hook '/home/user/qiaoyin/install/whl_system/share/whl_system/hook/cmake_prefix_path.sh'
[2.744s] Level 1:colcon.colcon_core.environment:checking '/home/user/qiaoyin/install/whl_system/lib'
[2.744s] Level 1:colcon.colcon_core.shell:create_environment_hook('whl_system', 'ld_library_path_lib')
[2.744s] INFO:colcon.colcon_core.shell:Creating environment hook '/home/user/qiaoyin/install/whl_system/share/whl_system/hook/ld_library_path_lib.ps1'
[2.744s] INFO:colcon.colcon_core.shell:Creating environment descriptor '/home/user/qiaoyin/install/whl_system/share/whl_system/hook/ld_library_path_lib.dsv'
[2.744s] INFO:colcon.colcon_core.shell:Creating environment hook '/home/user/qiaoyin/install/whl_system/share/whl_system/hook/ld_library_path_lib.sh'
[2.745s] Level 1:colcon.colcon_core.environment:checking '/home/user/qiaoyin/install/whl_system/bin'
[2.745s] Level 1:colcon.colcon_core.environment:checking '/home/user/qiaoyin/install/whl_system/lib/pkgconfig/whl_system.pc'
[2.745s] Level 1:colcon.colcon_core.environment:checking '/home/user/qiaoyin/install/whl_system/lib/python3.10/site-packages'
[2.745s] Level 1:colcon.colcon_core.environment:checking '/home/user/qiaoyin/install/whl_system/bin'
[2.745s] INFO:colcon.colcon_core.shell:Creating package script '/home/user/qiaoyin/install/whl_system/share/whl_system/package.ps1'
[2.745s] INFO:colcon.colcon_core.shell:Creating package descriptor '/home/user/qiaoyin/install/whl_system/share/whl_system/package.dsv'
[2.746s] INFO:colcon.colcon_core.shell:Creating package script '/home/user/qiaoyin/install/whl_system/share/whl_system/package.sh'
[2.746s] INFO:colcon.colcon_core.shell:Creating package script '/home/user/qiaoyin/install/whl_system/share/whl_system/package.bash'
[2.746s] INFO:colcon.colcon_core.shell:Creating package script '/home/user/qiaoyin/install/whl_system/share/whl_system/package.zsh'
[2.746s] Level 1:colcon.colcon_core.environment:create_file_with_runtime_dependencies(/home/user/qiaoyin/install/whl_system/share/colcon-core/packages/whl_system)
[2.746s] DEBUG:colcon.colcon_parallel_executor.executor.parallel:closing loop
[2.746s] DEBUG:colcon.colcon_parallel_executor.executor.parallel:loop closed
[2.747s] DEBUG:colcon.colcon_parallel_executor.executor.parallel:run_until_complete finished with '0'
[2.747s] DEBUG:colcon.colcon_core.event_reactor:joining thread
[2.750s] INFO:colcon.colcon_core.plugin_system:Skipping extension 'colcon_notification.desktop_notification.terminal_notifier': Not used on non-Darwin systems
[2.750s] INFO:colcon.colcon_core.plugin_system:Skipping extension 'colcon_notification.desktop_notification.win32': Not used on non-Windows systems
[2.750s] INFO:colcon.colcon_notification.desktop_notification:Sending desktop notification using 'notify2'
[2.758s] DEBUG:colcon.colcon_core.event_reactor:joined thread
[2.758s] INFO:colcon.colcon_core.shell:Creating prefix script '/home/user/qiaoyin/install/local_setup.ps1'
[2.759s] INFO:colcon.colcon_core.shell:Creating prefix util module '/home/user/qiaoyin/install/_local_setup_util_ps1.py'
[2.760s] INFO:colcon.colcon_core.shell:Creating prefix chain script '/home/user/qiaoyin/install/setup.ps1'
[2.760s] INFO:colcon.colcon_core.shell:Creating prefix script '/home/user/qiaoyin/install/local_setup.sh'
[2.760s] INFO:colcon.colcon_core.shell:Creating prefix util module '/home/user/qiaoyin/install/_local_setup_util_sh.py'
[2.761s] INFO:colcon.colcon_core.shell:Creating prefix chain script '/home/user/qiaoyin/install/setup.sh'
[2.761s] INFO:colcon.colcon_core.shell:Creating prefix script '/home/user/qiaoyin/install/local_setup.bash'
[2.761s] INFO:colcon.colcon_core.shell:Creating prefix chain script '/home/user/qiaoyin/install/setup.bash'
[2.762s] INFO:colcon.colcon_core.shell:Creating prefix script '/home/user/qiaoyin/install/local_setup.zsh'
[2.762s] INFO:colcon.colcon_core.shell:Creating prefix chain script '/home/user/qiaoyin/install/setup.zsh'
