[0.007s] Invoking command in '/home/user/qiaoyin/build/system': CMAKE_PREFIX_PATH=/opt/ros/humble /usr/bin/cmake /home/user/qiaoyin/src/system -DCMAKE_INSTALL_PREFIX=/home/user/qiaoyin/install/system
[0.073s] -- The C compiler identification is GNU 11.4.0
[0.123s] -- The CXX compiler identification is GNU 11.4.0
[0.130s] -- Detecting C compiler ABI info
[0.180s] -- Detecting C compiler ABI info - done
[0.184s] -- Check for working C compiler: /usr/bin/cc - skipped
[0.184s] -- Detecting C compile features
[0.185s] -- Detecting C compile features - done
[0.187s] -- Detecting CXX compiler ABI info
[0.239s] -- Detecting CXX compiler ABI info - done
[0.244s] -- Check for working CXX compiler: /usr/bin/c++ - skipped
[0.245s] -- Detecting CXX compile features
[0.245s] -- Detecting CXX compile features - done
[0.247s] -- Found ament_cmake: 1.3.11 (/opt/ros/humble/share/ament_cmake/cmake)
[0.349s] -- Found Python3: /usr/bin/python3 (found version "3.10.12") found components: Interpreter 
[0.406s] -- Found ament_lint_auto: 0.12.11 (/opt/ros/humble/share/ament_lint_auto/cmake)
[0.456s] -- Added test 'cppcheck' to perform static code analysis on C / C++ code
[0.456s] -- Configured cppcheck include dirs: 
[0.456s] -- Configured cppcheck exclude dirs and/or files: 
[0.457s] -- Added test 'lint_cmake' to check CMake code style
[0.457s] -- Added test 'uncrustify' to check C / C++ code style
[0.458s] -- Configured uncrustify additional arguments: 
[0.458s] -- Added test 'xmllint' to check XML markup files
[0.459s] -- Configuring done
[0.460s] -- Generating done
[0.461s] -- Build files have been written to: /home/user/qiaoyin/build/system
[0.464s] Invoked command in '/home/user/qiaoyin/build/system' returned '0': CMAKE_PREFIX_PATH=/opt/ros/humble /usr/bin/cmake /home/user/qiaoyin/src/system -DCMAKE_INSTALL_PREFIX=/home/user/qiaoyin/install/system
[0.466s] Invoking command in '/home/user/qiaoyin/build/system': CMAKE_PREFIX_PATH=/opt/ros/humble /usr/bin/cmake --build /home/user/qiaoyin/build/system -- -j24 -l24
[0.488s] Invoked command in '/home/user/qiaoyin/build/system' returned '0': CMAKE_PREFIX_PATH=/opt/ros/humble /usr/bin/cmake --build /home/user/qiaoyin/build/system -- -j24 -l24
[0.494s] Invoking command in '/home/user/qiaoyin/build/system': CMAKE_PREFIX_PATH=/opt/ros/humble /usr/bin/cmake --install /home/user/qiaoyin/build/system
[0.497s] -- Install configuration: ""
[0.497s] -- Installing: /home/user/qiaoyin/install/system/share/ament_index/resource_index/package_run_dependencies/system
[0.497s] -- Installing: /home/user/qiaoyin/install/system/share/ament_index/resource_index/parent_prefix_path/system
[0.497s] -- Installing: /home/user/qiaoyin/install/system/share/system/environment/ament_prefix_path.sh
[0.497s] -- Installing: /home/user/qiaoyin/install/system/share/system/environment/ament_prefix_path.dsv
[0.498s] -- Installing: /home/user/qiaoyin/install/system/share/system/environment/path.sh
[0.498s] -- Installing: /home/user/qiaoyin/install/system/share/system/environment/path.dsv
[0.498s] -- Installing: /home/user/qiaoyin/install/system/share/system/local_setup.bash
[0.498s] -- Installing: /home/user/qiaoyin/install/system/share/system/local_setup.sh
[0.498s] -- Installing: /home/user/qiaoyin/install/system/share/system/local_setup.zsh
[0.498s] -- Installing: /home/user/qiaoyin/install/system/share/system/local_setup.dsv
[0.498s] -- Installing: /home/user/qiaoyin/install/system/share/system/package.dsv
[0.498s] -- Installing: /home/user/qiaoyin/install/system/share/ament_index/resource_index/packages/system
[0.498s] -- Installing: /home/user/qiaoyin/install/system/share/system/cmake/systemConfig.cmake
[0.498s] -- Installing: /home/user/qiaoyin/install/system/share/system/cmake/systemConfig-version.cmake
[0.498s] -- Installing: /home/user/qiaoyin/install/system/share/system/package.xml
[0.499s] Invoked command in '/home/user/qiaoyin/build/system' returned '0': CMAKE_PREFIX_PATH=/opt/ros/humble /usr/bin/cmake --install /home/user/qiaoyin/build/system
