[0.006s] Invoking command in '/home/user/qiaoyin/build/system': CMAKE_PREFIX_PATH=/opt/ros/humble /usr/bin/cmake /home/user/qiaoyin/src/system -DCMAKE_INSTALL_PREFIX=/home/user/qiaoyin/install/system
[0.062s] -- The C compiler identification is GNU 11.4.0
[0.113s] -- The CXX compiler identification is GNU 11.4.0
[0.118s] -- Detecting C compiler ABI info
[0.164s] -- Detecting C compiler ABI info - done
[0.168s] -- Check for working C compiler: /usr/bin/cc - skipped
[0.169s] -- Detecting C compile features
[0.169s] -- Detecting C compile features - done
[0.171s] -- Detecting CXX compiler ABI info
[0.223s] -- Detecting CXX compiler ABI info - done
[0.227s] -- Check for working CXX compiler: /usr/bin/c++ - skipped
[0.227s] -- Detecting CXX compile features
[0.227s] -- Detecting CXX compile features - done
[0.229s] -- Found ament_cmake: 1.3.11 (/opt/ros/humble/share/ament_cmake/cmake)
[0.325s] -- Found Python3: /usr/bin/python3 (found version "3.10.12") found components: Interpreter 
[0.377s] -- Found rclcpp: 16.0.12 (/opt/ros/humble/share/rclcpp/cmake)
[0.400s] -- Found rosidl_generator_c: 3.1.6 (/opt/ros/humble/share/rosidl_generator_c/cmake)
[0.403s] -- Found rosidl_adapter: 3.1.6 (/opt/ros/humble/share/rosidl_adapter/cmake)
[0.407s] -- Found rosidl_generator_cpp: 3.1.6 (/opt/ros/humble/share/rosidl_generator_cpp/cmake)
[0.415s] -- Using all available rosidl_typesupport_c: rosidl_typesupport_fastrtps_c;rosidl_typesupport_introspection_c
[0.424s] -- Using all available rosidl_typesupport_cpp: rosidl_typesupport_fastrtps_cpp;rosidl_typesupport_introspection_cpp
[0.449s] -- Found rmw_implementation_cmake: 6.1.2 (/opt/ros/humble/share/rmw_implementation_cmake/cmake)
[0.450s] -- Found rmw_fastrtps_cpp: 6.2.7 (/opt/ros/humble/share/rmw_fastrtps_cpp/cmake)
[0.507s] -- Found OpenSSL: /usr/lib/x86_64-linux-gnu/libcrypto.so (found version "3.0.2")  
[0.524s] -- Found FastRTPS: /opt/ros/humble/include  
[0.548s] -- Using RMW implementation 'rmw_fastrtps_cpp' as default
[0.553s] -- Looking for pthread.h
[0.600s] -- Looking for pthread.h - found
[0.601s] -- Performing Test CMAKE_HAVE_LIBC_PTHREAD
[0.651s] -- Performing Test CMAKE_HAVE_LIBC_PTHREAD - Success
[0.651s] -- Found Threads: TRUE  
[0.682s] -- Found ament_lint_auto: 0.12.12 (/opt/ros/humble/share/ament_lint_auto/cmake)
[0.729s] -- Added test 'cppcheck' to perform static code analysis on C / C++ code
[0.729s] -- Configured cppcheck include dirs: /home/user/qiaoyin/src/system/include
[0.729s] -- Configured cppcheck exclude dirs and/or files: 
[0.729s] -- Added test 'lint_cmake' to check CMake code style
[0.729s] -- Added test 'uncrustify' to check C / C++ code style
[0.730s] -- Configured uncrustify additional arguments: 
[0.730s] -- Added test 'xmllint' to check XML markup files
[0.730s] -- Configuring done
[0.732s] -- Generating done
[0.734s] -- Build files have been written to: /home/user/qiaoyin/build/system
[0.739s] Invoked command in '/home/user/qiaoyin/build/system' returned '0': CMAKE_PREFIX_PATH=/opt/ros/humble /usr/bin/cmake /home/user/qiaoyin/src/system -DCMAKE_INSTALL_PREFIX=/home/user/qiaoyin/install/system
[0.741s] Invoking command in '/home/user/qiaoyin/build/system': CMAKE_PREFIX_PATH=/opt/ros/humble /usr/bin/cmake --build /home/user/qiaoyin/build/system -- -j24 -l24
[0.766s] Invoked command in '/home/user/qiaoyin/build/system' returned '0': CMAKE_PREFIX_PATH=/opt/ros/humble /usr/bin/cmake --build /home/user/qiaoyin/build/system -- -j24 -l24
[0.773s] Invoking command in '/home/user/qiaoyin/build/system': CMAKE_PREFIX_PATH=/opt/ros/humble /usr/bin/cmake --install /home/user/qiaoyin/build/system
[0.778s] -- Install configuration: ""
[0.778s] -- Installing: /home/user/qiaoyin/install/system/share/ament_index/resource_index/package_run_dependencies/system
[0.778s] -- Installing: /home/user/qiaoyin/install/system/share/ament_index/resource_index/parent_prefix_path/system
[0.778s] -- Installing: /home/user/qiaoyin/install/system/share/system/environment/ament_prefix_path.sh
[0.778s] -- Installing: /home/user/qiaoyin/install/system/share/system/environment/ament_prefix_path.dsv
[0.779s] -- Installing: /home/user/qiaoyin/install/system/share/system/environment/path.sh
[0.779s] -- Installing: /home/user/qiaoyin/install/system/share/system/environment/path.dsv
[0.779s] -- Installing: /home/user/qiaoyin/install/system/share/system/local_setup.bash
[0.779s] -- Installing: /home/user/qiaoyin/install/system/share/system/local_setup.sh
[0.779s] -- Installing: /home/user/qiaoyin/install/system/share/system/local_setup.zsh
[0.779s] -- Installing: /home/user/qiaoyin/install/system/share/system/local_setup.dsv
[0.779s] -- Installing: /home/user/qiaoyin/install/system/share/system/package.dsv
[0.779s] -- Installing: /home/user/qiaoyin/install/system/share/ament_index/resource_index/packages/system
[0.779s] -- Installing: /home/user/qiaoyin/install/system/share/system/cmake/systemConfig.cmake
[0.779s] -- Installing: /home/user/qiaoyin/install/system/share/system/cmake/systemConfig-version.cmake
[0.779s] -- Installing: /home/user/qiaoyin/install/system/share/system/package.xml
[0.780s] Invoked command in '/home/user/qiaoyin/build/system' returned '0': CMAKE_PREFIX_PATH=/opt/ros/humble /usr/bin/cmake --install /home/user/qiaoyin/build/system
