[0.010s] Invoking command in '/home/user/qiaoyin/build/driver': CMAKE_PREFIX_PATH=/opt/ros/humble /usr/bin/cmake --build /home/user/qiaoyin/build/driver -- -j24 -l24
[0.050s] [ 10%] Built target driver__rosidl_generator_c
[0.051s] [ 12%] Built target driver__cpp
[0.062s] [ 12%] Built target ament_cmake_python_copy_driver
[0.067s] [ 22%] Built target driver__rosidl_typesupport_introspection_cpp
[0.068s] [ 34%] Built target driver__rosidl_typesupport_cpp
[0.068s] [ 51%] Built target driver__rosidl_typesupport_c
[0.068s] [ 54%] Built target driver__rosidl_typesupport_introspection_c
[0.071s] [ 65%] Built target driver__rosidl_typesupport_fastrtps_cpp
[0.071s] [ 75%] Built target driver__rosidl_typesupport_fastrtps_c
[0.076s] [35m[1mConsolidate compiler generated dependencies of target arm_driver_node[0m
[0.084s] [ 75%] Built target driver
[0.089s] [ 77%] [32mBuilding CXX object CMakeFiles/arm_driver_node.dir/src/arm_driver_node.cpp.o[0m
[0.099s] [ 78%] Built target driver__py
[0.120s] [ 87%] Built target driver__rosidl_generator_py
[0.134s] [ 90%] Built target driver__rosidl_typesupport_introspection_c__pyext
[0.136s] [ 93%] Built target driver__rosidl_typesupport_c__pyext
[0.139s] [ 96%] Built target driver__rosidl_typesupport_fastrtps_c__pyext
[0.222s] running egg_info
[0.223s] writing driver.egg-info/PKG-INFO
[0.223s] writing dependency_links to driver.egg-info/dependency_links.txt
[0.223s] writing top-level names to driver.egg-info/top_level.txt
[0.224s] reading manifest file 'driver.egg-info/SOURCES.txt'
[0.225s] writing manifest file 'driver.egg-info/SOURCES.txt'
[0.245s] [ 96%] Built target ament_cmake_python_build_driver_egg
[1.388s] [01m[K/home/user/qiaoyin/src/driver/src/arm_driver_node.cpp:[m[K In function ‘[01m[Kint main(int, char**)[m[K’:
[1.388s] [01m[K/home/user/qiaoyin/src/driver/src/arm_driver_node.cpp:8:17:[m[K [01;31m[Kerror: [m[Kno matching function for call to ‘[01m[Kspin(std::shared_ptr<JAKA>&)[m[K’
[1.388s]     8 |     [01;31m[Krclcpp::spin(arm)[m[K;
[1.388s]       |     [01;31m[K~~~~~~~~~~~~^~~~~[m[K
[1.388s] In file included from [01m[K/opt/ros/humble/include/rclcpp/rclcpp/rclcpp.hpp:155[m[K,
[1.388s]                  from [01m[K/home/user/qiaoyin/src/driver/src/arm_driver_node.cpp:2[m[K:
[1.388s] [01m[K/opt/ros/humble/include/rclcpp/rclcpp/executors.hpp:45:1:[m[K [01;36m[Knote: [m[Kcandidate: ‘[01m[Kvoid rclcpp::spin(rclcpp::node_interfaces::NodeBaseInterface::SharedPtr)[m[K’
[1.388s]    45 | [01;36m[Kspin[m[K(rclcpp::node_interfaces::NodeBaseInterface::SharedPtr node_ptr);
[1.388s]       | [01;36m[K^~~~[m[K
[1.388s] [01m[K/opt/ros/humble/include/rclcpp/rclcpp/executors.hpp:45:60:[m[K [01;36m[Knote: [m[K  no known conversion for argument 1 from ‘[01m[Kshared_ptr<[01;32m[KJAKA[m[K>[m[K’ to ‘[01m[Kshared_ptr<[01;32m[Krclcpp::node_interfaces::NodeBaseInterface[m[K>[m[K’
[1.388s]    45 | spin([01;36m[Krclcpp::node_interfaces::NodeBaseInterface::SharedPtr node_ptr[m[K);
[1.388s]       |      [01;36m[K~~~~~~~~~~~~~~~~~~~~~~~~~~~~~~~~~~~~~~~~~~~~~~~~~~~~~~^~~~~~~~[m[K
[1.388s] [01m[K/opt/ros/humble/include/rclcpp/rclcpp/executors.hpp:49:1:[m[K [01;36m[Knote: [m[Kcandidate: ‘[01m[Kvoid rclcpp::spin(rclcpp::Node::SharedPtr)[m[K’
[1.388s]    49 | [01;36m[Kspin[m[K(rclcpp::Node::SharedPtr node_ptr);
[1.388s]       | [01;36m[K^~~~[m[K
[1.388s] [01m[K/opt/ros/humble/include/rclcpp/rclcpp/executors.hpp:49:30:[m[K [01;36m[Knote: [m[K  no known conversion for argument 1 from ‘[01m[Kshared_ptr<[01;32m[KJAKA[m[K>[m[K’ to ‘[01m[Kshared_ptr<[01;32m[Krclcpp::Node[m[K>[m[K’
[1.388s]    49 | spin([01;36m[Krclcpp::Node::SharedPtr node_ptr[m[K);
[1.388s]       |      [01;36m[K~~~~~~~~~~~~~~~~~~~~~~~~^~~~~~~~[m[K
[1.634s] gmake[2]: *** [CMakeFiles/arm_driver_node.dir/build.make:76：CMakeFiles/arm_driver_node.dir/src/arm_driver_node.cpp.o] 错误 1
[1.634s] gmake[1]: *** [CMakeFiles/Makefile2:593：CMakeFiles/arm_driver_node.dir/all] 错误 2
[1.634s] gmake: *** [Makefile:146：all] 错误 2
[1.636s] Invoked command in '/home/user/qiaoyin/build/driver' returned '2': CMAKE_PREFIX_PATH=/opt/ros/humble /usr/bin/cmake --build /home/user/qiaoyin/build/driver -- -j24 -l24
