[ 10%] Built target driver__rosidl_generator_c
[ 11%] Built target driver__cpp
[ 11%] Built target ament_cmake_python_copy_driver
[ 22%] Built target driver__rosidl_typesupport_introspection_c
[ 32%] Built target driver__rosidl_typesupport_c
[ 43%] Built target driver__rosidl_typesupport_fastrtps_c
[ 53%] Built target driver__rosidl_typesupport_fastrtps_cpp
[ 64%] Built target driver__rosidl_typesupport_introspection_cpp
[ 74%] Built target driver__rosidl_typesupport_cpp
[35m[1mConsolidate compiler generated dependencies of target arm_driver_node[0m
[ 74%] Built target driver
[ 76%] [32mBuilding CXX object CMakeFiles/arm_driver_node.dir/src/arm_driver_node.cpp.o[0m
[ 77%] Built target driver__py
[ 86%] Built target driver__rosidl_generator_py
[ 89%] Built target driver__rosidl_typesupport_introspection_c__pyext
[ 92%] Built target driver__rosidl_typesupport_fastrtps_c__pyext
[ 95%] Built target driver__rosidl_typesupport_c__pyext
running egg_info
writing driver.egg-info/PKG-INFO
writing dependency_links to driver.egg-info/dependency_links.txt
writing top-level names to driver.egg-info/top_level.txt
reading manifest file 'driver.egg-info/SOURCES.txt'
writing manifest file 'driver.egg-info/SOURCES.txt'
[ 95%] Built target ament_cmake_python_build_driver_egg
[ 97%] [32m[1mLinking CXX executable arm_driver_node[0m
[100%] Built target arm_driver_node
-- Install configuration: ""
-- Up-to-date: /home/user/qiaoyin/install/driver/share/ament_index/resource_index/rosidl_interfaces/driver
-- Up-to-date: /home/user/qiaoyin/install/driver/include/driver/driver
-- Up-to-date: /home/user/qiaoyin/install/driver/include/driver/driver/srv
-- Up-to-date: /home/user/qiaoyin/install/driver/include/driver/driver/srv/arm_set_cart.h
-- Up-to-date: /home/user/qiaoyin/install/driver/include/driver/driver/srv/detail
-- Up-to-date: /home/user/qiaoyin/install/driver/include/driver/driver/srv/detail/arm_set_joints__type_support.h
-- Up-to-date: /home/user/qiaoyin/install/driver/include/driver/driver/srv/detail/arm_set_cart__struct.h
-- Up-to-date: /home/user/qiaoyin/install/driver/include/driver/driver/srv/detail/arm_set_cart__type_support.h
-- Up-to-date: /home/user/qiaoyin/install/driver/include/driver/driver/srv/detail/arm_set_joints__struct.h
-- Up-to-date: /home/user/qiaoyin/install/driver/include/driver/driver/srv/detail/arm_set_joints__functions.h
-- Up-to-date: /home/user/qiaoyin/install/driver/include/driver/driver/srv/detail/arm_set_joints__functions.c
-- Up-to-date: /home/user/qiaoyin/install/driver/include/driver/driver/srv/detail/arm_set_cart__functions.c
-- Up-to-date: /home/user/qiaoyin/install/driver/include/driver/driver/srv/detail/arm_set_cart__functions.h
-- Up-to-date: /home/user/qiaoyin/install/driver/include/driver/driver/srv/arm_set_joints.h
-- Up-to-date: /home/user/qiaoyin/install/driver/include/driver/driver/msg
-- Up-to-date: /home/user/qiaoyin/install/driver/include/driver/driver/msg/detail
-- Up-to-date: /home/user/qiaoyin/install/driver/include/driver/driver/msg/detail/gripper_info__type_support.h
-- Up-to-date: /home/user/qiaoyin/install/driver/include/driver/driver/msg/detail/arm_info__struct.h
-- Up-to-date: /home/user/qiaoyin/install/driver/include/driver/driver/msg/detail/agv_info__functions.c
-- Up-to-date: /home/user/qiaoyin/install/driver/include/driver/driver/msg/detail/agv_info__type_support.h
-- Up-to-date: /home/user/qiaoyin/install/driver/include/driver/driver/msg/detail/arm_info__functions.c
-- Up-to-date: /home/user/qiaoyin/install/driver/include/driver/driver/msg/detail/gripper_info__functions.c
-- Up-to-date: /home/user/qiaoyin/install/driver/include/driver/driver/msg/detail/arm_info__type_support.h
-- Up-to-date: /home/user/qiaoyin/install/driver/include/driver/driver/msg/detail/agv_info__functions.h
-- Up-to-date: /home/user/qiaoyin/install/driver/include/driver/driver/msg/detail/gripper_info__struct.h
-- Up-to-date: /home/user/qiaoyin/install/driver/include/driver/driver/msg/detail/gripper_info__functions.h
-- Up-to-date: /home/user/qiaoyin/install/driver/include/driver/driver/msg/detail/agv_info__struct.h
-- Up-to-date: /home/user/qiaoyin/install/driver/include/driver/driver/msg/detail/arm_info__functions.h
-- Up-to-date: /home/user/qiaoyin/install/driver/include/driver/driver/msg/gripper_info.h
-- Up-to-date: /home/user/qiaoyin/install/driver/include/driver/driver/msg/rosidl_generator_c__visibility_control.h
-- Up-to-date: /home/user/qiaoyin/install/driver/include/driver/driver/msg/agv_info.h
-- Up-to-date: /home/user/qiaoyin/install/driver/include/driver/driver/msg/arm_info.h
-- Up-to-date: /home/user/qiaoyin/install/driver/share/driver/environment/library_path.sh
-- Installing: /home/user/qiaoyin/install/driver/share/driver/environment/library_path.dsv
-- Up-to-date: /home/user/qiaoyin/install/driver/lib/libdriver__rosidl_generator_c.so
-- Up-to-date: /home/user/qiaoyin/install/driver/include/driver/driver
-- Up-to-date: /home/user/qiaoyin/install/driver/include/driver/driver/srv
-- Up-to-date: /home/user/qiaoyin/install/driver/include/driver/driver/srv/detail
-- Up-to-date: /home/user/qiaoyin/install/driver/include/driver/driver/srv/detail/arm_set_joints__rosidl_typesupport_fastrtps_c.h
-- Up-to-date: /home/user/qiaoyin/install/driver/include/driver/driver/srv/detail/arm_set_cart__rosidl_typesupport_fastrtps_c.h
-- Up-to-date: /home/user/qiaoyin/install/driver/include/driver/driver/msg
-- Up-to-date: /home/user/qiaoyin/install/driver/include/driver/driver/msg/detail
-- Up-to-date: /home/user/qiaoyin/install/driver/include/driver/driver/msg/detail/gripper_info__rosidl_typesupport_fastrtps_c.h
-- Up-to-date: /home/user/qiaoyin/install/driver/include/driver/driver/msg/detail/arm_info__rosidl_typesupport_fastrtps_c.h
-- Up-to-date: /home/user/qiaoyin/install/driver/include/driver/driver/msg/detail/agv_info__rosidl_typesupport_fastrtps_c.h
-- Up-to-date: /home/user/qiaoyin/install/driver/include/driver/driver/msg/rosidl_typesupport_fastrtps_c__visibility_control.h
-- Up-to-date: /home/user/qiaoyin/install/driver/lib/libdriver__rosidl_typesupport_fastrtps_c.so
-- Up-to-date: /home/user/qiaoyin/install/driver/include/driver/driver
-- Up-to-date: /home/user/qiaoyin/install/driver/include/driver/driver/srv
-- Up-to-date: /home/user/qiaoyin/install/driver/include/driver/driver/srv/detail
-- Up-to-date: /home/user/qiaoyin/install/driver/include/driver/driver/srv/detail/arm_set_cart__type_support.hpp
-- Up-to-date: /home/user/qiaoyin/install/driver/include/driver/driver/srv/detail/arm_set_joints__struct.hpp
-- Up-to-date: /home/user/qiaoyin/install/driver/include/driver/driver/srv/detail/arm_set_joints__builder.hpp
-- Up-to-date: /home/user/qiaoyin/install/driver/include/driver/driver/srv/detail/arm_set_cart__struct.hpp
-- Up-to-date: /home/user/qiaoyin/install/driver/include/driver/driver/srv/detail/arm_set_joints__type_support.hpp
-- Up-to-date: /home/user/qiaoyin/install/driver/include/driver/driver/srv/detail/arm_set_cart__builder.hpp
-- Up-to-date: /home/user/qiaoyin/install/driver/include/driver/driver/srv/detail/arm_set_cart__traits.hpp
-- Up-to-date: /home/user/qiaoyin/install/driver/include/driver/driver/srv/detail/arm_set_joints__traits.hpp
-- Up-to-date: /home/user/qiaoyin/install/driver/include/driver/driver/srv/arm_set_joints.hpp
-- Up-to-date: /home/user/qiaoyin/install/driver/include/driver/driver/srv/arm_set_cart.hpp
-- Up-to-date: /home/user/qiaoyin/install/driver/include/driver/driver/msg
-- Up-to-date: /home/user/qiaoyin/install/driver/include/driver/driver/msg/agv_info.hpp
-- Up-to-date: /home/user/qiaoyin/install/driver/include/driver/driver/msg/rosidl_generator_cpp__visibility_control.hpp
-- Up-to-date: /home/user/qiaoyin/install/driver/include/driver/driver/msg/detail
-- Up-to-date: /home/user/qiaoyin/install/driver/include/driver/driver/msg/detail/gripper_info__traits.hpp
-- Up-to-date: /home/user/qiaoyin/install/driver/include/driver/driver/msg/detail/gripper_info__builder.hpp
-- Up-to-date: /home/user/qiaoyin/install/driver/include/driver/driver/msg/detail/agv_info__struct.hpp
-- Up-to-date: /home/user/qiaoyin/install/driver/include/driver/driver/msg/detail/arm_info__builder.hpp
-- Up-to-date: /home/user/qiaoyin/install/driver/include/driver/driver/msg/detail/arm_info__struct.hpp
-- Up-to-date: /home/user/qiaoyin/install/driver/include/driver/driver/msg/detail/agv_info__builder.hpp
-- Up-to-date: /home/user/qiaoyin/install/driver/include/driver/driver/msg/detail/arm_info__type_support.hpp
-- Up-to-date: /home/user/qiaoyin/install/driver/include/driver/driver/msg/detail/gripper_info__struct.hpp
-- Up-to-date: /home/user/qiaoyin/install/driver/include/driver/driver/msg/detail/gripper_info__type_support.hpp
-- Up-to-date: /home/user/qiaoyin/install/driver/include/driver/driver/msg/detail/agv_info__traits.hpp
-- Up-to-date: /home/user/qiaoyin/install/driver/include/driver/driver/msg/detail/agv_info__type_support.hpp
-- Up-to-date: /home/user/qiaoyin/install/driver/include/driver/driver/msg/detail/arm_info__traits.hpp
-- Up-to-date: /home/user/qiaoyin/install/driver/include/driver/driver/msg/arm_info.hpp
-- Up-to-date: /home/user/qiaoyin/install/driver/include/driver/driver/msg/gripper_info.hpp
-- Up-to-date: /home/user/qiaoyin/install/driver/include/driver/driver
-- Up-to-date: /home/user/qiaoyin/install/driver/include/driver/driver/srv
-- Up-to-date: /home/user/qiaoyin/install/driver/include/driver/driver/srv/detail
-- Up-to-date: /home/user/qiaoyin/install/driver/include/driver/driver/srv/detail/arm_set_joints__rosidl_typesupport_fastrtps_cpp.hpp
-- Up-to-date: /home/user/qiaoyin/install/driver/include/driver/driver/srv/detail/dds_fastrtps
-- Up-to-date: /home/user/qiaoyin/install/driver/include/driver/driver/srv/detail/arm_set_cart__rosidl_typesupport_fastrtps_cpp.hpp
-- Up-to-date: /home/user/qiaoyin/install/driver/include/driver/driver/msg
-- Up-to-date: /home/user/qiaoyin/install/driver/include/driver/driver/msg/rosidl_typesupport_fastrtps_cpp__visibility_control.h
-- Up-to-date: /home/user/qiaoyin/install/driver/include/driver/driver/msg/detail
-- Up-to-date: /home/user/qiaoyin/install/driver/include/driver/driver/msg/detail/arm_info__rosidl_typesupport_fastrtps_cpp.hpp
-- Up-to-date: /home/user/qiaoyin/install/driver/include/driver/driver/msg/detail/agv_info__rosidl_typesupport_fastrtps_cpp.hpp
-- Up-to-date: /home/user/qiaoyin/install/driver/include/driver/driver/msg/detail/dds_fastrtps
-- Up-to-date: /home/user/qiaoyin/install/driver/include/driver/driver/msg/detail/gripper_info__rosidl_typesupport_fastrtps_cpp.hpp
-- Up-to-date: /home/user/qiaoyin/install/driver/lib/libdriver__rosidl_typesupport_fastrtps_cpp.so
-- Up-to-date: /home/user/qiaoyin/install/driver/include/driver/driver
-- Up-to-date: /home/user/qiaoyin/install/driver/include/driver/driver/srv
-- Up-to-date: /home/user/qiaoyin/install/driver/include/driver/driver/srv/detail
-- Up-to-date: /home/user/qiaoyin/install/driver/include/driver/driver/srv/detail/arm_set_joints__type_support.c
-- Up-to-date: /home/user/qiaoyin/install/driver/include/driver/driver/srv/detail/arm_set_cart__type_support.c
-- Up-to-date: /home/user/qiaoyin/install/driver/include/driver/driver/srv/detail/arm_set_cart__rosidl_typesupport_introspection_c.h
-- Up-to-date: /home/user/qiaoyin/install/driver/include/driver/driver/srv/detail/arm_set_joints__rosidl_typesupport_introspection_c.h
-- Up-to-date: /home/user/qiaoyin/install/driver/include/driver/driver/msg
-- Up-to-date: /home/user/qiaoyin/install/driver/include/driver/driver/msg/detail
-- Up-to-date: /home/user/qiaoyin/install/driver/include/driver/driver/msg/detail/arm_info__rosidl_typesupport_introspection_c.h
-- Up-to-date: /home/user/qiaoyin/install/driver/include/driver/driver/msg/detail/agv_info__rosidl_typesupport_introspection_c.h
-- Up-to-date: /home/user/qiaoyin/install/driver/include/driver/driver/msg/detail/arm_info__type_support.c
-- Up-to-date: /home/user/qiaoyin/install/driver/include/driver/driver/msg/detail/gripper_info__rosidl_typesupport_introspection_c.h
-- Up-to-date: /home/user/qiaoyin/install/driver/include/driver/driver/msg/detail/gripper_info__type_support.c
-- Up-to-date: /home/user/qiaoyin/install/driver/include/driver/driver/msg/detail/agv_info__type_support.c
-- Up-to-date: /home/user/qiaoyin/install/driver/include/driver/driver/msg/rosidl_typesupport_introspection_c__visibility_control.h
-- Up-to-date: /home/user/qiaoyin/install/driver/lib/libdriver__rosidl_typesupport_introspection_c.so
-- Up-to-date: /home/user/qiaoyin/install/driver/lib/libdriver__rosidl_typesupport_c.so
-- Up-to-date: /home/user/qiaoyin/install/driver/include/driver/driver
-- Up-to-date: /home/user/qiaoyin/install/driver/include/driver/driver/srv
-- Up-to-date: /home/user/qiaoyin/install/driver/include/driver/driver/srv/detail
-- Up-to-date: /home/user/qiaoyin/install/driver/include/driver/driver/srv/detail/arm_set_joints__rosidl_typesupport_introspection_cpp.hpp
-- Up-to-date: /home/user/qiaoyin/install/driver/include/driver/driver/srv/detail/arm_set_cart__rosidl_typesupport_introspection_cpp.hpp
-- Up-to-date: /home/user/qiaoyin/install/driver/include/driver/driver/srv/detail/arm_set_cart__type_support.cpp
-- Up-to-date: /home/user/qiaoyin/install/driver/include/driver/driver/srv/detail/arm_set_joints__type_support.cpp
-- Up-to-date: /home/user/qiaoyin/install/driver/include/driver/driver/msg
-- Up-to-date: /home/user/qiaoyin/install/driver/include/driver/driver/msg/detail
-- Up-to-date: /home/user/qiaoyin/install/driver/include/driver/driver/msg/detail/arm_info__rosidl_typesupport_introspection_cpp.hpp
-- Up-to-date: /home/user/qiaoyin/install/driver/include/driver/driver/msg/detail/gripper_info__type_support.cpp
-- Up-to-date: /home/user/qiaoyin/install/driver/include/driver/driver/msg/detail/agv_info__type_support.cpp
-- Up-to-date: /home/user/qiaoyin/install/driver/include/driver/driver/msg/detail/agv_info__rosidl_typesupport_introspection_cpp.hpp
-- Up-to-date: /home/user/qiaoyin/install/driver/include/driver/driver/msg/detail/arm_info__type_support.cpp
-- Up-to-date: /home/user/qiaoyin/install/driver/include/driver/driver/msg/detail/gripper_info__rosidl_typesupport_introspection_cpp.hpp
-- Up-to-date: /home/user/qiaoyin/install/driver/lib/libdriver__rosidl_typesupport_introspection_cpp.so
-- Up-to-date: /home/user/qiaoyin/install/driver/lib/libdriver__rosidl_typesupport_cpp.so
-- Up-to-date: /home/user/qiaoyin/install/driver/share/driver/environment/pythonpath.sh
-- Installing: /home/user/qiaoyin/install/driver/share/driver/environment/pythonpath.dsv
-- Up-to-date: /home/user/qiaoyin/install/driver/local/lib/python3.10/dist-packages/driver-0.0.0-py3.10.egg-info
-- Installing: /home/user/qiaoyin/install/driver/local/lib/python3.10/dist-packages/driver-0.0.0-py3.10.egg-info/PKG-INFO
-- Installing: /home/user/qiaoyin/install/driver/local/lib/python3.10/dist-packages/driver-0.0.0-py3.10.egg-info/top_level.txt
-- Installing: /home/user/qiaoyin/install/driver/local/lib/python3.10/dist-packages/driver-0.0.0-py3.10.egg-info/SOURCES.txt
-- Installing: /home/user/qiaoyin/install/driver/local/lib/python3.10/dist-packages/driver-0.0.0-py3.10.egg-info/dependency_links.txt
-- Up-to-date: /home/user/qiaoyin/install/driver/local/lib/python3.10/dist-packages/driver
-- Up-to-date: /home/user/qiaoyin/install/driver/local/lib/python3.10/dist-packages/driver/driver_s__rosidl_typesupport_introspection_c.cpython-310-x86_64-linux-gnu.so
-- Up-to-date: /home/user/qiaoyin/install/driver/local/lib/python3.10/dist-packages/driver/driver_s__rosidl_typesupport_c.cpython-310-x86_64-linux-gnu.so
-- Up-to-date: /home/user/qiaoyin/install/driver/local/lib/python3.10/dist-packages/driver/srv
-- Up-to-date: /home/user/qiaoyin/install/driver/local/lib/python3.10/dist-packages/driver/srv/__init__.py
-- Up-to-date: /home/user/qiaoyin/install/driver/local/lib/python3.10/dist-packages/driver/srv/_arm_set_joints.py
-- Up-to-date: /home/user/qiaoyin/install/driver/local/lib/python3.10/dist-packages/driver/srv/_arm_set_cart.py
-- Up-to-date: /home/user/qiaoyin/install/driver/local/lib/python3.10/dist-packages/driver/srv/_arm_set_cart_s.c
-- Up-to-date: /home/user/qiaoyin/install/driver/local/lib/python3.10/dist-packages/driver/srv/_arm_set_joints_s.c
-- Up-to-date: /home/user/qiaoyin/install/driver/local/lib/python3.10/dist-packages/driver/_driver_s.ep.rosidl_typesupport_c.c
-- Installing: /home/user/qiaoyin/install/driver/local/lib/python3.10/dist-packages/driver/__init__.py
-- Up-to-date: /home/user/qiaoyin/install/driver/local/lib/python3.10/dist-packages/driver/_driver_s.ep.rosidl_typesupport_introspection_c.c
-- Up-to-date: /home/user/qiaoyin/install/driver/local/lib/python3.10/dist-packages/driver/driver_s__rosidl_typesupport_fastrtps_c.cpython-310-x86_64-linux-gnu.so
-- Up-to-date: /home/user/qiaoyin/install/driver/local/lib/python3.10/dist-packages/driver/libdriver__rosidl_generator_py.so
-- Up-to-date: /home/user/qiaoyin/install/driver/local/lib/python3.10/dist-packages/driver/msg
-- Up-to-date: /home/user/qiaoyin/install/driver/local/lib/python3.10/dist-packages/driver/msg/_arm_info_s.c
-- Up-to-date: /home/user/qiaoyin/install/driver/local/lib/python3.10/dist-packages/driver/msg/_agv_info.py
-- Up-to-date: /home/user/qiaoyin/install/driver/local/lib/python3.10/dist-packages/driver/msg/__init__.py
-- Up-to-date: /home/user/qiaoyin/install/driver/local/lib/python3.10/dist-packages/driver/msg/_gripper_info_s.c
-- Up-to-date: /home/user/qiaoyin/install/driver/local/lib/python3.10/dist-packages/driver/msg/_arm_info.py
-- Up-to-date: /home/user/qiaoyin/install/driver/local/lib/python3.10/dist-packages/driver/msg/_agv_info_s.c
-- Up-to-date: /home/user/qiaoyin/install/driver/local/lib/python3.10/dist-packages/driver/msg/_gripper_info.py
-- Up-to-date: /home/user/qiaoyin/install/driver/local/lib/python3.10/dist-packages/driver/_driver_s.ep.rosidl_typesupport_fastrtps_c.c
Listing '/home/user/qiaoyin/install/driver/local/lib/python3.10/dist-packages/driver'...
Compiling '/home/user/qiaoyin/install/driver/local/lib/python3.10/dist-packages/driver/__init__.py'...
Listing '/home/user/qiaoyin/install/driver/local/lib/python3.10/dist-packages/driver/msg'...
Listing '/home/user/qiaoyin/install/driver/local/lib/python3.10/dist-packages/driver/srv'...
-- Up-to-date: /home/user/qiaoyin/install/driver/local/lib/python3.10/dist-packages/driver/driver_s__rosidl_typesupport_fastrtps_c.cpython-310-x86_64-linux-gnu.so
-- Up-to-date: /home/user/qiaoyin/install/driver/local/lib/python3.10/dist-packages/driver/driver_s__rosidl_typesupport_introspection_c.cpython-310-x86_64-linux-gnu.so
-- Up-to-date: /home/user/qiaoyin/install/driver/local/lib/python3.10/dist-packages/driver/driver_s__rosidl_typesupport_c.cpython-310-x86_64-linux-gnu.so
-- Up-to-date: /home/user/qiaoyin/install/driver/lib/libdriver__rosidl_generator_py.so
-- Up-to-date: /home/user/qiaoyin/install/driver/share/driver/srv/ArmSetCart.idl
-- Up-to-date: /home/user/qiaoyin/install/driver/share/driver/srv/ArmSetJoints.idl
-- Up-to-date: /home/user/qiaoyin/install/driver/share/driver/msg/AgvInfo.idl
-- Up-to-date: /home/user/qiaoyin/install/driver/share/driver/msg/ArmInfo.idl
-- Up-to-date: /home/user/qiaoyin/install/driver/share/driver/msg/GripperInfo.idl
-- Up-to-date: /home/user/qiaoyin/install/driver/share/driver/srv/ArmSetCart.srv
-- Up-to-date: /home/user/qiaoyin/install/driver/share/driver/srv/ArmSetCart_Request.msg
-- Up-to-date: /home/user/qiaoyin/install/driver/share/driver/srv/ArmSetCart_Response.msg
-- Up-to-date: /home/user/qiaoyin/install/driver/share/driver/srv/ArmSetJoints.srv
-- Up-to-date: /home/user/qiaoyin/install/driver/share/driver/srv/ArmSetJoints_Request.msg
-- Up-to-date: /home/user/qiaoyin/install/driver/share/driver/srv/ArmSetJoints_Response.msg
-- Up-to-date: /home/user/qiaoyin/install/driver/share/driver/msg/AgvInfo.msg
-- Up-to-date: /home/user/qiaoyin/install/driver/share/driver/msg/ArmInfo.msg
-- Up-to-date: /home/user/qiaoyin/install/driver/share/driver/msg/GripperInfo.msg
-- Installing: /home/user/qiaoyin/install/driver/lib/driver/arm_driver_node
-- Set runtime path of "/home/user/qiaoyin/install/driver/lib/driver/arm_driver_node" to ""
-- Up-to-date: /home/user/qiaoyin/install/driver/share/ament_index/resource_index/package_run_dependencies/driver
-- Up-to-date: /home/user/qiaoyin/install/driver/share/ament_index/resource_index/parent_prefix_path/driver
-- Up-to-date: /home/user/qiaoyin/install/driver/share/driver/environment/ament_prefix_path.sh
-- Installing: /home/user/qiaoyin/install/driver/share/driver/environment/ament_prefix_path.dsv
-- Up-to-date: /home/user/qiaoyin/install/driver/share/driver/environment/path.sh
-- Installing: /home/user/qiaoyin/install/driver/share/driver/environment/path.dsv
-- Up-to-date: /home/user/qiaoyin/install/driver/share/driver/local_setup.bash
-- Up-to-date: /home/user/qiaoyin/install/driver/share/driver/local_setup.sh
-- Up-to-date: /home/user/qiaoyin/install/driver/share/driver/local_setup.zsh
-- Installing: /home/user/qiaoyin/install/driver/share/driver/local_setup.dsv
-- Installing: /home/user/qiaoyin/install/driver/share/driver/package.dsv
-- Up-to-date: /home/user/qiaoyin/install/driver/share/ament_index/resource_index/packages/driver
-- Up-to-date: /home/user/qiaoyin/install/driver/share/driver/cmake/export_driver__rosidl_generator_cExport.cmake
-- Up-to-date: /home/user/qiaoyin/install/driver/share/driver/cmake/export_driver__rosidl_generator_cExport-noconfig.cmake
-- Up-to-date: /home/user/qiaoyin/install/driver/share/driver/cmake/export_driver__rosidl_typesupport_fastrtps_cExport.cmake
-- Up-to-date: /home/user/qiaoyin/install/driver/share/driver/cmake/export_driver__rosidl_typesupport_fastrtps_cExport-noconfig.cmake
-- Up-to-date: /home/user/qiaoyin/install/driver/share/driver/cmake/export_driver__rosidl_generator_cppExport.cmake
-- Up-to-date: /home/user/qiaoyin/install/driver/share/driver/cmake/export_driver__rosidl_typesupport_fastrtps_cppExport.cmake
-- Up-to-date: /home/user/qiaoyin/install/driver/share/driver/cmake/export_driver__rosidl_typesupport_fastrtps_cppExport-noconfig.cmake
-- Up-to-date: /home/user/qiaoyin/install/driver/share/driver/cmake/driver__rosidl_typesupport_introspection_cExport.cmake
-- Up-to-date: /home/user/qiaoyin/install/driver/share/driver/cmake/driver__rosidl_typesupport_introspection_cExport-noconfig.cmake
-- Up-to-date: /home/user/qiaoyin/install/driver/share/driver/cmake/driver__rosidl_typesupport_cExport.cmake
-- Up-to-date: /home/user/qiaoyin/install/driver/share/driver/cmake/driver__rosidl_typesupport_cExport-noconfig.cmake
-- Up-to-date: /home/user/qiaoyin/install/driver/share/driver/cmake/driver__rosidl_typesupport_introspection_cppExport.cmake
-- Up-to-date: /home/user/qiaoyin/install/driver/share/driver/cmake/driver__rosidl_typesupport_introspection_cppExport-noconfig.cmake
-- Up-to-date: /home/user/qiaoyin/install/driver/share/driver/cmake/driver__rosidl_typesupport_cppExport.cmake
-- Up-to-date: /home/user/qiaoyin/install/driver/share/driver/cmake/driver__rosidl_typesupport_cppExport-noconfig.cmake
-- Up-to-date: /home/user/qiaoyin/install/driver/share/driver/cmake/export_driver__rosidl_generator_pyExport.cmake
-- Up-to-date: /home/user/qiaoyin/install/driver/share/driver/cmake/export_driver__rosidl_generator_pyExport-noconfig.cmake
-- Up-to-date: /home/user/qiaoyin/install/driver/share/driver/cmake/rosidl_cmake-extras.cmake
-- Up-to-date: /home/user/qiaoyin/install/driver/share/driver/cmake/ament_cmake_export_include_directories-extras.cmake
-- Up-to-date: /home/user/qiaoyin/install/driver/share/driver/cmake/ament_cmake_export_libraries-extras.cmake
-- Up-to-date: /home/user/qiaoyin/install/driver/share/driver/cmake/ament_cmake_export_targets-extras.cmake
-- Up-to-date: /home/user/qiaoyin/install/driver/share/driver/cmake/rosidl_cmake_export_typesupport_targets-extras.cmake
-- Up-to-date: /home/user/qiaoyin/install/driver/share/driver/cmake/ament_cmake_export_dependencies-extras.cmake
-- Up-to-date: /home/user/qiaoyin/install/driver/share/driver/cmake/rosidl_cmake_export_typesupport_libraries-extras.cmake
-- Up-to-date: /home/user/qiaoyin/install/driver/share/driver/cmake/driverConfig.cmake
-- Up-to-date: /home/user/qiaoyin/install/driver/share/driver/cmake/driverConfig-version.cmake
-- Up-to-date: /home/user/qiaoyin/install/driver/share/driver/package.xml
