[0.064s] DEBUG:colcon:Command line arguments: ['/usr/bin/colcon', 'build']
[0.064s] DEBUG:colcon:Parsed command line arguments: Namespace(log_base=None, log_level=None, verb_name='build', build_base='build', install_base='install', merge_install=False, symlink_install=False, test_result_base=None, continue_on_error=False, executor='parallel', parallel_workers=24, event_handlers=None, ignore_user_meta=False, metas=['./colcon.meta'], base_paths=['.'], packages_ignore=None, packages_ignore_regex=None, paths=None, packages_up_to=None, packages_up_to_regex=None, packages_above=None, packages_above_and_dependencies=None, packages_above_depth=None, packages_select_by_dep=None, packages_skip_by_dep=None, packages_skip_up_to=None, packages_select_build_failed=False, packages_skip_build_finished=False, packages_select_test_failures=False, packages_skip_test_passed=False, packages_select=None, packages_skip=None, packages_select_regex=None, packages_skip_regex=None, packages_start=None, packages_end=None, allow_overriding=[], cmake_args=None, cmake_target=None, cmake_target_skip_unavailable=False, cmake_clean_cache=False, cmake_clean_first=False, cmake_force_configure=False, ament_cmake_args=None, catkin_cmake_args=None, catkin_skip_building_tests=False, mixin_files=None, mixin=None, verb_parser=<colcon_mixin.mixin.mixin_argument.MixinArgumentDecorator object at 0x7e3ab8c59240>, verb_extension=<colcon_core.verb.build.BuildVerb object at 0x7e3ab8c583a0>, main=<bound method BuildVerb.main of <colcon_core.verb.build.BuildVerb object at 0x7e3ab8c583a0>>, mixin_verb=('build',))
[0.149s] Level 1:colcon.colcon_core.package_discovery:discover_packages(colcon_meta) check parameters
[0.150s] Level 1:colcon.colcon_core.package_discovery:discover_packages(recursive) check parameters
[0.150s] Level 1:colcon.colcon_core.package_discovery:discover_packages(ignore) check parameters
[0.150s] Level 1:colcon.colcon_core.package_discovery:discover_packages(path) check parameters
[0.150s] Level 1:colcon.colcon_core.package_discovery:discover_packages(colcon_meta) discover
[0.150s] Level 1:colcon.colcon_core.package_discovery:discover_packages(recursive) discover
[0.150s] INFO:colcon.colcon_core.package_discovery:Crawling recursively for packages in '/home/user/qiaoyin'
[0.150s] Level 1:colcon.colcon_core.package_identification:_identify(.) by extensions ['ignore', 'ignore_ament_install']
[0.150s] Level 1:colcon.colcon_core.package_identification:_identify(.) by extension 'ignore'
[0.150s] Level 1:colcon.colcon_core.package_identification:_identify(.) by extension 'ignore_ament_install'
[0.150s] Level 1:colcon.colcon_core.package_identification:_identify(.) by extensions ['colcon_pkg']
[0.150s] Level 1:colcon.colcon_core.package_identification:_identify(.) by extension 'colcon_pkg'
[0.150s] Level 1:colcon.colcon_core.package_identification:_identify(.) by extensions ['colcon_meta']
[0.150s] Level 1:colcon.colcon_core.package_identification:_identify(.) by extension 'colcon_meta'
[0.150s] Level 1:colcon.colcon_core.package_identification:_identify(.) by extensions ['ros']
[0.150s] Level 1:colcon.colcon_core.package_identification:_identify(.) by extension 'ros'
[0.157s] Level 1:colcon.colcon_core.package_identification:_identify(.) by extensions ['cmake', 'python']
[0.157s] Level 1:colcon.colcon_core.package_identification:_identify(.) by extension 'cmake'
[0.157s] Level 1:colcon.colcon_core.package_identification:_identify(.) by extension 'python'
[0.157s] Level 1:colcon.colcon_core.package_identification:_identify(.) by extensions ['python_setup_py']
[0.157s] Level 1:colcon.colcon_core.package_identification:_identify(.) by extension 'python_setup_py'
[0.157s] Level 1:colcon.colcon_core.package_identification:_identify(build) by extensions ['ignore', 'ignore_ament_install']
[0.157s] Level 1:colcon.colcon_core.package_identification:_identify(build) by extension 'ignore'
[0.157s] Level 1:colcon.colcon_core.package_identification:_identify(build) ignored
[0.158s] Level 1:colcon.colcon_core.package_identification:_identify(install) by extensions ['ignore', 'ignore_ament_install']
[0.158s] Level 1:colcon.colcon_core.package_identification:_identify(install) by extension 'ignore'
[0.158s] Level 1:colcon.colcon_core.package_identification:_identify(install) ignored
[0.158s] Level 1:colcon.colcon_core.package_identification:_identify(log) by extensions ['ignore', 'ignore_ament_install']
[0.158s] Level 1:colcon.colcon_core.package_identification:_identify(log) by extension 'ignore'
[0.158s] Level 1:colcon.colcon_core.package_identification:_identify(log) ignored
[0.158s] Level 1:colcon.colcon_core.package_identification:_identify(src) by extensions ['ignore', 'ignore_ament_install']
[0.158s] Level 1:colcon.colcon_core.package_identification:_identify(src) by extension 'ignore'
[0.158s] Level 1:colcon.colcon_core.package_identification:_identify(src) by extension 'ignore_ament_install'
[0.158s] Level 1:colcon.colcon_core.package_identification:_identify(src) by extensions ['colcon_pkg']
[0.158s] Level 1:colcon.colcon_core.package_identification:_identify(src) by extension 'colcon_pkg'
[0.158s] Level 1:colcon.colcon_core.package_identification:_identify(src) by extensions ['colcon_meta']
[0.158s] Level 1:colcon.colcon_core.package_identification:_identify(src) by extension 'colcon_meta'
[0.158s] Level 1:colcon.colcon_core.package_identification:_identify(src) by extensions ['ros']
[0.158s] Level 1:colcon.colcon_core.package_identification:_identify(src) by extension 'ros'
[0.158s] Level 1:colcon.colcon_core.package_identification:_identify(src) by extensions ['cmake', 'python']
[0.158s] Level 1:colcon.colcon_core.package_identification:_identify(src) by extension 'cmake'
[0.158s] Level 1:colcon.colcon_core.package_identification:_identify(src) by extension 'python'
[0.158s] Level 1:colcon.colcon_core.package_identification:_identify(src) by extensions ['python_setup_py']
[0.158s] Level 1:colcon.colcon_core.package_identification:_identify(src) by extension 'python_setup_py'
[0.158s] Level 1:colcon.colcon_core.package_identification:_identify(src/interface) by extensions ['ignore', 'ignore_ament_install']
[0.158s] Level 1:colcon.colcon_core.package_identification:_identify(src/interface) by extension 'ignore'
[0.158s] Level 1:colcon.colcon_core.package_identification:_identify(src/interface) by extension 'ignore_ament_install'
[0.158s] Level 1:colcon.colcon_core.package_identification:_identify(src/interface) by extensions ['colcon_pkg']
[0.158s] Level 1:colcon.colcon_core.package_identification:_identify(src/interface) by extension 'colcon_pkg'
[0.158s] Level 1:colcon.colcon_core.package_identification:_identify(src/interface) by extensions ['colcon_meta']
[0.158s] Level 1:colcon.colcon_core.package_identification:_identify(src/interface) by extension 'colcon_meta'
[0.158s] Level 1:colcon.colcon_core.package_identification:_identify(src/interface) by extensions ['ros']
[0.158s] Level 1:colcon.colcon_core.package_identification:_identify(src/interface) by extension 'ros'
[0.160s] DEBUG:colcon.colcon_core.package_identification:Package 'src/interface' with type 'ros.ament_cmake' and name 'interface'
[0.160s] Level 1:colcon.colcon_core.package_identification:_identify(src/whl_system) by extensions ['ignore', 'ignore_ament_install']
[0.160s] Level 1:colcon.colcon_core.package_identification:_identify(src/whl_system) by extension 'ignore'
[0.160s] Level 1:colcon.colcon_core.package_identification:_identify(src/whl_system) by extension 'ignore_ament_install'
[0.160s] Level 1:colcon.colcon_core.package_identification:_identify(src/whl_system) by extensions ['colcon_pkg']
[0.160s] Level 1:colcon.colcon_core.package_identification:_identify(src/whl_system) by extension 'colcon_pkg'
[0.160s] Level 1:colcon.colcon_core.package_identification:_identify(src/whl_system) by extensions ['colcon_meta']
[0.160s] Level 1:colcon.colcon_core.package_identification:_identify(src/whl_system) by extension 'colcon_meta'
[0.160s] Level 1:colcon.colcon_core.package_identification:_identify(src/whl_system) by extensions ['ros']
[0.160s] Level 1:colcon.colcon_core.package_identification:_identify(src/whl_system) by extension 'ros'
[0.160s] DEBUG:colcon.colcon_core.package_identification:Package 'src/whl_system' with type 'ros.ament_cmake' and name 'whl_system'
[0.160s] Level 1:colcon.colcon_core.package_discovery:discover_packages(recursive) using defaults
[0.161s] Level 1:colcon.colcon_core.package_discovery:discover_packages(ignore) discover
[0.161s] Level 1:colcon.colcon_core.package_discovery:discover_packages(ignore) using defaults
[0.161s] Level 1:colcon.colcon_core.package_discovery:discover_packages(path) discover
[0.161s] Level 1:colcon.colcon_core.package_discovery:discover_packages(path) using defaults
[0.178s] Level 1:colcon.colcon_core.package_discovery:discover_packages(prefix_path) check parameters
[0.178s] Level 1:colcon.colcon_core.package_discovery:discover_packages(prefix_path) discover
[0.180s] DEBUG:colcon.colcon_installed_package_information.package_discovery:Found 271 installed packages in /opt/ros/humble
[0.180s] Level 1:colcon.colcon_core.package_discovery:discover_packages(prefix_path) using defaults
[0.200s] Level 5:colcon.colcon_core.verb:set package 'interface' build argument 'cmake_args' from command line to 'None'
[0.200s] Level 5:colcon.colcon_core.verb:set package 'interface' build argument 'cmake_target' from command line to 'None'
[0.200s] Level 5:colcon.colcon_core.verb:set package 'interface' build argument 'cmake_target_skip_unavailable' from command line to 'False'
[0.200s] Level 5:colcon.colcon_core.verb:set package 'interface' build argument 'cmake_clean_cache' from command line to 'False'
[0.200s] Level 5:colcon.colcon_core.verb:set package 'interface' build argument 'cmake_clean_first' from command line to 'False'
[0.200s] Level 5:colcon.colcon_core.verb:set package 'interface' build argument 'cmake_force_configure' from command line to 'False'
[0.200s] Level 5:colcon.colcon_core.verb:set package 'interface' build argument 'ament_cmake_args' from command line to 'None'
[0.200s] Level 5:colcon.colcon_core.verb:set package 'interface' build argument 'catkin_cmake_args' from command line to 'None'
[0.200s] Level 5:colcon.colcon_core.verb:set package 'interface' build argument 'catkin_skip_building_tests' from command line to 'False'
[0.200s] DEBUG:colcon.colcon_core.verb:Building package 'interface' with the following arguments: {'ament_cmake_args': None, 'build_base': '/home/user/qiaoyin/build/interface', 'catkin_cmake_args': None, 'catkin_skip_building_tests': False, 'cmake_args': None, 'cmake_clean_cache': False, 'cmake_clean_first': False, 'cmake_force_configure': False, 'cmake_target': None, 'cmake_target_skip_unavailable': False, 'install_base': '/home/user/qiaoyin/install/interface', 'merge_install': False, 'path': '/home/user/qiaoyin/src/interface', 'symlink_install': False, 'test_result_base': None}
[0.200s] Level 5:colcon.colcon_core.verb:set package 'whl_system' build argument 'cmake_args' from command line to 'None'
[0.200s] Level 5:colcon.colcon_core.verb:set package 'whl_system' build argument 'cmake_target' from command line to 'None'
[0.200s] Level 5:colcon.colcon_core.verb:set package 'whl_system' build argument 'cmake_target_skip_unavailable' from command line to 'False'
[0.201s] Level 5:colcon.colcon_core.verb:set package 'whl_system' build argument 'cmake_clean_cache' from command line to 'False'
[0.201s] Level 5:colcon.colcon_core.verb:set package 'whl_system' build argument 'cmake_clean_first' from command line to 'False'
[0.201s] Level 5:colcon.colcon_core.verb:set package 'whl_system' build argument 'cmake_force_configure' from command line to 'False'
[0.201s] Level 5:colcon.colcon_core.verb:set package 'whl_system' build argument 'ament_cmake_args' from command line to 'None'
[0.201s] Level 5:colcon.colcon_core.verb:set package 'whl_system' build argument 'catkin_cmake_args' from command line to 'None'
[0.201s] Level 5:colcon.colcon_core.verb:set package 'whl_system' build argument 'catkin_skip_building_tests' from command line to 'False'
[0.201s] DEBUG:colcon.colcon_core.verb:Building package 'whl_system' with the following arguments: {'ament_cmake_args': None, 'build_base': '/home/user/qiaoyin/build/whl_system', 'catkin_cmake_args': None, 'catkin_skip_building_tests': False, 'cmake_args': None, 'cmake_clean_cache': False, 'cmake_clean_first': False, 'cmake_force_configure': False, 'cmake_target': None, 'cmake_target_skip_unavailable': False, 'install_base': '/home/user/qiaoyin/install/whl_system', 'merge_install': False, 'path': '/home/user/qiaoyin/src/whl_system', 'symlink_install': False, 'test_result_base': None}
[0.201s] INFO:colcon.colcon_core.executor:Executing jobs using 'parallel' executor
[0.202s] DEBUG:colcon.colcon_parallel_executor.executor.parallel:run_until_complete
[0.202s] INFO:colcon.colcon_ros.task.ament_cmake.build:Building ROS package in '/home/user/qiaoyin/src/interface' with build type 'ament_cmake'
[0.202s] INFO:colcon.colcon_cmake.task.cmake.build:Building CMake package in '/home/user/qiaoyin/src/interface'
[0.204s] INFO:colcon.colcon_core.plugin_system:Skipping extension 'colcon_core.shell.bat': Not used on non-Windows systems
[0.204s] INFO:colcon.colcon_core.shell:Skip shell extension 'powershell' for command environment: Not usable outside of PowerShell
[0.204s] DEBUG:colcon.colcon_core.shell:Skip shell extension 'dsv' for command environment
[0.206s] INFO:colcon.colcon_ros.task.ament_cmake.build:Building ROS package in '/home/user/qiaoyin/src/whl_system' with build type 'ament_cmake'
[0.206s] INFO:colcon.colcon_cmake.task.cmake.build:Building CMake package in '/home/user/qiaoyin/src/whl_system'
[0.206s] INFO:colcon.colcon_core.shell:Skip shell extension 'powershell' for command environment: Not usable outside of PowerShell
[0.206s] DEBUG:colcon.colcon_core.shell:Skip shell extension 'dsv' for command environment
[0.211s] DEBUG:colcon.colcon_core.event_handler.log_command:Invoking command in '/home/user/qiaoyin/build/interface': CMAKE_PREFIX_PATH=/opt/ros/humble /usr/bin/cmake --build /home/user/qiaoyin/build/interface -- -j24 -l24
[0.213s] DEBUG:colcon.colcon_core.event_handler.log_command:Invoking command in '/home/user/qiaoyin/build/whl_system': CMAKE_PREFIX_PATH=/opt/ros/humble /usr/bin/cmake --build /home/user/qiaoyin/build/whl_system -- -j24 -l24
[0.236s] DEBUG:colcon.colcon_core.event_handler.log_command:Invoked command in '/home/user/qiaoyin/build/interface' returned '0': CMAKE_PREFIX_PATH=/opt/ros/humble /usr/bin/cmake --build /home/user/qiaoyin/build/interface -- -j24 -l24
[0.243s] DEBUG:colcon.colcon_core.event_handler.log_command:Invoking command in '/home/user/qiaoyin/build/interface': CMAKE_PREFIX_PATH=/opt/ros/humble /usr/bin/cmake --install /home/user/qiaoyin/build/interface
[0.249s] Level 1:colcon.colcon_core.environment:create_environment_scripts_only(interface)
[0.251s] DEBUG:colcon.colcon_core.event_handler.log_command:Invoked command in '/home/user/qiaoyin/build/interface' returned '0': CMAKE_PREFIX_PATH=/opt/ros/humble /usr/bin/cmake --install /home/user/qiaoyin/build/interface
[0.253s] Level 1:colcon.colcon_core.environment:checking '/home/user/qiaoyin/install/interface' for CMake module files
[0.253s] Level 1:colcon.colcon_core.environment:checking '/home/user/qiaoyin/install/interface' for CMake config files
[0.254s] Level 1:colcon.colcon_core.shell:create_environment_hook('interface', 'cmake_prefix_path')
[0.254s] INFO:colcon.colcon_core.shell:Creating environment hook '/home/user/qiaoyin/install/interface/share/interface/hook/cmake_prefix_path.ps1'
[0.255s] INFO:colcon.colcon_core.shell:Creating environment descriptor '/home/user/qiaoyin/install/interface/share/interface/hook/cmake_prefix_path.dsv'
[0.255s] INFO:colcon.colcon_core.shell:Creating environment hook '/home/user/qiaoyin/install/interface/share/interface/hook/cmake_prefix_path.sh'
[0.257s] Level 1:colcon.colcon_core.environment:checking '/home/user/qiaoyin/install/interface/bin'
[0.257s] Level 1:colcon.colcon_core.environment:checking '/home/user/qiaoyin/install/interface/lib/pkgconfig/interface.pc'
[0.257s] Level 1:colcon.colcon_core.environment:checking '/home/user/qiaoyin/install/interface/lib/python3.10/site-packages'
[0.257s] Level 1:colcon.colcon_core.environment:checking '/home/user/qiaoyin/install/interface/bin'
[0.258s] INFO:colcon.colcon_core.shell:Creating package script '/home/user/qiaoyin/install/interface/share/interface/package.ps1'
[0.259s] INFO:colcon.colcon_core.shell:Creating package descriptor '/home/user/qiaoyin/install/interface/share/interface/package.dsv'
[0.260s] INFO:colcon.colcon_core.shell:Creating package script '/home/user/qiaoyin/install/interface/share/interface/package.sh'
[0.261s] INFO:colcon.colcon_core.shell:Creating package script '/home/user/qiaoyin/install/interface/share/interface/package.bash'
[0.261s] INFO:colcon.colcon_core.shell:Creating package script '/home/user/qiaoyin/install/interface/share/interface/package.zsh'
[0.262s] Level 1:colcon.colcon_core.environment:create_file_with_runtime_dependencies(/home/user/qiaoyin/install/interface/share/colcon-core/packages/interface)
[0.262s] Level 1:colcon.colcon_core.environment:create_environment_scripts_only(interface)
[0.262s] Level 1:colcon.colcon_core.environment:checking '/home/user/qiaoyin/install/interface' for CMake module files
[0.263s] Level 1:colcon.colcon_core.environment:checking '/home/user/qiaoyin/install/interface' for CMake config files
[0.263s] Level 1:colcon.colcon_core.shell:create_environment_hook('interface', 'cmake_prefix_path')
[0.263s] INFO:colcon.colcon_core.shell:Creating environment hook '/home/user/qiaoyin/install/interface/share/interface/hook/cmake_prefix_path.ps1'
[0.263s] INFO:colcon.colcon_core.shell:Creating environment descriptor '/home/user/qiaoyin/install/interface/share/interface/hook/cmake_prefix_path.dsv'
[0.263s] INFO:colcon.colcon_core.shell:Creating environment hook '/home/user/qiaoyin/install/interface/share/interface/hook/cmake_prefix_path.sh'
[0.264s] Level 1:colcon.colcon_core.environment:checking '/home/user/qiaoyin/install/interface/bin'
[0.264s] Level 1:colcon.colcon_core.environment:checking '/home/user/qiaoyin/install/interface/lib/pkgconfig/interface.pc'
[0.264s] Level 1:colcon.colcon_core.environment:checking '/home/user/qiaoyin/install/interface/lib/python3.10/site-packages'
[0.264s] Level 1:colcon.colcon_core.environment:checking '/home/user/qiaoyin/install/interface/bin'
[0.264s] INFO:colcon.colcon_core.shell:Creating package script '/home/user/qiaoyin/install/interface/share/interface/package.ps1'
[0.265s] INFO:colcon.colcon_core.shell:Creating package descriptor '/home/user/qiaoyin/install/interface/share/interface/package.dsv'
[0.265s] INFO:colcon.colcon_core.shell:Creating package script '/home/user/qiaoyin/install/interface/share/interface/package.sh'
[0.265s] INFO:colcon.colcon_core.shell:Creating package script '/home/user/qiaoyin/install/interface/share/interface/package.bash'
[0.265s] INFO:colcon.colcon_core.shell:Creating package script '/home/user/qiaoyin/install/interface/share/interface/package.zsh'
[0.266s] Level 1:colcon.colcon_core.environment:create_file_with_runtime_dependencies(/home/user/qiaoyin/install/interface/share/colcon-core/packages/interface)
[1.952s] Level 1:colcon.colcon_core.environment:create_environment_scripts_only(whl_system)
[1.952s] Level 1:colcon.colcon_core.environment:checking '/home/user/qiaoyin/install/whl_system' for CMake module files
[1.953s] DEBUG:colcon.colcon_core.event_handler.log_command:Invoked command in '/home/user/qiaoyin/build/whl_system' returned '2': CMAKE_PREFIX_PATH=/opt/ros/humble /usr/bin/cmake --build /home/user/qiaoyin/build/whl_system -- -j24 -l24
[1.953s] Level 1:colcon.colcon_core.environment:checking '/home/user/qiaoyin/install/whl_system' for CMake config files
[1.953s] Level 1:colcon.colcon_core.environment:checking '/home/user/qiaoyin/install/whl_system/bin'
[1.953s] Level 1:colcon.colcon_core.environment:checking '/home/user/qiaoyin/install/whl_system/lib/pkgconfig/whl_system.pc'
[1.953s] Level 1:colcon.colcon_core.environment:checking '/home/user/qiaoyin/install/whl_system/lib/python3.10/site-packages'
[1.953s] Level 1:colcon.colcon_core.environment:checking '/home/user/qiaoyin/install/whl_system/bin'
[1.954s] INFO:colcon.colcon_core.shell:Creating package script '/home/user/qiaoyin/install/whl_system/share/whl_system/package.ps1'
[1.954s] INFO:colcon.colcon_core.shell:Creating package descriptor '/home/user/qiaoyin/install/whl_system/share/whl_system/package.dsv'
[1.954s] INFO:colcon.colcon_core.shell:Creating package script '/home/user/qiaoyin/install/whl_system/share/whl_system/package.sh'
[1.954s] INFO:colcon.colcon_core.shell:Creating package script '/home/user/qiaoyin/install/whl_system/share/whl_system/package.bash'
[1.955s] INFO:colcon.colcon_core.shell:Creating package script '/home/user/qiaoyin/install/whl_system/share/whl_system/package.zsh'
[1.955s] Level 1:colcon.colcon_core.environment:create_file_with_runtime_dependencies(/home/user/qiaoyin/install/whl_system/share/colcon-core/packages/whl_system)
[1.965s] DEBUG:colcon.colcon_parallel_executor.executor.parallel:closing loop
[1.965s] DEBUG:colcon.colcon_parallel_executor.executor.parallel:loop closed
[1.965s] DEBUG:colcon.colcon_parallel_executor.executor.parallel:run_until_complete finished with '2'
[1.965s] DEBUG:colcon.colcon_core.event_reactor:joining thread
[1.969s] INFO:colcon.colcon_core.plugin_system:Skipping extension 'colcon_notification.desktop_notification.terminal_notifier': Not used on non-Darwin systems
[1.969s] INFO:colcon.colcon_core.plugin_system:Skipping extension 'colcon_notification.desktop_notification.win32': Not used on non-Windows systems
[1.969s] INFO:colcon.colcon_notification.desktop_notification:Sending desktop notification using 'notify2'
[1.975s] DEBUG:colcon.colcon_core.event_reactor:joined thread
[1.975s] INFO:colcon.colcon_core.shell:Creating prefix script '/home/user/qiaoyin/install/local_setup.ps1'
[1.976s] INFO:colcon.colcon_core.shell:Creating prefix util module '/home/user/qiaoyin/install/_local_setup_util_ps1.py'
[1.977s] INFO:colcon.colcon_core.shell:Creating prefix chain script '/home/user/qiaoyin/install/setup.ps1'
[1.977s] INFO:colcon.colcon_core.shell:Creating prefix script '/home/user/qiaoyin/install/local_setup.sh'
[1.978s] INFO:colcon.colcon_core.shell:Creating prefix util module '/home/user/qiaoyin/install/_local_setup_util_sh.py'
[1.978s] INFO:colcon.colcon_core.shell:Creating prefix chain script '/home/user/qiaoyin/install/setup.sh'
[1.978s] INFO:colcon.colcon_core.shell:Creating prefix script '/home/user/qiaoyin/install/local_setup.bash'
[1.979s] INFO:colcon.colcon_core.shell:Creating prefix chain script '/home/user/qiaoyin/install/setup.bash'
[1.979s] INFO:colcon.colcon_core.shell:Creating prefix script '/home/user/qiaoyin/install/local_setup.zsh'
[1.979s] INFO:colcon.colcon_core.shell:Creating prefix chain script '/home/user/qiaoyin/install/setup.zsh'
