[0.006s] Invoking command in '/home/user/qiaoyin/build/unsupported': /usr/bin/cmake /home/user/qiaoyin/src/loong_utility/eigen3/unsupported -DCMAKE_INSTALL_PREFIX=/home/user/qiaoyin/install/unsupported
[0.011s] [33mCMake Warning (dev) in CMakeLists.txt:
[0.011s]   No project() command is present.  The top-level CMakeLists.txt file must
[0.011s]   contain a literal, direct call to the project() command.  Add a line of
[0.011s]   code such as
[0.011s] 
[0.011s]     project(ProjectName)
[0.011s] 
[0.011s]   near the top of the file, but after cmake_minimum_required().
[0.011s] 
[0.011s]   CMake is pretending there is a "project(Project)" command on the first
[0.011s]   line.
[0.011s] This warning is for project developers.  Use -Wno-dev to suppress it.
[0.011s] [0m
[0.043s] -- The C compiler identification is GNU 11.4.0
[0.080s] -- The CXX compiler identification is GNU 11.4.0
[0.085s] -- Detecting C compiler ABI info
[0.129s] -- Detecting C compiler ABI info - done
[0.135s] -- Check for working C compiler: /usr/bin/cc - skipped
[0.135s] -- Detecting C compile features
[0.135s] -- Detecting C compile features - done
[0.138s] -- Detecting CXX compiler ABI info
[0.186s] -- Detecting CXX compiler ABI info - done
[0.191s] -- Check for working CXX compiler: /usr/bin/c++ - skipped
[0.191s] -- Detecting CXX compile features
[0.192s] -- Detecting CXX compile features - done
[0.193s] [33mCMake Warning (dev) in CMakeLists.txt:
[0.193s]   No cmake_minimum_required command is present.  A line of code such as
[0.193s] 
[0.193s]     cmake_minimum_required(VERSION 3.22)
[0.193s] 
[0.193s]   should be added at the top of the file.  The version specified may be lower
[0.193s]   if you wish to support older CMake versions for this project.  For more
[0.193s]   information run "cmake --help-policy CMP0000".
[0.193s] This warning is for project developers.  Use -Wno-dev to suppress it.
[0.193s] [0m
[0.193s] -- Configuring done
[0.194s] -- Generating done
[0.194s] -- Build files have been written to: /home/user/qiaoyin/build/unsupported
[0.196s] Invoked command in '/home/user/qiaoyin/build/unsupported' returned '0': /usr/bin/cmake /home/user/qiaoyin/src/loong_utility/eigen3/unsupported -DCMAKE_INSTALL_PREFIX=/home/user/qiaoyin/install/unsupported
[0.197s] Invoking command in '/home/user/qiaoyin/build/unsupported': /usr/bin/cmake --build /home/user/qiaoyin/build/unsupported -- -j24 -l24
[0.219s] Invoked command in '/home/user/qiaoyin/build/unsupported' returned '0': /usr/bin/cmake --build /home/user/qiaoyin/build/unsupported -- -j24 -l24
[0.226s] Invoking command in '/home/user/qiaoyin/build/unsupported': /usr/bin/cmake --install /home/user/qiaoyin/build/unsupported
[0.230s] -- Install configuration: ""
[0.230s] [31mCMake Error at Eigen/cmake_install.cmake:54 (file):
[0.230s]   file cannot create directory: /unsupported/Eigen.  Maybe need
[0.230s]   administrative privileges.
[0.230s] Call Stack (most recent call first):
[0.230s]   cmake_install.cmake:47 (include)
[0.230s] 
[0.230s] [0m
[0.231s] Invoked command in '/home/user/qiaoyin/build/unsupported' returned '1': /usr/bin/cmake --install /home/user/qiaoyin/build/unsupported
