[0.082s] DEBUG:colcon:Command line arguments: ['/usr/bin/colcon', 'list', '-p', '--base-paths', '/home/user/qiaoyin']
[0.082s] DEBUG:colcon:Parsed command line arguments: Namespace(log_base=None, log_level=None, verb_name='list', build_base='build', ignore_user_meta=False, metas=['./colcon.meta'], base_paths=['/home/user/qiaoyin'], packages_ignore=None, packages_ignore_regex=None, paths=None, packages_up_to=None, packages_up_to_regex=None, packages_above=None, packages_above_and_dependencies=None, packages_above_depth=None, packages_select_by_dep=None, packages_skip_by_dep=None, packages_skip_up_to=None, packages_select_build_failed=False, packages_skip_build_finished=False, packages_select_test_failures=False, packages_skip_test_passed=False, packages_select=None, packages_skip=None, packages_select_regex=None, packages_skip_regex=None, packages_start=None, packages_end=None, allow_overriding=[], topological_order=False, names_only=False, paths_only=True, topological_graph=False, topological_graph_dot=False, topological_graph_density=False, topological_graph_legend=False, topological_graph_dot_cluster=False, topological_graph_dot_include_skipped=False, mixin_files=None, mixin=None, verb_parser=<colcon_mixin.mixin.mixin_argument.MixinArgumentDecorator object at 0x70ee3cb51cc0>, verb_extension=<colcon_package_information.verb.list.ListVerb object at 0x70ee3cb50880>, main=<bound method ListVerb.main of <colcon_package_information.verb.list.ListVerb object at 0x70ee3cb50880>>, mixin_verb=('list',))
[0.211s] Level 1:colcon.colcon_core.package_discovery:discover_packages(colcon_meta) check parameters
[0.211s] Level 1:colcon.colcon_core.package_discovery:discover_packages(recursive) check parameters
[0.211s] Level 1:colcon.colcon_core.package_discovery:discover_packages(ignore) check parameters
[0.211s] Level 1:colcon.colcon_core.package_discovery:discover_packages(path) check parameters
[0.211s] Level 1:colcon.colcon_core.package_discovery:discover_packages(recursive) discover
[0.211s] INFO:colcon.colcon_core.package_discovery:Crawling recursively for packages in '/home/user/qiaoyin'
[0.211s] Level 1:colcon.colcon_core.package_identification:_identify(/home/user/qiaoyin) by extensions ['ignore', 'ignore_ament_install']
[0.211s] Level 1:colcon.colcon_core.package_identification:_identify(/home/user/qiaoyin) by extension 'ignore'
[0.211s] Level 1:colcon.colcon_core.package_identification:_identify(/home/user/qiaoyin) by extension 'ignore_ament_install'
[0.211s] Level 1:colcon.colcon_core.package_identification:_identify(/home/user/qiaoyin) by extensions ['colcon_pkg']
[0.211s] Level 1:colcon.colcon_core.package_identification:_identify(/home/user/qiaoyin) by extension 'colcon_pkg'
[0.211s] Level 1:colcon.colcon_core.package_identification:_identify(/home/user/qiaoyin) by extensions ['colcon_meta']
[0.211s] Level 1:colcon.colcon_core.package_identification:_identify(/home/user/qiaoyin) by extension 'colcon_meta'
[0.211s] Level 1:colcon.colcon_core.package_identification:_identify(/home/user/qiaoyin) by extensions ['ros']
[0.211s] Level 1:colcon.colcon_core.package_identification:_identify(/home/user/qiaoyin) by extension 'ros'
[0.219s] Level 1:colcon.colcon_core.package_identification:_identify(/home/user/qiaoyin) by extensions ['cmake', 'python']
[0.219s] Level 1:colcon.colcon_core.package_identification:_identify(/home/user/qiaoyin) by extension 'cmake'
[0.219s] Level 1:colcon.colcon_core.package_identification:_identify(/home/user/qiaoyin) by extension 'python'
[0.219s] Level 1:colcon.colcon_core.package_identification:_identify(/home/user/qiaoyin) by extensions ['python_setup_py']
[0.219s] Level 1:colcon.colcon_core.package_identification:_identify(/home/user/qiaoyin) by extension 'python_setup_py'
[0.219s] Level 1:colcon.colcon_core.package_identification:_identify(/home/user/qiaoyin/build) by extensions ['ignore', 'ignore_ament_install']
[0.219s] Level 1:colcon.colcon_core.package_identification:_identify(/home/user/qiaoyin/build) by extension 'ignore'
[0.220s] Level 1:colcon.colcon_core.package_identification:_identify(/home/user/qiaoyin/build) ignored
[0.220s] Level 1:colcon.colcon_core.package_identification:_identify(/home/user/qiaoyin/install) by extensions ['ignore', 'ignore_ament_install']
[0.220s] Level 1:colcon.colcon_core.package_identification:_identify(/home/user/qiaoyin/install) by extension 'ignore'
[0.220s] Level 1:colcon.colcon_core.package_identification:_identify(/home/user/qiaoyin/install) ignored
[0.220s] Level 1:colcon.colcon_core.package_identification:_identify(/home/user/qiaoyin/log) by extensions ['ignore', 'ignore_ament_install']
[0.220s] Level 1:colcon.colcon_core.package_identification:_identify(/home/user/qiaoyin/log) by extension 'ignore'
[0.220s] Level 1:colcon.colcon_core.package_identification:_identify(/home/user/qiaoyin/log) ignored
[0.220s] Level 1:colcon.colcon_core.package_identification:_identify(/home/user/qiaoyin/src) by extensions ['ignore', 'ignore_ament_install']
[0.220s] Level 1:colcon.colcon_core.package_identification:_identify(/home/user/qiaoyin/src) by extension 'ignore'
[0.220s] Level 1:colcon.colcon_core.package_identification:_identify(/home/user/qiaoyin/src) by extension 'ignore_ament_install'
[0.220s] Level 1:colcon.colcon_core.package_identification:_identify(/home/user/qiaoyin/src) by extensions ['colcon_pkg']
[0.220s] Level 1:colcon.colcon_core.package_identification:_identify(/home/user/qiaoyin/src) by extension 'colcon_pkg'
[0.220s] Level 1:colcon.colcon_core.package_identification:_identify(/home/user/qiaoyin/src) by extensions ['colcon_meta']
[0.220s] Level 1:colcon.colcon_core.package_identification:_identify(/home/user/qiaoyin/src) by extension 'colcon_meta'
[0.220s] Level 1:colcon.colcon_core.package_identification:_identify(/home/user/qiaoyin/src) by extensions ['ros']
[0.220s] Level 1:colcon.colcon_core.package_identification:_identify(/home/user/qiaoyin/src) by extension 'ros'
[0.220s] Level 1:colcon.colcon_core.package_identification:_identify(/home/user/qiaoyin/src) by extensions ['cmake', 'python']
[0.220s] Level 1:colcon.colcon_core.package_identification:_identify(/home/user/qiaoyin/src) by extension 'cmake'
[0.220s] Level 1:colcon.colcon_core.package_identification:_identify(/home/user/qiaoyin/src) by extension 'python'
[0.220s] Level 1:colcon.colcon_core.package_identification:_identify(/home/user/qiaoyin/src) by extensions ['python_setup_py']
[0.220s] Level 1:colcon.colcon_core.package_identification:_identify(/home/user/qiaoyin/src) by extension 'python_setup_py'
[0.220s] Level 1:colcon.colcon_core.package_identification:_identify(/home/user/qiaoyin/src/system) by extensions ['ignore', 'ignore_ament_install']
[0.220s] Level 1:colcon.colcon_core.package_identification:_identify(/home/user/qiaoyin/src/system) by extension 'ignore'
[0.220s] Level 1:colcon.colcon_core.package_identification:_identify(/home/user/qiaoyin/src/system) by extension 'ignore_ament_install'
[0.220s] Level 1:colcon.colcon_core.package_identification:_identify(/home/user/qiaoyin/src/system) by extensions ['colcon_pkg']
[0.220s] Level 1:colcon.colcon_core.package_identification:_identify(/home/user/qiaoyin/src/system) by extension 'colcon_pkg'
[0.221s] Level 1:colcon.colcon_core.package_identification:_identify(/home/user/qiaoyin/src/system) by extensions ['colcon_meta']
[0.221s] Level 1:colcon.colcon_core.package_identification:_identify(/home/user/qiaoyin/src/system) by extension 'colcon_meta'
[0.221s] Level 1:colcon.colcon_core.package_identification:_identify(/home/user/qiaoyin/src/system) by extensions ['ros']
[0.221s] Level 1:colcon.colcon_core.package_identification:_identify(/home/user/qiaoyin/src/system) by extension 'ros'
[0.222s] DEBUG:colcon.colcon_core.package_identification:Package '/home/user/qiaoyin/src/system' with type 'ros.ament_cmake' and name 'system'
[0.222s] Level 1:colcon.colcon_core.package_discovery:discover_packages(recursive) using defaults
