[0.007s] Invoking command in '/home/user/qiaoyin/build/system': CMAKE_PREFIX_PATH=/opt/ros/humble /usr/bin/cmake --build /home/user/qiaoyin/build/system -- -j24 -l24
[0.022s] -- Found ament_cmake: 1.3.11 (/opt/ros/humble/share/ament_cmake/cmake)
[0.101s] -- Found rclcpp: 16.0.12 (/opt/ros/humble/share/rclcpp/cmake)
[0.119s] -- Found rosidl_generator_c: 3.1.6 (/opt/ros/humble/share/rosidl_generator_c/cmake)
[0.120s] -- Found rosidl_adapter: 3.1.6 (/opt/ros/humble/share/rosidl_adapter/cmake)
[0.124s] -- Found rosidl_generator_cpp: 3.1.6 (/opt/ros/humble/share/rosidl_generator_cpp/cmake)
[0.129s] -- Using all available rosidl_typesupport_c: rosidl_typesupport_fastrtps_c;rosidl_typesupport_introspection_c
[0.137s] -- Using all available rosidl_typesupport_cpp: rosidl_typesupport_fastrtps_cpp;rosidl_typesupport_introspection_cpp
[0.157s] -- Found rmw_implementation_cmake: 6.1.2 (/opt/ros/humble/share/rmw_implementation_cmake/cmake)
[0.158s] -- Found rmw_fastrtps_cpp: 6.2.7 (/opt/ros/humble/share/rmw_fastrtps_cpp/cmake)
[0.219s] -- Using RMW implementation 'rmw_fastrtps_cpp' as default
[0.251s] -- Found ament_lint_auto: 0.12.12 (/opt/ros/humble/share/ament_lint_auto/cmake)
[0.292s] -- Added test 'cppcheck' to perform static code analysis on C / C++ code
[0.292s] -- Configured cppcheck include dirs: /home/user/qiaoyin/src/system/include;/home/user/qiaoyin/src/system/../loong_utility;/home/user/qiaoyin/src/system/../loong_utility/eigen3
[0.292s] -- Configured cppcheck exclude dirs and/or files: 
[0.292s] -- Added test 'lint_cmake' to check CMake code style
[0.293s] -- Added test 'uncrustify' to check C / C++ code style
[0.293s] -- Configured uncrustify additional arguments: 
[0.293s] -- Added test 'xmllint' to check XML markup files
[0.293s] -- Configuring done
[0.295s] -- Generating done
[0.297s] -- Build files have been written to: /home/user/qiaoyin/build/system
