[  1%] Built target driver__cpp
[ 11%] Built target driver__rosidl_generator_c
[ 11%] Built target ament_cmake_python_copy_driver
[ 22%] Built target driver__rosidl_typesupport_introspection_c
[ 32%] Built target driver__rosidl_typesupport_introspection_cpp
[ 53%] Built target driver__rosidl_typesupport_c
[ 53%] Built target driver__rosidl_typesupport_fastrtps_cpp
[ 64%] Built target driver__rosidl_typesupport_cpp
[ 74%] Built target driver__rosidl_typesupport_fastrtps_c
[35m[1mConsolidate compiler generated dependencies of target arm_driver_node[0m
[ 74%] Built target driver
[ 77%] [32mBuilding CXX object CMakeFiles/arm_driver_node.dir/src/arm_driver_node.cpp.o[0m
[ 79%] [32mBuilding CXX object CMakeFiles/arm_driver_node.dir/src/main.cpp.o[0m
[ 79%] [32mBuilding CXX object CMakeFiles/arm_driver_node.dir/src/jaka.cpp.o[0m
[ 80%] Built target driver__py
[ 89%] Built target driver__rosidl_generator_py
[ 95%] Built target driver__rosidl_typesupport_c__pyext
[ 95%] Built target driver__rosidl_typesupport_introspection_c__pyext
[ 98%] Built target driver__rosidl_typesupport_fastrtps_c__pyext
running egg_info
writing driver.egg-info/PKG-INFO
writing dependency_links to driver.egg-info/dependency_links.txt
writing top-level names to driver.egg-info/top_level.txt
reading manifest file 'driver.egg-info/SOURCES.txt'
writing manifest file 'driver.egg-info/SOURCES.txt'
[ 98%] Built target ament_cmake_python_build_driver_egg
