[0.007s] Invoking command in '/home/user/qiaoyin/build/whl_system': CMAKE_PREFIX_PATH=/opt/ros/humble /usr/bin/cmake --build /home/user/qiaoyin/build/whl_system -- -j24 -l24
[0.040s] [  2%] Built target whl_system__cpp
[0.042s] [ 12%] Built target whl_system__rosidl_generator_c
[0.047s] [ 12%] Built target ament_cmake_python_copy_whl_system
[0.055s] [ 22%] Built target whl_system__rosidl_typesupport_cpp
[0.056s] [ 32%] Built target whl_system__rosidl_typesupport_introspection_cpp
[0.056s] [ 42%] Built target whl_system__rosidl_typesupport_fastrtps_cpp
[0.057s] [ 52%] Built target whl_system__rosidl_typesupport_c
[0.058s] [ 62%] Built target whl_system__rosidl_typesupport_introspection_c
[0.060s] [ 72%] Built target whl_system__rosidl_typesupport_fastrtps_c
[0.063s] [35m[1mConsolidate compiler generated dependencies of target wheelloong_system_node[0m
[0.075s] [ 72%] Built target whl_system
[0.076s] [ 74%] [32mBuilding CXX object CMakeFiles/wheelloong_system_node.dir/src/wheelloong_system.cpp.o[0m
[0.089s] [ 76%] Built target whl_system__py
[0.106s] [ 84%] Built target whl_system__rosidl_generator_py
[0.122s] [ 88%] Built target whl_system__rosidl_typesupport_introspection_c__pyext
[0.124s] [ 94%] Built target whl_system__rosidl_typesupport_c__pyext
[0.124s] [ 96%] Built target whl_system__rosidl_typesupport_fastrtps_c__pyext
[0.195s] running egg_info
[0.195s] writing whl_system.egg-info/PKG-INFO
[0.195s] writing dependency_links to whl_system.egg-info/dependency_links.txt
[0.195s] writing top-level names to whl_system.egg-info/top_level.txt
[0.196s] reading manifest file 'whl_system.egg-info/SOURCES.txt'
[0.197s] writing manifest file 'whl_system.egg-info/SOURCES.txt'
[0.214s] [ 96%] Built target ament_cmake_python_build_whl_system_egg
[1.604s] [ 98%] [32m[1mLinking CXX executable wheelloong_system_node[0m
[1.659s] /usr/bin/ld: CMakeFiles/wheelloong_system_node.dir/src/wheelloong_system.cpp.o: in function `WheelloongSystem::WheelloongSystem()':
[1.659s] wheelloong_system.cpp:(.text+0x18): undefined reference to `FsmClass::FsmClass()'
[1.660s] /usr/bin/ld: CMakeFiles/wheelloong_system_node.dir/src/wheelloong_system.cpp.o: in function `WheelloongSystem::~WheelloongSystem()':
[1.660s] wheelloong_system.cpp:(.text+0x78): undefined reference to `FsmClass::~FsmClass()'
[1.662s] collect2: error: ld returned 1 exit status
[1.663s] gmake[2]: *** [CMakeFiles/wheelloong_system_node.dir/build.make:175：wheelloong_system_node] 错误 1
[1.664s] gmake[1]: *** [CMakeFiles/Makefile2:593：CMakeFiles/wheelloong_system_node.dir/all] 错误 2
[1.664s] gmake: *** [Makefile:146：all] 错误 2
[1.665s] Invoked command in '/home/user/qiaoyin/build/whl_system' returned '2': CMAKE_PREFIX_PATH=/opt/ros/humble /usr/bin/cmake --build /home/user/qiaoyin/build/whl_system -- -j24 -l24
