[0.010s] Invoking command in '/home/user/qiaoyin/build/driver': CMAKE_PREFIX_PATH=/opt/ros/humble /usr/bin/cmake --build /home/user/qiaoyin/build/driver -- -j24 -l24
[0.047s] [  5%] Built target driver__cpp
[0.048s] [ 12%] Built target driver__rosidl_generator_c
[0.056s] [ 12%] Built target ament_cmake_python_copy_driver
[0.062s] [ 22%] Built target driver__rosidl_typesupport_c
[0.063s] [ 41%] Built target driver__rosidl_typesupport_introspection_c
[0.064s] [ 44%] Built target driver__rosidl_typesupport_introspection_cpp
[0.064s] [ 54%] Built target driver__rosidl_typesupport_fastrtps_c
[0.065s] [ 65%] Built target driver__rosidl_typesupport_cpp
[0.069s] [ 76%] Built target driver__rosidl_typesupport_fastrtps_cpp
[0.075s] [35m[1mConsolidate compiler generated dependencies of target arm_driver_node[0m
[0.083s] [ 76%] Built target driver
[0.089s] [ 77%] [32mBuilding CXX object CMakeFiles/arm_driver_node.dir/src/arm_driver_node.cpp.o[0m
[0.099s] [ 78%] Built target driver__py
[0.117s] [ 88%] Built target driver__rosidl_generator_py
[0.132s] [ 90%] Built target driver__rosidl_typesupport_fastrtps_c__pyext
[0.133s] [ 93%] Built target driver__rosidl_typesupport_introspection_c__pyext
[0.133s] [ 96%] Built target driver__rosidl_typesupport_c__pyext
[0.203s] running egg_info
[0.203s] writing driver.egg-info/PKG-INFO
[0.203s] writing dependency_links to driver.egg-info/dependency_links.txt
[0.203s] writing top-level names to driver.egg-info/top_level.txt
[0.204s] reading manifest file 'driver.egg-info/SOURCES.txt'
[0.205s] writing manifest file 'driver.egg-info/SOURCES.txt'
[0.221s] [ 96%] Built target ament_cmake_python_build_driver_egg
[3.424s] [ 97%] [32m[1mLinking CXX executable arm_driver_node[0m
[3.579s] [100%] Built target arm_driver_node
[3.588s] Invoked command in '/home/user/qiaoyin/build/driver' returned '0': CMAKE_PREFIX_PATH=/opt/ros/humble /usr/bin/cmake --build /home/user/qiaoyin/build/driver -- -j24 -l24
[3.589s] Invoking command in '/home/user/qiaoyin/build/driver': CMAKE_PREFIX_PATH=/opt/ros/humble /usr/bin/cmake --install /home/user/qiaoyin/build/driver
[3.594s] -- Install configuration: ""
[3.594s] -- Up-to-date: /home/user/qiaoyin/install/driver/share/ament_index/resource_index/rosidl_interfaces/driver
[3.594s] -- Up-to-date: /home/user/qiaoyin/install/driver/include/driver/driver
[3.594s] -- Up-to-date: /home/user/qiaoyin/install/driver/include/driver/driver/srv
[3.595s] -- Up-to-date: /home/user/qiaoyin/install/driver/include/driver/driver/srv/arm_enable.h
[3.595s] -- Up-to-date: /home/user/qiaoyin/install/driver/include/driver/driver/srv/arm_set_cart.h
[3.595s] -- Up-to-date: /home/user/qiaoyin/install/driver/include/driver/driver/srv/detail
[3.595s] -- Up-to-date: /home/user/qiaoyin/install/driver/include/driver/driver/srv/detail/arm_set_joints__type_support.h
[3.595s] -- Up-to-date: /home/user/qiaoyin/install/driver/include/driver/driver/srv/detail/arm_set_cart__struct.h
[3.595s] -- Up-to-date: /home/user/qiaoyin/install/driver/include/driver/driver/srv/detail/arm_enable__functions.h
[3.595s] -- Up-to-date: /home/user/qiaoyin/install/driver/include/driver/driver/srv/detail/arm_set_cart__type_support.h
[3.595s] -- Up-to-date: /home/user/qiaoyin/install/driver/include/driver/driver/srv/detail/arm_enable__functions.c
[3.595s] -- Up-to-date: /home/user/qiaoyin/install/driver/include/driver/driver/srv/detail/arm_set_joints__struct.h
[3.595s] -- Up-to-date: /home/user/qiaoyin/install/driver/include/driver/driver/srv/detail/arm_set_joints__functions.h
[3.595s] -- Up-to-date: /home/user/qiaoyin/install/driver/include/driver/driver/srv/detail/arm_enable__struct.h
[3.595s] -- Up-to-date: /home/user/qiaoyin/install/driver/include/driver/driver/srv/detail/arm_set_joints__functions.c
[3.595s] -- Up-to-date: /home/user/qiaoyin/install/driver/include/driver/driver/srv/detail/arm_set_cart__functions.c
[3.595s] -- Up-to-date: /home/user/qiaoyin/install/driver/include/driver/driver/srv/detail/arm_enable__type_support.h
[3.595s] -- Up-to-date: /home/user/qiaoyin/install/driver/include/driver/driver/srv/detail/arm_set_cart__functions.h
[3.595s] -- Up-to-date: /home/user/qiaoyin/install/driver/include/driver/driver/srv/arm_set_joints.h
[3.595s] -- Up-to-date: /home/user/qiaoyin/install/driver/include/driver/driver/msg
[3.595s] -- Up-to-date: /home/user/qiaoyin/install/driver/include/driver/driver/msg/detail
[3.595s] -- Up-to-date: /home/user/qiaoyin/install/driver/include/driver/driver/msg/detail/gripper_info__type_support.h
[3.595s] -- Up-to-date: /home/user/qiaoyin/install/driver/include/driver/driver/msg/detail/arm_info__struct.h
[3.595s] -- Up-to-date: /home/user/qiaoyin/install/driver/include/driver/driver/msg/detail/agv_info__functions.c
[3.595s] -- Up-to-date: /home/user/qiaoyin/install/driver/include/driver/driver/msg/detail/agv_info__type_support.h
[3.595s] -- Up-to-date: /home/user/qiaoyin/install/driver/include/driver/driver/msg/detail/arm_info__functions.c
[3.595s] -- Up-to-date: /home/user/qiaoyin/install/driver/include/driver/driver/msg/detail/gripper_info__functions.c
[3.595s] -- Up-to-date: /home/user/qiaoyin/install/driver/include/driver/driver/msg/detail/arm_info__type_support.h
[3.596s] -- Up-to-date: /home/user/qiaoyin/install/driver/include/driver/driver/msg/detail/agv_info__functions.h
[3.596s] -- Up-to-date: /home/user/qiaoyin/install/driver/include/driver/driver/msg/detail/gripper_info__struct.h
[3.596s] -- Up-to-date: /home/user/qiaoyin/install/driver/include/driver/driver/msg/detail/gripper_info__functions.h
[3.596s] -- Up-to-date: /home/user/qiaoyin/install/driver/include/driver/driver/msg/detail/agv_info__struct.h
[3.596s] -- Up-to-date: /home/user/qiaoyin/install/driver/include/driver/driver/msg/detail/arm_info__functions.h
[3.596s] -- Up-to-date: /home/user/qiaoyin/install/driver/include/driver/driver/msg/gripper_info.h
[3.596s] -- Up-to-date: /home/user/qiaoyin/install/driver/include/driver/driver/msg/rosidl_generator_c__visibility_control.h
[3.596s] -- Up-to-date: /home/user/qiaoyin/install/driver/include/driver/driver/msg/agv_info.h
[3.596s] -- Up-to-date: /home/user/qiaoyin/install/driver/include/driver/driver/msg/arm_info.h
[3.596s] -- Up-to-date: /home/user/qiaoyin/install/driver/share/driver/environment/library_path.sh
[3.596s] -- Up-to-date: /home/user/qiaoyin/install/driver/share/driver/environment/library_path.dsv
[3.596s] -- Up-to-date: /home/user/qiaoyin/install/driver/lib/libdriver__rosidl_generator_c.so
[3.596s] -- Up-to-date: /home/user/qiaoyin/install/driver/include/driver/driver
[3.596s] -- Up-to-date: /home/user/qiaoyin/install/driver/include/driver/driver/srv
[3.596s] -- Up-to-date: /home/user/qiaoyin/install/driver/include/driver/driver/srv/detail
[3.596s] -- Up-to-date: /home/user/qiaoyin/install/driver/include/driver/driver/srv/detail/arm_set_joints__rosidl_typesupport_fastrtps_c.h
[3.596s] -- Up-to-date: /home/user/qiaoyin/install/driver/include/driver/driver/srv/detail/arm_set_cart__rosidl_typesupport_fastrtps_c.h
[3.596s] -- Up-to-date: /home/user/qiaoyin/install/driver/include/driver/driver/srv/detail/arm_enable__rosidl_typesupport_fastrtps_c.h
[3.596s] -- Up-to-date: /home/user/qiaoyin/install/driver/include/driver/driver/msg
[3.596s] -- Up-to-date: /home/user/qiaoyin/install/driver/include/driver/driver/msg/detail
[3.596s] -- Up-to-date: /home/user/qiaoyin/install/driver/include/driver/driver/msg/detail/gripper_info__rosidl_typesupport_fastrtps_c.h
[3.596s] -- Up-to-date: /home/user/qiaoyin/install/driver/include/driver/driver/msg/detail/arm_info__rosidl_typesupport_fastrtps_c.h
[3.596s] -- Up-to-date: /home/user/qiaoyin/install/driver/include/driver/driver/msg/detail/agv_info__rosidl_typesupport_fastrtps_c.h
[3.596s] -- Up-to-date: /home/user/qiaoyin/install/driver/include/driver/driver/msg/rosidl_typesupport_fastrtps_c__visibility_control.h
[3.596s] -- Up-to-date: /home/user/qiaoyin/install/driver/lib/libdriver__rosidl_typesupport_fastrtps_c.so
[3.596s] -- Up-to-date: /home/user/qiaoyin/install/driver/include/driver/driver
[3.596s] -- Up-to-date: /home/user/qiaoyin/install/driver/include/driver/driver/srv
[3.596s] -- Up-to-date: /home/user/qiaoyin/install/driver/include/driver/driver/srv/detail
[3.596s] -- Up-to-date: /home/user/qiaoyin/install/driver/include/driver/driver/srv/detail/arm_set_cart__type_support.hpp
[3.596s] -- Up-to-date: /home/user/qiaoyin/install/driver/include/driver/driver/srv/detail/arm_set_joints__struct.hpp
[3.596s] -- Up-to-date: /home/user/qiaoyin/install/driver/include/driver/driver/srv/detail/arm_set_joints__builder.hpp
[3.596s] -- Up-to-date: /home/user/qiaoyin/install/driver/include/driver/driver/srv/detail/arm_set_cart__struct.hpp
[3.597s] -- Up-to-date: /home/user/qiaoyin/install/driver/include/driver/driver/srv/detail/arm_set_joints__type_support.hpp
[3.597s] -- Up-to-date: /home/user/qiaoyin/install/driver/include/driver/driver/srv/detail/arm_set_cart__builder.hpp
[3.597s] -- Up-to-date: /home/user/qiaoyin/install/driver/include/driver/driver/srv/detail/arm_enable__builder.hpp
[3.597s] -- Up-to-date: /home/user/qiaoyin/install/driver/include/driver/driver/srv/detail/arm_set_cart__traits.hpp
[3.597s] -- Up-to-date: /home/user/qiaoyin/install/driver/include/driver/driver/srv/detail/arm_enable__type_support.hpp
[3.597s] -- Up-to-date: /home/user/qiaoyin/install/driver/include/driver/driver/srv/detail/arm_set_joints__traits.hpp
[3.597s] -- Up-to-date: /home/user/qiaoyin/install/driver/include/driver/driver/srv/detail/arm_enable__struct.hpp
[3.597s] -- Up-to-date: /home/user/qiaoyin/install/driver/include/driver/driver/srv/detail/arm_enable__traits.hpp
[3.597s] -- Up-to-date: /home/user/qiaoyin/install/driver/include/driver/driver/srv/arm_set_joints.hpp
[3.597s] -- Up-to-date: /home/user/qiaoyin/install/driver/include/driver/driver/srv/arm_set_cart.hpp
[3.597s] -- Up-to-date: /home/user/qiaoyin/install/driver/include/driver/driver/srv/arm_enable.hpp
[3.597s] -- Up-to-date: /home/user/qiaoyin/install/driver/include/driver/driver/msg
[3.597s] -- Up-to-date: /home/user/qiaoyin/install/driver/include/driver/driver/msg/agv_info.hpp
[3.597s] -- Up-to-date: /home/user/qiaoyin/install/driver/include/driver/driver/msg/rosidl_generator_cpp__visibility_control.hpp
[3.597s] -- Up-to-date: /home/user/qiaoyin/install/driver/include/driver/driver/msg/detail
[3.597s] -- Up-to-date: /home/user/qiaoyin/install/driver/include/driver/driver/msg/detail/gripper_info__traits.hpp
[3.597s] -- Up-to-date: /home/user/qiaoyin/install/driver/include/driver/driver/msg/detail/gripper_info__builder.hpp
[3.597s] -- Up-to-date: /home/user/qiaoyin/install/driver/include/driver/driver/msg/detail/agv_info__struct.hpp
[3.597s] -- Up-to-date: /home/user/qiaoyin/install/driver/include/driver/driver/msg/detail/arm_info__builder.hpp
[3.597s] -- Up-to-date: /home/user/qiaoyin/install/driver/include/driver/driver/msg/detail/arm_info__struct.hpp
[3.597s] -- Up-to-date: /home/user/qiaoyin/install/driver/include/driver/driver/msg/detail/agv_info__builder.hpp
[3.597s] -- Up-to-date: /home/user/qiaoyin/install/driver/include/driver/driver/msg/detail/arm_info__type_support.hpp
[3.597s] -- Up-to-date: /home/user/qiaoyin/install/driver/include/driver/driver/msg/detail/gripper_info__struct.hpp
[3.597s] -- Up-to-date: /home/user/qiaoyin/install/driver/include/driver/driver/msg/detail/gripper_info__type_support.hpp
[3.597s] -- Up-to-date: /home/user/qiaoyin/install/driver/include/driver/driver/msg/detail/agv_info__traits.hpp
[3.597s] -- Up-to-date: /home/user/qiaoyin/install/driver/include/driver/driver/msg/detail/agv_info__type_support.hpp
[3.597s] -- Up-to-date: /home/user/qiaoyin/install/driver/include/driver/driver/msg/detail/arm_info__traits.hpp
[3.597s] -- Up-to-date: /home/user/qiaoyin/install/driver/include/driver/driver/msg/arm_info.hpp
[3.597s] -- Up-to-date: /home/user/qiaoyin/install/driver/include/driver/driver/msg/gripper_info.hpp
[3.597s] -- Up-to-date: /home/user/qiaoyin/install/driver/include/driver/driver
[3.597s] -- Up-to-date: /home/user/qiaoyin/install/driver/include/driver/driver/srv
[3.597s] -- Up-to-date: /home/user/qiaoyin/install/driver/include/driver/driver/srv/detail
[3.597s] -- Up-to-date: /home/user/qiaoyin/install/driver/include/driver/driver/srv/detail/arm_enable__rosidl_typesupport_fastrtps_cpp.hpp
[3.598s] -- Up-to-date: /home/user/qiaoyin/install/driver/include/driver/driver/srv/detail/arm_set_joints__rosidl_typesupport_fastrtps_cpp.hpp
[3.598s] -- Up-to-date: /home/user/qiaoyin/install/driver/include/driver/driver/srv/detail/dds_fastrtps
[3.598s] -- Up-to-date: /home/user/qiaoyin/install/driver/include/driver/driver/srv/detail/arm_set_cart__rosidl_typesupport_fastrtps_cpp.hpp
[3.598s] -- Up-to-date: /home/user/qiaoyin/install/driver/include/driver/driver/msg
[3.598s] -- Up-to-date: /home/user/qiaoyin/install/driver/include/driver/driver/msg/rosidl_typesupport_fastrtps_cpp__visibility_control.h
[3.598s] -- Up-to-date: /home/user/qiaoyin/install/driver/include/driver/driver/msg/detail
[3.598s] -- Up-to-date: /home/user/qiaoyin/install/driver/include/driver/driver/msg/detail/arm_info__rosidl_typesupport_fastrtps_cpp.hpp
[3.598s] -- Up-to-date: /home/user/qiaoyin/install/driver/include/driver/driver/msg/detail/agv_info__rosidl_typesupport_fastrtps_cpp.hpp
[3.598s] -- Up-to-date: /home/user/qiaoyin/install/driver/include/driver/driver/msg/detail/dds_fastrtps
[3.598s] -- Up-to-date: /home/user/qiaoyin/install/driver/include/driver/driver/msg/detail/gripper_info__rosidl_typesupport_fastrtps_cpp.hpp
[3.598s] -- Up-to-date: /home/user/qiaoyin/install/driver/lib/libdriver__rosidl_typesupport_fastrtps_cpp.so
[3.598s] -- Up-to-date: /home/user/qiaoyin/install/driver/include/driver/driver
[3.598s] -- Up-to-date: /home/user/qiaoyin/install/driver/include/driver/driver/srv
[3.598s] -- Up-to-date: /home/user/qiaoyin/install/driver/include/driver/driver/srv/detail
[3.598s] -- Up-to-date: /home/user/qiaoyin/install/driver/include/driver/driver/srv/detail/arm_enable__type_support.c
[3.598s] -- Up-to-date: /home/user/qiaoyin/install/driver/include/driver/driver/srv/detail/arm_set_joints__type_support.c
[3.598s] -- Up-to-date: /home/user/qiaoyin/install/driver/include/driver/driver/srv/detail/arm_enable__rosidl_typesupport_introspection_c.h
[3.598s] -- Up-to-date: /home/user/qiaoyin/install/driver/include/driver/driver/srv/detail/arm_set_cart__type_support.c
[3.598s] -- Up-to-date: /home/user/qiaoyin/install/driver/include/driver/driver/srv/detail/arm_set_cart__rosidl_typesupport_introspection_c.h
[3.598s] -- Up-to-date: /home/user/qiaoyin/install/driver/include/driver/driver/srv/detail/arm_set_joints__rosidl_typesupport_introspection_c.h
[3.598s] -- Up-to-date: /home/user/qiaoyin/install/driver/include/driver/driver/msg
[3.598s] -- Up-to-date: /home/user/qiaoyin/install/driver/include/driver/driver/msg/detail
[3.598s] -- Up-to-date: /home/user/qiaoyin/install/driver/include/driver/driver/msg/detail/arm_info__rosidl_typesupport_introspection_c.h
[3.598s] -- Up-to-date: /home/user/qiaoyin/install/driver/include/driver/driver/msg/detail/agv_info__rosidl_typesupport_introspection_c.h
[3.598s] -- Up-to-date: /home/user/qiaoyin/install/driver/include/driver/driver/msg/detail/arm_info__type_support.c
[3.598s] -- Up-to-date: /home/user/qiaoyin/install/driver/include/driver/driver/msg/detail/gripper_info__rosidl_typesupport_introspection_c.h
[3.598s] -- Up-to-date: /home/user/qiaoyin/install/driver/include/driver/driver/msg/detail/gripper_info__type_support.c
[3.598s] -- Up-to-date: /home/user/qiaoyin/install/driver/include/driver/driver/msg/detail/agv_info__type_support.c
[3.598s] -- Up-to-date: /home/user/qiaoyin/install/driver/include/driver/driver/msg/rosidl_typesupport_introspection_c__visibility_control.h
[3.598s] -- Up-to-date: /home/user/qiaoyin/install/driver/lib/libdriver__rosidl_typesupport_introspection_c.so
[3.598s] -- Up-to-date: /home/user/qiaoyin/install/driver/lib/libdriver__rosidl_typesupport_c.so
[3.598s] -- Up-to-date: /home/user/qiaoyin/install/driver/include/driver/driver
[3.598s] -- Up-to-date: /home/user/qiaoyin/install/driver/include/driver/driver/srv
[3.598s] -- Up-to-date: /home/user/qiaoyin/install/driver/include/driver/driver/srv/detail
[3.598s] -- Up-to-date: /home/user/qiaoyin/install/driver/include/driver/driver/srv/detail/arm_enable__type_support.cpp
[3.598s] -- Up-to-date: /home/user/qiaoyin/install/driver/include/driver/driver/srv/detail/arm_set_joints__rosidl_typesupport_introspection_cpp.hpp
[3.599s] -- Up-to-date: /home/user/qiaoyin/install/driver/include/driver/driver/srv/detail/arm_enable__rosidl_typesupport_introspection_cpp.hpp
[3.599s] -- Up-to-date: /home/user/qiaoyin/install/driver/include/driver/driver/srv/detail/arm_set_cart__rosidl_typesupport_introspection_cpp.hpp
[3.599s] -- Up-to-date: /home/user/qiaoyin/install/driver/include/driver/driver/srv/detail/arm_set_cart__type_support.cpp
[3.599s] -- Up-to-date: /home/user/qiaoyin/install/driver/include/driver/driver/srv/detail/arm_set_joints__type_support.cpp
[3.599s] -- Up-to-date: /home/user/qiaoyin/install/driver/include/driver/driver/msg
[3.599s] -- Up-to-date: /home/user/qiaoyin/install/driver/include/driver/driver/msg/detail
[3.599s] -- Up-to-date: /home/user/qiaoyin/install/driver/include/driver/driver/msg/detail/arm_info__rosidl_typesupport_introspection_cpp.hpp
[3.599s] -- Up-to-date: /home/user/qiaoyin/install/driver/include/driver/driver/msg/detail/gripper_info__type_support.cpp
[3.599s] -- Up-to-date: /home/user/qiaoyin/install/driver/include/driver/driver/msg/detail/agv_info__type_support.cpp
[3.599s] -- Up-to-date: /home/user/qiaoyin/install/driver/include/driver/driver/msg/detail/agv_info__rosidl_typesupport_introspection_cpp.hpp
[3.599s] -- Up-to-date: /home/user/qiaoyin/install/driver/include/driver/driver/msg/detail/arm_info__type_support.cpp
[3.599s] -- Up-to-date: /home/user/qiaoyin/install/driver/include/driver/driver/msg/detail/gripper_info__rosidl_typesupport_introspection_cpp.hpp
[3.599s] -- Up-to-date: /home/user/qiaoyin/install/driver/lib/libdriver__rosidl_typesupport_introspection_cpp.so
[3.599s] -- Up-to-date: /home/user/qiaoyin/install/driver/lib/libdriver__rosidl_typesupport_cpp.so
[3.599s] -- Up-to-date: /home/user/qiaoyin/install/driver/share/driver/environment/pythonpath.sh
[3.599s] -- Up-to-date: /home/user/qiaoyin/install/driver/share/driver/environment/pythonpath.dsv
[3.599s] -- Up-to-date: /home/user/qiaoyin/install/driver/local/lib/python3.10/dist-packages/driver-0.0.0-py3.10.egg-info
[3.599s] -- Installing: /home/user/qiaoyin/install/driver/local/lib/python3.10/dist-packages/driver-0.0.0-py3.10.egg-info/PKG-INFO
[3.599s] -- Installing: /home/user/qiaoyin/install/driver/local/lib/python3.10/dist-packages/driver-0.0.0-py3.10.egg-info/top_level.txt
[3.599s] -- Installing: /home/user/qiaoyin/install/driver/local/lib/python3.10/dist-packages/driver-0.0.0-py3.10.egg-info/SOURCES.txt
[3.599s] -- Installing: /home/user/qiaoyin/install/driver/local/lib/python3.10/dist-packages/driver-0.0.0-py3.10.egg-info/dependency_links.txt
[3.599s] -- Up-to-date: /home/user/qiaoyin/install/driver/local/lib/python3.10/dist-packages/driver
[3.599s] -- Up-to-date: /home/user/qiaoyin/install/driver/local/lib/python3.10/dist-packages/driver/driver_s__rosidl_typesupport_introspection_c.cpython-310-x86_64-linux-gnu.so
[3.599s] -- Up-to-date: /home/user/qiaoyin/install/driver/local/lib/python3.10/dist-packages/driver/driver_s__rosidl_typesupport_c.cpython-310-x86_64-linux-gnu.so
[3.599s] -- Up-to-date: /home/user/qiaoyin/install/driver/local/lib/python3.10/dist-packages/driver/srv
[3.599s] -- Up-to-date: /home/user/qiaoyin/install/driver/local/lib/python3.10/dist-packages/driver/srv/_arm_enable.py
[3.599s] -- Up-to-date: /home/user/qiaoyin/install/driver/local/lib/python3.10/dist-packages/driver/srv/__init__.py
[3.599s] -- Up-to-date: /home/user/qiaoyin/install/driver/local/lib/python3.10/dist-packages/driver/srv/_arm_set_joints.py
[3.599s] -- Up-to-date: /home/user/qiaoyin/install/driver/local/lib/python3.10/dist-packages/driver/srv/_arm_set_cart.py
[3.599s] -- Up-to-date: /home/user/qiaoyin/install/driver/local/lib/python3.10/dist-packages/driver/srv/_arm_set_cart_s.c
[3.599s] -- Up-to-date: /home/user/qiaoyin/install/driver/local/lib/python3.10/dist-packages/driver/srv/_arm_set_joints_s.c
[3.599s] -- Up-to-date: /home/user/qiaoyin/install/driver/local/lib/python3.10/dist-packages/driver/srv/_arm_enable_s.c
[3.600s] -- Up-to-date: /home/user/qiaoyin/install/driver/local/lib/python3.10/dist-packages/driver/_driver_s.ep.rosidl_typesupport_c.c
[3.600s] -- Up-to-date: /home/user/qiaoyin/install/driver/local/lib/python3.10/dist-packages/driver/__init__.py
[3.600s] -- Up-to-date: /home/user/qiaoyin/install/driver/local/lib/python3.10/dist-packages/driver/_driver_s.ep.rosidl_typesupport_introspection_c.c
[3.600s] -- Up-to-date: /home/user/qiaoyin/install/driver/local/lib/python3.10/dist-packages/driver/driver_s__rosidl_typesupport_fastrtps_c.cpython-310-x86_64-linux-gnu.so
[3.600s] -- Up-to-date: /home/user/qiaoyin/install/driver/local/lib/python3.10/dist-packages/driver/libdriver__rosidl_generator_py.so
[3.600s] -- Up-to-date: /home/user/qiaoyin/install/driver/local/lib/python3.10/dist-packages/driver/msg
[3.600s] -- Up-to-date: /home/user/qiaoyin/install/driver/local/lib/python3.10/dist-packages/driver/msg/_arm_info_s.c
[3.600s] -- Up-to-date: /home/user/qiaoyin/install/driver/local/lib/python3.10/dist-packages/driver/msg/_agv_info.py
[3.600s] -- Up-to-date: /home/user/qiaoyin/install/driver/local/lib/python3.10/dist-packages/driver/msg/__init__.py
[3.600s] -- Up-to-date: /home/user/qiaoyin/install/driver/local/lib/python3.10/dist-packages/driver/msg/_gripper_info_s.c
[3.600s] -- Up-to-date: /home/user/qiaoyin/install/driver/local/lib/python3.10/dist-packages/driver/msg/_arm_info.py
[3.600s] -- Up-to-date: /home/user/qiaoyin/install/driver/local/lib/python3.10/dist-packages/driver/msg/_agv_info_s.c
[3.600s] -- Up-to-date: /home/user/qiaoyin/install/driver/local/lib/python3.10/dist-packages/driver/msg/_gripper_info.py
[3.600s] -- Up-to-date: /home/user/qiaoyin/install/driver/local/lib/python3.10/dist-packages/driver/_driver_s.ep.rosidl_typesupport_fastrtps_c.c
[3.617s] Listing '/home/user/qiaoyin/install/driver/local/lib/python3.10/dist-packages/driver'...
[3.618s] Listing '/home/user/qiaoyin/install/driver/local/lib/python3.10/dist-packages/driver/msg'...
[3.618s] Listing '/home/user/qiaoyin/install/driver/local/lib/python3.10/dist-packages/driver/srv'...
[3.620s] -- Up-to-date: /home/user/qiaoyin/install/driver/local/lib/python3.10/dist-packages/driver/driver_s__rosidl_typesupport_fastrtps_c.cpython-310-x86_64-linux-gnu.so
[3.620s] -- Up-to-date: /home/user/qiaoyin/install/driver/local/lib/python3.10/dist-packages/driver/driver_s__rosidl_typesupport_introspection_c.cpython-310-x86_64-linux-gnu.so
[3.620s] -- Up-to-date: /home/user/qiaoyin/install/driver/local/lib/python3.10/dist-packages/driver/driver_s__rosidl_typesupport_c.cpython-310-x86_64-linux-gnu.so
[3.621s] -- Up-to-date: /home/user/qiaoyin/install/driver/lib/libdriver__rosidl_generator_py.so
[3.621s] -- Up-to-date: /home/user/qiaoyin/install/driver/share/driver/srv/ArmSetCart.idl
[3.621s] -- Up-to-date: /home/user/qiaoyin/install/driver/share/driver/srv/ArmSetJoints.idl
[3.621s] -- Up-to-date: /home/user/qiaoyin/install/driver/share/driver/srv/ArmEnable.idl
[3.621s] -- Up-to-date: /home/user/qiaoyin/install/driver/share/driver/msg/AgvInfo.idl
[3.621s] -- Up-to-date: /home/user/qiaoyin/install/driver/share/driver/msg/ArmInfo.idl
[3.621s] -- Up-to-date: /home/user/qiaoyin/install/driver/share/driver/msg/GripperInfo.idl
[3.621s] -- Up-to-date: /home/user/qiaoyin/install/driver/share/driver/srv/ArmSetCart.srv
[3.621s] -- Up-to-date: /home/user/qiaoyin/install/driver/share/driver/srv/ArmSetCart_Request.msg
[3.621s] -- Up-to-date: /home/user/qiaoyin/install/driver/share/driver/srv/ArmSetCart_Response.msg
[3.621s] -- Up-to-date: /home/user/qiaoyin/install/driver/share/driver/srv/ArmSetJoints.srv
[3.621s] -- Up-to-date: /home/user/qiaoyin/install/driver/share/driver/srv/ArmSetJoints_Request.msg
[3.621s] -- Up-to-date: /home/user/qiaoyin/install/driver/share/driver/srv/ArmSetJoints_Response.msg
[3.621s] -- Up-to-date: /home/user/qiaoyin/install/driver/share/driver/srv/ArmEnable.srv
[3.621s] -- Up-to-date: /home/user/qiaoyin/install/driver/share/driver/srv/ArmEnable_Request.msg
[3.621s] -- Up-to-date: /home/user/qiaoyin/install/driver/share/driver/srv/ArmEnable_Response.msg
[3.621s] -- Up-to-date: /home/user/qiaoyin/install/driver/share/driver/msg/AgvInfo.msg
[3.621s] -- Up-to-date: /home/user/qiaoyin/install/driver/share/driver/msg/ArmInfo.msg
[3.621s] -- Up-to-date: /home/user/qiaoyin/install/driver/share/driver/msg/GripperInfo.msg
[3.621s] -- Installing: /home/user/qiaoyin/install/driver/lib/driver/arm_driver_node
[3.622s] -- Set runtime path of "/home/user/qiaoyin/install/driver/lib/driver/arm_driver_node" to ""
[3.622s] -- Up-to-date: /home/user/qiaoyin/install/driver/share/ament_index/resource_index/package_run_dependencies/driver
[3.622s] -- Up-to-date: /home/user/qiaoyin/install/driver/share/ament_index/resource_index/parent_prefix_path/driver
[3.622s] -- Up-to-date: /home/user/qiaoyin/install/driver/share/driver/environment/ament_prefix_path.sh
[3.622s] -- Up-to-date: /home/user/qiaoyin/install/driver/share/driver/environment/ament_prefix_path.dsv
[3.622s] -- Up-to-date: /home/user/qiaoyin/install/driver/share/driver/environment/path.sh
[3.622s] -- Up-to-date: /home/user/qiaoyin/install/driver/share/driver/environment/path.dsv
[3.622s] -- Up-to-date: /home/user/qiaoyin/install/driver/share/driver/local_setup.bash
[3.622s] -- Up-to-date: /home/user/qiaoyin/install/driver/share/driver/local_setup.sh
[3.623s] -- Up-to-date: /home/user/qiaoyin/install/driver/share/driver/local_setup.zsh
[3.623s] -- Up-to-date: /home/user/qiaoyin/install/driver/share/driver/local_setup.dsv
[3.623s] -- Installing: /home/user/qiaoyin/install/driver/share/driver/package.dsv
[3.623s] -- Up-to-date: /home/user/qiaoyin/install/driver/share/ament_index/resource_index/packages/driver
[3.623s] -- Up-to-date: /home/user/qiaoyin/install/driver/share/driver/cmake/export_driver__rosidl_generator_cExport.cmake
[3.623s] -- Up-to-date: /home/user/qiaoyin/install/driver/share/driver/cmake/export_driver__rosidl_generator_cExport-noconfig.cmake
[3.623s] -- Up-to-date: /home/user/qiaoyin/install/driver/share/driver/cmake/export_driver__rosidl_typesupport_fastrtps_cExport.cmake
[3.623s] -- Up-to-date: /home/user/qiaoyin/install/driver/share/driver/cmake/export_driver__rosidl_typesupport_fastrtps_cExport-noconfig.cmake
[3.623s] -- Up-to-date: /home/user/qiaoyin/install/driver/share/driver/cmake/export_driver__rosidl_generator_cppExport.cmake
[3.623s] -- Up-to-date: /home/user/qiaoyin/install/driver/share/driver/cmake/export_driver__rosidl_typesupport_fastrtps_cppExport.cmake
[3.623s] -- Up-to-date: /home/user/qiaoyin/install/driver/share/driver/cmake/export_driver__rosidl_typesupport_fastrtps_cppExport-noconfig.cmake
[3.623s] -- Up-to-date: /home/user/qiaoyin/install/driver/share/driver/cmake/driver__rosidl_typesupport_introspection_cExport.cmake
[3.623s] -- Up-to-date: /home/user/qiaoyin/install/driver/share/driver/cmake/driver__rosidl_typesupport_introspection_cExport-noconfig.cmake
[3.623s] -- Up-to-date: /home/user/qiaoyin/install/driver/share/driver/cmake/driver__rosidl_typesupport_cExport.cmake
[3.623s] -- Up-to-date: /home/user/qiaoyin/install/driver/share/driver/cmake/driver__rosidl_typesupport_cExport-noconfig.cmake
[3.623s] -- Up-to-date: /home/user/qiaoyin/install/driver/share/driver/cmake/driver__rosidl_typesupport_introspection_cppExport.cmake
[3.623s] -- Up-to-date: /home/user/qiaoyin/install/driver/share/driver/cmake/driver__rosidl_typesupport_introspection_cppExport-noconfig.cmake
[3.623s] -- Up-to-date: /home/user/qiaoyin/install/driver/share/driver/cmake/driver__rosidl_typesupport_cppExport.cmake
[3.623s] -- Up-to-date: /home/user/qiaoyin/install/driver/share/driver/cmake/driver__rosidl_typesupport_cppExport-noconfig.cmake
[3.623s] -- Up-to-date: /home/user/qiaoyin/install/driver/share/driver/cmake/export_driver__rosidl_generator_pyExport.cmake
[3.623s] -- Up-to-date: /home/user/qiaoyin/install/driver/share/driver/cmake/export_driver__rosidl_generator_pyExport-noconfig.cmake
[3.623s] -- Up-to-date: /home/user/qiaoyin/install/driver/share/driver/cmake/rosidl_cmake-extras.cmake
[3.623s] -- Up-to-date: /home/user/qiaoyin/install/driver/share/driver/cmake/ament_cmake_export_include_directories-extras.cmake
[3.623s] -- Up-to-date: /home/user/qiaoyin/install/driver/share/driver/cmake/ament_cmake_export_libraries-extras.cmake
[3.623s] -- Up-to-date: /home/user/qiaoyin/install/driver/share/driver/cmake/ament_cmake_export_targets-extras.cmake
[3.623s] -- Up-to-date: /home/user/qiaoyin/install/driver/share/driver/cmake/rosidl_cmake_export_typesupport_targets-extras.cmake
[3.623s] -- Up-to-date: /home/user/qiaoyin/install/driver/share/driver/cmake/ament_cmake_export_dependencies-extras.cmake
[3.623s] -- Up-to-date: /home/user/qiaoyin/install/driver/share/driver/cmake/rosidl_cmake_export_typesupport_libraries-extras.cmake
[3.623s] -- Up-to-date: /home/user/qiaoyin/install/driver/share/driver/cmake/driverConfig.cmake
[3.623s] -- Up-to-date: /home/user/qiaoyin/install/driver/share/driver/cmake/driverConfig-version.cmake
[3.624s] -- Up-to-date: /home/user/qiaoyin/install/driver/share/driver/package.xml
[3.625s] Invoked command in '/home/user/qiaoyin/build/driver' returned '0': CMAKE_PREFIX_PATH=/opt/ros/humble /usr/bin/cmake --install /home/user/qiaoyin/build/driver
