-- The C compiler identification is GNU 11.4.0
-- The CXX compiler identification is GNU 11.4.0
-- Detecting C compiler ABI info
-- Detecting C compiler ABI info - done
-- Check for working C compiler: /usr/bin/cc - skipped
-- Detecting C compile features
-- Detecting C compile features - done
-- Detecting CXX compiler ABI info
-- Detecting CXX compiler ABI info - done
-- Check for working CXX compiler: /usr/bin/c++ - skipped
-- Detecting CXX compile features
-- Detecting CXX compile features - done
-- Found ament_cmake: 1.3.11 (/opt/ros/humble/share/ament_cmake/cmake)
-- Found Python3: /usr/bin/python3 (found version "3.10.12") found components: Interpreter 
-- Found rclcpp: 16.0.12 (/opt/ros/humble/share/rclcpp/cmake)
-- Found rosidl_generator_c: 3.1.6 (/opt/ros/humble/share/rosidl_generator_c/cmake)
-- Found rosidl_adapter: 3.1.6 (/opt/ros/humble/share/rosidl_adapter/cmake)
-- Found rosidl_generator_cpp: 3.1.6 (/opt/ros/humble/share/rosidl_generator_cpp/cmake)
-- Using all available rosidl_typesupport_c: rosidl_typesupport_fastrtps_c;rosidl_typesupport_introspection_c
-- Using all available rosidl_typesupport_cpp: rosidl_typesupport_fastrtps_cpp;rosidl_typesupport_introspection_cpp
-- Found rmw_implementation_cmake: 6.1.2 (/opt/ros/humble/share/rmw_implementation_cmake/cmake)
-- Found rmw_fastrtps_cpp: 6.2.7 (/opt/ros/humble/share/rmw_fastrtps_cpp/cmake)
-- Found OpenSSL: /usr/lib/x86_64-linux-gnu/libcrypto.so (found version "3.0.2")  
-- Found FastRTPS: /opt/ros/humble/include  
-- Using RMW implementation 'rmw_fastrtps_cpp' as default
-- Looking for pthread.h
-- Looking for pthread.h - found
-- Performing Test CMAKE_HAVE_LIBC_PTHREAD
-- Performing Test CMAKE_HAVE_LIBC_PTHREAD - Success
-- Found Threads: TRUE  
-- Found rosidl_default_generators: 1.2.0 (/opt/ros/humble/share/rosidl_default_generators/cmake)
-- Found ament_cmake_ros: 0.10.0 (/opt/ros/humble/share/ament_cmake_ros/cmake)
-- Using all available rosidl_typesupport_c: rosidl_typesupport_fastrtps_c;rosidl_typesupport_introspection_c
-- Using all available rosidl_typesupport_cpp: rosidl_typesupport_fastrtps_cpp;rosidl_typesupport_introspection_cpp
-- Found PythonInterp: /usr/bin/python3 (found suitable version "3.10.12", minimum required is "3.6") 
-- Found python_cmake_module: 0.10.0 (/opt/ros/humble/share/python_cmake_module/cmake)
-- Found PythonLibs: /usr/lib/x86_64-linux-gnu/libpython3.10.so (found suitable version "3.10.12", minimum required is "3.5") 
-- Using PYTHON_EXECUTABLE: /usr/bin/python3
-- Using PYTHON_INCLUDE_DIRS: /usr/include/python3.10
-- Using PYTHON_LIBRARIES: /usr/lib/x86_64-linux-gnu/libpython3.10.so
-- Found PythonExtra: .so  
-- Found source files: /home/user/qiaoyin/src/whl_system/src/fsm.cpp;/home/user/qiaoyin/src/whl_system/src/main.cpp;/home/user/qiaoyin/src/whl_system/src/plan.cpp;/home/user/qiaoyin/src/whl_system/src/wheelloong_system.cpp
-- Found ament_lint_auto: 0.12.12 (/opt/ros/humble/share/ament_lint_auto/cmake)
-- Added test 'cppcheck' to perform static code analysis on C / C++ code
-- Configured cppcheck include dirs: 
-- Configured cppcheck exclude dirs and/or files: 
-- Added test 'lint_cmake' to check CMake code style
-- Added test 'uncrustify' to check C / C++ code style
-- Configured uncrustify additional arguments: 
-- Added test 'xmllint' to check XML markup files
-- Configuring done
-- Generating done
-- Build files have been written to: /home/user/qiaoyin/build/whl_system
[  1%] [34m[1mGenerating C code for ROS interfaces[0m
[  3%] [34m[1mGenerating C++ code for ROS interfaces[0m
[  3%] Built target ament_cmake_python_copy_whl_system
running egg_info
creating whl_system.egg-info
writing whl_system.egg-info/PKG-INFO
writing dependency_links to whl_system.egg-info/dependency_links.txt
writing top-level names to whl_system.egg-info/top_level.txt
writing manifest file 'whl_system.egg-info/SOURCES.txt'
reading manifest file 'whl_system.egg-info/SOURCES.txt'
writing manifest file 'whl_system.egg-info/SOURCES.txt'
[  3%] Built target ament_cmake_python_build_whl_system_egg
[  3%] Built target whl_system__cpp
[  7%] [32mBuilding C object CMakeFiles/whl_system__rosidl_generator_c.dir/rosidl_generator_c/whl_system/srv/detail/inout_struct__functions.c.o[0m
[  7%] [32mBuilding C object CMakeFiles/whl_system__rosidl_generator_c.dir/rosidl_generator_c/whl_system/msg/detail/arm_info__functions.c.o[0m
[  9%] [32mBuilding C object CMakeFiles/whl_system__rosidl_generator_c.dir/rosidl_generator_c/whl_system/msg/detail/agv_info__functions.c.o[0m
[ 11%] [34m[1mGenerating C++ type support dispatch for ROS interfaces[0m
[ 13%] [34m[1mGenerating C++ introspection for ROS interfaces[0m
[ 15%] [34m[1mGenerating C++ type support for eProsima Fast-RTPS[0m
[ 17%] [32m[1mLinking C shared library libwhl_system__rosidl_generator_c.so[0m
[ 17%] Built target whl_system__rosidl_generator_c
[ 19%] [34m[1mGenerating C introspection for ROS interfaces[0m
[ 21%] [34m[1mGenerating C type support dispatch for ROS interfaces[0m
[ 23%] [34m[1mGenerating C type support for eProsima Fast-RTPS[0m
[ 28%] [32mBuilding CXX object CMakeFiles/whl_system__rosidl_typesupport_cpp.dir/rosidl_typesupport_cpp/whl_system/msg/agv_info__type_support.cpp.o[0m
[ 28%] [32mBuilding CXX object CMakeFiles/whl_system__rosidl_typesupport_cpp.dir/rosidl_typesupport_cpp/whl_system/msg/arm_info__type_support.cpp.o[0m
[ 28%] [32mBuilding CXX object CMakeFiles/whl_system__rosidl_typesupport_cpp.dir/rosidl_typesupport_cpp/whl_system/srv/inout_struct__type_support.cpp.o[0m
[ 34%] [32mBuilding CXX object CMakeFiles/whl_system__rosidl_typesupport_introspection_cpp.dir/rosidl_typesupport_introspection_cpp/whl_system/msg/detail/agv_info__type_support.cpp.o[0m
[ 34%] [32mBuilding CXX object CMakeFiles/whl_system__rosidl_typesupport_introspection_cpp.dir/rosidl_typesupport_introspection_cpp/whl_system/msg/detail/arm_info__type_support.cpp.o[0m
[ 34%] [32mBuilding CXX object CMakeFiles/whl_system__rosidl_typesupport_introspection_cpp.dir/rosidl_typesupport_introspection_cpp/whl_system/srv/detail/inout_struct__type_support.cpp.o[0m
[ 38%] [32mBuilding CXX object CMakeFiles/whl_system__rosidl_typesupport_fastrtps_cpp.dir/rosidl_typesupport_fastrtps_cpp/whl_system/srv/detail/dds_fastrtps/inout_struct__type_support.cpp.o[0m
[ 38%] [32mBuilding CXX object CMakeFiles/whl_system__rosidl_typesupport_fastrtps_cpp.dir/rosidl_typesupport_fastrtps_cpp/whl_system/msg/detail/dds_fastrtps/agv_info__type_support.cpp.o[0m
[ 40%] [32mBuilding CXX object CMakeFiles/whl_system__rosidl_typesupport_fastrtps_cpp.dir/rosidl_typesupport_fastrtps_cpp/whl_system/msg/detail/dds_fastrtps/arm_info__type_support.cpp.o[0m
[ 42%] [32mBuilding CXX object CMakeFiles/whl_system__rosidl_typesupport_c.dir/rosidl_typesupport_c/whl_system/msg/arm_info__type_support.cpp.o[0m
[ 46%] [32mBuilding CXX object CMakeFiles/whl_system__rosidl_typesupport_c.dir/rosidl_typesupport_c/whl_system/srv/inout_struct__type_support.cpp.o[0m
[ 46%] [32mBuilding CXX object CMakeFiles/whl_system__rosidl_typesupport_c.dir/rosidl_typesupport_c/whl_system/msg/agv_info__type_support.cpp.o[0m
[ 48%] [32m[1mLinking CXX shared library libwhl_system__rosidl_typesupport_c.so[0m
[ 51%] [32mBuilding C object CMakeFiles/whl_system__rosidl_typesupport_introspection_c.dir/rosidl_typesupport_introspection_c/whl_system/srv/detail/inout_struct__type_support.c.o[0m
[ 51%] [32mBuilding C object CMakeFiles/whl_system__rosidl_typesupport_introspection_c.dir/rosidl_typesupport_introspection_c/whl_system/msg/detail/arm_info__type_support.c.o[0m
[ 53%] [32mBuilding C object CMakeFiles/whl_system__rosidl_typesupport_introspection_c.dir/rosidl_typesupport_introspection_c/whl_system/msg/detail/agv_info__type_support.c.o[0m
[ 55%] [32mBuilding CXX object CMakeFiles/whl_system__rosidl_typesupport_fastrtps_c.dir/rosidl_typesupport_fastrtps_c/whl_system/msg/detail/arm_info__type_support_c.cpp.o[0m
[ 57%] [32mBuilding CXX object CMakeFiles/whl_system__rosidl_typesupport_fastrtps_c.dir/rosidl_typesupport_fastrtps_c/whl_system/msg/detail/agv_info__type_support_c.cpp.o[0m
[ 59%] [32mBuilding CXX object CMakeFiles/whl_system__rosidl_typesupport_fastrtps_c.dir/rosidl_typesupport_fastrtps_c/whl_system/srv/detail/inout_struct__type_support_c.cpp.o[0m
[ 61%] [32m[1mLinking C shared library libwhl_system__rosidl_typesupport_introspection_c.so[0m
[ 61%] Built target whl_system__rosidl_typesupport_c
[ 61%] Built target whl_system__rosidl_typesupport_introspection_c
[ 63%] [32m[1mLinking CXX shared library libwhl_system__rosidl_typesupport_cpp.so[0m
[ 63%] Built target whl_system__rosidl_typesupport_cpp
[ 65%] [32mBuilding CXX object CMakeFiles/wheelloong_system_node.dir/src/wheelloong_system.cpp.o[0m
[ 67%] [32mBuilding CXX object CMakeFiles/wheelloong_system_node.dir/src/main.cpp.o[0m
[ 69%] [32mBuilding CXX object CMakeFiles/wheelloong_system_node.dir/src/fsm.cpp.o[0m
[ 71%] [32mBuilding CXX object CMakeFiles/wheelloong_system_node.dir/src/plan.cpp.o[0m
[ 73%] [32m[1mLinking CXX shared library libwhl_system__rosidl_typesupport_introspection_cpp.so[0m
[ 75%] [32m[1mLinking CXX shared library libwhl_system__rosidl_typesupport_fastrtps_c.so[0m
[ 75%] Built target whl_system__rosidl_typesupport_introspection_cpp
[ 75%] Built target whl_system__rosidl_typesupport_fastrtps_c
[ 76%] [32m[1mLinking CXX shared library libwhl_system__rosidl_typesupport_fastrtps_cpp.so[0m
[ 76%] Built target whl_system__rosidl_typesupport_fastrtps_cpp
[ 76%] Built target whl_system
[ 78%] [34m[1mGenerating Python code for ROS interfaces[0m
[ 78%] Built target whl_system__py
[ 82%] [32mBuilding C object CMakeFiles/whl_system__rosidl_generator_py.dir/rosidl_generator_py/whl_system/msg/_arm_info_s.c.o[0m
[ 82%] [32mBuilding C object CMakeFiles/whl_system__rosidl_generator_py.dir/rosidl_generator_py/whl_system/srv/_inout_struct_s.c.o[0m
[ 84%] [32mBuilding C object CMakeFiles/whl_system__rosidl_generator_py.dir/rosidl_generator_py/whl_system/msg/_agv_info_s.c.o[0m
[ 86%] [32m[1mLinking C shared library rosidl_generator_py/whl_system/libwhl_system__rosidl_generator_py.so[0m
[ 86%] Built target whl_system__rosidl_generator_py
[ 90%] [32mBuilding C object CMakeFiles/whl_system__rosidl_typesupport_c__pyext.dir/rosidl_generator_py/whl_system/_whl_system_s.ep.rosidl_typesupport_c.c.o[0m
[ 90%] [32mBuilding C object CMakeFiles/whl_system__rosidl_typesupport_introspection_c__pyext.dir/rosidl_generator_py/whl_system/_whl_system_s.ep.rosidl_typesupport_introspection_c.c.o[0m
[ 92%] [32mBuilding C object CMakeFiles/whl_system__rosidl_typesupport_fastrtps_c__pyext.dir/rosidl_generator_py/whl_system/_whl_system_s.ep.rosidl_typesupport_fastrtps_c.c.o[0m
[ 94%] [32m[1mLinking C shared library rosidl_generator_py/whl_system/whl_system_s__rosidl_typesupport_introspection_c.cpython-310-x86_64-linux-gnu.so[0m
[ 96%] [32m[1mLinking C shared library rosidl_generator_py/whl_system/whl_system_s__rosidl_typesupport_fastrtps_c.cpython-310-x86_64-linux-gnu.so[0m
[ 98%] [32m[1mLinking C shared library rosidl_generator_py/whl_system/whl_system_s__rosidl_typesupport_c.cpython-310-x86_64-linux-gnu.so[0m
[ 98%] Built target whl_system__rosidl_typesupport_introspection_c__pyext
[ 98%] Built target whl_system__rosidl_typesupport_fastrtps_c__pyext
[ 98%] Built target whl_system__rosidl_typesupport_c__pyext
[100%] [32m[1mLinking CXX executable wheelloong_system_node[0m
[100%] Built target wheelloong_system_node
-- Install configuration: ""
-- Installing: /home/user/qiaoyin/install/whl_system/share/ament_index/resource_index/rosidl_interfaces/whl_system
-- Installing: /home/user/qiaoyin/install/whl_system/include/whl_system/whl_system
-- Installing: /home/user/qiaoyin/install/whl_system/include/whl_system/whl_system/srv
-- Installing: /home/user/qiaoyin/install/whl_system/include/whl_system/whl_system/srv/inout_struct.h
-- Installing: /home/user/qiaoyin/install/whl_system/include/whl_system/whl_system/srv/detail
-- Installing: /home/user/qiaoyin/install/whl_system/include/whl_system/whl_system/srv/detail/inout_struct__functions.c
-- Installing: /home/user/qiaoyin/install/whl_system/include/whl_system/whl_system/srv/detail/inout_struct__functions.h
-- Installing: /home/user/qiaoyin/install/whl_system/include/whl_system/whl_system/srv/detail/inout_struct__struct.h
-- Installing: /home/user/qiaoyin/install/whl_system/include/whl_system/whl_system/srv/detail/inout_struct__type_support.h
-- Installing: /home/user/qiaoyin/install/whl_system/include/whl_system/whl_system/msg
-- Installing: /home/user/qiaoyin/install/whl_system/include/whl_system/whl_system/msg/detail
-- Installing: /home/user/qiaoyin/install/whl_system/include/whl_system/whl_system/msg/detail/arm_info__struct.h
-- Installing: /home/user/qiaoyin/install/whl_system/include/whl_system/whl_system/msg/detail/agv_info__functions.c
-- Installing: /home/user/qiaoyin/install/whl_system/include/whl_system/whl_system/msg/detail/agv_info__type_support.h
-- Installing: /home/user/qiaoyin/install/whl_system/include/whl_system/whl_system/msg/detail/arm_info__functions.c
-- Installing: /home/user/qiaoyin/install/whl_system/include/whl_system/whl_system/msg/detail/arm_info__type_support.h
-- Installing: /home/user/qiaoyin/install/whl_system/include/whl_system/whl_system/msg/detail/agv_info__functions.h
-- Installing: /home/user/qiaoyin/install/whl_system/include/whl_system/whl_system/msg/detail/agv_info__struct.h
-- Installing: /home/user/qiaoyin/install/whl_system/include/whl_system/whl_system/msg/detail/arm_info__functions.h
-- Installing: /home/user/qiaoyin/install/whl_system/include/whl_system/whl_system/msg/rosidl_generator_c__visibility_control.h
-- Installing: /home/user/qiaoyin/install/whl_system/include/whl_system/whl_system/msg/agv_info.h
-- Installing: /home/user/qiaoyin/install/whl_system/include/whl_system/whl_system/msg/arm_info.h
-- Installing: /home/user/qiaoyin/install/whl_system/share/whl_system/environment/library_path.sh
-- Installing: /home/user/qiaoyin/install/whl_system/share/whl_system/environment/library_path.dsv
-- Installing: /home/user/qiaoyin/install/whl_system/lib/libwhl_system__rosidl_generator_c.so
-- Set runtime path of "/home/user/qiaoyin/install/whl_system/lib/libwhl_system__rosidl_generator_c.so" to ""
-- Up-to-date: /home/user/qiaoyin/install/whl_system/include/whl_system/whl_system
-- Up-to-date: /home/user/qiaoyin/install/whl_system/include/whl_system/whl_system/srv
-- Up-to-date: /home/user/qiaoyin/install/whl_system/include/whl_system/whl_system/srv/detail
-- Installing: /home/user/qiaoyin/install/whl_system/include/whl_system/whl_system/srv/detail/inout_struct__rosidl_typesupport_fastrtps_c.h
-- Up-to-date: /home/user/qiaoyin/install/whl_system/include/whl_system/whl_system/msg
-- Up-to-date: /home/user/qiaoyin/install/whl_system/include/whl_system/whl_system/msg/detail
-- Installing: /home/user/qiaoyin/install/whl_system/include/whl_system/whl_system/msg/detail/arm_info__rosidl_typesupport_fastrtps_c.h
-- Installing: /home/user/qiaoyin/install/whl_system/include/whl_system/whl_system/msg/detail/agv_info__rosidl_typesupport_fastrtps_c.h
-- Installing: /home/user/qiaoyin/install/whl_system/include/whl_system/whl_system/msg/rosidl_typesupport_fastrtps_c__visibility_control.h
-- Installing: /home/user/qiaoyin/install/whl_system/lib/libwhl_system__rosidl_typesupport_fastrtps_c.so
-- Set runtime path of "/home/user/qiaoyin/install/whl_system/lib/libwhl_system__rosidl_typesupport_fastrtps_c.so" to ""
-- Up-to-date: /home/user/qiaoyin/install/whl_system/include/whl_system/whl_system
-- Up-to-date: /home/user/qiaoyin/install/whl_system/include/whl_system/whl_system/srv
-- Up-to-date: /home/user/qiaoyin/install/whl_system/include/whl_system/whl_system/srv/detail
-- Installing: /home/user/qiaoyin/install/whl_system/include/whl_system/whl_system/srv/detail/inout_struct__traits.hpp
-- Installing: /home/user/qiaoyin/install/whl_system/include/whl_system/whl_system/srv/detail/inout_struct__builder.hpp
-- Installing: /home/user/qiaoyin/install/whl_system/include/whl_system/whl_system/srv/detail/inout_struct__type_support.hpp
-- Installing: /home/user/qiaoyin/install/whl_system/include/whl_system/whl_system/srv/detail/inout_struct__struct.hpp
-- Installing: /home/user/qiaoyin/install/whl_system/include/whl_system/whl_system/srv/inout_struct.hpp
-- Up-to-date: /home/user/qiaoyin/install/whl_system/include/whl_system/whl_system/msg
-- Installing: /home/user/qiaoyin/install/whl_system/include/whl_system/whl_system/msg/agv_info.hpp
-- Installing: /home/user/qiaoyin/install/whl_system/include/whl_system/whl_system/msg/rosidl_generator_cpp__visibility_control.hpp
-- Up-to-date: /home/user/qiaoyin/install/whl_system/include/whl_system/whl_system/msg/detail
-- Installing: /home/user/qiaoyin/install/whl_system/include/whl_system/whl_system/msg/detail/agv_info__struct.hpp
-- Installing: /home/user/qiaoyin/install/whl_system/include/whl_system/whl_system/msg/detail/arm_info__builder.hpp
-- Installing: /home/user/qiaoyin/install/whl_system/include/whl_system/whl_system/msg/detail/arm_info__struct.hpp
-- Installing: /home/user/qiaoyin/install/whl_system/include/whl_system/whl_system/msg/detail/agv_info__builder.hpp
-- Installing: /home/user/qiaoyin/install/whl_system/include/whl_system/whl_system/msg/detail/arm_info__type_support.hpp
-- Installing: /home/user/qiaoyin/install/whl_system/include/whl_system/whl_system/msg/detail/agv_info__traits.hpp
-- Installing: /home/user/qiaoyin/install/whl_system/include/whl_system/whl_system/msg/detail/agv_info__type_support.hpp
-- Installing: /home/user/qiaoyin/install/whl_system/include/whl_system/whl_system/msg/detail/arm_info__traits.hpp
-- Installing: /home/user/qiaoyin/install/whl_system/include/whl_system/whl_system/msg/arm_info.hpp
-- Up-to-date: /home/user/qiaoyin/install/whl_system/include/whl_system/whl_system
-- Up-to-date: /home/user/qiaoyin/install/whl_system/include/whl_system/whl_system/srv
-- Up-to-date: /home/user/qiaoyin/install/whl_system/include/whl_system/whl_system/srv/detail
-- Installing: /home/user/qiaoyin/install/whl_system/include/whl_system/whl_system/srv/detail/inout_struct__rosidl_typesupport_fastrtps_cpp.hpp
-- Installing: /home/user/qiaoyin/install/whl_system/include/whl_system/whl_system/srv/detail/dds_fastrtps
-- Up-to-date: /home/user/qiaoyin/install/whl_system/include/whl_system/whl_system/msg
-- Installing: /home/user/qiaoyin/install/whl_system/include/whl_system/whl_system/msg/rosidl_typesupport_fastrtps_cpp__visibility_control.h
-- Up-to-date: /home/user/qiaoyin/install/whl_system/include/whl_system/whl_system/msg/detail
-- Installing: /home/user/qiaoyin/install/whl_system/include/whl_system/whl_system/msg/detail/arm_info__rosidl_typesupport_fastrtps_cpp.hpp
-- Installing: /home/user/qiaoyin/install/whl_system/include/whl_system/whl_system/msg/detail/agv_info__rosidl_typesupport_fastrtps_cpp.hpp
-- Installing: /home/user/qiaoyin/install/whl_system/include/whl_system/whl_system/msg/detail/dds_fastrtps
-- Installing: /home/user/qiaoyin/install/whl_system/lib/libwhl_system__rosidl_typesupport_fastrtps_cpp.so
-- Set runtime path of "/home/user/qiaoyin/install/whl_system/lib/libwhl_system__rosidl_typesupport_fastrtps_cpp.so" to ""
-- Up-to-date: /home/user/qiaoyin/install/whl_system/include/whl_system/whl_system
-- Up-to-date: /home/user/qiaoyin/install/whl_system/include/whl_system/whl_system/srv
-- Up-to-date: /home/user/qiaoyin/install/whl_system/include/whl_system/whl_system/srv/detail
-- Installing: /home/user/qiaoyin/install/whl_system/include/whl_system/whl_system/srv/detail/inout_struct__rosidl_typesupport_introspection_c.h
-- Installing: /home/user/qiaoyin/install/whl_system/include/whl_system/whl_system/srv/detail/inout_struct__type_support.c
-- Up-to-date: /home/user/qiaoyin/install/whl_system/include/whl_system/whl_system/msg
-- Up-to-date: /home/user/qiaoyin/install/whl_system/include/whl_system/whl_system/msg/detail
-- Installing: /home/user/qiaoyin/install/whl_system/include/whl_system/whl_system/msg/detail/arm_info__rosidl_typesupport_introspection_c.h
-- Installing: /home/user/qiaoyin/install/whl_system/include/whl_system/whl_system/msg/detail/agv_info__rosidl_typesupport_introspection_c.h
-- Installing: /home/user/qiaoyin/install/whl_system/include/whl_system/whl_system/msg/detail/arm_info__type_support.c
-- Installing: /home/user/qiaoyin/install/whl_system/include/whl_system/whl_system/msg/detail/agv_info__type_support.c
-- Installing: /home/user/qiaoyin/install/whl_system/include/whl_system/whl_system/msg/rosidl_typesupport_introspection_c__visibility_control.h
-- Installing: /home/user/qiaoyin/install/whl_system/lib/libwhl_system__rosidl_typesupport_introspection_c.so
-- Set runtime path of "/home/user/qiaoyin/install/whl_system/lib/libwhl_system__rosidl_typesupport_introspection_c.so" to ""
-- Installing: /home/user/qiaoyin/install/whl_system/lib/libwhl_system__rosidl_typesupport_c.so
-- Set runtime path of "/home/user/qiaoyin/install/whl_system/lib/libwhl_system__rosidl_typesupport_c.so" to ""
-- Up-to-date: /home/user/qiaoyin/install/whl_system/include/whl_system/whl_system
-- Up-to-date: /home/user/qiaoyin/install/whl_system/include/whl_system/whl_system/srv
-- Up-to-date: /home/user/qiaoyin/install/whl_system/include/whl_system/whl_system/srv/detail
-- Installing: /home/user/qiaoyin/install/whl_system/include/whl_system/whl_system/srv/detail/inout_struct__type_support.cpp
-- Installing: /home/user/qiaoyin/install/whl_system/include/whl_system/whl_system/srv/detail/inout_struct__rosidl_typesupport_introspection_cpp.hpp
-- Up-to-date: /home/user/qiaoyin/install/whl_system/include/whl_system/whl_system/msg
-- Up-to-date: /home/user/qiaoyin/install/whl_system/include/whl_system/whl_system/msg/detail
-- Installing: /home/user/qiaoyin/install/whl_system/include/whl_system/whl_system/msg/detail/arm_info__rosidl_typesupport_introspection_cpp.hpp
-- Installing: /home/user/qiaoyin/install/whl_system/include/whl_system/whl_system/msg/detail/agv_info__type_support.cpp
-- Installing: /home/user/qiaoyin/install/whl_system/include/whl_system/whl_system/msg/detail/agv_info__rosidl_typesupport_introspection_cpp.hpp
-- Installing: /home/user/qiaoyin/install/whl_system/include/whl_system/whl_system/msg/detail/arm_info__type_support.cpp
-- Installing: /home/user/qiaoyin/install/whl_system/lib/libwhl_system__rosidl_typesupport_introspection_cpp.so
-- Set runtime path of "/home/user/qiaoyin/install/whl_system/lib/libwhl_system__rosidl_typesupport_introspection_cpp.so" to ""
-- Installing: /home/user/qiaoyin/install/whl_system/lib/libwhl_system__rosidl_typesupport_cpp.so
-- Set runtime path of "/home/user/qiaoyin/install/whl_system/lib/libwhl_system__rosidl_typesupport_cpp.so" to ""
-- Installing: /home/user/qiaoyin/install/whl_system/share/whl_system/environment/pythonpath.sh
-- Installing: /home/user/qiaoyin/install/whl_system/share/whl_system/environment/pythonpath.dsv
-- Installing: /home/user/qiaoyin/install/whl_system/local/lib/python3.10/dist-packages/whl_system-0.0.0-py3.10.egg-info
-- Installing: /home/user/qiaoyin/install/whl_system/local/lib/python3.10/dist-packages/whl_system-0.0.0-py3.10.egg-info/PKG-INFO
-- Installing: /home/user/qiaoyin/install/whl_system/local/lib/python3.10/dist-packages/whl_system-0.0.0-py3.10.egg-info/top_level.txt
-- Installing: /home/user/qiaoyin/install/whl_system/local/lib/python3.10/dist-packages/whl_system-0.0.0-py3.10.egg-info/SOURCES.txt
-- Installing: /home/user/qiaoyin/install/whl_system/local/lib/python3.10/dist-packages/whl_system-0.0.0-py3.10.egg-info/dependency_links.txt
-- Installing: /home/user/qiaoyin/install/whl_system/local/lib/python3.10/dist-packages/whl_system
-- Installing: /home/user/qiaoyin/install/whl_system/local/lib/python3.10/dist-packages/whl_system/_whl_system_s.ep.rosidl_typesupport_c.c
-- Installing: /home/user/qiaoyin/install/whl_system/local/lib/python3.10/dist-packages/whl_system/libwhl_system__rosidl_generator_py.so
-- Installing: /home/user/qiaoyin/install/whl_system/local/lib/python3.10/dist-packages/whl_system/srv
-- Installing: /home/user/qiaoyin/install/whl_system/local/lib/python3.10/dist-packages/whl_system/srv/_inout_struct_s.c
-- Installing: /home/user/qiaoyin/install/whl_system/local/lib/python3.10/dist-packages/whl_system/srv/__init__.py
-- Installing: /home/user/qiaoyin/install/whl_system/local/lib/python3.10/dist-packages/whl_system/srv/_inout_struct.py
-- Installing: /home/user/qiaoyin/install/whl_system/local/lib/python3.10/dist-packages/whl_system/_whl_system_s.ep.rosidl_typesupport_fastrtps_c.c
-- Installing: /home/user/qiaoyin/install/whl_system/local/lib/python3.10/dist-packages/whl_system/whl_system_s__rosidl_typesupport_c.cpython-310-x86_64-linux-gnu.so
-- Installing: /home/user/qiaoyin/install/whl_system/local/lib/python3.10/dist-packages/whl_system/_whl_system_s.ep.rosidl_typesupport_introspection_c.c
-- Installing: /home/user/qiaoyin/install/whl_system/local/lib/python3.10/dist-packages/whl_system/__init__.py
-- Installing: /home/user/qiaoyin/install/whl_system/local/lib/python3.10/dist-packages/whl_system/whl_system_s__rosidl_typesupport_fastrtps_c.cpython-310-x86_64-linux-gnu.so
-- Installing: /home/user/qiaoyin/install/whl_system/local/lib/python3.10/dist-packages/whl_system/whl_system_s__rosidl_typesupport_introspection_c.cpython-310-x86_64-linux-gnu.so
-- Installing: /home/user/qiaoyin/install/whl_system/local/lib/python3.10/dist-packages/whl_system/msg
-- Installing: /home/user/qiaoyin/install/whl_system/local/lib/python3.10/dist-packages/whl_system/msg/_arm_info_s.c
-- Installing: /home/user/qiaoyin/install/whl_system/local/lib/python3.10/dist-packages/whl_system/msg/_agv_info.py
-- Installing: /home/user/qiaoyin/install/whl_system/local/lib/python3.10/dist-packages/whl_system/msg/__init__.py
-- Installing: /home/user/qiaoyin/install/whl_system/local/lib/python3.10/dist-packages/whl_system/msg/_arm_info.py
-- Installing: /home/user/qiaoyin/install/whl_system/local/lib/python3.10/dist-packages/whl_system/msg/_agv_info_s.c
Listing '/home/user/qiaoyin/install/whl_system/local/lib/python3.10/dist-packages/whl_system'...
Compiling '/home/user/qiaoyin/install/whl_system/local/lib/python3.10/dist-packages/whl_system/__init__.py'...
Listing '/home/user/qiaoyin/install/whl_system/local/lib/python3.10/dist-packages/whl_system/msg'...
Compiling '/home/user/qiaoyin/install/whl_system/local/lib/python3.10/dist-packages/whl_system/msg/__init__.py'...
Compiling '/home/user/qiaoyin/install/whl_system/local/lib/python3.10/dist-packages/whl_system/msg/_agv_info.py'...
Compiling '/home/user/qiaoyin/install/whl_system/local/lib/python3.10/dist-packages/whl_system/msg/_arm_info.py'...
Listing '/home/user/qiaoyin/install/whl_system/local/lib/python3.10/dist-packages/whl_system/srv'...
Compiling '/home/user/qiaoyin/install/whl_system/local/lib/python3.10/dist-packages/whl_system/srv/__init__.py'...
Compiling '/home/user/qiaoyin/install/whl_system/local/lib/python3.10/dist-packages/whl_system/srv/_inout_struct.py'...
-- Installing: /home/user/qiaoyin/install/whl_system/local/lib/python3.10/dist-packages/whl_system/whl_system_s__rosidl_typesupport_fastrtps_c.cpython-310-x86_64-linux-gnu.so
-- Set runtime path of "/home/user/qiaoyin/install/whl_system/local/lib/python3.10/dist-packages/whl_system/whl_system_s__rosidl_typesupport_fastrtps_c.cpython-310-x86_64-linux-gnu.so" to ""
-- Installing: /home/user/qiaoyin/install/whl_system/local/lib/python3.10/dist-packages/whl_system/whl_system_s__rosidl_typesupport_introspection_c.cpython-310-x86_64-linux-gnu.so
-- Set runtime path of "/home/user/qiaoyin/install/whl_system/local/lib/python3.10/dist-packages/whl_system/whl_system_s__rosidl_typesupport_introspection_c.cpython-310-x86_64-linux-gnu.so" to ""
-- Installing: /home/user/qiaoyin/install/whl_system/local/lib/python3.10/dist-packages/whl_system/whl_system_s__rosidl_typesupport_c.cpython-310-x86_64-linux-gnu.so
-- Set runtime path of "/home/user/qiaoyin/install/whl_system/local/lib/python3.10/dist-packages/whl_system/whl_system_s__rosidl_typesupport_c.cpython-310-x86_64-linux-gnu.so" to ""
-- Installing: /home/user/qiaoyin/install/whl_system/lib/libwhl_system__rosidl_generator_py.so
-- Set runtime path of "/home/user/qiaoyin/install/whl_system/lib/libwhl_system__rosidl_generator_py.so" to ""
-- Installing: /home/user/qiaoyin/install/whl_system/share/whl_system/srv/InoutStruct.idl
-- Installing: /home/user/qiaoyin/install/whl_system/share/whl_system/msg/ArmInfo.idl
-- Installing: /home/user/qiaoyin/install/whl_system/share/whl_system/msg/AgvInfo.idl
-- Installing: /home/user/qiaoyin/install/whl_system/share/whl_system/srv/InoutStruct.srv
-- Installing: /home/user/qiaoyin/install/whl_system/share/whl_system/srv/InoutStruct_Request.msg
-- Installing: /home/user/qiaoyin/install/whl_system/share/whl_system/srv/InoutStruct_Response.msg
-- Installing: /home/user/qiaoyin/install/whl_system/share/whl_system/msg/ArmInfo.msg
-- Installing: /home/user/qiaoyin/install/whl_system/share/whl_system/msg/AgvInfo.msg
-- Installing: /home/user/qiaoyin/install/whl_system/lib/whl_system/wheelloong_system_node
-- Set runtime path of "/home/user/qiaoyin/install/whl_system/lib/whl_system/wheelloong_system_node" to ""
-- Installing: /home/user/qiaoyin/install/whl_system/share/ament_index/resource_index/package_run_dependencies/whl_system
-- Installing: /home/user/qiaoyin/install/whl_system/share/ament_index/resource_index/parent_prefix_path/whl_system
-- Installing: /home/user/qiaoyin/install/whl_system/share/whl_system/environment/ament_prefix_path.sh
-- Installing: /home/user/qiaoyin/install/whl_system/share/whl_system/environment/ament_prefix_path.dsv
-- Installing: /home/user/qiaoyin/install/whl_system/share/whl_system/environment/path.sh
-- Installing: /home/user/qiaoyin/install/whl_system/share/whl_system/environment/path.dsv
-- Installing: /home/user/qiaoyin/install/whl_system/share/whl_system/local_setup.bash
-- Installing: /home/user/qiaoyin/install/whl_system/share/whl_system/local_setup.sh
-- Installing: /home/user/qiaoyin/install/whl_system/share/whl_system/local_setup.zsh
-- Installing: /home/user/qiaoyin/install/whl_system/share/whl_system/local_setup.dsv
-- Installing: /home/user/qiaoyin/install/whl_system/share/whl_system/package.dsv
-- Installing: /home/user/qiaoyin/install/whl_system/share/ament_index/resource_index/packages/whl_system
-- Installing: /home/user/qiaoyin/install/whl_system/share/whl_system/cmake/export_whl_system__rosidl_generator_cExport.cmake
-- Installing: /home/user/qiaoyin/install/whl_system/share/whl_system/cmake/export_whl_system__rosidl_generator_cExport-noconfig.cmake
-- Installing: /home/user/qiaoyin/install/whl_system/share/whl_system/cmake/export_whl_system__rosidl_typesupport_fastrtps_cExport.cmake
-- Installing: /home/user/qiaoyin/install/whl_system/share/whl_system/cmake/export_whl_system__rosidl_typesupport_fastrtps_cExport-noconfig.cmake
-- Installing: /home/user/qiaoyin/install/whl_system/share/whl_system/cmake/export_whl_system__rosidl_generator_cppExport.cmake
-- Installing: /home/user/qiaoyin/install/whl_system/share/whl_system/cmake/export_whl_system__rosidl_typesupport_fastrtps_cppExport.cmake
-- Installing: /home/user/qiaoyin/install/whl_system/share/whl_system/cmake/export_whl_system__rosidl_typesupport_fastrtps_cppExport-noconfig.cmake
-- Installing: /home/user/qiaoyin/install/whl_system/share/whl_system/cmake/whl_system__rosidl_typesupport_introspection_cExport.cmake
-- Installing: /home/user/qiaoyin/install/whl_system/share/whl_system/cmake/whl_system__rosidl_typesupport_introspection_cExport-noconfig.cmake
-- Installing: /home/user/qiaoyin/install/whl_system/share/whl_system/cmake/whl_system__rosidl_typesupport_cExport.cmake
-- Installing: /home/user/qiaoyin/install/whl_system/share/whl_system/cmake/whl_system__rosidl_typesupport_cExport-noconfig.cmake
-- Installing: /home/user/qiaoyin/install/whl_system/share/whl_system/cmake/whl_system__rosidl_typesupport_introspection_cppExport.cmake
-- Installing: /home/user/qiaoyin/install/whl_system/share/whl_system/cmake/whl_system__rosidl_typesupport_introspection_cppExport-noconfig.cmake
-- Installing: /home/user/qiaoyin/install/whl_system/share/whl_system/cmake/whl_system__rosidl_typesupport_cppExport.cmake
-- Installing: /home/user/qiaoyin/install/whl_system/share/whl_system/cmake/whl_system__rosidl_typesupport_cppExport-noconfig.cmake
-- Installing: /home/user/qiaoyin/install/whl_system/share/whl_system/cmake/export_whl_system__rosidl_generator_pyExport.cmake
-- Installing: /home/user/qiaoyin/install/whl_system/share/whl_system/cmake/export_whl_system__rosidl_generator_pyExport-noconfig.cmake
-- Installing: /home/user/qiaoyin/install/whl_system/share/whl_system/cmake/rosidl_cmake-extras.cmake
-- Installing: /home/user/qiaoyin/install/whl_system/share/whl_system/cmake/ament_cmake_export_include_directories-extras.cmake
-- Installing: /home/user/qiaoyin/install/whl_system/share/whl_system/cmake/ament_cmake_export_libraries-extras.cmake
-- Installing: /home/user/qiaoyin/install/whl_system/share/whl_system/cmake/ament_cmake_export_targets-extras.cmake
-- Installing: /home/user/qiaoyin/install/whl_system/share/whl_system/cmake/rosidl_cmake_export_typesupport_targets-extras.cmake
-- Installing: /home/user/qiaoyin/install/whl_system/share/whl_system/cmake/ament_cmake_export_dependencies-extras.cmake
-- Installing: /home/user/qiaoyin/install/whl_system/share/whl_system/cmake/rosidl_cmake_export_typesupport_libraries-extras.cmake
-- Installing: /home/user/qiaoyin/install/whl_system/share/whl_system/cmake/whl_systemConfig.cmake
-- Installing: /home/user/qiaoyin/install/whl_system/share/whl_system/cmake/whl_systemConfig-version.cmake
-- Installing: /home/user/qiaoyin/install/whl_system/share/whl_system/package.xml
