[0.006s] Invoking command in '/home/user/qiaoyin/build/wheelloong_utillity': CMAKE_PREFIX_PATH=/opt/ros/humble /usr/bin/cmake --build /home/user/qiaoyin/build/wheelloong_utillity -- -j24 -l24
[0.027s] Invoked command in '/home/user/qiaoyin/build/wheelloong_utillity' returned '0': CMAKE_PREFIX_PATH=/opt/ros/humble /usr/bin/cmake --build /home/user/qiaoyin/build/wheelloong_utillity -- -j24 -l24
[0.033s] Invoking command in '/home/user/qiaoyin/build/wheelloong_utillity': CMAKE_PREFIX_PATH=/opt/ros/humble /usr/bin/cmake --install /home/user/qiaoyin/build/wheelloong_utillity
[0.038s] -- Install configuration: ""
[0.038s] -- Up-to-date: /home/user/qiaoyin/install/wheelloong_utillity/share/ament_index/resource_index/package_run_dependencies/wheelloong_utillity
[0.038s] -- Up-to-date: /home/user/qiaoyin/install/wheelloong_utillity/share/ament_index/resource_index/parent_prefix_path/wheelloong_utillity
[0.038s] -- Up-to-date: /home/user/qiaoyin/install/wheelloong_utillity/share/wheelloong_utillity/environment/ament_prefix_path.sh
[0.038s] -- Up-to-date: /home/user/qiaoyin/install/wheelloong_utillity/share/wheelloong_utillity/environment/ament_prefix_path.dsv
[0.038s] -- Up-to-date: /home/user/qiaoyin/install/wheelloong_utillity/share/wheelloong_utillity/environment/path.sh
[0.038s] -- Up-to-date: /home/user/qiaoyin/install/wheelloong_utillity/share/wheelloong_utillity/environment/path.dsv
[0.038s] -- Up-to-date: /home/user/qiaoyin/install/wheelloong_utillity/share/wheelloong_utillity/local_setup.bash
[0.038s] -- Up-to-date: /home/user/qiaoyin/install/wheelloong_utillity/share/wheelloong_utillity/local_setup.sh
[0.038s] -- Up-to-date: /home/user/qiaoyin/install/wheelloong_utillity/share/wheelloong_utillity/local_setup.zsh
[0.038s] -- Up-to-date: /home/user/qiaoyin/install/wheelloong_utillity/share/wheelloong_utillity/local_setup.dsv
[0.038s] -- Up-to-date: /home/user/qiaoyin/install/wheelloong_utillity/share/wheelloong_utillity/package.dsv
[0.038s] -- Up-to-date: /home/user/qiaoyin/install/wheelloong_utillity/share/ament_index/resource_index/packages/wheelloong_utillity
[0.038s] -- Up-to-date: /home/user/qiaoyin/install/wheelloong_utillity/share/wheelloong_utillity/cmake/wheelloong_utillityConfig.cmake
[0.038s] -- Up-to-date: /home/user/qiaoyin/install/wheelloong_utillity/share/wheelloong_utillity/cmake/wheelloong_utillityConfig-version.cmake
[0.038s] -- Up-to-date: /home/user/qiaoyin/install/wheelloong_utillity/share/wheelloong_utillity/package.xml
[0.039s] Invoked command in '/home/user/qiaoyin/build/wheelloong_utillity' returned '0': CMAKE_PREFIX_PATH=/opt/ros/humble /usr/bin/cmake --install /home/user/qiaoyin/build/wheelloong_utillity
