-- Found ament_cmake: 1.3.11 (/opt/ros/humble/share/ament_cmake/cmake)
-- Found rclcpp: 16.0.12 (/opt/ros/humble/share/rclcpp/cmake)
-- Found rosidl_generator_c: 3.1.6 (/opt/ros/humble/share/rosidl_generator_c/cmake)
-- Found rosidl_adapter: 3.1.6 (/opt/ros/humble/share/rosidl_adapter/cmake)
-- Found rosidl_generator_cpp: 3.1.6 (/opt/ros/humble/share/rosidl_generator_cpp/cmake)
-- Using all available rosidl_typesupport_c: rosidl_typesupport_fastrtps_c;rosidl_typesupport_introspection_c
-- Using all available rosidl_typesupport_cpp: rosidl_typesupport_fastrtps_cpp;rosidl_typesupport_introspection_cpp
-- Found rmw_implementation_cmake: 6.1.2 (/opt/ros/humble/share/rmw_implementation_cmake/cmake)
-- Found rmw_fastrtps_cpp: 6.2.7 (/opt/ros/humble/share/rmw_fastrtps_cpp/cmake)
-- Using RMW implementation 'rmw_fastrtps_cpp' as default
-- Found rosidl_default_generators: 1.2.0 (/opt/ros/humble/share/rosidl_default_generators/cmake)
-- Found ament_cmake_ros: 0.10.0 (/opt/ros/humble/share/ament_cmake_ros/cmake)
-- Using all available rosidl_typesupport_c: rosidl_typesupport_fastrtps_c;rosidl_typesupport_introspection_c
-- Using all available rosidl_typesupport_cpp: rosidl_typesupport_fastrtps_cpp;rosidl_typesupport_introspection_cpp
-- Found python_cmake_module: 0.10.0 (/opt/ros/humble/share/python_cmake_module/cmake)
-- Using PYTHON_EXECUTABLE: /usr/bin/python3
-- Using PYTHON_INCLUDE_DIRS: /usr/include/python3.10
-- Using PYTHON_LIBRARIES: /usr/lib/x86_64-linux-gnu/libpython3.10.so
-- Found ament_lint_auto: 0.12.12 (/opt/ros/humble/share/ament_lint_auto/cmake)
-- Added test 'cppcheck' to perform static code analysis on C / C++ code
-- Configured cppcheck include dirs: /home/user/qiaoyin/src/driver/include;/home/user/qiaoyin/src/driver/include/driver;/home/user/qiaoyin/src/driver/src
-- Configured cppcheck exclude dirs and/or files: 
-- Added test 'lint_cmake' to check CMake code style
-- Added test 'uncrustify' to check C / C++ code style
-- Configured uncrustify additional arguments: 
-- Added test 'xmllint' to check XML markup files
-- Configuring done
-- Generating done
-- Build files have been written to: /home/user/qiaoyin/build/driver
[  1%] [34m[1mGenerating C code for ROS interfaces[0m
[  2%] [34m[1mGenerating C++ code for ROS interfaces[0m
[  2%] Built target ament_cmake_python_copy_driver
running egg_info
writing driver.egg-info/PKG-INFO
writing dependency_links to driver.egg-info/dependency_links.txt
writing top-level names to driver.egg-info/top_level.txt
reading manifest file 'driver.egg-info/SOURCES.txt'
writing manifest file 'driver.egg-info/SOURCES.txt'
[  2%] Built target ament_cmake_python_build_driver_egg
[35m[1mConsolidate compiler generated dependencies of target driver__rosidl_generator_c[0m
[  4%] [32mBuilding C object CMakeFiles/driver__rosidl_generator_c.dir/rosidl_generator_c/driver/srv/detail/arm_set_joints__functions.c.o[0m
[  6%] [32mBuilding C object CMakeFiles/driver__rosidl_generator_c.dir/rosidl_generator_c/driver/msg/detail/arm_info__functions.c.o[0m
[  6%] [32mBuilding C object CMakeFiles/driver__rosidl_generator_c.dir/rosidl_generator_c/driver/srv/detail/arm_enable__functions.c.o[0m
[  8%] [32mBuilding C object CMakeFiles/driver__rosidl_generator_c.dir/rosidl_generator_c/driver/msg/detail/agv_info__functions.c.o[0m
[  9%] [32mBuilding C object CMakeFiles/driver__rosidl_generator_c.dir/rosidl_generator_c/driver/srv/detail/arm_set_cart__functions.c.o[0m
[ 10%] [32mBuilding C object CMakeFiles/driver__rosidl_generator_c.dir/rosidl_generator_c/driver/msg/detail/gripper_info__functions.c.o[0m
[ 10%] Built target driver__cpp
[ 12%] [34m[1mGenerating C++ type support dispatch for ROS interfaces[0m
[ 14%] [34m[1mGenerating C++ introspection for ROS interfaces[0m
[ 14%] [34m[1mGenerating C++ type support for eProsima Fast-RTPS[0m
[ 16%] [32m[1mLinking C shared library libdriver__rosidl_generator_c.so[0m
[ 16%] Built target driver__rosidl_generator_c
[ 17%] [34m[1mGenerating C introspection for ROS interfaces[0m
[ 20%] [34m[1mGenerating C type support dispatch for ROS interfaces[0m
[ 20%] [34m[1mGenerating C type support for eProsima Fast-RTPS[0m
[35m[1mConsolidate compiler generated dependencies of target driver__rosidl_typesupport_cpp[0m
[ 21%] [32mBuilding CXX object CMakeFiles/driver__rosidl_typesupport_cpp.dir/rosidl_typesupport_cpp/driver/msg/agv_info__type_support.cpp.o[0m
[ 24%] [32mBuilding CXX object CMakeFiles/driver__rosidl_typesupport_cpp.dir/rosidl_typesupport_cpp/driver/srv/arm_set_joints__type_support.cpp.o[0m
[ 24%] [32mBuilding CXX object CMakeFiles/driver__rosidl_typesupport_cpp.dir/rosidl_typesupport_cpp/driver/srv/arm_set_cart__type_support.cpp.o[0m
[ 25%] [32mBuilding CXX object CMakeFiles/driver__rosidl_typesupport_cpp.dir/rosidl_typesupport_cpp/driver/srv/arm_enable__type_support.cpp.o[0m
[ 28%] [32mBuilding CXX object CMakeFiles/driver__rosidl_typesupport_cpp.dir/rosidl_typesupport_cpp/driver/msg/arm_info__type_support.cpp.o[0m
[ 28%] [32mBuilding CXX object CMakeFiles/driver__rosidl_typesupport_cpp.dir/rosidl_typesupport_cpp/driver/msg/gripper_info__type_support.cpp.o[0m
[35m[1mConsolidate compiler generated dependencies of target driver__rosidl_typesupport_introspection_cpp[0m
[ 30%] [32mBuilding CXX object CMakeFiles/driver__rosidl_typesupport_introspection_cpp.dir/rosidl_typesupport_introspection_cpp/driver/msg/detail/agv_info__type_support.cpp.o[0m
[ 30%] [32mBuilding CXX object CMakeFiles/driver__rosidl_typesupport_introspection_cpp.dir/rosidl_typesupport_introspection_cpp/driver/msg/detail/arm_info__type_support.cpp.o[0m
[ 32%] [32mBuilding CXX object CMakeFiles/driver__rosidl_typesupport_introspection_cpp.dir/rosidl_typesupport_introspection_cpp/driver/srv/detail/arm_set_joints__type_support.cpp.o[0m
[ 33%] [32mBuilding CXX object CMakeFiles/driver__rosidl_typesupport_introspection_cpp.dir/rosidl_typesupport_introspection_cpp/driver/srv/detail/arm_set_cart__type_support.cpp.o[0m
[ 34%] [32mBuilding CXX object CMakeFiles/driver__rosidl_typesupport_introspection_cpp.dir/rosidl_typesupport_introspection_cpp/driver/msg/detail/gripper_info__type_support.cpp.o[0m
[ 36%] [32mBuilding CXX object CMakeFiles/driver__rosidl_typesupport_introspection_cpp.dir/rosidl_typesupport_introspection_cpp/driver/srv/detail/arm_enable__type_support.cpp.o[0m
[35m[1mConsolidate compiler generated dependencies of target driver__rosidl_typesupport_c[0m
[ 37%] [32mBuilding CXX object CMakeFiles/driver__rosidl_typesupport_c.dir/rosidl_typesupport_c/driver/srv/arm_set_cart__type_support.cpp.o[0m
[ 40%] [32mBuilding CXX object CMakeFiles/driver__rosidl_typesupport_c.dir/rosidl_typesupport_c/driver/srv/arm_set_joints__type_support.cpp.o[0m
[ 40%] [32mBuilding CXX object CMakeFiles/driver__rosidl_typesupport_c.dir/rosidl_typesupport_c/driver/srv/arm_enable__type_support.cpp.o[0m
[ 41%] [32mBuilding CXX object CMakeFiles/driver__rosidl_typesupport_c.dir/rosidl_typesupport_c/driver/msg/agv_info__type_support.cpp.o[0m
[ 42%] [32mBuilding CXX object CMakeFiles/driver__rosidl_typesupport_c.dir/rosidl_typesupport_c/driver/msg/gripper_info__type_support.cpp.o[0m
[ 44%] [32mBuilding CXX object CMakeFiles/driver__rosidl_typesupport_c.dir/rosidl_typesupport_c/driver/msg/arm_info__type_support.cpp.o[0m
[35m[1mConsolidate compiler generated dependencies of target driver__rosidl_typesupport_fastrtps_cpp[0m
[ 45%] [32mBuilding CXX object CMakeFiles/driver__rosidl_typesupport_fastrtps_cpp.dir/rosidl_typesupport_fastrtps_cpp/driver/srv/detail/dds_fastrtps/arm_set_cart__type_support.cpp.o[0m
[ 46%] [32mBuilding CXX object CMakeFiles/driver__rosidl_typesupport_fastrtps_cpp.dir/rosidl_typesupport_fastrtps_cpp/driver/srv/detail/dds_fastrtps/arm_set_joints__type_support.cpp.o[0m
[ 48%] [32mBuilding CXX object CMakeFiles/driver__rosidl_typesupport_fastrtps_cpp.dir/rosidl_typesupport_fastrtps_cpp/driver/msg/detail/dds_fastrtps/agv_info__type_support.cpp.o[0m
[ 49%] [32mBuilding CXX object CMakeFiles/driver__rosidl_typesupport_fastrtps_cpp.dir/rosidl_typesupport_fastrtps_cpp/driver/srv/detail/dds_fastrtps/arm_enable__type_support.cpp.o[0m
[ 50%] [32mBuilding CXX object CMakeFiles/driver__rosidl_typesupport_fastrtps_cpp.dir/rosidl_typesupport_fastrtps_cpp/driver/msg/detail/dds_fastrtps/arm_info__type_support.cpp.o[0m
[ 52%] [32mBuilding CXX object CMakeFiles/driver__rosidl_typesupport_fastrtps_cpp.dir/rosidl_typesupport_fastrtps_cpp/driver/msg/detail/dds_fastrtps/gripper_info__type_support.cpp.o[0m
[ 53%] [32m[1mLinking CXX shared library libdriver__rosidl_typesupport_c.so[0m
[35m[1mConsolidate compiler generated dependencies of target driver__rosidl_typesupport_introspection_c[0m
[ 53%] Built target driver__rosidl_typesupport_c
[ 57%] [32mBuilding C object CMakeFiles/driver__rosidl_typesupport_introspection_c.dir/rosidl_typesupport_introspection_c/driver/srv/detail/arm_set_cart__type_support.c.o[0m
[ 57%] [32mBuilding C object CMakeFiles/driver__rosidl_typesupport_introspection_c.dir/rosidl_typesupport_introspection_c/driver/msg/detail/arm_info__type_support.c.o[0m
[ 57%] [32mBuilding C object CMakeFiles/driver__rosidl_typesupport_introspection_c.dir/rosidl_typesupport_introspection_c/driver/msg/detail/agv_info__type_support.c.o[0m
[ 58%] [32mBuilding C object CMakeFiles/driver__rosidl_typesupport_introspection_c.dir/rosidl_typesupport_introspection_c/driver/srv/detail/arm_enable__type_support.c.o[0m
[ 60%] [32mBuilding C object CMakeFiles/driver__rosidl_typesupport_introspection_c.dir/rosidl_typesupport_introspection_c/driver/srv/detail/arm_set_joints__type_support.c.o[0m
[ 61%] [32mBuilding C object CMakeFiles/driver__rosidl_typesupport_introspection_c.dir/rosidl_typesupport_introspection_c/driver/msg/detail/gripper_info__type_support.c.o[0m
[35m[1mConsolidate compiler generated dependencies of target driver__rosidl_typesupport_fastrtps_c[0m
[ 62%] [32m[1mLinking C shared library libdriver__rosidl_typesupport_introspection_c.so[0m
[ 68%] [32mBuilding CXX object CMakeFiles/driver__rosidl_typesupport_fastrtps_c.dir/rosidl_typesupport_fastrtps_c/driver/srv/detail/arm_set_cart__type_support_c.cpp.o[0m
[ 68%] [32mBuilding CXX object CMakeFiles/driver__rosidl_typesupport_fastrtps_c.dir/rosidl_typesupport_fastrtps_c/driver/srv/detail/arm_set_joints__type_support_c.cpp.o[0m
[ 68%] [32mBuilding CXX object CMakeFiles/driver__rosidl_typesupport_fastrtps_c.dir/rosidl_typesupport_fastrtps_c/driver/srv/detail/arm_enable__type_support_c.cpp.o[0m
[ 68%] [32mBuilding CXX object CMakeFiles/driver__rosidl_typesupport_fastrtps_c.dir/rosidl_typesupport_fastrtps_c/driver/msg/detail/agv_info__type_support_c.cpp.o[0m
[ 69%] [32mBuilding CXX object CMakeFiles/driver__rosidl_typesupport_fastrtps_c.dir/rosidl_typesupport_fastrtps_c/driver/msg/detail/arm_info__type_support_c.cpp.o[0m
[ 70%] [32mBuilding CXX object CMakeFiles/driver__rosidl_typesupport_fastrtps_c.dir/rosidl_typesupport_fastrtps_c/driver/msg/detail/gripper_info__type_support_c.cpp.o[0m
[ 70%] Built target driver__rosidl_typesupport_introspection_c
[ 72%] [32m[1mLinking CXX shared library libdriver__rosidl_typesupport_cpp.so[0m
[ 72%] Built target driver__rosidl_typesupport_cpp
[35m[1mConsolidate compiler generated dependencies of target arm_driver_node[0m
[ 74%] [32mBuilding CXX object CMakeFiles/arm_driver_node.dir/src/arm_driver_node.cpp.o[0m
[ 74%] [32mBuilding CXX object CMakeFiles/arm_driver_node.dir/src/main.cpp.o[0m
[ 76%] [32m[1mLinking CXX shared library libdriver__rosidl_typesupport_introspection_cpp.so[0m
[ 76%] Built target driver__rosidl_typesupport_introspection_cpp
[ 77%] [32m[1mLinking CXX shared library libdriver__rosidl_typesupport_fastrtps_cpp.so[0m
[ 78%] [32m[1mLinking CXX shared library libdriver__rosidl_typesupport_fastrtps_c.so[0m
[ 78%] Built target driver__rosidl_typesupport_fastrtps_cpp
[ 78%] Built target driver__rosidl_typesupport_fastrtps_c
[ 78%] Built target driver
[ 80%] [34m[1mGenerating Python code for ROS interfaces[0m
[ 80%] Built target driver__py
[35m[1mConsolidate compiler generated dependencies of target driver__rosidl_generator_py[0m
[ 82%] [32mBuilding C object CMakeFiles/driver__rosidl_generator_py.dir/rosidl_generator_py/driver/msg/_gripper_info_s.c.o[0m
[ 82%] [32mBuilding C object CMakeFiles/driver__rosidl_generator_py.dir/rosidl_generator_py/driver/msg/_arm_info_s.c.o[0m
[ 85%] [32mBuilding C object CMakeFiles/driver__rosidl_generator_py.dir/rosidl_generator_py/driver/srv/_arm_set_joints_s.c.o[0m
[ 85%] [32mBuilding C object CMakeFiles/driver__rosidl_generator_py.dir/rosidl_generator_py/driver/srv/_arm_set_cart_s.c.o[0m
[ 86%] [32mBuilding C object CMakeFiles/driver__rosidl_generator_py.dir/rosidl_generator_py/driver/srv/_arm_enable_s.c.o[0m
[ 88%] [32mBuilding C object CMakeFiles/driver__rosidl_generator_py.dir/rosidl_generator_py/driver/msg/_agv_info_s.c.o[0m
[ 89%] [32m[1mLinking C shared library rosidl_generator_py/driver/libdriver__rosidl_generator_py.so[0m
[ 89%] Built target driver__rosidl_generator_py
[35m[1mConsolidate compiler generated dependencies of target driver__rosidl_typesupport_fastrtps_c__pyext[0m
[35m[1mConsolidate compiler generated dependencies of target driver__rosidl_typesupport_c__pyext[0m
[35m[1mConsolidate compiler generated dependencies of target driver__rosidl_typesupport_introspection_c__pyext[0m
[ 90%] [32mBuilding C object CMakeFiles/driver__rosidl_typesupport_fastrtps_c__pyext.dir/rosidl_generator_py/driver/_driver_s.ep.rosidl_typesupport_fastrtps_c.c.o[0m
[ 92%] [32mBuilding C object CMakeFiles/driver__rosidl_typesupport_c__pyext.dir/rosidl_generator_py/driver/_driver_s.ep.rosidl_typesupport_c.c.o[0m
[ 93%] [32mBuilding C object CMakeFiles/driver__rosidl_typesupport_introspection_c__pyext.dir/rosidl_generator_py/driver/_driver_s.ep.rosidl_typesupport_introspection_c.c.o[0m
[ 94%] [32m[1mLinking C shared library rosidl_generator_py/driver/driver_s__rosidl_typesupport_fastrtps_c.cpython-310-x86_64-linux-gnu.so[0m
[ 96%] [32m[1mLinking C shared library rosidl_generator_py/driver/driver_s__rosidl_typesupport_c.cpython-310-x86_64-linux-gnu.so[0m
[ 97%] [32m[1mLinking C shared library rosidl_generator_py/driver/driver_s__rosidl_typesupport_introspection_c.cpython-310-x86_64-linux-gnu.so[0m
[ 97%] Built target driver__rosidl_typesupport_c__pyext
[ 97%] Built target driver__rosidl_typesupport_fastrtps_c__pyext
[ 97%] Built target driver__rosidl_typesupport_introspection_c__pyext
