[0.009s] Invoking command in '/home/user/qiaoyin/build/driver': CMAKE_PREFIX_PATH=/opt/ros/humble /usr/bin/cmake --build /home/user/qiaoyin/build/driver -- -j24 -l24
[0.027s] -- Found ament_cmake: 1.3.11 (/opt/ros/humble/share/ament_cmake/cmake)
[0.110s] -- Found rclcpp: 16.0.12 (/opt/ros/humble/share/rclcpp/cmake)
[0.127s] -- Found rosidl_generator_c: 3.1.6 (/opt/ros/humble/share/rosidl_generator_c/cmake)
[0.128s] -- Found rosidl_adapter: 3.1.6 (/opt/ros/humble/share/rosidl_adapter/cmake)
[0.132s] -- Found rosidl_generator_cpp: 3.1.6 (/opt/ros/humble/share/rosidl_generator_cpp/cmake)
[0.137s] -- Using all available rosidl_typesupport_c: rosidl_typesupport_fastrtps_c;rosidl_typesupport_introspection_c
[0.144s] -- Using all available rosidl_typesupport_cpp: rosidl_typesupport_fastrtps_cpp;rosidl_typesupport_introspection_cpp
[0.163s] -- Found rmw_implementation_cmake: 6.1.2 (/opt/ros/humble/share/rmw_implementation_cmake/cmake)
[0.163s] -- Found rmw_fastrtps_cpp: 6.2.7 (/opt/ros/humble/share/rmw_fastrtps_cpp/cmake)
[0.220s] -- Using RMW implementation 'rmw_fastrtps_cpp' as default
[0.246s] -- Found rosidl_default_generators: 1.2.0 (/opt/ros/humble/share/rosidl_default_generators/cmake)
[0.418s] -- Found ament_cmake_ros: 0.10.0 (/opt/ros/humble/share/ament_cmake_ros/cmake)
[0.605s] -- Using all available rosidl_typesupport_c: rosidl_typesupport_fastrtps_c;rosidl_typesupport_introspection_c
[0.677s] -- Using all available rosidl_typesupport_cpp: rosidl_typesupport_fastrtps_cpp;rosidl_typesupport_introspection_cpp
[0.692s] -- Found python_cmake_module: 0.10.0 (/opt/ros/humble/share/python_cmake_module/cmake)
[0.707s] -- Using PYTHON_EXECUTABLE: /usr/bin/python3
[0.707s] -- Using PYTHON_INCLUDE_DIRS: /usr/include/python3.10
[0.707s] -- Using PYTHON_LIBRARIES: /usr/lib/x86_64-linux-gnu/libpython3.10.so
[0.714s] -- Found ament_lint_auto: 0.12.12 (/opt/ros/humble/share/ament_lint_auto/cmake)
[0.719s] -- Added test 'cppcheck' to perform static code analysis on C / C++ code
[0.720s] -- Configured cppcheck include dirs: /home/user/qiaoyin/src/driver/include;/home/user/qiaoyin/src/driver/include/driver;/home/user/qiaoyin/src/driver/src
[0.720s] -- Configured cppcheck exclude dirs and/or files: 
[0.720s] -- Added test 'lint_cmake' to check CMake code style
[0.721s] -- Added test 'uncrustify' to check C / C++ code style
[0.721s] -- Configured uncrustify additional arguments: 
[0.721s] -- Added test 'xmllint' to check XML markup files
[0.722s] -- Configuring done
[0.744s] -- Generating done
[0.751s] -- Build files have been written to: /home/user/qiaoyin/build/driver
[0.770s] [  1%] [34m[1mGenerating C code for ROS interfaces[0m
[0.778s] [  2%] [34m[1mGenerating C++ code for ROS interfaces[0m
[0.785s] [  2%] Built target ament_cmake_python_copy_driver
[0.919s] running egg_info
[0.919s] writing driver.egg-info/PKG-INFO
[0.919s] writing dependency_links to driver.egg-info/dependency_links.txt
[0.919s] writing top-level names to driver.egg-info/top_level.txt
[0.920s] reading manifest file 'driver.egg-info/SOURCES.txt'
[0.921s] writing manifest file 'driver.egg-info/SOURCES.txt'
[0.937s] [  2%] Built target ament_cmake_python_build_driver_egg
[1.124s] [35m[1mConsolidate compiler generated dependencies of target driver__rosidl_generator_c[0m
[1.134s] [  4%] [32mBuilding C object CMakeFiles/driver__rosidl_generator_c.dir/rosidl_generator_c/driver/srv/detail/arm_set_joints__functions.c.o[0m
[1.135s] [  6%] [32mBuilding C object CMakeFiles/driver__rosidl_generator_c.dir/rosidl_generator_c/driver/msg/detail/arm_info__functions.c.o[0m
[1.135s] [  6%] [32mBuilding C object CMakeFiles/driver__rosidl_generator_c.dir/rosidl_generator_c/driver/srv/detail/arm_enable__functions.c.o[0m
[1.135s] [  8%] [32mBuilding C object CMakeFiles/driver__rosidl_generator_c.dir/rosidl_generator_c/driver/msg/detail/agv_info__functions.c.o[0m
[1.135s] [  9%] [32mBuilding C object CMakeFiles/driver__rosidl_generator_c.dir/rosidl_generator_c/driver/srv/detail/arm_set_cart__functions.c.o[0m
[1.137s] [ 10%] [32mBuilding C object CMakeFiles/driver__rosidl_generator_c.dir/rosidl_generator_c/driver/msg/detail/gripper_info__functions.c.o[0m
[1.149s] [ 10%] Built target driver__cpp
[1.158s] [ 12%] [34m[1mGenerating C++ type support dispatch for ROS interfaces[0m
[1.158s] [ 14%] [34m[1mGenerating C++ introspection for ROS interfaces[0m
[1.158s] [ 14%] [34m[1mGenerating C++ type support for eProsima Fast-RTPS[0m
[1.175s] [ 16%] [32m[1mLinking C shared library libdriver__rosidl_generator_c.so[0m
[1.200s] [ 16%] Built target driver__rosidl_generator_c
[1.207s] [ 17%] [34m[1mGenerating C introspection for ROS interfaces[0m
[1.208s] [ 20%] [34m[1mGenerating C type support dispatch for ROS interfaces[0m
[1.208s] [ 20%] [34m[1mGenerating C type support for eProsima Fast-RTPS[0m
[1.416s] [35m[1mConsolidate compiler generated dependencies of target driver__rosidl_typesupport_cpp[0m
[1.426s] [ 21%] [32mBuilding CXX object CMakeFiles/driver__rosidl_typesupport_cpp.dir/rosidl_typesupport_cpp/driver/msg/agv_info__type_support.cpp.o[0m
[1.428s] [ 24%] [32mBuilding CXX object CMakeFiles/driver__rosidl_typesupport_cpp.dir/rosidl_typesupport_cpp/driver/srv/arm_set_joints__type_support.cpp.o[0m
[1.428s] [ 24%] [32mBuilding CXX object CMakeFiles/driver__rosidl_typesupport_cpp.dir/rosidl_typesupport_cpp/driver/srv/arm_set_cart__type_support.cpp.o[0m
[1.428s] [ 25%] [32mBuilding CXX object CMakeFiles/driver__rosidl_typesupport_cpp.dir/rosidl_typesupport_cpp/driver/srv/arm_enable__type_support.cpp.o[0m
[1.429s] [ 28%] [32mBuilding CXX object CMakeFiles/driver__rosidl_typesupport_cpp.dir/rosidl_typesupport_cpp/driver/msg/arm_info__type_support.cpp.o[0m
[1.429s] [ 28%] [32mBuilding CXX object CMakeFiles/driver__rosidl_typesupport_cpp.dir/rosidl_typesupport_cpp/driver/msg/gripper_info__type_support.cpp.o[0m
[1.464s] [35m[1mConsolidate compiler generated dependencies of target driver__rosidl_typesupport_introspection_cpp[0m
[1.474s] [ 30%] [32mBuilding CXX object CMakeFiles/driver__rosidl_typesupport_introspection_cpp.dir/rosidl_typesupport_introspection_cpp/driver/msg/detail/agv_info__type_support.cpp.o[0m
[1.475s] [ 30%] [32mBuilding CXX object CMakeFiles/driver__rosidl_typesupport_introspection_cpp.dir/rosidl_typesupport_introspection_cpp/driver/msg/detail/arm_info__type_support.cpp.o[0m
[1.476s] [ 32%] [32mBuilding CXX object CMakeFiles/driver__rosidl_typesupport_introspection_cpp.dir/rosidl_typesupport_introspection_cpp/driver/srv/detail/arm_set_joints__type_support.cpp.o[0m
[1.476s] [ 33%] [32mBuilding CXX object CMakeFiles/driver__rosidl_typesupport_introspection_cpp.dir/rosidl_typesupport_introspection_cpp/driver/srv/detail/arm_set_cart__type_support.cpp.o[0m
[1.476s] [ 34%] [32mBuilding CXX object CMakeFiles/driver__rosidl_typesupport_introspection_cpp.dir/rosidl_typesupport_introspection_cpp/driver/msg/detail/gripper_info__type_support.cpp.o[0m
[1.477s] [ 36%] [32mBuilding CXX object CMakeFiles/driver__rosidl_typesupport_introspection_cpp.dir/rosidl_typesupport_introspection_cpp/driver/srv/detail/arm_enable__type_support.cpp.o[0m
[1.496s] [35m[1mConsolidate compiler generated dependencies of target driver__rosidl_typesupport_c[0m
[1.505s] [ 37%] [32mBuilding CXX object CMakeFiles/driver__rosidl_typesupport_c.dir/rosidl_typesupport_c/driver/srv/arm_set_cart__type_support.cpp.o[0m
[1.506s] [ 40%] [32mBuilding CXX object CMakeFiles/driver__rosidl_typesupport_c.dir/rosidl_typesupport_c/driver/srv/arm_set_joints__type_support.cpp.o[0m
[1.506s] [ 40%] [32mBuilding CXX object CMakeFiles/driver__rosidl_typesupport_c.dir/rosidl_typesupport_c/driver/srv/arm_enable__type_support.cpp.o[0m
[1.506s] [ 41%] [32mBuilding CXX object CMakeFiles/driver__rosidl_typesupport_c.dir/rosidl_typesupport_c/driver/msg/agv_info__type_support.cpp.o[0m
[1.511s] [ 42%] [32mBuilding CXX object CMakeFiles/driver__rosidl_typesupport_c.dir/rosidl_typesupport_c/driver/msg/gripper_info__type_support.cpp.o[0m
[1.511s] [ 44%] [32mBuilding CXX object CMakeFiles/driver__rosidl_typesupport_c.dir/rosidl_typesupport_c/driver/msg/arm_info__type_support.cpp.o[0m
[1.511s] [35m[1mConsolidate compiler generated dependencies of target driver__rosidl_typesupport_fastrtps_cpp[0m
[1.530s] [ 45%] [32mBuilding CXX object CMakeFiles/driver__rosidl_typesupport_fastrtps_cpp.dir/rosidl_typesupport_fastrtps_cpp/driver/srv/detail/dds_fastrtps/arm_set_cart__type_support.cpp.o[0m
[1.531s] [ 46%] [32mBuilding CXX object CMakeFiles/driver__rosidl_typesupport_fastrtps_cpp.dir/rosidl_typesupport_fastrtps_cpp/driver/srv/detail/dds_fastrtps/arm_set_joints__type_support.cpp.o[0m
[1.535s] [ 48%] [32mBuilding CXX object CMakeFiles/driver__rosidl_typesupport_fastrtps_cpp.dir/rosidl_typesupport_fastrtps_cpp/driver/msg/detail/dds_fastrtps/agv_info__type_support.cpp.o[0m
[1.535s] [ 49%] [32mBuilding CXX object CMakeFiles/driver__rosidl_typesupport_fastrtps_cpp.dir/rosidl_typesupport_fastrtps_cpp/driver/srv/detail/dds_fastrtps/arm_enable__type_support.cpp.o[0m
[1.543s] [ 50%] [32mBuilding CXX object CMakeFiles/driver__rosidl_typesupport_fastrtps_cpp.dir/rosidl_typesupport_fastrtps_cpp/driver/msg/detail/dds_fastrtps/arm_info__type_support.cpp.o[0m
[1.543s] [ 52%] [32mBuilding CXX object CMakeFiles/driver__rosidl_typesupport_fastrtps_cpp.dir/rosidl_typesupport_fastrtps_cpp/driver/msg/detail/dds_fastrtps/gripper_info__type_support.cpp.o[0m
[1.548s] [ 53%] [32m[1mLinking CXX shared library libdriver__rosidl_typesupport_c.so[0m
[1.594s] [35m[1mConsolidate compiler generated dependencies of target driver__rosidl_typesupport_introspection_c[0m
[1.600s] [ 53%] Built target driver__rosidl_typesupport_c
[1.608s] [ 57%] [32mBuilding C object CMakeFiles/driver__rosidl_typesupport_introspection_c.dir/rosidl_typesupport_introspection_c/driver/srv/detail/arm_set_cart__type_support.c.o[0m
[1.608s] [ 57%] [32mBuilding C object CMakeFiles/driver__rosidl_typesupport_introspection_c.dir/rosidl_typesupport_introspection_c/driver/msg/detail/arm_info__type_support.c.o[0m
[1.608s] [ 57%] [32mBuilding C object CMakeFiles/driver__rosidl_typesupport_introspection_c.dir/rosidl_typesupport_introspection_c/driver/msg/detail/agv_info__type_support.c.o[0m
[1.615s] [ 58%] [32mBuilding C object CMakeFiles/driver__rosidl_typesupport_introspection_c.dir/rosidl_typesupport_introspection_c/driver/srv/detail/arm_enable__type_support.c.o[0m
[1.618s] [ 60%] [32mBuilding C object CMakeFiles/driver__rosidl_typesupport_introspection_c.dir/rosidl_typesupport_introspection_c/driver/srv/detail/arm_set_joints__type_support.c.o[0m
[1.658s] [ 61%] [32mBuilding C object CMakeFiles/driver__rosidl_typesupport_introspection_c.dir/rosidl_typesupport_introspection_c/driver/msg/detail/gripper_info__type_support.c.o[0m
[1.682s] [35m[1mConsolidate compiler generated dependencies of target driver__rosidl_typesupport_fastrtps_c[0m
[1.692s] [ 62%] [32m[1mLinking C shared library libdriver__rosidl_typesupport_introspection_c.so[0m
[1.701s] [ 68%] [32mBuilding CXX object CMakeFiles/driver__rosidl_typesupport_fastrtps_c.dir/rosidl_typesupport_fastrtps_c/driver/srv/detail/arm_set_cart__type_support_c.cpp.o[0m
[1.701s] [ 68%] [32mBuilding CXX object CMakeFiles/driver__rosidl_typesupport_fastrtps_c.dir/rosidl_typesupport_fastrtps_c/driver/srv/detail/arm_set_joints__type_support_c.cpp.o[0m
[1.701s] [ 68%] [32mBuilding CXX object CMakeFiles/driver__rosidl_typesupport_fastrtps_c.dir/rosidl_typesupport_fastrtps_c/driver/srv/detail/arm_enable__type_support_c.cpp.o[0m
[1.701s] [ 68%] [32mBuilding CXX object CMakeFiles/driver__rosidl_typesupport_fastrtps_c.dir/rosidl_typesupport_fastrtps_c/driver/msg/detail/agv_info__type_support_c.cpp.o[0m
[1.703s] [ 69%] [32mBuilding CXX object CMakeFiles/driver__rosidl_typesupport_fastrtps_c.dir/rosidl_typesupport_fastrtps_c/driver/msg/detail/arm_info__type_support_c.cpp.o[0m
[1.705s] [ 70%] [32mBuilding CXX object CMakeFiles/driver__rosidl_typesupport_fastrtps_c.dir/rosidl_typesupport_fastrtps_c/driver/msg/detail/gripper_info__type_support_c.cpp.o[0m
[1.730s] [ 70%] Built target driver__rosidl_typesupport_introspection_c
[1.794s] [ 72%] [32m[1mLinking CXX shared library libdriver__rosidl_typesupport_cpp.so[0m
[1.851s] [ 72%] Built target driver__rosidl_typesupport_cpp
[1.858s] [35m[1mConsolidate compiler generated dependencies of target arm_driver_node[0m
[1.872s] [ 74%] [32mBuilding CXX object CMakeFiles/arm_driver_node.dir/src/arm_driver_node.cpp.o[0m
[1.872s] [ 74%] [32mBuilding CXX object CMakeFiles/arm_driver_node.dir/src/main.cpp.o[0m
[1.997s] [ 76%] [32m[1mLinking CXX shared library libdriver__rosidl_typesupport_introspection_cpp.so[0m
[2.053s] [ 76%] Built target driver__rosidl_typesupport_introspection_cpp
[2.059s] [ 77%] [32m[1mLinking CXX shared library libdriver__rosidl_typesupport_fastrtps_cpp.so[0m
[2.076s] [ 78%] [32m[1mLinking CXX shared library libdriver__rosidl_typesupport_fastrtps_c.so[0m
[2.107s] [ 78%] Built target driver__rosidl_typesupport_fastrtps_cpp
[2.131s] [ 78%] Built target driver__rosidl_typesupport_fastrtps_c
[2.146s] [ 78%] Built target driver
[2.160s] [ 80%] [34m[1mGenerating Python code for ROS interfaces[0m
[2.725s] [ 80%] Built target driver__py
[2.734s] [35m[1mConsolidate compiler generated dependencies of target driver__rosidl_generator_py[0m
[2.744s] [ 82%] [32mBuilding C object CMakeFiles/driver__rosidl_generator_py.dir/rosidl_generator_py/driver/msg/_gripper_info_s.c.o[0m
[2.744s] [ 82%] [32mBuilding C object CMakeFiles/driver__rosidl_generator_py.dir/rosidl_generator_py/driver/msg/_arm_info_s.c.o[0m
[2.744s] [ 85%] [32mBuilding C object CMakeFiles/driver__rosidl_generator_py.dir/rosidl_generator_py/driver/srv/_arm_set_joints_s.c.o[0m
[2.744s] [ 85%] [32mBuilding C object CMakeFiles/driver__rosidl_generator_py.dir/rosidl_generator_py/driver/srv/_arm_set_cart_s.c.o[0m
[2.744s] [ 86%] [32mBuilding C object CMakeFiles/driver__rosidl_generator_py.dir/rosidl_generator_py/driver/srv/_arm_enable_s.c.o[0m
[2.745s] [ 88%] [32mBuilding C object CMakeFiles/driver__rosidl_generator_py.dir/rosidl_generator_py/driver/msg/_agv_info_s.c.o[0m
[2.836s] [ 89%] [32m[1mLinking C shared library rosidl_generator_py/driver/libdriver__rosidl_generator_py.so[0m
[2.865s] [ 89%] Built target driver__rosidl_generator_py
[2.872s] [35m[1mConsolidate compiler generated dependencies of target driver__rosidl_typesupport_fastrtps_c__pyext[0m
[2.873s] [35m[1mConsolidate compiler generated dependencies of target driver__rosidl_typesupport_c__pyext[0m
[2.873s] [35m[1mConsolidate compiler generated dependencies of target driver__rosidl_typesupport_introspection_c__pyext[0m
[2.880s] [ 90%] [32mBuilding C object CMakeFiles/driver__rosidl_typesupport_fastrtps_c__pyext.dir/rosidl_generator_py/driver/_driver_s.ep.rosidl_typesupport_fastrtps_c.c.o[0m
[2.881s] [ 92%] [32mBuilding C object CMakeFiles/driver__rosidl_typesupport_c__pyext.dir/rosidl_generator_py/driver/_driver_s.ep.rosidl_typesupport_c.c.o[0m
[2.882s] [ 93%] [32mBuilding C object CMakeFiles/driver__rosidl_typesupport_introspection_c__pyext.dir/rosidl_generator_py/driver/_driver_s.ep.rosidl_typesupport_introspection_c.c.o[0m
[2.956s] [ 94%] [32m[1mLinking C shared library rosidl_generator_py/driver/driver_s__rosidl_typesupport_fastrtps_c.cpython-310-x86_64-linux-gnu.so[0m
[2.956s] [ 96%] [32m[1mLinking C shared library rosidl_generator_py/driver/driver_s__rosidl_typesupport_c.cpython-310-x86_64-linux-gnu.so[0m
[2.961s] [ 97%] [32m[1mLinking C shared library rosidl_generator_py/driver/driver_s__rosidl_typesupport_introspection_c.cpython-310-x86_64-linux-gnu.so[0m
[2.977s] [ 97%] Built target driver__rosidl_typesupport_c__pyext
[2.984s] [ 97%] Built target driver__rosidl_typesupport_fastrtps_c__pyext
[2.987s] [ 97%] Built target driver__rosidl_typesupport_introspection_c__pyext
[3.243s] In file included from [01m[K/home/user/qiaoyin/src/driver/src/arm_driver_node.cpp:1[m[K:
[3.243s] [01m[K/home/user/qiaoyin/src/driver/src/arm_driver_node.h:33:62:[m[K [01;31m[Kerror: [m[Kexpected ‘[01m[K;[m[K’ at end of member declaration
[3.243s]    33 |         shared_ptr<driver::srv::ArmEnable::Response> response[01;31m[K)[m[K
[3.243s]       |                                                              [01;31m[K^[m[K
[3.243s]       |                                                               [32m[K;[m[K
[3.266s] In file included from [01m[K/home/user/qiaoyin/src/driver/src/main.cpp:2[m[K:
[3.267s] [01m[K/home/user/qiaoyin/src/driver/src/arm_driver_node.h:33:62:[m[K [01;31m[Kerror: [m[Kexpected ‘[01m[K;[m[K’ at end of member declaration
[3.267s]    33 |         shared_ptr<driver::srv::ArmEnable::Response> response[01;31m[K)[m[K
[3.267s]       |                                                              [01;31m[K^[m[K
[3.267s]       |                                                               [32m[K;[m[K
[3.281s] [01m[K/home/user/qiaoyin/src/driver/src/arm_driver_node.cpp:[m[K In member function ‘[01m[Kvoid ArmDriverNode::handle_arm_enable(std::shared_ptr<driver::srv::ArmEnable_Request_<std::allocator<void> > >, std::shared_ptr<driver::srv::ArmEnable_Response_<std::allocator<void> > >)[m[K’:
[3.281s] [01m[K/home/user/qiaoyin/src/driver/src/arm_driver_node.cpp:113:50:[m[K [01;35m[Kwarning: [m[Kunused parameter ‘[01m[Kresponse[m[K’ [[01;35m[K]8;;https://gcc.gnu.org/onlinedocs/gcc/Warning-Options.html#index-Wunused-parameter-Wunused-parameter]8;;[m[K]
[3.281s]   113 |     [01;35m[Kshared_ptr<driver::srv::ArmEnable::Response> response[m[K)
[3.281s]       |     [01;35m[K~~~~~~~~~~~~~~~~~~~~~~~~~~~~~~~~~~~~~~~~~~~~~^~~~~~~~[m[K
[3.530s] gmake[2]: *** [CMakeFiles/arm_driver_node.dir/build.make:104：CMakeFiles/arm_driver_node.dir/src/main.cpp.o] 错误 1
[3.530s] gmake[2]: *** 正在等待未完成的任务....
[3.926s] gmake[2]: *** [CMakeFiles/arm_driver_node.dir/build.make:76：CMakeFiles/arm_driver_node.dir/src/arm_driver_node.cpp.o] 错误 1
[3.927s] gmake[1]: *** [CMakeFiles/Makefile2:593：CMakeFiles/arm_driver_node.dir/all] 错误 2
[3.927s] gmake: *** [Makefile:146：all] 错误 2
[3.929s] Invoked command in '/home/user/qiaoyin/build/driver' returned '2': CMAKE_PREFIX_PATH=/opt/ros/humble /usr/bin/cmake --build /home/user/qiaoyin/build/driver -- -j24 -l24
