-- The C compiler identification is GNU 11.4.0
-- The CXX compiler identification is GNU 11.4.0
-- Detecting C compiler ABI info
-- Detecting C compiler ABI info - done
-- Check for working C compiler: /usr/bin/cc - skipped
-- Detecting C compile features
-- Detecting C compile features - done
-- Detecting CXX compiler ABI info
-- Detecting CXX compiler ABI info - done
-- Check for working CXX compiler: /usr/bin/c++ - skipped
-- Detecting CXX compile features
-- Detecting CXX compile features - done
-- Found ament_cmake: 1.3.11 (/opt/ros/humble/share/ament_cmake/cmake)
-- Found Python3: /usr/bin/python3 (found version "3.10.12") found components: Interpreter 
-- Found rclcpp: 16.0.12 (/opt/ros/humble/share/rclcpp/cmake)
-- Found rosidl_generator_c: 3.1.6 (/opt/ros/humble/share/rosidl_generator_c/cmake)
-- Found rosidl_adapter: 3.1.6 (/opt/ros/humble/share/rosidl_adapter/cmake)
-- Found rosidl_generator_cpp: 3.1.6 (/opt/ros/humble/share/rosidl_generator_cpp/cmake)
-- Using all available rosidl_typesupport_c: rosidl_typesupport_fastrtps_c;rosidl_typesupport_introspection_c
-- Using all available rosidl_typesupport_cpp: rosidl_typesupport_fastrtps_cpp;rosidl_typesupport_introspection_cpp
-- Found rmw_implementation_cmake: 6.1.2 (/opt/ros/humble/share/rmw_implementation_cmake/cmake)
-- Found rmw_fastrtps_cpp: 6.2.7 (/opt/ros/humble/share/rmw_fastrtps_cpp/cmake)
-- Found OpenSSL: /usr/lib/x86_64-linux-gnu/libcrypto.so (found version "3.0.2")  
-- Found FastRTPS: /opt/ros/humble/include  
-- Using RMW implementation 'rmw_fastrtps_cpp' as default
-- Looking for pthread.h
-- Looking for pthread.h - found
-- Performing Test CMAKE_HAVE_LIBC_PTHREAD
-- Performing Test CMAKE_HAVE_LIBC_PTHREAD - Success
-- Found Threads: TRUE  
-- Found rosidl_default_generators: 1.2.0 (/opt/ros/humble/share/rosidl_default_generators/cmake)
-- Found ament_cmake_ros: 0.10.0 (/opt/ros/humble/share/ament_cmake_ros/cmake)
-- Using all available rosidl_typesupport_c: rosidl_typesupport_fastrtps_c;rosidl_typesupport_introspection_c
-- Using all available rosidl_typesupport_cpp: rosidl_typesupport_fastrtps_cpp;rosidl_typesupport_introspection_cpp
-- Found PythonInterp: /usr/bin/python3 (found suitable version "3.10.12", minimum required is "3.6") 
-- Found python_cmake_module: 0.10.0 (/opt/ros/humble/share/python_cmake_module/cmake)
-- Found PythonLibs: /usr/lib/x86_64-linux-gnu/libpython3.10.so (found suitable version "3.10.12", minimum required is "3.5") 
-- Using PYTHON_EXECUTABLE: /usr/bin/python3
-- Using PYTHON_INCLUDE_DIRS: /usr/include/python3.10
-- Using PYTHON_LIBRARIES: /usr/lib/x86_64-linux-gnu/libpython3.10.so
-- Found PythonExtra: .so  
-- Found ament_lint_auto: 0.12.12 (/opt/ros/humble/share/ament_lint_auto/cmake)
-- Added test 'cppcheck' to perform static code analysis on C / C++ code
-- Configured cppcheck include dirs: 
-- Configured cppcheck exclude dirs and/or files: 
-- Added test 'lint_cmake' to check CMake code style
-- Added test 'uncrustify' to check C / C++ code style
-- Configured uncrustify additional arguments: 
-- Added test 'xmllint' to check XML markup files
-- Configuring done
-- Generating done
-- Build files have been written to: /home/user/qiaoyin/build/whl_system
[  2%] [34m[1mGenerating C code for ROS interfaces[0m
[  4%] [34m[1mGenerating C++ code for ROS interfaces[0m
[  4%] Built target ament_cmake_python_copy_whl_system
running egg_info
creating whl_system.egg-info
writing whl_system.egg-info/PKG-INFO
writing dependency_links to whl_system.egg-info/dependency_links.txt
writing top-level names to whl_system.egg-info/top_level.txt
writing manifest file 'whl_system.egg-info/SOURCES.txt'
reading manifest file 'whl_system.egg-info/SOURCES.txt'
writing manifest file 'whl_system.egg-info/SOURCES.txt'
[  4%] Built target ament_cmake_python_build_whl_system_egg
[  4%] Built target whl_system__cpp
[  6%] [32mBuilding C object CMakeFiles/whl_system__rosidl_generator_c.dir/rosidl_generator_c/whl_system/msg/detail/arm_info__functions.c.o[0m
[  8%] [32mBuilding C object CMakeFiles/whl_system__rosidl_generator_c.dir/rosidl_generator_c/whl_system/srv/detail/inout_struct__functions.c.o[0m
[ 10%] [32mBuilding C object CMakeFiles/whl_system__rosidl_generator_c.dir/rosidl_generator_c/whl_system/msg/detail/agv_info__functions.c.o[0m
[ 12%] [34m[1mGenerating C++ type support dispatch for ROS interfaces[0m
[ 14%] [34m[1mGenerating C++ type support for eProsima Fast-RTPS[0m
[ 16%] [34m[1mGenerating C++ introspection for ROS interfaces[0m
[ 18%] [32m[1mLinking C shared library libwhl_system__rosidl_generator_c.so[0m
[ 18%] Built target whl_system__rosidl_generator_c
[ 22%] [34m[1mGenerating C introspection for ROS interfaces[0m
[ 22%] [34m[1mGenerating C type support for eProsima Fast-RTPS[0m
[ 24%] [34m[1mGenerating C type support dispatch for ROS interfaces[0m
[ 26%] [32mBuilding CXX object CMakeFiles/whl_system__rosidl_typesupport_cpp.dir/rosidl_typesupport_cpp/whl_system/msg/agv_info__type_support.cpp.o[0m
[ 30%] [32mBuilding CXX object CMakeFiles/whl_system__rosidl_typesupport_cpp.dir/rosidl_typesupport_cpp/whl_system/msg/arm_info__type_support.cpp.o[0m
[ 30%] [32mBuilding CXX object CMakeFiles/whl_system__rosidl_typesupport_cpp.dir/rosidl_typesupport_cpp/whl_system/srv/inout_struct__type_support.cpp.o[0m
[ 32%] [32mBuilding CXX object CMakeFiles/whl_system__rosidl_typesupport_introspection_cpp.dir/rosidl_typesupport_introspection_cpp/whl_system/msg/detail/agv_info__type_support.cpp.o[0m
[ 34%] [32mBuilding CXX object CMakeFiles/whl_system__rosidl_typesupport_introspection_cpp.dir/rosidl_typesupport_introspection_cpp/whl_system/srv/detail/inout_struct__type_support.cpp.o[0m
[ 36%] [32mBuilding CXX object CMakeFiles/whl_system__rosidl_typesupport_introspection_cpp.dir/rosidl_typesupport_introspection_cpp/whl_system/msg/detail/arm_info__type_support.cpp.o[0m
[ 38%] [32mBuilding CXX object CMakeFiles/whl_system__rosidl_typesupport_fastrtps_cpp.dir/rosidl_typesupport_fastrtps_cpp/whl_system/msg/detail/dds_fastrtps/arm_info__type_support.cpp.o[0m
[ 42%] [32mBuilding CXX object CMakeFiles/whl_system__rosidl_typesupport_fastrtps_cpp.dir/rosidl_typesupport_fastrtps_cpp/whl_system/msg/detail/dds_fastrtps/agv_info__type_support.cpp.o[0m
[ 42%] [32mBuilding CXX object CMakeFiles/whl_system__rosidl_typesupport_fastrtps_cpp.dir/rosidl_typesupport_fastrtps_cpp/whl_system/srv/detail/dds_fastrtps/inout_struct__type_support.cpp.o[0m
[ 44%] [32mBuilding CXX object CMakeFiles/whl_system__rosidl_typesupport_c.dir/rosidl_typesupport_c/whl_system/msg/agv_info__type_support.cpp.o[0m
[ 46%] [32mBuilding CXX object CMakeFiles/whl_system__rosidl_typesupport_c.dir/rosidl_typesupport_c/whl_system/srv/inout_struct__type_support.cpp.o[0m
[ 48%] [32mBuilding CXX object CMakeFiles/whl_system__rosidl_typesupport_c.dir/rosidl_typesupport_c/whl_system/msg/arm_info__type_support.cpp.o[0m
[ 51%] [32mBuilding C object CMakeFiles/whl_system__rosidl_typesupport_introspection_c.dir/rosidl_typesupport_introspection_c/whl_system/srv/detail/inout_struct__type_support.c.o[0m
[ 53%] [32mBuilding C object CMakeFiles/whl_system__rosidl_typesupport_introspection_c.dir/rosidl_typesupport_introspection_c/whl_system/msg/detail/arm_info__type_support.c.o[0m
[ 55%] [32mBuilding C object CMakeFiles/whl_system__rosidl_typesupport_introspection_c.dir/rosidl_typesupport_introspection_c/whl_system/msg/detail/agv_info__type_support.c.o[0m
[ 57%] [32m[1mLinking CXX shared library libwhl_system__rosidl_typesupport_c.so[0m
[ 59%] [32mBuilding CXX object CMakeFiles/whl_system__rosidl_typesupport_fastrtps_c.dir/rosidl_typesupport_fastrtps_c/whl_system/srv/detail/inout_struct__type_support_c.cpp.o[0m
[ 61%] [32mBuilding CXX object CMakeFiles/whl_system__rosidl_typesupport_fastrtps_c.dir/rosidl_typesupport_fastrtps_c/whl_system/msg/detail/arm_info__type_support_c.cpp.o[0m
[ 63%] [32mBuilding CXX object CMakeFiles/whl_system__rosidl_typesupport_fastrtps_c.dir/rosidl_typesupport_fastrtps_c/whl_system/msg/detail/agv_info__type_support_c.cpp.o[0m
[ 65%] [32m[1mLinking C shared library libwhl_system__rosidl_typesupport_introspection_c.so[0m
[ 65%] Built target whl_system__rosidl_typesupport_c
[ 65%] Built target whl_system__rosidl_typesupport_introspection_c
[ 67%] [32m[1mLinking CXX shared library libwhl_system__rosidl_typesupport_cpp.so[0m
[ 69%] [32m[1mLinking CXX shared library libwhl_system__rosidl_typesupport_fastrtps_cpp.so[0m
[ 69%] Built target whl_system__rosidl_typesupport_cpp
[ 71%] [32mBuilding CXX object CMakeFiles/wheelloong_system_node.dir/src/main.cpp.o[0m
[ 71%] Built target whl_system__rosidl_typesupport_fastrtps_cpp
[ 73%] [32m[1mLinking CXX shared library libwhl_system__rosidl_typesupport_fastrtps_c.so[0m
[ 75%] [32m[1mLinking CXX shared library libwhl_system__rosidl_typesupport_introspection_cpp.so[0m
[ 75%] Built target whl_system__rosidl_typesupport_fastrtps_c
[ 75%] Built target whl_system__rosidl_typesupport_introspection_cpp
[ 75%] Built target whl_system
[ 77%] [34m[1mGenerating Python code for ROS interfaces[0m
[ 77%] Built target whl_system__py
[ 79%] [32mBuilding C object CMakeFiles/whl_system__rosidl_generator_py.dir/rosidl_generator_py/whl_system/msg/_arm_info_s.c.o[0m
[ 81%] [32mBuilding C object CMakeFiles/whl_system__rosidl_generator_py.dir/rosidl_generator_py/whl_system/srv/_inout_struct_s.c.o[0m
[ 83%] [32mBuilding C object CMakeFiles/whl_system__rosidl_generator_py.dir/rosidl_generator_py/whl_system/msg/_agv_info_s.c.o[0m
[ 85%] [32m[1mLinking C shared library rosidl_generator_py/whl_system/libwhl_system__rosidl_generator_py.so[0m
[ 85%] Built target whl_system__rosidl_generator_py
[ 91%] [32mBuilding C object CMakeFiles/whl_system__rosidl_typesupport_c__pyext.dir/rosidl_generator_py/whl_system/_whl_system_s.ep.rosidl_typesupport_c.c.o[0m
[ 91%] [32mBuilding C object CMakeFiles/whl_system__rosidl_typesupport_introspection_c__pyext.dir/rosidl_generator_py/whl_system/_whl_system_s.ep.rosidl_typesupport_introspection_c.c.o[0m
[ 91%] [32mBuilding C object CMakeFiles/whl_system__rosidl_typesupport_fastrtps_c__pyext.dir/rosidl_generator_py/whl_system/_whl_system_s.ep.rosidl_typesupport_fastrtps_c.c.o[0m
[ 93%] [32m[1mLinking C shared library rosidl_generator_py/whl_system/whl_system_s__rosidl_typesupport_c.cpython-310-x86_64-linux-gnu.so[0m
[ 95%] [32m[1mLinking C shared library rosidl_generator_py/whl_system/whl_system_s__rosidl_typesupport_introspection_c.cpython-310-x86_64-linux-gnu.so[0m
[ 97%] [32m[1mLinking C shared library rosidl_generator_py/whl_system/whl_system_s__rosidl_typesupport_fastrtps_c.cpython-310-x86_64-linux-gnu.so[0m
[ 97%] Built target whl_system__rosidl_typesupport_c__pyext
[ 97%] Built target whl_system__rosidl_typesupport_introspection_c__pyext
[ 97%] Built target whl_system__rosidl_typesupport_fastrtps_c__pyext
[100%] [32m[1mLinking CXX executable wheelloong_system_node[0m
