[0.010s] Invoking command in '/home/user/qiaoyin/build/whl_system': CMAKE_PREFIX_PATH=/opt/ros/humble /usr/bin/cmake /home/user/qiaoyin/src/whl_system -DCMAKE_INSTALL_PREFIX=/home/user/qiaoyin/install/whl_system
[0.048s] -- The C compiler identification is GNU 11.4.0
[0.084s] -- The CXX compiler identification is GNU 11.4.0
[0.089s] -- Detecting C compiler ABI info
[0.140s] -- Detecting C compiler ABI info - done
[0.144s] -- Check for working C compiler: /usr/bin/cc - skipped
[0.145s] -- Detecting C compile features
[0.145s] -- Detecting C compile features - done
[0.147s] -- Detecting CXX compiler ABI info
[0.201s] -- Detecting CXX compiler ABI info - done
[0.206s] -- Check for working CXX compiler: /usr/bin/c++ - skipped
[0.206s] -- Detecting CXX compile features
[0.207s] -- Detecting CXX compile features - done
[0.208s] -- Found ament_cmake: 1.3.11 (/opt/ros/humble/share/ament_cmake/cmake)
[0.310s] -- Found Python3: /usr/bin/python3 (found version "3.10.12") found components: Interpreter 
[0.362s] -- Found rclcpp: 16.0.12 (/opt/ros/humble/share/rclcpp/cmake)
[0.385s] -- Found rosidl_generator_c: 3.1.6 (/opt/ros/humble/share/rosidl_generator_c/cmake)
[0.387s] -- Found rosidl_adapter: 3.1.6 (/opt/ros/humble/share/rosidl_adapter/cmake)
[0.392s] -- Found rosidl_generator_cpp: 3.1.6 (/opt/ros/humble/share/rosidl_generator_cpp/cmake)
[0.398s] -- Using all available rosidl_typesupport_c: rosidl_typesupport_fastrtps_c;rosidl_typesupport_introspection_c
[0.407s] -- Using all available rosidl_typesupport_cpp: rosidl_typesupport_fastrtps_cpp;rosidl_typesupport_introspection_cpp
[0.429s] -- Found rmw_implementation_cmake: 6.1.2 (/opt/ros/humble/share/rmw_implementation_cmake/cmake)
[0.431s] -- Found rmw_fastrtps_cpp: 6.2.7 (/opt/ros/humble/share/rmw_fastrtps_cpp/cmake)
[0.483s] -- Found OpenSSL: /usr/lib/x86_64-linux-gnu/libcrypto.so (found version "3.0.2")  
[0.499s] -- Found FastRTPS: /opt/ros/humble/include  
[0.525s] -- Using RMW implementation 'rmw_fastrtps_cpp' as default
[0.530s] -- Looking for pthread.h
[0.579s] -- Looking for pthread.h - found
[0.579s] -- Performing Test CMAKE_HAVE_LIBC_PTHREAD
[0.631s] -- Performing Test CMAKE_HAVE_LIBC_PTHREAD - Success
[0.632s] -- Found Threads: TRUE  
[0.663s] -- Found rosidl_default_generators: 1.2.0 (/opt/ros/humble/share/rosidl_default_generators/cmake)
[0.837s] -- Found ament_cmake_ros: 0.10.0 (/opt/ros/humble/share/ament_cmake_ros/cmake)
[1.032s] -- Using all available rosidl_typesupport_c: rosidl_typesupport_fastrtps_c;rosidl_typesupport_introspection_c
[1.103s] -- Using all available rosidl_typesupport_cpp: rosidl_typesupport_fastrtps_cpp;rosidl_typesupport_introspection_cpp
[1.117s] -- Found PythonInterp: /usr/bin/python3 (found suitable version "3.10.12", minimum required is "3.6") 
[1.118s] -- Found python_cmake_module: 0.10.0 (/opt/ros/humble/share/python_cmake_module/cmake)
[1.135s] -- Found PythonLibs: /usr/lib/x86_64-linux-gnu/libpython3.10.so (found suitable version "3.10.12", minimum required is "3.5") 
[1.135s] -- Using PYTHON_EXECUTABLE: /usr/bin/python3
[1.135s] -- Using PYTHON_INCLUDE_DIRS: /usr/include/python3.10
[1.135s] -- Using PYTHON_LIBRARIES: /usr/lib/x86_64-linux-gnu/libpython3.10.so
[1.150s] -- Found PythonExtra: .so  
[1.172s] -- Found ament_lint_auto: 0.12.12 (/opt/ros/humble/share/ament_lint_auto/cmake)
[1.180s] -- Added test 'cppcheck' to perform static code analysis on C / C++ code
[1.180s] -- Configured cppcheck include dirs: 
[1.180s] -- Configured cppcheck exclude dirs and/or files: 
[1.181s] -- Added test 'lint_cmake' to check CMake code style
[1.181s] -- Added test 'uncrustify' to check C / C++ code style
[1.181s] -- Configured uncrustify additional arguments: 
[1.182s] -- Added test 'xmllint' to check XML markup files
[1.183s] -- Configuring done
[1.202s] -- Generating done
[1.209s] -- Build files have been written to: /home/user/qiaoyin/build/whl_system
[1.216s] Invoked command in '/home/user/qiaoyin/build/whl_system' returned '0': CMAKE_PREFIX_PATH=/opt/ros/humble /usr/bin/cmake /home/user/qiaoyin/src/whl_system -DCMAKE_INSTALL_PREFIX=/home/user/qiaoyin/install/whl_system
[1.217s] Invoking command in '/home/user/qiaoyin/build/whl_system': CMAKE_PREFIX_PATH=/opt/ros/humble /usr/bin/cmake --build /home/user/qiaoyin/build/whl_system -- -j24 -l24
[1.243s] [  2%] [34m[1mGenerating C code for ROS interfaces[0m
[1.250s] [  4%] [34m[1mGenerating C++ code for ROS interfaces[0m
[1.254s] [  4%] Built target ament_cmake_python_copy_whl_system
[1.401s] running egg_info
[1.402s] creating whl_system.egg-info
[1.402s] writing whl_system.egg-info/PKG-INFO
[1.402s] writing dependency_links to whl_system.egg-info/dependency_links.txt
[1.402s] writing top-level names to whl_system.egg-info/top_level.txt
[1.402s] writing manifest file 'whl_system.egg-info/SOURCES.txt'
[1.403s] reading manifest file 'whl_system.egg-info/SOURCES.txt'
[1.403s] writing manifest file 'whl_system.egg-info/SOURCES.txt'
[1.420s] [  4%] Built target ament_cmake_python_build_whl_system_egg
[1.507s] [  4%] Built target whl_system__cpp
[1.507s] [  6%] [32mBuilding C object CMakeFiles/whl_system__rosidl_generator_c.dir/rosidl_generator_c/whl_system/msg/detail/arm_info__functions.c.o[0m
[1.507s] [  8%] [32mBuilding C object CMakeFiles/whl_system__rosidl_generator_c.dir/rosidl_generator_c/whl_system/srv/detail/inout_struct__functions.c.o[0m
[1.508s] [ 10%] [32mBuilding C object CMakeFiles/whl_system__rosidl_generator_c.dir/rosidl_generator_c/whl_system/msg/detail/agv_info__functions.c.o[0m
[1.514s] [ 12%] [34m[1mGenerating C++ type support dispatch for ROS interfaces[0m
[1.514s] [ 14%] [34m[1mGenerating C++ type support for eProsima Fast-RTPS[0m
[1.514s] [ 16%] [34m[1mGenerating C++ introspection for ROS interfaces[0m
[1.554s] [ 18%] [32m[1mLinking C shared library libwhl_system__rosidl_generator_c.so[0m
[1.580s] [ 18%] Built target whl_system__rosidl_generator_c
[1.587s] [ 22%] [34m[1mGenerating C introspection for ROS interfaces[0m
[1.587s] [ 22%] [34m[1mGenerating C type support for eProsima Fast-RTPS[0m
[1.588s] [ 24%] [34m[1mGenerating C type support dispatch for ROS interfaces[0m
[1.728s] [ 26%] [32mBuilding CXX object CMakeFiles/whl_system__rosidl_typesupport_cpp.dir/rosidl_typesupport_cpp/whl_system/msg/agv_info__type_support.cpp.o[0m
[1.729s] [ 30%] [32mBuilding CXX object CMakeFiles/whl_system__rosidl_typesupport_cpp.dir/rosidl_typesupport_cpp/whl_system/msg/arm_info__type_support.cpp.o[0m
[1.729s] [ 30%] [32mBuilding CXX object CMakeFiles/whl_system__rosidl_typesupport_cpp.dir/rosidl_typesupport_cpp/whl_system/srv/inout_struct__type_support.cpp.o[0m
[1.751s] [ 32%] [32mBuilding CXX object CMakeFiles/whl_system__rosidl_typesupport_introspection_cpp.dir/rosidl_typesupport_introspection_cpp/whl_system/msg/detail/agv_info__type_support.cpp.o[0m
[1.752s] [ 34%] [32mBuilding CXX object CMakeFiles/whl_system__rosidl_typesupport_introspection_cpp.dir/rosidl_typesupport_introspection_cpp/whl_system/srv/detail/inout_struct__type_support.cpp.o[0m
[1.752s] [ 36%] [32mBuilding CXX object CMakeFiles/whl_system__rosidl_typesupport_introspection_cpp.dir/rosidl_typesupport_introspection_cpp/whl_system/msg/detail/arm_info__type_support.cpp.o[0m
[1.764s] [ 38%] [32mBuilding CXX object CMakeFiles/whl_system__rosidl_typesupport_fastrtps_cpp.dir/rosidl_typesupport_fastrtps_cpp/whl_system/msg/detail/dds_fastrtps/arm_info__type_support.cpp.o[0m
[1.766s] [ 42%] [32mBuilding CXX object CMakeFiles/whl_system__rosidl_typesupport_fastrtps_cpp.dir/rosidl_typesupport_fastrtps_cpp/whl_system/msg/detail/dds_fastrtps/agv_info__type_support.cpp.o[0m
[1.766s] [ 42%] [32mBuilding CXX object CMakeFiles/whl_system__rosidl_typesupport_fastrtps_cpp.dir/rosidl_typesupport_fastrtps_cpp/whl_system/srv/detail/dds_fastrtps/inout_struct__type_support.cpp.o[0m
[1.829s] [ 44%] [32mBuilding CXX object CMakeFiles/whl_system__rosidl_typesupport_c.dir/rosidl_typesupport_c/whl_system/msg/agv_info__type_support.cpp.o[0m
[1.830s] [ 46%] [32mBuilding CXX object CMakeFiles/whl_system__rosidl_typesupport_c.dir/rosidl_typesupport_c/whl_system/srv/inout_struct__type_support.cpp.o[0m
[1.830s] [ 48%] [32mBuilding CXX object CMakeFiles/whl_system__rosidl_typesupport_c.dir/rosidl_typesupport_c/whl_system/msg/arm_info__type_support.cpp.o[0m
[1.842s] [ 51%] [32mBuilding C object CMakeFiles/whl_system__rosidl_typesupport_introspection_c.dir/rosidl_typesupport_introspection_c/whl_system/srv/detail/inout_struct__type_support.c.o[0m
[1.842s] [ 53%] [32mBuilding C object CMakeFiles/whl_system__rosidl_typesupport_introspection_c.dir/rosidl_typesupport_introspection_c/whl_system/msg/detail/arm_info__type_support.c.o[0m
[1.842s] [ 55%] [32mBuilding C object CMakeFiles/whl_system__rosidl_typesupport_introspection_c.dir/rosidl_typesupport_introspection_c/whl_system/msg/detail/agv_info__type_support.c.o[0m
[1.860s] [ 57%] [32m[1mLinking CXX shared library libwhl_system__rosidl_typesupport_c.so[0m
[1.860s] [ 59%] [32mBuilding CXX object CMakeFiles/whl_system__rosidl_typesupport_fastrtps_c.dir/rosidl_typesupport_fastrtps_c/whl_system/srv/detail/inout_struct__type_support_c.cpp.o[0m
[1.861s] [ 61%] [32mBuilding CXX object CMakeFiles/whl_system__rosidl_typesupport_fastrtps_c.dir/rosidl_typesupport_fastrtps_c/whl_system/msg/detail/arm_info__type_support_c.cpp.o[0m
[1.861s] [ 63%] [32mBuilding CXX object CMakeFiles/whl_system__rosidl_typesupport_fastrtps_c.dir/rosidl_typesupport_fastrtps_c/whl_system/msg/detail/agv_info__type_support_c.cpp.o[0m
[1.881s] [ 65%] [32m[1mLinking C shared library libwhl_system__rosidl_typesupport_introspection_c.so[0m
[1.891s] [ 65%] Built target whl_system__rosidl_typesupport_c
[1.909s] [ 65%] Built target whl_system__rosidl_typesupport_introspection_c
[2.030s] [ 67%] [32m[1mLinking CXX shared library libwhl_system__rosidl_typesupport_cpp.so[0m
[2.049s] [ 69%] [32m[1mLinking CXX shared library libwhl_system__rosidl_typesupport_fastrtps_cpp.so[0m
[2.059s] [ 69%] Built target whl_system__rosidl_typesupport_cpp
[2.074s] [ 71%] [32mBuilding CXX object CMakeFiles/wheelloong_system_node.dir/src/main.cpp.o[0m
[2.099s] [ 71%] Built target whl_system__rosidl_typesupport_fastrtps_cpp
[2.100s] [ 73%] [32m[1mLinking CXX shared library libwhl_system__rosidl_typesupport_fastrtps_c.so[0m
[2.126s] [ 75%] [32m[1mLinking CXX shared library libwhl_system__rosidl_typesupport_introspection_cpp.so[0m
[2.150s] [ 75%] Built target whl_system__rosidl_typesupport_fastrtps_c
[2.175s] [ 75%] Built target whl_system__rosidl_typesupport_introspection_cpp
[2.188s] [ 75%] Built target whl_system
[2.201s] [ 77%] [34m[1mGenerating Python code for ROS interfaces[0m
[2.589s] [ 77%] Built target whl_system__py
[2.603s] [ 79%] [32mBuilding C object CMakeFiles/whl_system__rosidl_generator_py.dir/rosidl_generator_py/whl_system/msg/_arm_info_s.c.o[0m
[2.603s] [ 81%] [32mBuilding C object CMakeFiles/whl_system__rosidl_generator_py.dir/rosidl_generator_py/whl_system/srv/_inout_struct_s.c.o[0m
[2.603s] [ 83%] [32mBuilding C object CMakeFiles/whl_system__rosidl_generator_py.dir/rosidl_generator_py/whl_system/msg/_agv_info_s.c.o[0m
[2.678s] [ 85%] [32m[1mLinking C shared library rosidl_generator_py/whl_system/libwhl_system__rosidl_generator_py.so[0m
[2.705s] [ 85%] Built target whl_system__rosidl_generator_py
[2.721s] [ 91%] [32mBuilding C object CMakeFiles/whl_system__rosidl_typesupport_c__pyext.dir/rosidl_generator_py/whl_system/_whl_system_s.ep.rosidl_typesupport_c.c.o[0m
[2.721s] [ 91%] [32mBuilding C object CMakeFiles/whl_system__rosidl_typesupport_introspection_c__pyext.dir/rosidl_generator_py/whl_system/_whl_system_s.ep.rosidl_typesupport_introspection_c.c.o[0m
[2.721s] [ 91%] [32mBuilding C object CMakeFiles/whl_system__rosidl_typesupport_fastrtps_c__pyext.dir/rosidl_generator_py/whl_system/_whl_system_s.ep.rosidl_typesupport_fastrtps_c.c.o[0m
[2.781s] [ 93%] [32m[1mLinking C shared library rosidl_generator_py/whl_system/whl_system_s__rosidl_typesupport_c.cpython-310-x86_64-linux-gnu.so[0m
[2.782s] [ 95%] [32m[1mLinking C shared library rosidl_generator_py/whl_system/whl_system_s__rosidl_typesupport_introspection_c.cpython-310-x86_64-linux-gnu.so[0m
[2.787s] [ 97%] [32m[1mLinking C shared library rosidl_generator_py/whl_system/whl_system_s__rosidl_typesupport_fastrtps_c.cpython-310-x86_64-linux-gnu.so[0m
[2.804s] [ 97%] Built target whl_system__rosidl_typesupport_c__pyext
[2.804s] [ 97%] Built target whl_system__rosidl_typesupport_introspection_c__pyext
[2.809s] [ 97%] Built target whl_system__rosidl_typesupport_fastrtps_c__pyext
[3.641s] [100%] [32m[1mLinking CXX executable wheelloong_system_node[0m
[3.689s] /usr/bin/ld: CMakeFiles/wheelloong_system_node.dir/src/main.cpp.o: in function `main':
[3.689s] main.cpp:(.text+0x67): undefined reference to `WheelloongSystem::run()'
[3.690s] /usr/bin/ld: CMakeFiles/wheelloong_system_node.dir/src/main.cpp.o: in function `void __gnu_cxx::new_allocator<WheelloongSystem>::construct<WheelloongSystem>(WheelloongSystem*)':
[3.690s] main.cpp:(.text._ZN9__gnu_cxx13new_allocatorI16WheelloongSystemE9constructIS1_JEEEvPT_DpOT0_[_ZN9__gnu_cxx13new_allocatorI16WheelloongSystemE9constructIS1_JEEEvPT_DpOT0_]+0x31): undefined reference to `WheelloongSystem::WheelloongSystem()'
[3.690s] /usr/bin/ld: CMakeFiles/wheelloong_system_node.dir/src/main.cpp.o: in function `WheelloongSystem::~WheelloongSystem()':
[3.690s] main.cpp:(.text._ZN16WheelloongSystemD2Ev[_ZN16WheelloongSystemD5Ev]+0x28): undefined reference to `FsmClass::~FsmClass()'
[3.692s] collect2: error: ld returned 1 exit status
[3.693s] gmake[2]: *** [CMakeFiles/wheelloong_system_node.dir/build.make:159：wheelloong_system_node] 错误 1
[3.694s] gmake[1]: *** [CMakeFiles/Makefile2:593：CMakeFiles/wheelloong_system_node.dir/all] 错误 2
[3.694s] gmake: *** [Makefile:146：all] 错误 2
[3.695s] Invoked command in '/home/user/qiaoyin/build/whl_system' returned '2': CMAKE_PREFIX_PATH=/opt/ros/humble /usr/bin/cmake --build /home/user/qiaoyin/build/whl_system -- -j24 -l24
