-- Found ament_cmake: 1.3.11 (/opt/ros/humble/share/ament_cmake/cmake)
-- Found rclcpp: 16.0.12 (/opt/ros/humble/share/rclcpp/cmake)
-- Found rosidl_generator_c: 3.1.6 (/opt/ros/humble/share/rosidl_generator_c/cmake)
-- Found rosidl_adapter: 3.1.6 (/opt/ros/humble/share/rosidl_adapter/cmake)
-- Found rosidl_generator_cpp: 3.1.6 (/opt/ros/humble/share/rosidl_generator_cpp/cmake)
-- Using all available rosidl_typesupport_c: rosidl_typesupport_fastrtps_c;rosidl_typesupport_introspection_c
-- Using all available rosidl_typesupport_cpp: rosidl_typesupport_fastrtps_cpp;rosidl_typesupport_introspection_cpp
-- Found rmw_implementation_cmake: 6.1.2 (/opt/ros/humble/share/rmw_implementation_cmake/cmake)
-- Found rmw_fastrtps_cpp: 6.2.7 (/opt/ros/humble/share/rmw_fastrtps_cpp/cmake)
-- Using RMW implementation 'rmw_fastrtps_cpp' as default
-- Found rosidl_default_generators: 1.2.0 (/opt/ros/humble/share/rosidl_default_generators/cmake)
-- Found ament_cmake_ros: 0.10.0 (/opt/ros/humble/share/ament_cmake_ros/cmake)
-- Using all available rosidl_typesupport_c: rosidl_typesupport_fastrtps_c;rosidl_typesupport_introspection_c
-- Using all available rosidl_typesupport_cpp: rosidl_typesupport_fastrtps_cpp;rosidl_typesupport_introspection_cpp
-- Found python_cmake_module: 0.10.0 (/opt/ros/humble/share/python_cmake_module/cmake)
-- Using PYTHON_EXECUTABLE: /usr/bin/python3
-- Using PYTHON_INCLUDE_DIRS: /usr/include/python3.10
-- Using PYTHON_LIBRARIES: /usr/lib/x86_64-linux-gnu/libpython3.10.so
-- Found source files: /home/user/qiaoyin/src/whl_system/src/fsm.cpp;/home/user/qiaoyin/src/whl_system/src/main.cpp;/home/user/qiaoyin/src/whl_system/src/plan.cpp;/home/user/qiaoyin/src/whl_system/src/wheelloong_system.cpp
-- Found ament_lint_auto: 0.12.12 (/opt/ros/humble/share/ament_lint_auto/cmake)
-- Added test 'cppcheck' to perform static code analysis on C / C++ code
-- Configured cppcheck include dirs: 
-- Configured cppcheck exclude dirs and/or files: 
-- Added test 'lint_cmake' to check CMake code style
-- Added test 'uncrustify' to check C / C++ code style
-- Configured uncrustify additional arguments: 
-- Added test 'xmllint' to check XML markup files
-- Configuring done
-- Generating done
-- Build files have been written to: /home/user/qiaoyin/build/whl_system
[35m[1mConsolidate compiler generated dependencies of target whl_system__rosidl_generator_c[0m
[  1%] Built target whl_system__cpp
[ 11%] Built target whl_system__rosidl_generator_c
[ 11%] Built target ament_cmake_python_copy_whl_system
[35m[1mConsolidate compiler generated dependencies of target whl_system__rosidl_typesupport_c[0m
[35m[1mConsolidate compiler generated dependencies of target whl_system__rosidl_typesupport_introspection_c[0m
[35m[1mConsolidate compiler generated dependencies of target whl_system__rosidl_typesupport_fastrtps_c[0m
[35m[1mConsolidate compiler generated dependencies of target whl_system__rosidl_typesupport_cpp[0m
[35m[1mConsolidate compiler generated dependencies of target whl_system__rosidl_typesupport_fastrtps_cpp[0m
[35m[1mConsolidate compiler generated dependencies of target whl_system__rosidl_typesupport_introspection_cpp[0m
[ 21%] Built target whl_system__rosidl_typesupport_c
[ 30%] Built target whl_system__rosidl_typesupport_cpp
[ 40%] Built target whl_system__rosidl_typesupport_introspection_c
[ 50%] Built target whl_system__rosidl_typesupport_fastrtps_c
[ 59%] Built target whl_system__rosidl_typesupport_introspection_cpp
[ 69%] Built target whl_system__rosidl_typesupport_fastrtps_cpp
[35m[1mConsolidate compiler generated dependencies of target wheelloong_system_node[0m
[ 69%] Built target whl_system
[ 71%] [32mBuilding CXX object CMakeFiles/wheelloong_system_node.dir/src/wheelloong_system.cpp.o[0m
[ 73%] Built target whl_system__py
[35m[1mConsolidate compiler generated dependencies of target whl_system__rosidl_generator_py[0m
[ 80%] Built target whl_system__rosidl_generator_py
[35m[1mConsolidate compiler generated dependencies of target whl_system__rosidl_typesupport_fastrtps_c__pyext[0m
[35m[1mConsolidate compiler generated dependencies of target whl_system__rosidl_typesupport_introspection_c__pyext[0m
[35m[1mConsolidate compiler generated dependencies of target whl_system__rosidl_typesupport_c__pyext[0m
[ 84%] Built target whl_system__rosidl_typesupport_fastrtps_c__pyext
[ 88%] Built target whl_system__rosidl_typesupport_c__pyext
[ 92%] Built target whl_system__rosidl_typesupport_introspection_c__pyext
running egg_info
writing whl_system.egg-info/PKG-INFO
writing dependency_links to whl_system.egg-info/dependency_links.txt
writing top-level names to whl_system.egg-info/top_level.txt
reading manifest file 'whl_system.egg-info/SOURCES.txt'
writing manifest file 'whl_system.egg-info/SOURCES.txt'
[ 92%] Built target ament_cmake_python_build_whl_system_egg
[ 94%] [32m[1mLinking CXX executable wheelloong_system_node[0m
[100%] Built target wheelloong_system_node
-- Install configuration: ""
-- Up-to-date: /home/user/qiaoyin/install/whl_system/share/ament_index/resource_index/rosidl_interfaces/whl_system
-- Up-to-date: /home/user/qiaoyin/install/whl_system/include/whl_system/whl_system
-- Up-to-date: /home/user/qiaoyin/install/whl_system/include/whl_system/whl_system/srv
-- Up-to-date: /home/user/qiaoyin/install/whl_system/include/whl_system/whl_system/srv/inout_struct.h
-- Up-to-date: /home/user/qiaoyin/install/whl_system/include/whl_system/whl_system/srv/detail
-- Up-to-date: /home/user/qiaoyin/install/whl_system/include/whl_system/whl_system/srv/detail/inout_struct__functions.c
-- Up-to-date: /home/user/qiaoyin/install/whl_system/include/whl_system/whl_system/srv/detail/inout_struct__functions.h
-- Up-to-date: /home/user/qiaoyin/install/whl_system/include/whl_system/whl_system/srv/detail/inout_struct__struct.h
-- Up-to-date: /home/user/qiaoyin/install/whl_system/include/whl_system/whl_system/srv/detail/inout_struct__type_support.h
-- Up-to-date: /home/user/qiaoyin/install/whl_system/include/whl_system/whl_system/msg
-- Up-to-date: /home/user/qiaoyin/install/whl_system/include/whl_system/whl_system/msg/detail
-- Up-to-date: /home/user/qiaoyin/install/whl_system/include/whl_system/whl_system/msg/detail/arm_info__struct.h
-- Up-to-date: /home/user/qiaoyin/install/whl_system/include/whl_system/whl_system/msg/detail/agv_info__functions.c
-- Up-to-date: /home/user/qiaoyin/install/whl_system/include/whl_system/whl_system/msg/detail/agv_info__type_support.h
-- Up-to-date: /home/user/qiaoyin/install/whl_system/include/whl_system/whl_system/msg/detail/arm_info__functions.c
-- Up-to-date: /home/user/qiaoyin/install/whl_system/include/whl_system/whl_system/msg/detail/arm_info__type_support.h
-- Up-to-date: /home/user/qiaoyin/install/whl_system/include/whl_system/whl_system/msg/detail/agv_info__functions.h
-- Up-to-date: /home/user/qiaoyin/install/whl_system/include/whl_system/whl_system/msg/detail/agv_info__struct.h
-- Up-to-date: /home/user/qiaoyin/install/whl_system/include/whl_system/whl_system/msg/detail/arm_info__functions.h
-- Up-to-date: /home/user/qiaoyin/install/whl_system/include/whl_system/whl_system/msg/rosidl_generator_c__visibility_control.h
-- Up-to-date: /home/user/qiaoyin/install/whl_system/include/whl_system/whl_system/msg/agv_info.h
-- Up-to-date: /home/user/qiaoyin/install/whl_system/include/whl_system/whl_system/msg/arm_info.h
-- Up-to-date: /home/user/qiaoyin/install/whl_system/share/whl_system/environment/library_path.sh
-- Installing: /home/user/qiaoyin/install/whl_system/share/whl_system/environment/library_path.dsv
-- Up-to-date: /home/user/qiaoyin/install/whl_system/lib/libwhl_system__rosidl_generator_c.so
-- Up-to-date: /home/user/qiaoyin/install/whl_system/include/whl_system/whl_system
-- Up-to-date: /home/user/qiaoyin/install/whl_system/include/whl_system/whl_system/srv
-- Up-to-date: /home/user/qiaoyin/install/whl_system/include/whl_system/whl_system/srv/detail
-- Up-to-date: /home/user/qiaoyin/install/whl_system/include/whl_system/whl_system/srv/detail/inout_struct__rosidl_typesupport_fastrtps_c.h
-- Up-to-date: /home/user/qiaoyin/install/whl_system/include/whl_system/whl_system/msg
-- Up-to-date: /home/user/qiaoyin/install/whl_system/include/whl_system/whl_system/msg/detail
-- Up-to-date: /home/user/qiaoyin/install/whl_system/include/whl_system/whl_system/msg/detail/arm_info__rosidl_typesupport_fastrtps_c.h
-- Up-to-date: /home/user/qiaoyin/install/whl_system/include/whl_system/whl_system/msg/detail/agv_info__rosidl_typesupport_fastrtps_c.h
-- Up-to-date: /home/user/qiaoyin/install/whl_system/include/whl_system/whl_system/msg/rosidl_typesupport_fastrtps_c__visibility_control.h
-- Up-to-date: /home/user/qiaoyin/install/whl_system/lib/libwhl_system__rosidl_typesupport_fastrtps_c.so
-- Up-to-date: /home/user/qiaoyin/install/whl_system/include/whl_system/whl_system
-- Up-to-date: /home/user/qiaoyin/install/whl_system/include/whl_system/whl_system/srv
-- Up-to-date: /home/user/qiaoyin/install/whl_system/include/whl_system/whl_system/srv/detail
-- Up-to-date: /home/user/qiaoyin/install/whl_system/include/whl_system/whl_system/srv/detail/inout_struct__traits.hpp
-- Up-to-date: /home/user/qiaoyin/install/whl_system/include/whl_system/whl_system/srv/detail/inout_struct__builder.hpp
-- Up-to-date: /home/user/qiaoyin/install/whl_system/include/whl_system/whl_system/srv/detail/inout_struct__type_support.hpp
-- Up-to-date: /home/user/qiaoyin/install/whl_system/include/whl_system/whl_system/srv/detail/inout_struct__struct.hpp
-- Up-to-date: /home/user/qiaoyin/install/whl_system/include/whl_system/whl_system/srv/inout_struct.hpp
-- Up-to-date: /home/user/qiaoyin/install/whl_system/include/whl_system/whl_system/msg
-- Up-to-date: /home/user/qiaoyin/install/whl_system/include/whl_system/whl_system/msg/agv_info.hpp
-- Up-to-date: /home/user/qiaoyin/install/whl_system/include/whl_system/whl_system/msg/rosidl_generator_cpp__visibility_control.hpp
-- Up-to-date: /home/user/qiaoyin/install/whl_system/include/whl_system/whl_system/msg/detail
-- Up-to-date: /home/user/qiaoyin/install/whl_system/include/whl_system/whl_system/msg/detail/agv_info__struct.hpp
-- Up-to-date: /home/user/qiaoyin/install/whl_system/include/whl_system/whl_system/msg/detail/arm_info__builder.hpp
-- Up-to-date: /home/user/qiaoyin/install/whl_system/include/whl_system/whl_system/msg/detail/arm_info__struct.hpp
-- Up-to-date: /home/user/qiaoyin/install/whl_system/include/whl_system/whl_system/msg/detail/agv_info__builder.hpp
-- Up-to-date: /home/user/qiaoyin/install/whl_system/include/whl_system/whl_system/msg/detail/arm_info__type_support.hpp
-- Up-to-date: /home/user/qiaoyin/install/whl_system/include/whl_system/whl_system/msg/detail/agv_info__traits.hpp
-- Up-to-date: /home/user/qiaoyin/install/whl_system/include/whl_system/whl_system/msg/detail/agv_info__type_support.hpp
-- Up-to-date: /home/user/qiaoyin/install/whl_system/include/whl_system/whl_system/msg/detail/arm_info__traits.hpp
-- Up-to-date: /home/user/qiaoyin/install/whl_system/include/whl_system/whl_system/msg/arm_info.hpp
-- Up-to-date: /home/user/qiaoyin/install/whl_system/include/whl_system/whl_system
-- Up-to-date: /home/user/qiaoyin/install/whl_system/include/whl_system/whl_system/srv
-- Up-to-date: /home/user/qiaoyin/install/whl_system/include/whl_system/whl_system/srv/detail
-- Up-to-date: /home/user/qiaoyin/install/whl_system/include/whl_system/whl_system/srv/detail/inout_struct__rosidl_typesupport_fastrtps_cpp.hpp
-- Up-to-date: /home/user/qiaoyin/install/whl_system/include/whl_system/whl_system/srv/detail/dds_fastrtps
-- Up-to-date: /home/user/qiaoyin/install/whl_system/include/whl_system/whl_system/msg
-- Up-to-date: /home/user/qiaoyin/install/whl_system/include/whl_system/whl_system/msg/rosidl_typesupport_fastrtps_cpp__visibility_control.h
-- Up-to-date: /home/user/qiaoyin/install/whl_system/include/whl_system/whl_system/msg/detail
-- Up-to-date: /home/user/qiaoyin/install/whl_system/include/whl_system/whl_system/msg/detail/arm_info__rosidl_typesupport_fastrtps_cpp.hpp
-- Up-to-date: /home/user/qiaoyin/install/whl_system/include/whl_system/whl_system/msg/detail/agv_info__rosidl_typesupport_fastrtps_cpp.hpp
-- Up-to-date: /home/user/qiaoyin/install/whl_system/include/whl_system/whl_system/msg/detail/dds_fastrtps
-- Up-to-date: /home/user/qiaoyin/install/whl_system/lib/libwhl_system__rosidl_typesupport_fastrtps_cpp.so
-- Up-to-date: /home/user/qiaoyin/install/whl_system/include/whl_system/whl_system
-- Up-to-date: /home/user/qiaoyin/install/whl_system/include/whl_system/whl_system/srv
-- Up-to-date: /home/user/qiaoyin/install/whl_system/include/whl_system/whl_system/srv/detail
-- Up-to-date: /home/user/qiaoyin/install/whl_system/include/whl_system/whl_system/srv/detail/inout_struct__rosidl_typesupport_introspection_c.h
-- Up-to-date: /home/user/qiaoyin/install/whl_system/include/whl_system/whl_system/srv/detail/inout_struct__type_support.c
-- Up-to-date: /home/user/qiaoyin/install/whl_system/include/whl_system/whl_system/msg
-- Up-to-date: /home/user/qiaoyin/install/whl_system/include/whl_system/whl_system/msg/detail
-- Up-to-date: /home/user/qiaoyin/install/whl_system/include/whl_system/whl_system/msg/detail/arm_info__rosidl_typesupport_introspection_c.h
-- Up-to-date: /home/user/qiaoyin/install/whl_system/include/whl_system/whl_system/msg/detail/agv_info__rosidl_typesupport_introspection_c.h
-- Up-to-date: /home/user/qiaoyin/install/whl_system/include/whl_system/whl_system/msg/detail/arm_info__type_support.c
-- Up-to-date: /home/user/qiaoyin/install/whl_system/include/whl_system/whl_system/msg/detail/agv_info__type_support.c
-- Up-to-date: /home/user/qiaoyin/install/whl_system/include/whl_system/whl_system/msg/rosidl_typesupport_introspection_c__visibility_control.h
-- Up-to-date: /home/user/qiaoyin/install/whl_system/lib/libwhl_system__rosidl_typesupport_introspection_c.so
-- Up-to-date: /home/user/qiaoyin/install/whl_system/lib/libwhl_system__rosidl_typesupport_c.so
-- Up-to-date: /home/user/qiaoyin/install/whl_system/include/whl_system/whl_system
-- Up-to-date: /home/user/qiaoyin/install/whl_system/include/whl_system/whl_system/srv
-- Up-to-date: /home/user/qiaoyin/install/whl_system/include/whl_system/whl_system/srv/detail
-- Up-to-date: /home/user/qiaoyin/install/whl_system/include/whl_system/whl_system/srv/detail/inout_struct__type_support.cpp
-- Up-to-date: /home/user/qiaoyin/install/whl_system/include/whl_system/whl_system/srv/detail/inout_struct__rosidl_typesupport_introspection_cpp.hpp
-- Up-to-date: /home/user/qiaoyin/install/whl_system/include/whl_system/whl_system/msg
-- Up-to-date: /home/user/qiaoyin/install/whl_system/include/whl_system/whl_system/msg/detail
-- Up-to-date: /home/user/qiaoyin/install/whl_system/include/whl_system/whl_system/msg/detail/arm_info__rosidl_typesupport_introspection_cpp.hpp
-- Up-to-date: /home/user/qiaoyin/install/whl_system/include/whl_system/whl_system/msg/detail/agv_info__type_support.cpp
-- Up-to-date: /home/user/qiaoyin/install/whl_system/include/whl_system/whl_system/msg/detail/agv_info__rosidl_typesupport_introspection_cpp.hpp
-- Up-to-date: /home/user/qiaoyin/install/whl_system/include/whl_system/whl_system/msg/detail/arm_info__type_support.cpp
-- Up-to-date: /home/user/qiaoyin/install/whl_system/lib/libwhl_system__rosidl_typesupport_introspection_cpp.so
-- Up-to-date: /home/user/qiaoyin/install/whl_system/lib/libwhl_system__rosidl_typesupport_cpp.so
-- Up-to-date: /home/user/qiaoyin/install/whl_system/share/whl_system/environment/pythonpath.sh
-- Installing: /home/user/qiaoyin/install/whl_system/share/whl_system/environment/pythonpath.dsv
-- Up-to-date: /home/user/qiaoyin/install/whl_system/local/lib/python3.10/dist-packages/whl_system-0.0.0-py3.10.egg-info
-- Installing: /home/user/qiaoyin/install/whl_system/local/lib/python3.10/dist-packages/whl_system-0.0.0-py3.10.egg-info/PKG-INFO
-- Installing: /home/user/qiaoyin/install/whl_system/local/lib/python3.10/dist-packages/whl_system-0.0.0-py3.10.egg-info/top_level.txt
-- Installing: /home/user/qiaoyin/install/whl_system/local/lib/python3.10/dist-packages/whl_system-0.0.0-py3.10.egg-info/SOURCES.txt
-- Installing: /home/user/qiaoyin/install/whl_system/local/lib/python3.10/dist-packages/whl_system-0.0.0-py3.10.egg-info/dependency_links.txt
-- Up-to-date: /home/user/qiaoyin/install/whl_system/local/lib/python3.10/dist-packages/whl_system
-- Up-to-date: /home/user/qiaoyin/install/whl_system/local/lib/python3.10/dist-packages/whl_system/_whl_system_s.ep.rosidl_typesupport_c.c
-- Up-to-date: /home/user/qiaoyin/install/whl_system/local/lib/python3.10/dist-packages/whl_system/libwhl_system__rosidl_generator_py.so
-- Up-to-date: /home/user/qiaoyin/install/whl_system/local/lib/python3.10/dist-packages/whl_system/srv
-- Up-to-date: /home/user/qiaoyin/install/whl_system/local/lib/python3.10/dist-packages/whl_system/srv/_inout_struct_s.c
-- Up-to-date: /home/user/qiaoyin/install/whl_system/local/lib/python3.10/dist-packages/whl_system/srv/__init__.py
-- Up-to-date: /home/user/qiaoyin/install/whl_system/local/lib/python3.10/dist-packages/whl_system/srv/_inout_struct.py
-- Up-to-date: /home/user/qiaoyin/install/whl_system/local/lib/python3.10/dist-packages/whl_system/_whl_system_s.ep.rosidl_typesupport_fastrtps_c.c
-- Up-to-date: /home/user/qiaoyin/install/whl_system/local/lib/python3.10/dist-packages/whl_system/whl_system_s__rosidl_typesupport_c.cpython-310-x86_64-linux-gnu.so
-- Up-to-date: /home/user/qiaoyin/install/whl_system/local/lib/python3.10/dist-packages/whl_system/_whl_system_s.ep.rosidl_typesupport_introspection_c.c
-- Installing: /home/user/qiaoyin/install/whl_system/local/lib/python3.10/dist-packages/whl_system/__init__.py
-- Up-to-date: /home/user/qiaoyin/install/whl_system/local/lib/python3.10/dist-packages/whl_system/whl_system_s__rosidl_typesupport_fastrtps_c.cpython-310-x86_64-linux-gnu.so
-- Up-to-date: /home/user/qiaoyin/install/whl_system/local/lib/python3.10/dist-packages/whl_system/whl_system_s__rosidl_typesupport_introspection_c.cpython-310-x86_64-linux-gnu.so
-- Up-to-date: /home/user/qiaoyin/install/whl_system/local/lib/python3.10/dist-packages/whl_system/msg
-- Up-to-date: /home/user/qiaoyin/install/whl_system/local/lib/python3.10/dist-packages/whl_system/msg/_arm_info_s.c
-- Up-to-date: /home/user/qiaoyin/install/whl_system/local/lib/python3.10/dist-packages/whl_system/msg/_agv_info.py
-- Up-to-date: /home/user/qiaoyin/install/whl_system/local/lib/python3.10/dist-packages/whl_system/msg/__init__.py
-- Up-to-date: /home/user/qiaoyin/install/whl_system/local/lib/python3.10/dist-packages/whl_system/msg/_arm_info.py
-- Up-to-date: /home/user/qiaoyin/install/whl_system/local/lib/python3.10/dist-packages/whl_system/msg/_agv_info_s.c
Listing '/home/user/qiaoyin/install/whl_system/local/lib/python3.10/dist-packages/whl_system'...
Compiling '/home/user/qiaoyin/install/whl_system/local/lib/python3.10/dist-packages/whl_system/__init__.py'...
Listing '/home/user/qiaoyin/install/whl_system/local/lib/python3.10/dist-packages/whl_system/msg'...
Listing '/home/user/qiaoyin/install/whl_system/local/lib/python3.10/dist-packages/whl_system/srv'...
-- Up-to-date: /home/user/qiaoyin/install/whl_system/local/lib/python3.10/dist-packages/whl_system/whl_system_s__rosidl_typesupport_fastrtps_c.cpython-310-x86_64-linux-gnu.so
-- Up-to-date: /home/user/qiaoyin/install/whl_system/local/lib/python3.10/dist-packages/whl_system/whl_system_s__rosidl_typesupport_introspection_c.cpython-310-x86_64-linux-gnu.so
-- Up-to-date: /home/user/qiaoyin/install/whl_system/local/lib/python3.10/dist-packages/whl_system/whl_system_s__rosidl_typesupport_c.cpython-310-x86_64-linux-gnu.so
-- Up-to-date: /home/user/qiaoyin/install/whl_system/lib/libwhl_system__rosidl_generator_py.so
-- Up-to-date: /home/user/qiaoyin/install/whl_system/share/whl_system/srv/InoutStruct.idl
-- Up-to-date: /home/user/qiaoyin/install/whl_system/share/whl_system/msg/ArmInfo.idl
-- Up-to-date: /home/user/qiaoyin/install/whl_system/share/whl_system/msg/AgvInfo.idl
-- Up-to-date: /home/user/qiaoyin/install/whl_system/share/whl_system/srv/InoutStruct.srv
-- Up-to-date: /home/user/qiaoyin/install/whl_system/share/whl_system/srv/InoutStruct_Request.msg
-- Up-to-date: /home/user/qiaoyin/install/whl_system/share/whl_system/srv/InoutStruct_Response.msg
-- Up-to-date: /home/user/qiaoyin/install/whl_system/share/whl_system/msg/ArmInfo.msg
-- Up-to-date: /home/user/qiaoyin/install/whl_system/share/whl_system/msg/AgvInfo.msg
-- Installing: /home/user/qiaoyin/install/whl_system/lib/whl_system/wheelloong_system_node
-- Set runtime path of "/home/user/qiaoyin/install/whl_system/lib/whl_system/wheelloong_system_node" to ""
-- Up-to-date: /home/user/qiaoyin/install/whl_system/share/ament_index/resource_index/package_run_dependencies/whl_system
-- Up-to-date: /home/user/qiaoyin/install/whl_system/share/ament_index/resource_index/parent_prefix_path/whl_system
-- Up-to-date: /home/user/qiaoyin/install/whl_system/share/whl_system/environment/ament_prefix_path.sh
-- Installing: /home/user/qiaoyin/install/whl_system/share/whl_system/environment/ament_prefix_path.dsv
-- Up-to-date: /home/user/qiaoyin/install/whl_system/share/whl_system/environment/path.sh
-- Installing: /home/user/qiaoyin/install/whl_system/share/whl_system/environment/path.dsv
-- Up-to-date: /home/user/qiaoyin/install/whl_system/share/whl_system/local_setup.bash
-- Up-to-date: /home/user/qiaoyin/install/whl_system/share/whl_system/local_setup.sh
-- Up-to-date: /home/user/qiaoyin/install/whl_system/share/whl_system/local_setup.zsh
-- Installing: /home/user/qiaoyin/install/whl_system/share/whl_system/local_setup.dsv
-- Installing: /home/user/qiaoyin/install/whl_system/share/whl_system/package.dsv
-- Up-to-date: /home/user/qiaoyin/install/whl_system/share/ament_index/resource_index/packages/whl_system
-- Up-to-date: /home/user/qiaoyin/install/whl_system/share/whl_system/cmake/export_whl_system__rosidl_generator_cExport.cmake
-- Up-to-date: /home/user/qiaoyin/install/whl_system/share/whl_system/cmake/export_whl_system__rosidl_generator_cExport-noconfig.cmake
-- Up-to-date: /home/user/qiaoyin/install/whl_system/share/whl_system/cmake/export_whl_system__rosidl_typesupport_fastrtps_cExport.cmake
-- Up-to-date: /home/user/qiaoyin/install/whl_system/share/whl_system/cmake/export_whl_system__rosidl_typesupport_fastrtps_cExport-noconfig.cmake
-- Up-to-date: /home/user/qiaoyin/install/whl_system/share/whl_system/cmake/export_whl_system__rosidl_generator_cppExport.cmake
-- Up-to-date: /home/user/qiaoyin/install/whl_system/share/whl_system/cmake/export_whl_system__rosidl_typesupport_fastrtps_cppExport.cmake
-- Up-to-date: /home/user/qiaoyin/install/whl_system/share/whl_system/cmake/export_whl_system__rosidl_typesupport_fastrtps_cppExport-noconfig.cmake
-- Up-to-date: /home/user/qiaoyin/install/whl_system/share/whl_system/cmake/whl_system__rosidl_typesupport_introspection_cExport.cmake
-- Up-to-date: /home/user/qiaoyin/install/whl_system/share/whl_system/cmake/whl_system__rosidl_typesupport_introspection_cExport-noconfig.cmake
-- Up-to-date: /home/user/qiaoyin/install/whl_system/share/whl_system/cmake/whl_system__rosidl_typesupport_cExport.cmake
-- Up-to-date: /home/user/qiaoyin/install/whl_system/share/whl_system/cmake/whl_system__rosidl_typesupport_cExport-noconfig.cmake
-- Up-to-date: /home/user/qiaoyin/install/whl_system/share/whl_system/cmake/whl_system__rosidl_typesupport_introspection_cppExport.cmake
-- Up-to-date: /home/user/qiaoyin/install/whl_system/share/whl_system/cmake/whl_system__rosidl_typesupport_introspection_cppExport-noconfig.cmake
-- Up-to-date: /home/user/qiaoyin/install/whl_system/share/whl_system/cmake/whl_system__rosidl_typesupport_cppExport.cmake
-- Up-to-date: /home/user/qiaoyin/install/whl_system/share/whl_system/cmake/whl_system__rosidl_typesupport_cppExport-noconfig.cmake
-- Up-to-date: /home/user/qiaoyin/install/whl_system/share/whl_system/cmake/export_whl_system__rosidl_generator_pyExport.cmake
-- Up-to-date: /home/user/qiaoyin/install/whl_system/share/whl_system/cmake/export_whl_system__rosidl_generator_pyExport-noconfig.cmake
-- Up-to-date: /home/user/qiaoyin/install/whl_system/share/whl_system/cmake/rosidl_cmake-extras.cmake
-- Up-to-date: /home/user/qiaoyin/install/whl_system/share/whl_system/cmake/ament_cmake_export_include_directories-extras.cmake
-- Up-to-date: /home/user/qiaoyin/install/whl_system/share/whl_system/cmake/ament_cmake_export_libraries-extras.cmake
-- Up-to-date: /home/user/qiaoyin/install/whl_system/share/whl_system/cmake/ament_cmake_export_targets-extras.cmake
-- Up-to-date: /home/user/qiaoyin/install/whl_system/share/whl_system/cmake/rosidl_cmake_export_typesupport_targets-extras.cmake
-- Up-to-date: /home/user/qiaoyin/install/whl_system/share/whl_system/cmake/ament_cmake_export_dependencies-extras.cmake
-- Up-to-date: /home/user/qiaoyin/install/whl_system/share/whl_system/cmake/rosidl_cmake_export_typesupport_libraries-extras.cmake
-- Up-to-date: /home/user/qiaoyin/install/whl_system/share/whl_system/cmake/whl_systemConfig.cmake
-- Up-to-date: /home/user/qiaoyin/install/whl_system/share/whl_system/cmake/whl_systemConfig-version.cmake
-- Up-to-date: /home/user/qiaoyin/install/whl_system/share/whl_system/package.xml
