[0.010s] Invoking command in '/home/user/qiaoyin/build/whl_system': CMAKE_PREFIX_PATH=/opt/ros/humble /usr/bin/cmake --build /home/user/qiaoyin/build/whl_system -- -j24 -l24
[0.029s] -- Found ament_cmake: 1.3.11 (/opt/ros/humble/share/ament_cmake/cmake)
[0.114s] -- Found rclcpp: 16.0.12 (/opt/ros/humble/share/rclcpp/cmake)
[0.133s] -- Found rosidl_generator_c: 3.1.6 (/opt/ros/humble/share/rosidl_generator_c/cmake)
[0.134s] -- Found rosidl_adapter: 3.1.6 (/opt/ros/humble/share/rosidl_adapter/cmake)
[0.138s] -- Found rosidl_generator_cpp: 3.1.6 (/opt/ros/humble/share/rosidl_generator_cpp/cmake)
[0.144s] -- Using all available rosidl_typesupport_c: rosidl_typesupport_fastrtps_c;rosidl_typesupport_introspection_c
[0.152s] -- Using all available rosidl_typesupport_cpp: rosidl_typesupport_fastrtps_cpp;rosidl_typesupport_introspection_cpp
[0.173s] -- Found rmw_implementation_cmake: 6.1.2 (/opt/ros/humble/share/rmw_implementation_cmake/cmake)
[0.173s] -- Found rmw_fastrtps_cpp: 6.2.7 (/opt/ros/humble/share/rmw_fastrtps_cpp/cmake)
[0.237s] -- Using RMW implementation 'rmw_fastrtps_cpp' as default
[0.267s] -- Found rosidl_default_generators: 1.2.0 (/opt/ros/humble/share/rosidl_default_generators/cmake)
[0.435s] -- Found ament_cmake_ros: 0.10.0 (/opt/ros/humble/share/ament_cmake_ros/cmake)
[0.650s] -- Using all available rosidl_typesupport_c: rosidl_typesupport_fastrtps_c;rosidl_typesupport_introspection_c
[0.733s] -- Using all available rosidl_typesupport_cpp: rosidl_typesupport_fastrtps_cpp;rosidl_typesupport_introspection_cpp
[0.751s] -- Found python_cmake_module: 0.10.0 (/opt/ros/humble/share/python_cmake_module/cmake)
[0.765s] -- Using PYTHON_EXECUTABLE: /usr/bin/python3
[0.765s] -- Using PYTHON_INCLUDE_DIRS: /usr/include/python3.10
[0.766s] -- Using PYTHON_LIBRARIES: /usr/lib/x86_64-linux-gnu/libpython3.10.so
[0.772s] -- Found source files: /home/user/qiaoyin/src/whl_system/src/fsm.cpp;/home/user/qiaoyin/src/whl_system/src/main.cpp;/home/user/qiaoyin/src/whl_system/src/plan.cpp;/home/user/qiaoyin/src/whl_system/src/wheelloong_system.cpp
[0.773s] -- Found ament_lint_auto: 0.12.12 (/opt/ros/humble/share/ament_lint_auto/cmake)
[0.778s] -- Added test 'cppcheck' to perform static code analysis on C / C++ code
[0.778s] -- Configured cppcheck include dirs: 
[0.778s] -- Configured cppcheck exclude dirs and/or files: 
[0.779s] -- Added test 'lint_cmake' to check CMake code style
[0.779s] -- Added test 'uncrustify' to check C / C++ code style
[0.779s] -- Configured uncrustify additional arguments: 
[0.779s] -- Added test 'xmllint' to check XML markup files
[0.780s] -- Configuring done
[0.800s] -- Generating done
[0.807s] -- Build files have been written to: /home/user/qiaoyin/build/whl_system
[0.827s] [35m[1mConsolidate compiler generated dependencies of target whl_system__rosidl_generator_c[0m
[0.834s] [  1%] Built target whl_system__cpp
[0.835s] [ 11%] Built target whl_system__rosidl_generator_c
[0.841s] [ 11%] Built target ament_cmake_python_copy_whl_system
[0.842s] [35m[1mConsolidate compiler generated dependencies of target whl_system__rosidl_typesupport_c[0m
[0.842s] [35m[1mConsolidate compiler generated dependencies of target whl_system__rosidl_typesupport_introspection_c[0m
[0.842s] [35m[1mConsolidate compiler generated dependencies of target whl_system__rosidl_typesupport_fastrtps_c[0m
[0.842s] [35m[1mConsolidate compiler generated dependencies of target whl_system__rosidl_typesupport_cpp[0m
[0.842s] [35m[1mConsolidate compiler generated dependencies of target whl_system__rosidl_typesupport_fastrtps_cpp[0m
[0.843s] [35m[1mConsolidate compiler generated dependencies of target whl_system__rosidl_typesupport_introspection_cpp[0m
[0.849s] [ 21%] Built target whl_system__rosidl_typesupport_c
[0.850s] [ 30%] Built target whl_system__rosidl_typesupport_cpp
[0.850s] [ 40%] Built target whl_system__rosidl_typesupport_introspection_c
[0.851s] [ 50%] Built target whl_system__rosidl_typesupport_fastrtps_c
[0.852s] [ 59%] Built target whl_system__rosidl_typesupport_introspection_cpp
[0.853s] [ 69%] Built target whl_system__rosidl_typesupport_fastrtps_cpp
[0.858s] [35m[1mConsolidate compiler generated dependencies of target wheelloong_system_node[0m
[0.867s] [ 69%] Built target whl_system
[0.870s] [ 71%] [32mBuilding CXX object CMakeFiles/wheelloong_system_node.dir/src/wheelloong_system.cpp.o[0m
[0.880s] [ 73%] Built target whl_system__py
[0.888s] [35m[1mConsolidate compiler generated dependencies of target whl_system__rosidl_generator_py[0m
[0.897s] [ 80%] Built target whl_system__rosidl_generator_py
[0.906s] [35m[1mConsolidate compiler generated dependencies of target whl_system__rosidl_typesupport_fastrtps_c__pyext[0m
[0.907s] [35m[1mConsolidate compiler generated dependencies of target whl_system__rosidl_typesupport_introspection_c__pyext[0m
[0.907s] [35m[1mConsolidate compiler generated dependencies of target whl_system__rosidl_typesupport_c__pyext[0m
[0.916s] [ 84%] Built target whl_system__rosidl_typesupport_fastrtps_c__pyext
[0.917s] [ 88%] Built target whl_system__rosidl_typesupport_c__pyext
[0.917s] [ 92%] Built target whl_system__rosidl_typesupport_introspection_c__pyext
[0.986s] running egg_info
[0.987s] writing whl_system.egg-info/PKG-INFO
[0.987s] writing dependency_links to whl_system.egg-info/dependency_links.txt
[0.987s] writing top-level names to whl_system.egg-info/top_level.txt
[0.988s] reading manifest file 'whl_system.egg-info/SOURCES.txt'
[0.989s] writing manifest file 'whl_system.egg-info/SOURCES.txt'
[1.006s] [ 92%] Built target ament_cmake_python_build_whl_system_egg
[2.430s] [ 94%] [32m[1mLinking CXX executable wheelloong_system_node[0m
[2.497s] [100%] Built target wheelloong_system_node
[2.504s] Invoked command in '/home/user/qiaoyin/build/whl_system' returned '0': CMAKE_PREFIX_PATH=/opt/ros/humble /usr/bin/cmake --build /home/user/qiaoyin/build/whl_system -- -j24 -l24
[2.506s] Invoking command in '/home/user/qiaoyin/build/whl_system': CMAKE_PREFIX_PATH=/opt/ros/humble /usr/bin/cmake --install /home/user/qiaoyin/build/whl_system
[2.510s] -- Install configuration: ""
[2.510s] -- Up-to-date: /home/user/qiaoyin/install/whl_system/share/ament_index/resource_index/rosidl_interfaces/whl_system
[2.510s] -- Up-to-date: /home/user/qiaoyin/install/whl_system/include/whl_system/whl_system
[2.510s] -- Up-to-date: /home/user/qiaoyin/install/whl_system/include/whl_system/whl_system/srv
[2.511s] -- Up-to-date: /home/user/qiaoyin/install/whl_system/include/whl_system/whl_system/srv/inout_struct.h
[2.511s] -- Up-to-date: /home/user/qiaoyin/install/whl_system/include/whl_system/whl_system/srv/detail
[2.511s] -- Up-to-date: /home/user/qiaoyin/install/whl_system/include/whl_system/whl_system/srv/detail/inout_struct__functions.c
[2.511s] -- Up-to-date: /home/user/qiaoyin/install/whl_system/include/whl_system/whl_system/srv/detail/inout_struct__functions.h
[2.511s] -- Up-to-date: /home/user/qiaoyin/install/whl_system/include/whl_system/whl_system/srv/detail/inout_struct__struct.h
[2.511s] -- Up-to-date: /home/user/qiaoyin/install/whl_system/include/whl_system/whl_system/srv/detail/inout_struct__type_support.h
[2.511s] -- Up-to-date: /home/user/qiaoyin/install/whl_system/include/whl_system/whl_system/msg
[2.511s] -- Up-to-date: /home/user/qiaoyin/install/whl_system/include/whl_system/whl_system/msg/detail
[2.511s] -- Up-to-date: /home/user/qiaoyin/install/whl_system/include/whl_system/whl_system/msg/detail/arm_info__struct.h
[2.511s] -- Up-to-date: /home/user/qiaoyin/install/whl_system/include/whl_system/whl_system/msg/detail/agv_info__functions.c
[2.511s] -- Up-to-date: /home/user/qiaoyin/install/whl_system/include/whl_system/whl_system/msg/detail/agv_info__type_support.h
[2.511s] -- Up-to-date: /home/user/qiaoyin/install/whl_system/include/whl_system/whl_system/msg/detail/arm_info__functions.c
[2.511s] -- Up-to-date: /home/user/qiaoyin/install/whl_system/include/whl_system/whl_system/msg/detail/arm_info__type_support.h
[2.511s] -- Up-to-date: /home/user/qiaoyin/install/whl_system/include/whl_system/whl_system/msg/detail/agv_info__functions.h
[2.511s] -- Up-to-date: /home/user/qiaoyin/install/whl_system/include/whl_system/whl_system/msg/detail/agv_info__struct.h
[2.511s] -- Up-to-date: /home/user/qiaoyin/install/whl_system/include/whl_system/whl_system/msg/detail/arm_info__functions.h
[2.511s] -- Up-to-date: /home/user/qiaoyin/install/whl_system/include/whl_system/whl_system/msg/rosidl_generator_c__visibility_control.h
[2.511s] -- Up-to-date: /home/user/qiaoyin/install/whl_system/include/whl_system/whl_system/msg/agv_info.h
[2.511s] -- Up-to-date: /home/user/qiaoyin/install/whl_system/include/whl_system/whl_system/msg/arm_info.h
[2.511s] -- Up-to-date: /home/user/qiaoyin/install/whl_system/share/whl_system/environment/library_path.sh
[2.511s] -- Installing: /home/user/qiaoyin/install/whl_system/share/whl_system/environment/library_path.dsv
[2.511s] -- Up-to-date: /home/user/qiaoyin/install/whl_system/lib/libwhl_system__rosidl_generator_c.so
[2.511s] -- Up-to-date: /home/user/qiaoyin/install/whl_system/include/whl_system/whl_system
[2.511s] -- Up-to-date: /home/user/qiaoyin/install/whl_system/include/whl_system/whl_system/srv
[2.511s] -- Up-to-date: /home/user/qiaoyin/install/whl_system/include/whl_system/whl_system/srv/detail
[2.511s] -- Up-to-date: /home/user/qiaoyin/install/whl_system/include/whl_system/whl_system/srv/detail/inout_struct__rosidl_typesupport_fastrtps_c.h
[2.511s] -- Up-to-date: /home/user/qiaoyin/install/whl_system/include/whl_system/whl_system/msg
[2.511s] -- Up-to-date: /home/user/qiaoyin/install/whl_system/include/whl_system/whl_system/msg/detail
[2.511s] -- Up-to-date: /home/user/qiaoyin/install/whl_system/include/whl_system/whl_system/msg/detail/arm_info__rosidl_typesupport_fastrtps_c.h
[2.512s] -- Up-to-date: /home/user/qiaoyin/install/whl_system/include/whl_system/whl_system/msg/detail/agv_info__rosidl_typesupport_fastrtps_c.h
[2.512s] -- Up-to-date: /home/user/qiaoyin/install/whl_system/include/whl_system/whl_system/msg/rosidl_typesupport_fastrtps_c__visibility_control.h
[2.512s] -- Up-to-date: /home/user/qiaoyin/install/whl_system/lib/libwhl_system__rosidl_typesupport_fastrtps_c.so
[2.512s] -- Up-to-date: /home/user/qiaoyin/install/whl_system/include/whl_system/whl_system
[2.512s] -- Up-to-date: /home/user/qiaoyin/install/whl_system/include/whl_system/whl_system/srv
[2.512s] -- Up-to-date: /home/user/qiaoyin/install/whl_system/include/whl_system/whl_system/srv/detail
[2.512s] -- Up-to-date: /home/user/qiaoyin/install/whl_system/include/whl_system/whl_system/srv/detail/inout_struct__traits.hpp
[2.512s] -- Up-to-date: /home/user/qiaoyin/install/whl_system/include/whl_system/whl_system/srv/detail/inout_struct__builder.hpp
[2.512s] -- Up-to-date: /home/user/qiaoyin/install/whl_system/include/whl_system/whl_system/srv/detail/inout_struct__type_support.hpp
[2.512s] -- Up-to-date: /home/user/qiaoyin/install/whl_system/include/whl_system/whl_system/srv/detail/inout_struct__struct.hpp
[2.512s] -- Up-to-date: /home/user/qiaoyin/install/whl_system/include/whl_system/whl_system/srv/inout_struct.hpp
[2.512s] -- Up-to-date: /home/user/qiaoyin/install/whl_system/include/whl_system/whl_system/msg
[2.512s] -- Up-to-date: /home/user/qiaoyin/install/whl_system/include/whl_system/whl_system/msg/agv_info.hpp
[2.512s] -- Up-to-date: /home/user/qiaoyin/install/whl_system/include/whl_system/whl_system/msg/rosidl_generator_cpp__visibility_control.hpp
[2.512s] -- Up-to-date: /home/user/qiaoyin/install/whl_system/include/whl_system/whl_system/msg/detail
[2.512s] -- Up-to-date: /home/user/qiaoyin/install/whl_system/include/whl_system/whl_system/msg/detail/agv_info__struct.hpp
[2.512s] -- Up-to-date: /home/user/qiaoyin/install/whl_system/include/whl_system/whl_system/msg/detail/arm_info__builder.hpp
[2.512s] -- Up-to-date: /home/user/qiaoyin/install/whl_system/include/whl_system/whl_system/msg/detail/arm_info__struct.hpp
[2.512s] -- Up-to-date: /home/user/qiaoyin/install/whl_system/include/whl_system/whl_system/msg/detail/agv_info__builder.hpp
[2.512s] -- Up-to-date: /home/user/qiaoyin/install/whl_system/include/whl_system/whl_system/msg/detail/arm_info__type_support.hpp
[2.512s] -- Up-to-date: /home/user/qiaoyin/install/whl_system/include/whl_system/whl_system/msg/detail/agv_info__traits.hpp
[2.512s] -- Up-to-date: /home/user/qiaoyin/install/whl_system/include/whl_system/whl_system/msg/detail/agv_info__type_support.hpp
[2.512s] -- Up-to-date: /home/user/qiaoyin/install/whl_system/include/whl_system/whl_system/msg/detail/arm_info__traits.hpp
[2.512s] -- Up-to-date: /home/user/qiaoyin/install/whl_system/include/whl_system/whl_system/msg/arm_info.hpp
[2.512s] -- Up-to-date: /home/user/qiaoyin/install/whl_system/include/whl_system/whl_system
[2.512s] -- Up-to-date: /home/user/qiaoyin/install/whl_system/include/whl_system/whl_system/srv
[2.512s] -- Up-to-date: /home/user/qiaoyin/install/whl_system/include/whl_system/whl_system/srv/detail
[2.512s] -- Up-to-date: /home/user/qiaoyin/install/whl_system/include/whl_system/whl_system/srv/detail/inout_struct__rosidl_typesupport_fastrtps_cpp.hpp
[2.512s] -- Up-to-date: /home/user/qiaoyin/install/whl_system/include/whl_system/whl_system/srv/detail/dds_fastrtps
[2.512s] -- Up-to-date: /home/user/qiaoyin/install/whl_system/include/whl_system/whl_system/msg
[2.512s] -- Up-to-date: /home/user/qiaoyin/install/whl_system/include/whl_system/whl_system/msg/rosidl_typesupport_fastrtps_cpp__visibility_control.h
[2.512s] -- Up-to-date: /home/user/qiaoyin/install/whl_system/include/whl_system/whl_system/msg/detail
[2.513s] -- Up-to-date: /home/user/qiaoyin/install/whl_system/include/whl_system/whl_system/msg/detail/arm_info__rosidl_typesupport_fastrtps_cpp.hpp
[2.513s] -- Up-to-date: /home/user/qiaoyin/install/whl_system/include/whl_system/whl_system/msg/detail/agv_info__rosidl_typesupport_fastrtps_cpp.hpp
[2.513s] -- Up-to-date: /home/user/qiaoyin/install/whl_system/include/whl_system/whl_system/msg/detail/dds_fastrtps
[2.513s] -- Up-to-date: /home/user/qiaoyin/install/whl_system/lib/libwhl_system__rosidl_typesupport_fastrtps_cpp.so
[2.513s] -- Up-to-date: /home/user/qiaoyin/install/whl_system/include/whl_system/whl_system
[2.513s] -- Up-to-date: /home/user/qiaoyin/install/whl_system/include/whl_system/whl_system/srv
[2.513s] -- Up-to-date: /home/user/qiaoyin/install/whl_system/include/whl_system/whl_system/srv/detail
[2.513s] -- Up-to-date: /home/user/qiaoyin/install/whl_system/include/whl_system/whl_system/srv/detail/inout_struct__rosidl_typesupport_introspection_c.h
[2.513s] -- Up-to-date: /home/user/qiaoyin/install/whl_system/include/whl_system/whl_system/srv/detail/inout_struct__type_support.c
[2.513s] -- Up-to-date: /home/user/qiaoyin/install/whl_system/include/whl_system/whl_system/msg
[2.513s] -- Up-to-date: /home/user/qiaoyin/install/whl_system/include/whl_system/whl_system/msg/detail
[2.513s] -- Up-to-date: /home/user/qiaoyin/install/whl_system/include/whl_system/whl_system/msg/detail/arm_info__rosidl_typesupport_introspection_c.h
[2.513s] -- Up-to-date: /home/user/qiaoyin/install/whl_system/include/whl_system/whl_system/msg/detail/agv_info__rosidl_typesupport_introspection_c.h
[2.513s] -- Up-to-date: /home/user/qiaoyin/install/whl_system/include/whl_system/whl_system/msg/detail/arm_info__type_support.c
[2.513s] -- Up-to-date: /home/user/qiaoyin/install/whl_system/include/whl_system/whl_system/msg/detail/agv_info__type_support.c
[2.513s] -- Up-to-date: /home/user/qiaoyin/install/whl_system/include/whl_system/whl_system/msg/rosidl_typesupport_introspection_c__visibility_control.h
[2.513s] -- Up-to-date: /home/user/qiaoyin/install/whl_system/lib/libwhl_system__rosidl_typesupport_introspection_c.so
[2.513s] -- Up-to-date: /home/user/qiaoyin/install/whl_system/lib/libwhl_system__rosidl_typesupport_c.so
[2.513s] -- Up-to-date: /home/user/qiaoyin/install/whl_system/include/whl_system/whl_system
[2.513s] -- Up-to-date: /home/user/qiaoyin/install/whl_system/include/whl_system/whl_system/srv
[2.513s] -- Up-to-date: /home/user/qiaoyin/install/whl_system/include/whl_system/whl_system/srv/detail
[2.513s] -- Up-to-date: /home/user/qiaoyin/install/whl_system/include/whl_system/whl_system/srv/detail/inout_struct__type_support.cpp
[2.513s] -- Up-to-date: /home/user/qiaoyin/install/whl_system/include/whl_system/whl_system/srv/detail/inout_struct__rosidl_typesupport_introspection_cpp.hpp
[2.513s] -- Up-to-date: /home/user/qiaoyin/install/whl_system/include/whl_system/whl_system/msg
[2.513s] -- Up-to-date: /home/user/qiaoyin/install/whl_system/include/whl_system/whl_system/msg/detail
[2.513s] -- Up-to-date: /home/user/qiaoyin/install/whl_system/include/whl_system/whl_system/msg/detail/arm_info__rosidl_typesupport_introspection_cpp.hpp
[2.513s] -- Up-to-date: /home/user/qiaoyin/install/whl_system/include/whl_system/whl_system/msg/detail/agv_info__type_support.cpp
[2.513s] -- Up-to-date: /home/user/qiaoyin/install/whl_system/include/whl_system/whl_system/msg/detail/agv_info__rosidl_typesupport_introspection_cpp.hpp
[2.513s] -- Up-to-date: /home/user/qiaoyin/install/whl_system/include/whl_system/whl_system/msg/detail/arm_info__type_support.cpp
[2.513s] -- Up-to-date: /home/user/qiaoyin/install/whl_system/lib/libwhl_system__rosidl_typesupport_introspection_cpp.so
[2.513s] -- Up-to-date: /home/user/qiaoyin/install/whl_system/lib/libwhl_system__rosidl_typesupport_cpp.so
[2.513s] -- Up-to-date: /home/user/qiaoyin/install/whl_system/share/whl_system/environment/pythonpath.sh
[2.513s] -- Installing: /home/user/qiaoyin/install/whl_system/share/whl_system/environment/pythonpath.dsv
[2.513s] -- Up-to-date: /home/user/qiaoyin/install/whl_system/local/lib/python3.10/dist-packages/whl_system-0.0.0-py3.10.egg-info
[2.513s] -- Installing: /home/user/qiaoyin/install/whl_system/local/lib/python3.10/dist-packages/whl_system-0.0.0-py3.10.egg-info/PKG-INFO
[2.513s] -- Installing: /home/user/qiaoyin/install/whl_system/local/lib/python3.10/dist-packages/whl_system-0.0.0-py3.10.egg-info/top_level.txt
[2.513s] -- Installing: /home/user/qiaoyin/install/whl_system/local/lib/python3.10/dist-packages/whl_system-0.0.0-py3.10.egg-info/SOURCES.txt
[2.513s] -- Installing: /home/user/qiaoyin/install/whl_system/local/lib/python3.10/dist-packages/whl_system-0.0.0-py3.10.egg-info/dependency_links.txt
[2.514s] -- Up-to-date: /home/user/qiaoyin/install/whl_system/local/lib/python3.10/dist-packages/whl_system
[2.514s] -- Up-to-date: /home/user/qiaoyin/install/whl_system/local/lib/python3.10/dist-packages/whl_system/_whl_system_s.ep.rosidl_typesupport_c.c
[2.514s] -- Up-to-date: /home/user/qiaoyin/install/whl_system/local/lib/python3.10/dist-packages/whl_system/libwhl_system__rosidl_generator_py.so
[2.514s] -- Up-to-date: /home/user/qiaoyin/install/whl_system/local/lib/python3.10/dist-packages/whl_system/srv
[2.514s] -- Up-to-date: /home/user/qiaoyin/install/whl_system/local/lib/python3.10/dist-packages/whl_system/srv/_inout_struct_s.c
[2.514s] -- Up-to-date: /home/user/qiaoyin/install/whl_system/local/lib/python3.10/dist-packages/whl_system/srv/__init__.py
[2.514s] -- Up-to-date: /home/user/qiaoyin/install/whl_system/local/lib/python3.10/dist-packages/whl_system/srv/_inout_struct.py
[2.514s] -- Up-to-date: /home/user/qiaoyin/install/whl_system/local/lib/python3.10/dist-packages/whl_system/_whl_system_s.ep.rosidl_typesupport_fastrtps_c.c
[2.514s] -- Up-to-date: /home/user/qiaoyin/install/whl_system/local/lib/python3.10/dist-packages/whl_system/whl_system_s__rosidl_typesupport_c.cpython-310-x86_64-linux-gnu.so
[2.514s] -- Up-to-date: /home/user/qiaoyin/install/whl_system/local/lib/python3.10/dist-packages/whl_system/_whl_system_s.ep.rosidl_typesupport_introspection_c.c
[2.514s] -- Installing: /home/user/qiaoyin/install/whl_system/local/lib/python3.10/dist-packages/whl_system/__init__.py
[2.514s] -- Up-to-date: /home/user/qiaoyin/install/whl_system/local/lib/python3.10/dist-packages/whl_system/whl_system_s__rosidl_typesupport_fastrtps_c.cpython-310-x86_64-linux-gnu.so
[2.514s] -- Up-to-date: /home/user/qiaoyin/install/whl_system/local/lib/python3.10/dist-packages/whl_system/whl_system_s__rosidl_typesupport_introspection_c.cpython-310-x86_64-linux-gnu.so
[2.514s] -- Up-to-date: /home/user/qiaoyin/install/whl_system/local/lib/python3.10/dist-packages/whl_system/msg
[2.514s] -- Up-to-date: /home/user/qiaoyin/install/whl_system/local/lib/python3.10/dist-packages/whl_system/msg/_arm_info_s.c
[2.514s] -- Up-to-date: /home/user/qiaoyin/install/whl_system/local/lib/python3.10/dist-packages/whl_system/msg/_agv_info.py
[2.514s] -- Up-to-date: /home/user/qiaoyin/install/whl_system/local/lib/python3.10/dist-packages/whl_system/msg/__init__.py
[2.514s] -- Up-to-date: /home/user/qiaoyin/install/whl_system/local/lib/python3.10/dist-packages/whl_system/msg/_arm_info.py
[2.514s] -- Up-to-date: /home/user/qiaoyin/install/whl_system/local/lib/python3.10/dist-packages/whl_system/msg/_agv_info_s.c
[2.534s] Listing '/home/user/qiaoyin/install/whl_system/local/lib/python3.10/dist-packages/whl_system'...
[2.534s] Compiling '/home/user/qiaoyin/install/whl_system/local/lib/python3.10/dist-packages/whl_system/__init__.py'...
[2.534s] Listing '/home/user/qiaoyin/install/whl_system/local/lib/python3.10/dist-packages/whl_system/msg'...
[2.534s] Listing '/home/user/qiaoyin/install/whl_system/local/lib/python3.10/dist-packages/whl_system/srv'...
[2.537s] -- Up-to-date: /home/user/qiaoyin/install/whl_system/local/lib/python3.10/dist-packages/whl_system/whl_system_s__rosidl_typesupport_fastrtps_c.cpython-310-x86_64-linux-gnu.so
[2.537s] -- Up-to-date: /home/user/qiaoyin/install/whl_system/local/lib/python3.10/dist-packages/whl_system/whl_system_s__rosidl_typesupport_introspection_c.cpython-310-x86_64-linux-gnu.so
[2.537s] -- Up-to-date: /home/user/qiaoyin/install/whl_system/local/lib/python3.10/dist-packages/whl_system/whl_system_s__rosidl_typesupport_c.cpython-310-x86_64-linux-gnu.so
[2.537s] -- Up-to-date: /home/user/qiaoyin/install/whl_system/lib/libwhl_system__rosidl_generator_py.so
[2.537s] -- Up-to-date: /home/user/qiaoyin/install/whl_system/share/whl_system/srv/InoutStruct.idl
[2.537s] -- Up-to-date: /home/user/qiaoyin/install/whl_system/share/whl_system/msg/ArmInfo.idl
[2.537s] -- Up-to-date: /home/user/qiaoyin/install/whl_system/share/whl_system/msg/AgvInfo.idl
[2.537s] -- Up-to-date: /home/user/qiaoyin/install/whl_system/share/whl_system/srv/InoutStruct.srv
[2.538s] -- Up-to-date: /home/user/qiaoyin/install/whl_system/share/whl_system/srv/InoutStruct_Request.msg
[2.538s] -- Up-to-date: /home/user/qiaoyin/install/whl_system/share/whl_system/srv/InoutStruct_Response.msg
[2.538s] -- Up-to-date: /home/user/qiaoyin/install/whl_system/share/whl_system/msg/ArmInfo.msg
[2.538s] -- Up-to-date: /home/user/qiaoyin/install/whl_system/share/whl_system/msg/AgvInfo.msg
[2.538s] -- Installing: /home/user/qiaoyin/install/whl_system/lib/whl_system/wheelloong_system_node
[2.538s] -- Set runtime path of "/home/user/qiaoyin/install/whl_system/lib/whl_system/wheelloong_system_node" to ""
[2.538s] -- Up-to-date: /home/user/qiaoyin/install/whl_system/share/ament_index/resource_index/package_run_dependencies/whl_system
[2.538s] -- Up-to-date: /home/user/qiaoyin/install/whl_system/share/ament_index/resource_index/parent_prefix_path/whl_system
[2.538s] -- Up-to-date: /home/user/qiaoyin/install/whl_system/share/whl_system/environment/ament_prefix_path.sh
[2.538s] -- Installing: /home/user/qiaoyin/install/whl_system/share/whl_system/environment/ament_prefix_path.dsv
[2.538s] -- Up-to-date: /home/user/qiaoyin/install/whl_system/share/whl_system/environment/path.sh
[2.538s] -- Installing: /home/user/qiaoyin/install/whl_system/share/whl_system/environment/path.dsv
[2.538s] -- Up-to-date: /home/user/qiaoyin/install/whl_system/share/whl_system/local_setup.bash
[2.538s] -- Up-to-date: /home/user/qiaoyin/install/whl_system/share/whl_system/local_setup.sh
[2.538s] -- Up-to-date: /home/user/qiaoyin/install/whl_system/share/whl_system/local_setup.zsh
[2.538s] -- Installing: /home/user/qiaoyin/install/whl_system/share/whl_system/local_setup.dsv
[2.538s] -- Installing: /home/user/qiaoyin/install/whl_system/share/whl_system/package.dsv
[2.538s] -- Up-to-date: /home/user/qiaoyin/install/whl_system/share/ament_index/resource_index/packages/whl_system
[2.538s] -- Up-to-date: /home/user/qiaoyin/install/whl_system/share/whl_system/cmake/export_whl_system__rosidl_generator_cExport.cmake
[2.538s] -- Up-to-date: /home/user/qiaoyin/install/whl_system/share/whl_system/cmake/export_whl_system__rosidl_generator_cExport-noconfig.cmake
[2.538s] -- Up-to-date: /home/user/qiaoyin/install/whl_system/share/whl_system/cmake/export_whl_system__rosidl_typesupport_fastrtps_cExport.cmake
[2.538s] -- Up-to-date: /home/user/qiaoyin/install/whl_system/share/whl_system/cmake/export_whl_system__rosidl_typesupport_fastrtps_cExport-noconfig.cmake
[2.538s] -- Up-to-date: /home/user/qiaoyin/install/whl_system/share/whl_system/cmake/export_whl_system__rosidl_generator_cppExport.cmake
[2.539s] -- Up-to-date: /home/user/qiaoyin/install/whl_system/share/whl_system/cmake/export_whl_system__rosidl_typesupport_fastrtps_cppExport.cmake
[2.539s] -- Up-to-date: /home/user/qiaoyin/install/whl_system/share/whl_system/cmake/export_whl_system__rosidl_typesupport_fastrtps_cppExport-noconfig.cmake
[2.539s] -- Up-to-date: /home/user/qiaoyin/install/whl_system/share/whl_system/cmake/whl_system__rosidl_typesupport_introspection_cExport.cmake
[2.539s] -- Up-to-date: /home/user/qiaoyin/install/whl_system/share/whl_system/cmake/whl_system__rosidl_typesupport_introspection_cExport-noconfig.cmake
[2.539s] -- Up-to-date: /home/user/qiaoyin/install/whl_system/share/whl_system/cmake/whl_system__rosidl_typesupport_cExport.cmake
[2.539s] -- Up-to-date: /home/user/qiaoyin/install/whl_system/share/whl_system/cmake/whl_system__rosidl_typesupport_cExport-noconfig.cmake
[2.539s] -- Up-to-date: /home/user/qiaoyin/install/whl_system/share/whl_system/cmake/whl_system__rosidl_typesupport_introspection_cppExport.cmake
[2.539s] -- Up-to-date: /home/user/qiaoyin/install/whl_system/share/whl_system/cmake/whl_system__rosidl_typesupport_introspection_cppExport-noconfig.cmake
[2.539s] -- Up-to-date: /home/user/qiaoyin/install/whl_system/share/whl_system/cmake/whl_system__rosidl_typesupport_cppExport.cmake
[2.539s] -- Up-to-date: /home/user/qiaoyin/install/whl_system/share/whl_system/cmake/whl_system__rosidl_typesupport_cppExport-noconfig.cmake
[2.539s] -- Up-to-date: /home/user/qiaoyin/install/whl_system/share/whl_system/cmake/export_whl_system__rosidl_generator_pyExport.cmake
[2.539s] -- Up-to-date: /home/user/qiaoyin/install/whl_system/share/whl_system/cmake/export_whl_system__rosidl_generator_pyExport-noconfig.cmake
[2.539s] -- Up-to-date: /home/user/qiaoyin/install/whl_system/share/whl_system/cmake/rosidl_cmake-extras.cmake
[2.539s] -- Up-to-date: /home/user/qiaoyin/install/whl_system/share/whl_system/cmake/ament_cmake_export_include_directories-extras.cmake
[2.539s] -- Up-to-date: /home/user/qiaoyin/install/whl_system/share/whl_system/cmake/ament_cmake_export_libraries-extras.cmake
[2.539s] -- Up-to-date: /home/user/qiaoyin/install/whl_system/share/whl_system/cmake/ament_cmake_export_targets-extras.cmake
[2.539s] -- Up-to-date: /home/user/qiaoyin/install/whl_system/share/whl_system/cmake/rosidl_cmake_export_typesupport_targets-extras.cmake
[2.539s] -- Up-to-date: /home/user/qiaoyin/install/whl_system/share/whl_system/cmake/ament_cmake_export_dependencies-extras.cmake
[2.539s] -- Up-to-date: /home/user/qiaoyin/install/whl_system/share/whl_system/cmake/rosidl_cmake_export_typesupport_libraries-extras.cmake
[2.539s] -- Up-to-date: /home/user/qiaoyin/install/whl_system/share/whl_system/cmake/whl_systemConfig.cmake
[2.539s] -- Up-to-date: /home/user/qiaoyin/install/whl_system/share/whl_system/cmake/whl_systemConfig-version.cmake
[2.539s] -- Up-to-date: /home/user/qiaoyin/install/whl_system/share/whl_system/package.xml
[2.540s] Invoked command in '/home/user/qiaoyin/build/whl_system' returned '0': CMAKE_PREFIX_PATH=/opt/ros/humble /usr/bin/cmake --install /home/user/qiaoyin/build/whl_system
