[35m[1mConsolidate compiler generated dependencies of target whl_system__rosidl_generator_c[0m
[  2%] Built target whl_system__cpp
[ 12%] Built target whl_system__rosidl_generator_c
[ 12%] Built target ament_cmake_python_copy_whl_system
[35m[1mConsolidate compiler generated dependencies of target whl_system__rosidl_typesupport_introspection_cpp[0m
[35m[1mConsolidate compiler generated dependencies of target whl_system__rosidl_typesupport_cpp[0m
[35m[1mConsolidate compiler generated dependencies of target whl_system__rosidl_typesupport_fastrtps_cpp[0m
[35m[1mConsolidate compiler generated dependencies of target whl_system__rosidl_typesupport_c[0m
[35m[1mConsolidate compiler generated dependencies of target whl_system__rosidl_typesupport_introspection_c[0m
[35m[1mConsolidate compiler generated dependencies of target whl_system__rosidl_typesupport_fastrtps_c[0m
[ 22%] Built target whl_system__rosidl_typesupport_cpp
[ 32%] Built target whl_system__rosidl_typesupport_introspection_cpp
[ 42%] Built target whl_system__rosidl_typesupport_introspection_c
[ 53%] Built target whl_system__rosidl_typesupport_c
[ 63%] Built target whl_system__rosidl_typesupport_fastrtps_cpp
[ 73%] Built target whl_system__rosidl_typesupport_fastrtps_c
[35m[1mConsolidate compiler generated dependencies of target wheelloong_system_node[0m
[ 73%] Built target whl_system
[ 75%] [32mBuilding CXX object CMakeFiles/wheelloong_system_node.dir/src/main.cpp.o[0m
[ 77%] Built target whl_system__py
[35m[1mConsolidate compiler generated dependencies of target whl_system__rosidl_generator_py[0m
[ 85%] Built target whl_system__rosidl_generator_py
[35m[1mConsolidate compiler generated dependencies of target whl_system__rosidl_typesupport_introspection_c__pyext[0m
[35m[1mConsolidate compiler generated dependencies of target whl_system__rosidl_typesupport_fastrtps_c__pyext[0m
[35m[1mConsolidate compiler generated dependencies of target whl_system__rosidl_typesupport_c__pyext[0m
[ 89%] Built target whl_system__rosidl_typesupport_introspection_c__pyext
[ 93%] Built target whl_system__rosidl_typesupport_c__pyext
[ 97%] Built target whl_system__rosidl_typesupport_fastrtps_c__pyext
running egg_info
writing whl_system.egg-info/PKG-INFO
writing dependency_links to whl_system.egg-info/dependency_links.txt
writing top-level names to whl_system.egg-info/top_level.txt
reading manifest file 'whl_system.egg-info/SOURCES.txt'
writing manifest file 'whl_system.egg-info/SOURCES.txt'
[ 97%] Built target ament_cmake_python_build_whl_system_egg
[100%] [32m[1mLinking CXX executable wheelloong_system_node[0m
