[0.008s] Invoking command in '/home/user/qiaoyin/build/interface': CMAKE_PREFIX_PATH=/opt/ros/humble /usr/bin/cmake /home/user/qiaoyin/src/interface -DCMAKE_INSTALL_PREFIX=/home/user/qiaoyin/install/interface
[0.072s] -- The C compiler identification is GNU 11.4.0
[0.124s] -- The CXX compiler identification is GNU 11.4.0
[0.130s] -- Detecting C compiler ABI info
[0.176s] -- Detecting C compiler ABI info - done
[0.181s] -- Check for working C compiler: /usr/bin/cc - skipped
[0.181s] -- Detecting C compile features
[0.182s] -- Detecting C compile features - done
[0.184s] -- Detecting CXX compiler ABI info
[0.239s] -- Detecting CXX compiler ABI info - done
[0.244s] -- Check for working CXX compiler: /usr/bin/c++ - skipped
[0.244s] -- Detecting CXX compile features
[0.245s] -- Detecting CXX compile features - done
[0.246s] -- Found ament_cmake: 1.3.11 (/opt/ros/humble/share/ament_cmake/cmake)
[0.345s] -- Found Python3: /usr/bin/python3 (found version "3.10.12") found components: Interpreter 
[0.398s] -- Found rclcpp: 16.0.12 (/opt/ros/humble/share/rclcpp/cmake)
[0.420s] -- Found rosidl_generator_c: 3.1.6 (/opt/ros/humble/share/rosidl_generator_c/cmake)
[0.423s] -- Found rosidl_adapter: 3.1.6 (/opt/ros/humble/share/rosidl_adapter/cmake)
[0.427s] -- Found rosidl_generator_cpp: 3.1.6 (/opt/ros/humble/share/rosidl_generator_cpp/cmake)
[0.434s] -- Using all available rosidl_typesupport_c: rosidl_typesupport_fastrtps_c;rosidl_typesupport_introspection_c
[0.444s] -- Using all available rosidl_typesupport_cpp: rosidl_typesupport_fastrtps_cpp;rosidl_typesupport_introspection_cpp
[0.469s] -- Found rmw_implementation_cmake: 6.1.2 (/opt/ros/humble/share/rmw_implementation_cmake/cmake)
[0.470s] -- Found rmw_fastrtps_cpp: 6.2.7 (/opt/ros/humble/share/rmw_fastrtps_cpp/cmake)
[0.528s] -- Found OpenSSL: /usr/lib/x86_64-linux-gnu/libcrypto.so (found version "3.0.2")  
[0.545s] -- Found FastRTPS: /opt/ros/humble/include  
[0.570s] -- Using RMW implementation 'rmw_fastrtps_cpp' as default
[0.575s] -- Looking for pthread.h
[0.621s] -- Looking for pthread.h - found
[0.621s] -- Performing Test CMAKE_HAVE_LIBC_PTHREAD
[0.671s] -- Performing Test CMAKE_HAVE_LIBC_PTHREAD - Success
[0.672s] -- Found Threads: TRUE  
[0.704s] -- Found example_interfaces: 0.9.3 (/opt/ros/humble/share/example_interfaces/cmake)
[0.737s] -- Found ament_lint_auto: 0.12.12 (/opt/ros/humble/share/ament_lint_auto/cmake)
[0.788s] -- Added test 'lint_cmake' to check CMake code style
[0.789s] -- Added test 'xmllint' to check XML markup files
[0.790s] -- Configuring done
[0.792s] -- Generating done
[0.793s] -- Build files have been written to: /home/user/qiaoyin/build/interface
[0.799s] Invoked command in '/home/user/qiaoyin/build/interface' returned '0': CMAKE_PREFIX_PATH=/opt/ros/humble /usr/bin/cmake /home/user/qiaoyin/src/interface -DCMAKE_INSTALL_PREFIX=/home/user/qiaoyin/install/interface
[0.800s] Invoking command in '/home/user/qiaoyin/build/interface': CMAKE_PREFIX_PATH=/opt/ros/humble /usr/bin/cmake --build /home/user/qiaoyin/build/interface -- -j24 -l24
[0.826s] Invoked command in '/home/user/qiaoyin/build/interface' returned '0': CMAKE_PREFIX_PATH=/opt/ros/humble /usr/bin/cmake --build /home/user/qiaoyin/build/interface -- -j24 -l24
[0.827s] Invoking command in '/home/user/qiaoyin/build/interface': CMAKE_PREFIX_PATH=/opt/ros/humble /usr/bin/cmake --install /home/user/qiaoyin/build/interface
[0.832s] -- Install configuration: ""
[0.832s] -- Installing: /home/user/qiaoyin/install/interface/share/ament_index/resource_index/package_run_dependencies/interface
[0.832s] -- Installing: /home/user/qiaoyin/install/interface/share/ament_index/resource_index/parent_prefix_path/interface
[0.832s] -- Installing: /home/user/qiaoyin/install/interface/share/interface/environment/ament_prefix_path.sh
[0.832s] -- Installing: /home/user/qiaoyin/install/interface/share/interface/environment/ament_prefix_path.dsv
[0.832s] -- Installing: /home/user/qiaoyin/install/interface/share/interface/environment/path.sh
[0.832s] -- Installing: /home/user/qiaoyin/install/interface/share/interface/environment/path.dsv
[0.832s] -- Installing: /home/user/qiaoyin/install/interface/share/interface/local_setup.bash
[0.832s] -- Installing: /home/user/qiaoyin/install/interface/share/interface/local_setup.sh
[0.832s] -- Installing: /home/user/qiaoyin/install/interface/share/interface/local_setup.zsh
[0.832s] -- Installing: /home/user/qiaoyin/install/interface/share/interface/local_setup.dsv
[0.832s] -- Installing: /home/user/qiaoyin/install/interface/share/interface/package.dsv
[0.832s] -- Installing: /home/user/qiaoyin/install/interface/share/ament_index/resource_index/packages/interface
[0.832s] -- Installing: /home/user/qiaoyin/install/interface/share/interface/cmake/interfaceConfig.cmake
[0.832s] -- Installing: /home/user/qiaoyin/install/interface/share/interface/cmake/interfaceConfig-version.cmake
[0.832s] -- Installing: /home/user/qiaoyin/install/interface/share/interface/package.xml
[0.834s] Invoked command in '/home/user/qiaoyin/build/interface' returned '0': CMAKE_PREFIX_PATH=/opt/ros/humble /usr/bin/cmake --install /home/user/qiaoyin/build/interface
