-- Found ament_cmake: 1.3.11 (/opt/ros/humble/share/ament_cmake/cmake)
-- Found rclcpp: 16.0.12 (/opt/ros/humble/share/rclcpp/cmake)
-- Found rosidl_generator_c: 3.1.6 (/opt/ros/humble/share/rosidl_generator_c/cmake)
-- Found rosidl_adapter: 3.1.6 (/opt/ros/humble/share/rosidl_adapter/cmake)
-- Found rosidl_generator_cpp: 3.1.6 (/opt/ros/humble/share/rosidl_generator_cpp/cmake)
-- Using all available rosidl_typesupport_c: rosidl_typesupport_fastrtps_c;rosidl_typesupport_introspection_c
-- Using all available rosidl_typesupport_cpp: rosidl_typesupport_fastrtps_cpp;rosidl_typesupport_introspection_cpp
-- Found rmw_implementation_cmake: 6.1.2 (/opt/ros/humble/share/rmw_implementation_cmake/cmake)
-- Found rmw_fastrtps_cpp: 6.2.7 (/opt/ros/humble/share/rmw_fastrtps_cpp/cmake)
-- Using RMW implementation 'rmw_fastrtps_cpp' as default
-- Found rosidl_default_generators: 1.2.0 (/opt/ros/humble/share/rosidl_default_generators/cmake)
-- Found ament_cmake_ros: 0.10.0 (/opt/ros/humble/share/ament_cmake_ros/cmake)
-- Using all available rosidl_typesupport_c: rosidl_typesupport_fastrtps_c;rosidl_typesupport_introspection_c
-- Using all available rosidl_typesupport_cpp: rosidl_typesupport_fastrtps_cpp;rosidl_typesupport_introspection_cpp
-- Found python_cmake_module: 0.10.0 (/opt/ros/humble/share/python_cmake_module/cmake)
-- Using PYTHON_EXECUTABLE: /usr/bin/python3
-- Using PYTHON_INCLUDE_DIRS: /usr/include/python3.10
-- Using PYTHON_LIBRARIES: /usr/lib/x86_64-linux-gnu/libpython3.10.so
-- Found ament_lint_auto: 0.12.12 (/opt/ros/humble/share/ament_lint_auto/cmake)
-- Added test 'cppcheck' to perform static code analysis on C / C++ code
-- Configured cppcheck include dirs: /home/user/qiaoyin/src/driver/include;/home/user/qiaoyin/src/driver/include/driver;/home/user/qiaoyin/src/driver/src
-- Configured cppcheck exclude dirs and/or files: 
-- Added test 'lint_cmake' to check CMake code style
-- Added test 'uncrustify' to check C / C++ code style
-- Configured uncrustify additional arguments: 
-- Added test 'xmllint' to check XML markup files
-- Configuring done
[0mWARNING: Target "arm_driver_node" requests linking to directory "/home/user/qiaoyin/src/driver/lib".  Targets may link only to libraries.  CMake is dropping the item.[0m
-- Generating done
-- Build files have been written to: /home/user/qiaoyin/build/driver
[35m[1mConsolidate compiler generated dependencies of target driver__rosidl_generator_c[0m
[  1%] Built target driver__cpp
[ 11%] Built target driver__rosidl_generator_c
[ 11%] Built target ament_cmake_python_copy_driver
[35m[1mConsolidate compiler generated dependencies of target driver__rosidl_typesupport_introspection_cpp[0m
[35m[1mConsolidate compiler generated dependencies of target driver__rosidl_typesupport_cpp[0m
[35m[1mConsolidate compiler generated dependencies of target driver__rosidl_typesupport_c[0m
[35m[1mConsolidate compiler generated dependencies of target driver__rosidl_typesupport_introspection_c[0m
[35m[1mConsolidate compiler generated dependencies of target driver__rosidl_typesupport_fastrtps_cpp[0m
[35m[1mConsolidate compiler generated dependencies of target driver__rosidl_typesupport_fastrtps_c[0m
[ 22%] Built target driver__rosidl_typesupport_introspection_cpp
[ 32%] Built target driver__rosidl_typesupport_c
[ 43%] Built target driver__rosidl_typesupport_introspection_c
[ 53%] Built target driver__rosidl_typesupport_cpp
[ 64%] Built target driver__rosidl_typesupport_fastrtps_cpp
[ 74%] Built target driver__rosidl_typesupport_fastrtps_c
[35m[1mConsolidate compiler generated dependencies of target arm_driver_node[0m
[ 74%] Built target driver
[ 76%] [32m[1mLinking CXX executable arm_driver_node[0m
[ 77%] Built target driver__py
[35m[1mConsolidate compiler generated dependencies of target driver__rosidl_generator_py[0m
[ 86%] Built target driver__rosidl_generator_py
[35m[1mConsolidate compiler generated dependencies of target driver__rosidl_typesupport_introspection_c__pyext[0m
[35m[1mConsolidate compiler generated dependencies of target driver__rosidl_typesupport_c__pyext[0m
[35m[1mConsolidate compiler generated dependencies of target driver__rosidl_typesupport_fastrtps_c__pyext[0m
[ 89%] Built target driver__rosidl_typesupport_introspection_c__pyext
[ 92%] Built target driver__rosidl_typesupport_c__pyext
[ 95%] Built target driver__rosidl_typesupport_fastrtps_c__pyext
/usr/bin/ld: CMakeFiles/arm_driver_node.dir/src/jaka.cpp.o: in function `JAKA::JAKA()':
jaka.cpp:(.text+0x28): undefined reference to `JAKAZuRobot::JAKAZuRobot()'
/usr/bin/ld: jaka.cpp:(.text+0x155): undefined reference to `JAKAZuRobot::login_in(char const*)'
/usr/bin/ld: jaka.cpp:(.text+0x1cb): undefined reference to `JAKAZuRobot::clear_error()'
/usr/bin/ld: jaka.cpp:(.text+0x24d): undefined reference to `JAKAZuRobot::power_on()'
/usr/bin/ld: jaka.cpp:(.text+0x332): undefined reference to `JAKAZuRobot::~JAKAZuRobot()'
/usr/bin/ld: CMakeFiles/arm_driver_node.dir/src/jaka.cpp.o: in function `JAKA::~JAKA()':
jaka.cpp:(.text+0x380): undefined reference to `JAKAZuRobot::power_off()'
/usr/bin/ld: jaka.cpp:(.text+0x3d0): undefined reference to `JAKAZuRobot::login_out()'
/usr/bin/ld: jaka.cpp:(.text+0x44b): undefined reference to `JAKAZuRobot::~JAKAZuRobot()'
/usr/bin/ld: CMakeFiles/arm_driver_node.dir/src/jaka.cpp.o: in function `JAKA::enableMunip()':
jaka.cpp:(.text+0x48c): undefined reference to `JAKAZuRobot::enable_robot()'
/usr/bin/ld: jaka.cpp:(.text+0x4e3): undefined reference to `JAKAZuRobot::servo_move_use_none_filter()'
/usr/bin/ld: jaka.cpp:(.text+0x4f9): undefined reference to `JAKAZuRobot::servo_move_enable(int, int)'
/usr/bin/ld: jaka.cpp:(.text+0x50f): undefined reference to `JAKAZuRobot::servo_move_enable(int, int)'
/usr/bin/ld: CMakeFiles/arm_driver_node.dir/src/jaka.cpp.o: in function `JAKA::disableMunip()':
jaka.cpp:(.text+0x53c): undefined reference to `JAKAZuRobot::servo_move_enable(int, int)'
/usr/bin/ld: jaka.cpp:(.text+0x552): undefined reference to `JAKAZuRobot::servo_move_enable(int, int)'
/usr/bin/ld: jaka.cpp:(.text+0x55e): undefined reference to `JAKAZuRobot::disable_robot()'
/usr/bin/ld: CMakeFiles/arm_driver_node.dir/src/jaka.cpp.o: in function `JAKA::setJoint(std::vector<double, std::allocator<double> > const&, std::vector<double, std::allocator<double> > const&)':
jaka.cpp:(.text+0x7f7): undefined reference to `JAKAZuRobot::edg_servo_j(unsigned char, JointValue const*, MoveMode, unsigned int)'
/usr/bin/ld: jaka.cpp:(.text+0x821): undefined reference to `JAKAZuRobot::edg_servo_j(unsigned char, JointValue const*, MoveMode, unsigned int)'
/usr/bin/ld: jaka.cpp:(.text+0x830): undefined reference to `JAKAZuRobot::edg_send()'
/usr/bin/ld: CMakeFiles/arm_driver_node.dir/src/jaka.cpp.o: in function `JAKA::setCartesian(std::vector<double, std::allocator<double> > const&, std::vector<double, std::allocator<double> > const&)':
jaka.cpp:(.text+0xa79): undefined reference to `JAKAZuRobot::edg_servo_p(unsigned char, CartesianPose const*, MoveMode, unsigned int)'
/usr/bin/ld: jaka.cpp:(.text+0xaa3): undefined reference to `JAKAZuRobot::edg_servo_p(unsigned char, CartesianPose const*, MoveMode, unsigned int)'
/usr/bin/ld: jaka.cpp:(.text+0xab2): undefined reference to `JAKAZuRobot::edg_send()'
/usr/bin/ld: CMakeFiles/arm_driver_node.dir/src/jaka.cpp.o: in function `JAKA::getMotorActual(std::vector<double, std::allocator<double> >&)':
jaka.cpp:(.text+0xb68): undefined reference to `JAKAZuRobot::edg_recv(timespec*)'
/usr/bin/ld: jaka.cpp:(.text+0xbd6): undefined reference to `JAKAZuRobot::edg_get_stat(unsigned char, JointValue*, CartesianPose*)'
/usr/bin/ld: CMakeFiles/arm_driver_node.dir/src/jaka.cpp.o: in function `JAKA::getMotorActual(std::vector<double, std::allocator<double> >&, std::vector<double, std::allocator<double> >&, std::vector<double, std::allocator<double> >&, std::vector<double, std::allocator<double> >&)':
jaka.cpp:(.text+0xf35): undefined reference to `JAKAZuRobot::edg_recv(timespec*)'
/usr/bin/ld: jaka.cpp:(.text+0xf65): undefined reference to `JAKAZuRobot::edg_get_stat(unsigned char, JointValue*, CartesianPose*)'
/usr/bin/ld: jaka.cpp:(.text+0x100a): undefined reference to `JAKAZuRobot::edg_recv(timespec*)'
/usr/bin/ld: jaka.cpp:(.text+0x103a): undefined reference to `JAKAZuRobot::edg_get_stat(unsigned char, JointValue*, CartesianPose*)'
/usr/bin/ld: CMakeFiles/arm_driver_node.dir/src/jaka.cpp.o: in function `JAKA::getError()':
jaka.cpp:(.text+0x15ca): undefined reference to `JAKAZuRobot::robot_is_in_error(int*)'
/usr/bin/ld: CMakeFiles/arm_driver_node.dir/src/jaka.cpp.o: in function `JAKA::clearError()':
jaka.cpp:(.text+0x165c): undefined reference to `JAKAZuRobot::robot_is_in_error(int*)'
/usr/bin/ld: jaka.cpp:(.text+0x16cf): undefined reference to `JAKAZuRobot::get_last_error(ErrorCode*)'
/usr/bin/ld: jaka.cpp:(.text+0x1722): undefined reference to `JAKAZuRobot::clear_error()'
/usr/bin/ld: CMakeFiles/arm_driver_node.dir/src/jaka.cpp.o: in function `JAKA::getMotorStatus()':
jaka.cpp:(.text+0x1778): undefined reference to `JAKAZuRobot::get_robot_state(RobotState*)'
collect2: error: ld returned 1 exit status
gmake[2]: *** [CMakeFiles/arm_driver_node.dir/build.make:191：arm_driver_node] 错误 1
running egg_info
gmake[1]: *** [CMakeFiles/Makefile2:593：CMakeFiles/arm_driver_node.dir/all] 错误 2
gmake[1]: *** 正在等待未完成的任务....
writing driver.egg-info/PKG-INFO
writing dependency_links to driver.egg-info/dependency_links.txt
writing top-level names to driver.egg-info/top_level.txt
reading manifest file 'driver.egg-info/SOURCES.txt'
writing manifest file 'driver.egg-info/SOURCES.txt'
[ 95%] Built target ament_cmake_python_build_driver_egg
gmake: *** [Makefile:146：all] 错误 2
