[0.008s] Invoking command in '/home/user/qiaoyin/build/whl_system': CMAKE_PREFIX_PATH=/opt/ros/humble /usr/bin/cmake --build /home/user/qiaoyin/build/whl_system -- -j24 -l24
[0.043s] [  2%] Built target whl_system__cpp
[0.044s] [ 12%] Built target whl_system__rosidl_generator_c
[0.051s] [ 12%] Built target ament_cmake_python_copy_whl_system
[0.059s] [ 30%] Built target whl_system__rosidl_typesupport_cpp
[0.060s] [ 32%] Built target whl_system__rosidl_typesupport_c
[0.060s] [ 42%] Built target whl_system__rosidl_typesupport_introspection_cpp
[0.060s] [ 53%] Built target whl_system__rosidl_typesupport_fastrtps_cpp
[0.060s] [ 63%] Built target whl_system__rosidl_typesupport_introspection_c
[0.063s] [ 73%] Built target whl_system__rosidl_typesupport_fastrtps_c
[0.065s] [35m[1mConsolidate compiler generated dependencies of target wheelloong_system_node[0m
[0.077s] [ 75%] [32mBuilding CXX object CMakeFiles/wheelloong_system_node.dir/src/main.cpp.o[0m
[0.078s] [ 75%] Built target whl_system
[0.092s] [ 77%] Built target whl_system__py
[0.109s] [ 85%] Built target whl_system__rosidl_generator_py
[0.127s] [ 97%] Built target whl_system__rosidl_typesupport_fastrtps_c__pyext
[0.127s] [ 97%] Built target whl_system__rosidl_typesupport_introspection_c__pyext
[0.127s] [ 97%] Built target whl_system__rosidl_typesupport_c__pyext
[0.196s] running egg_info
[0.197s] writing whl_system.egg-info/PKG-INFO
[0.197s] writing dependency_links to whl_system.egg-info/dependency_links.txt
[0.197s] writing top-level names to whl_system.egg-info/top_level.txt
[0.198s] reading manifest file 'whl_system.egg-info/SOURCES.txt'
[0.199s] writing manifest file 'whl_system.egg-info/SOURCES.txt'
[0.216s] [ 97%] Built target ament_cmake_python_build_whl_system_egg
[1.374s] In file included from [01m[K/home/user/qiaoyin/src/whl_system/src/main.cpp:1[m[K:
[1.374s] [01m[K/home/user/qiaoyin/src/whl_system/src/wheelloong_system.h:18:5:[m[K [01;31m[Kerror: [m[Kstorage class specified for ‘[01m[Kfsm[m[K’
[1.374s]    18 |     [01;31m[Kextern[m[K FsmClass fsm;
[1.374s]       |     [01;31m[K^~~~~~[m[K
[1.375s] [01m[K/home/user/qiaoyin/src/whl_system/src/main.cpp:[m[K In function ‘[01m[Kint main()[m[K’:
[1.376s] [01m[K/home/user/qiaoyin/src/whl_system/src/main.cpp:6:16:[m[K [01;31m[Kerror: [m[K‘[01m[Kclass std::shared_ptr<WheelloongSystem>[m[K’ has no member named ‘[01m[Krun[m[K’
[1.376s]     6 |     system_ptr.[01;31m[Krun[m[K();
[1.376s]       |                [01;31m[K^~~[m[K
[1.582s] In file included from [01m[K/usr/include/x86_64-linux-gnu/c++/11/bits/c++allocator.h:33[m[K,
[1.582s]                  from [01m[K/usr/include/c++/11/bits/allocator.h:46[m[K,
[1.582s]                  from [01m[K/usr/include/c++/11/string:41[m[K,
[1.582s]                  from [01m[K/usr/include/c++/11/bits/locale_classes.h:40[m[K,
[1.582s]                  from [01m[K/usr/include/c++/11/bits/ios_base.h:41[m[K,
[1.582s]                  from [01m[K/usr/include/c++/11/ios:42[m[K,
[1.582s]                  from [01m[K/usr/include/c++/11/ostream:38[m[K,
[1.582s]                  from [01m[K/usr/include/c++/11/iostream:39[m[K,
[1.582s]                  from [01m[K/home/user/qiaoyin/src/whl_system/src/wheelloong_system.h:2[m[K,
[1.582s]                  from [01m[K/home/user/qiaoyin/src/whl_system/src/main.cpp:1[m[K:
[1.582s] /usr/include/c++/11/ext/new_allocator.h: In instantiation of ‘[01m[Kvoid __gnu_cxx::new_allocator<_Tp>::construct(_Up*, _Args&& ...) [with _Up = WheelloongSystem; _Args = {}; _Tp = WheelloongSystem][m[K’:
[1.582s] [01m[K/usr/include/c++/11/bits/alloc_traits.h:516:17:[m[K   required from ‘[01m[Kstatic void std::allocator_traits<std::allocator<_CharT> >::construct(std::allocator_traits<std::allocator<_CharT> >::allocator_type&, _Up*, _Args&& ...) [with _Up = WheelloongSystem; _Args = {}; _Tp = WheelloongSystem; std::allocator_traits<std::allocator<_CharT> >::allocator_type = std::allocator<WheelloongSystem>][m[K’
[1.582s] [01m[K/usr/include/c++/11/bits/shared_ptr_base.h:519:39:[m[K   required from ‘[01m[Kstd::_Sp_counted_ptr_inplace<_Tp, _Alloc, _Lp>::_Sp_counted_ptr_inplace(_Alloc, _Args&& ...) [with _Args = {}; _Tp = WheelloongSystem; _Alloc = std::allocator<WheelloongSystem>; __gnu_cxx::_Lock_policy _Lp = __gnu_cxx::_S_atomic][m[K’
[1.582s] [01m[K/usr/include/c++/11/bits/shared_ptr_base.h:650:16:[m[K   required from ‘[01m[Kstd::__shared_count<_Lp>::__shared_count(_Tp*&, std::_Sp_alloc_shared_tag<_Alloc>, _Args&& ...) [with _Tp = WheelloongSystem; _Alloc = std::allocator<WheelloongSystem>; _Args = {}; __gnu_cxx::_Lock_policy _Lp = __gnu_cxx::_S_atomic][m[K’
[1.582s] [01m[K/usr/include/c++/11/bits/shared_ptr_base.h:1342:14:[m[K   required from ‘[01m[Kstd::__shared_ptr<_Tp, _Lp>::__shared_ptr(std::_Sp_alloc_shared_tag<_Tp>, _Args&& ...) [with _Alloc = std::allocator<WheelloongSystem>; _Args = {}; _Tp = WheelloongSystem; __gnu_cxx::_Lock_policy _Lp = __gnu_cxx::_S_atomic][m[K’
[1.582s] [01m[K/usr/include/c++/11/bits/shared_ptr.h:409:59:[m[K   required from ‘[01m[Kstd::shared_ptr<_Tp>::shared_ptr(std::_Sp_alloc_shared_tag<_Tp>, _Args&& ...) [with _Alloc = std::allocator<WheelloongSystem>; _Args = {}; _Tp = WheelloongSystem][m[K’
[1.582s] [01m[K/usr/include/c++/11/bits/shared_ptr.h:862:14:[m[K   required from ‘[01m[Kstd::shared_ptr<_Tp> std::allocate_shared(const _Alloc&, _Args&& ...) [with _Tp = WheelloongSystem; _Alloc = std::allocator<WheelloongSystem>; _Args = {}][m[K’
[1.582s] [01m[K/usr/include/c++/11/bits/shared_ptr.h:878:39:[m[K   required from ‘[01m[Kstd::shared_ptr<_Tp> std::make_shared(_Args&& ...) [with _Tp = WheelloongSystem; _Args = {}][m[K’
[1.582s] [01m[K/home/user/qiaoyin/src/whl_system/src/main.cpp:5:52:[m[K   required from here
[1.582s] [01m[K/usr/include/c++/11/ext/new_allocator.h:162:11:[m[K [01;31m[Kerror: [m[Kno matching function for call to ‘[01m[KWheelloongSystem::WheelloongSystem()[m[K’
[1.582s]   162 |         { [01;31m[K::new((void *)__p) _Up(std::forward<_Args>(__args)...)[m[K; }
[1.582s]       |           [01;31m[K^~~~~~~~~~~~~~~~~~~~~~~~~~~~~~~~~~~~~~~~~~~~~~~~~~~~~~[m[K
[1.582s] In file included from [01m[K/home/user/qiaoyin/src/whl_system/src/main.cpp:1[m[K:
[1.582s] [01m[K/home/user/qiaoyin/src/whl_system/src/wheelloong_system.h:12:5:[m[K [01;36m[Knote: [m[Kcandidate: ‘[01m[KWheelloongSystem::WheelloongSystem(rclcpp::Node::SharedPtr)[m[K’
[1.582s]    12 |     [01;36m[KWheelloongSystem[m[K(rclcpp::Node::SharedPtr node);
[1.582s]       |     [01;36m[K^~~~~~~~~~~~~~~~[m[K
[1.582s] [01m[K/home/user/qiaoyin/src/whl_system/src/wheelloong_system.h:12:5:[m[K [01;36m[Knote: [m[K  candidate expects 1 argument, 0 provided
[1.582s] [01m[K/home/user/qiaoyin/src/whl_system/src/wheelloong_system.h:9:7:[m[K [01;36m[Knote: [m[Kcandidate: ‘[01m[KWheelloongSystem::WheelloongSystem(const WheelloongSystem&)[m[K’
[1.582s]     9 | class [01;36m[KWheelloongSystem[m[K
[1.582s]       |       [01;36m[K^~~~~~~~~~~~~~~~[m[K
[1.582s] [01m[K/home/user/qiaoyin/src/whl_system/src/wheelloong_system.h:9:7:[m[K [01;36m[Knote: [m[K  candidate expects 1 argument, 0 provided
[1.582s] [01m[K/home/user/qiaoyin/src/whl_system/src/wheelloong_system.h:9:7:[m[K [01;36m[Knote: [m[Kcandidate: ‘[01m[KWheelloongSystem::WheelloongSystem(WheelloongSystem&&)[m[K’
[1.582s] [01m[K/home/user/qiaoyin/src/whl_system/src/wheelloong_system.h:9:7:[m[K [01;36m[Knote: [m[K  candidate expects 1 argument, 0 provided
[1.620s] gmake[2]: *** [CMakeFiles/wheelloong_system_node.dir/build.make:76：CMakeFiles/wheelloong_system_node.dir/src/main.cpp.o] 错误 1
[1.621s] gmake[1]: *** [CMakeFiles/Makefile2:593：CMakeFiles/wheelloong_system_node.dir/all] 错误 2
[1.621s] gmake: *** [Makefile:146：all] 错误 2
[1.622s] Invoked command in '/home/user/qiaoyin/build/whl_system' returned '2': CMAKE_PREFIX_PATH=/opt/ros/humble /usr/bin/cmake --build /home/user/qiaoyin/build/whl_system -- -j24 -l24
