[0.013s] Invoking command in '/home/user/qiaoyin/build/wheelloong_utillity': CMAKE_PREFIX_PATH=/opt/ros/humble /usr/bin/cmake --build /home/user/qiaoyin/build/wheelloong_utillity -- -j24 -l24
[0.020s] -- Found ament_cmake: 1.3.11 (/opt/ros/humble/share/ament_cmake/cmake)
[0.098s] -- Found rclcpp: 16.0.11 (/opt/ros/humble/share/rclcpp/cmake)
[0.114s] -- Found rosidl_generator_c: 3.1.6 (/opt/ros/humble/share/rosidl_generator_c/cmake)
[0.116s] -- Found rosidl_adapter: 3.1.6 (/opt/ros/humble/share/rosidl_adapter/cmake)
[0.120s] -- Found rosidl_generator_cpp: 3.1.6 (/opt/ros/humble/share/rosidl_generator_cpp/cmake)
[0.126s] -- Using all available rosidl_typesupport_c: rosidl_typesupport_fastrtps_c;rosidl_typesupport_introspection_c
[0.134s] -- Using all available rosidl_typesupport_cpp: rosidl_typesupport_fastrtps_cpp;rosidl_typesupport_introspection_cpp
[0.152s] -- Found rmw_implementation_cmake: 6.1.2 (/opt/ros/humble/share/rmw_implementation_cmake/cmake)
[0.153s] -- Found rmw_fastrtps_cpp: 6.2.7 (/opt/ros/humble/share/rmw_fastrtps_cpp/cmake)
[0.209s] -- Using RMW implementation 'rmw_fastrtps_cpp' as default
[0.243s] -- Configuring incomplete, errors occurred!
[0.243s] See also "/home/user/qiaoyin/build/wheelloong_utillity/CMakeFiles/CMakeOutput.log".
[0.243s] [31mCMake Error at CMakeLists.txt:16 (find_package):
[0.243s]   By not providing "Findament_lint_auto.cmake" in CMAKE_MODULE_PATH this
[0.243s]   project has asked CMake to find a package configuration file provided by
[0.243s]   "ament_lint_auto", but CMake did not find one.
[0.243s] 
[0.243s]   Could not find a package configuration file provided by "ament_lint_auto"
[0.243s]   with any of the following names:
[0.243s] 
[0.243s]     ament_lint_autoConfig.cmake
[0.244s]     ament_lint_auto-config.cmake
[0.244s] 
[0.244s]   Add the installation prefix of "ament_lint_auto" to CMAKE_PREFIX_PATH or
[0.244s]   set "ament_lint_auto_DIR" to a directory containing one of the above files.
[0.244s]   If "ament_lint_auto" provides a separate development package or SDK, be
[0.244s]   sure it has been installed.
[0.244s] 
[0.244s] [0m
[0.246s] gmake: *** [Makefile:226：cmake_check_build_system] 错误 1
