[0.010s] Invoking command in '/home/user/qiaoyin/build/whl_system': CMAKE_PREFIX_PATH=/opt/ros/humble /usr/bin/cmake --build /home/user/qiaoyin/build/whl_system -- -j24 -l24
[0.044s] [  2%] Built target whl_system__cpp
[0.044s] [ 12%] Built target whl_system__rosidl_generator_c
[0.052s] [ 12%] Built target ament_cmake_python_copy_whl_system
[0.059s] [ 42%] Built target whl_system__rosidl_typesupport_introspection_cpp
[0.059s] [ 42%] Built target whl_system__rosidl_typesupport_fastrtps_c
[0.059s] [ 42%] Built target whl_system__rosidl_typesupport_introspection_c
[0.060s] [ 52%] Built target whl_system__rosidl_typesupport_c
[0.060s] [ 72%] Built target whl_system__rosidl_typesupport_fastrtps_cpp
[0.060s] [ 72%] Built target whl_system__rosidl_typesupport_cpp
[0.076s] [ 72%] Built target whl_system
[0.079s] [ 74%] [32mBuilding CXX object CMakeFiles/wheelloong_system_node.dir/src/main.cpp.o[0m
[0.079s] [ 76%] [32mBuilding CXX object CMakeFiles/wheelloong_system_node.dir/src/wheelloong_system.cpp.o[0m
[0.091s] [ 78%] Built target whl_system__py
[0.109s] [ 86%] Built target whl_system__rosidl_generator_py
[0.124s] [ 90%] Built target whl_system__rosidl_typesupport_c__pyext
[0.127s] [ 94%] Built target whl_system__rosidl_typesupport_fastrtps_c__pyext
[0.127s] [ 98%] Built target whl_system__rosidl_typesupport_introspection_c__pyext
[0.200s] running egg_info
[0.201s] writing whl_system.egg-info/PKG-INFO
[0.201s] writing dependency_links to whl_system.egg-info/dependency_links.txt
[0.201s] writing top-level names to whl_system.egg-info/top_level.txt
[0.202s] reading manifest file 'whl_system.egg-info/SOURCES.txt'
[0.203s] writing manifest file 'whl_system.egg-info/SOURCES.txt'
[0.220s] [ 98%] Built target ament_cmake_python_build_whl_system_egg
[1.706s] [100%] [32m[1mLinking CXX executable wheelloong_system_node[0m
[1.765s] /usr/bin/ld: CMakeFiles/wheelloong_system_node.dir/src/wheelloong_system.cpp.o: in function `WheelloongSystem::WheelloongSystem()':
[1.765s] wheelloong_system.cpp:(.text+0x28): undefined reference to `FsmClass::FsmClass()'
[1.765s] /usr/bin/ld: wheelloong_system.cpp:(.text+0xc6): undefined reference to `FsmClass::~FsmClass()'
[1.765s] /usr/bin/ld: CMakeFiles/wheelloong_system_node.dir/src/wheelloong_system.cpp.o: in function `WheelloongSystem::~WheelloongSystem()':
[1.765s] wheelloong_system.cpp:(.text+0x118): undefined reference to `FsmClass::~FsmClass()'
[1.768s] collect2: error: ld returned 1 exit status
[1.769s] gmake[2]: *** [CMakeFiles/wheelloong_system_node.dir/build.make:175：wheelloong_system_node] 错误 1
[1.770s] gmake[1]: *** [CMakeFiles/Makefile2:593：CMakeFiles/wheelloong_system_node.dir/all] 错误 2
[1.770s] gmake: *** [Makefile:146：all] 错误 2
[1.772s] Invoked command in '/home/user/qiaoyin/build/whl_system' returned '2': CMAKE_PREFIX_PATH=/opt/ros/humble /usr/bin/cmake --build /home/user/qiaoyin/build/whl_system -- -j24 -l24
