[0.009s] Invoking command in '/home/user/qiaoyin/build/whl_system': CMAKE_PREFIX_PATH=/opt/ros/humble /usr/bin/cmake --build /home/user/qiaoyin/build/whl_system -- -j24 -l24
[0.041s] [  2%] Built target whl_system__cpp
[0.044s] [ 12%] Built target whl_system__rosidl_generator_c
[0.048s] [ 12%] Built target ament_cmake_python_copy_whl_system
[0.057s] [ 22%] Built target whl_system__rosidl_typesupport_introspection_c
[0.057s] [ 42%] Built target whl_system__rosidl_typesupport_introspection_cpp
[0.057s] [ 42%] Built target whl_system__rosidl_typesupport_fastrtps_cpp
[0.057s] [ 53%] Built target whl_system__rosidl_typesupport_cpp
[0.058s] [ 63%] Built target whl_system__rosidl_typesupport_c
[0.059s] [ 73%] Built target whl_system__rosidl_typesupport_fastrtps_c
[0.066s] [35m[1mConsolidate compiler generated dependencies of target wheelloong_system_node[0m
[0.072s] [ 73%] Built target whl_system
[0.078s] [ 75%] [32mBuilding CXX object CMakeFiles/wheelloong_system_node.dir/src/main.cpp.o[0m
[0.085s] [ 77%] Built target whl_system__py
[0.100s] [ 85%] Built target whl_system__rosidl_generator_py
[0.118s] [ 89%] Built target whl_system__rosidl_typesupport_c__pyext
[0.118s] [ 93%] Built target whl_system__rosidl_typesupport_fastrtps_c__pyext
[0.118s] [ 97%] Built target whl_system__rosidl_typesupport_introspection_c__pyext
[0.192s] running egg_info
[0.192s] writing whl_system.egg-info/PKG-INFO
[0.192s] writing dependency_links to whl_system.egg-info/dependency_links.txt
[0.192s] writing top-level names to whl_system.egg-info/top_level.txt
[0.194s] reading manifest file 'whl_system.egg-info/SOURCES.txt'
[0.194s] writing manifest file 'whl_system.egg-info/SOURCES.txt'
[0.212s] [ 97%] Built target ament_cmake_python_build_whl_system_egg
[1.664s] [100%] [32m[1mLinking CXX executable wheelloong_system_node[0m
[1.714s] /usr/bin/ld: CMakeFiles/wheelloong_system_node.dir/src/main.cpp.o: in function `main':
[1.714s] main.cpp:(.text+0x67): undefined reference to `WheelloongSystem::run()'
[1.714s] /usr/bin/ld: CMakeFiles/wheelloong_system_node.dir/src/main.cpp.o: in function `void __gnu_cxx::new_allocator<WheelloongSystem>::construct<WheelloongSystem>(WheelloongSystem*)':
[1.715s] main.cpp:(.text._ZN9__gnu_cxx13new_allocatorI16WheelloongSystemE9constructIS1_JEEEvPT_DpOT0_[_ZN9__gnu_cxx13new_allocatorI16WheelloongSystemE9constructIS1_JEEEvPT_DpOT0_]+0x31): undefined reference to `WheelloongSystem::WheelloongSystem()'
[1.715s] /usr/bin/ld: CMakeFiles/wheelloong_system_node.dir/src/main.cpp.o: in function `WheelloongSystem::~WheelloongSystem()':
[1.715s] main.cpp:(.text._ZN16WheelloongSystemD2Ev[_ZN16WheelloongSystemD5Ev]+0x28): undefined reference to `FsmClass::~FsmClass()'
[1.717s] collect2: error: ld returned 1 exit status
[1.718s] gmake[2]: *** [CMakeFiles/wheelloong_system_node.dir/build.make:159：wheelloong_system_node] 错误 1
[1.718s] gmake[1]: *** [CMakeFiles/Makefile2:593：CMakeFiles/wheelloong_system_node.dir/all] 错误 2
[1.719s] gmake: *** [Makefile:146：all] 错误 2
[1.720s] Invoked command in '/home/user/qiaoyin/build/whl_system' returned '2': CMAKE_PREFIX_PATH=/opt/ros/humble /usr/bin/cmake --build /home/user/qiaoyin/build/whl_system -- -j24 -l24
