[  2%] Built target whl_system__cpp
[ 12%] Built target whl_system__rosidl_generator_c
[ 12%] Built target ament_cmake_python_copy_whl_system
[ 32%] Built target whl_system__rosidl_typesupport_fastrtps_c
[ 32%] Built target whl_system__rosidl_typesupport_c
[ 42%] Built target whl_system__rosidl_typesupport_cpp
[ 60%] Built target whl_system__rosidl_typesupport_introspection_c
[ 62%] Built target whl_system__rosidl_typesupport_fastrtps_cpp
[ 72%] Built target whl_system__rosidl_typesupport_introspection_cpp
[35m[1mConsolidate compiler generated dependencies of target wheelloong_system_node[0m
[ 72%] Built target whl_system
[ 74%] [32mBuilding CXX object CMakeFiles/wheelloong_system_node.dir/src/wheelloong_system.cpp.o[0m
[ 76%] Built target whl_system__py
[ 84%] Built target whl_system__rosidl_generator_py
[ 92%] Built target whl_system__rosidl_typesupport_introspection_c__pyext
[ 92%] Built target whl_system__rosidl_typesupport_fastrtps_c__pyext
[ 96%] Built target whl_system__rosidl_typesupport_c__pyext
running egg_info
writing whl_system.egg-info/PKG-INFO
writing dependency_links to whl_system.egg-info/dependency_links.txt
writing top-level names to whl_system.egg-info/top_level.txt
reading manifest file 'whl_system.egg-info/SOURCES.txt'
writing manifest file 'whl_system.egg-info/SOURCES.txt'
[ 96%] Built target ament_cmake_python_build_whl_system_egg
[01m[K/home/user/qiaoyin/src/whl_system/src/wheelloong_system.cpp:19:19:[m[K [01;31m[Kerror: [m[Kno declaration matches ‘[01m[Kwhl::outputStruct WheelloongSystem::dwdate()[m[K’
   19 | whl::outputStruct [01;31m[KWheelloongSystem[m[K::dwdate()
      |                   [01;31m[K^~~~~~~~~~~~~~~~[m[K
In file included from [01m[K/home/user/qiaoyin/src/whl_system/src/wheelloong_system.cpp:1[m[K:
[01m[K/home/user/qiaoyin/src/whl_system/src/wheelloong_system.h:16:10:[m[K [01;36m[Knote: [m[Kcandidate is: ‘[01m[Kvoid WheelloongSystem::dwdate()[m[K’
   16 |     void [01;36m[Kdwdate[m[K();
      |          [01;36m[K^~~~~~[m[K
[01m[K/home/user/qiaoyin/src/whl_system/src/wheelloong_system.h:9:7:[m[K [01;36m[Knote: [m[K‘[01m[Kclass WheelloongSystem[m[K’ defined here
    9 | class [01;36m[KWheelloongSystem[m[K
      |       [01;36m[K^~~~~~~~~~~~~~~~[m[K
gmake[2]: *** [CMakeFiles/wheelloong_system_node.dir/build.make:90：CMakeFiles/wheelloong_system_node.dir/src/wheelloong_system.cpp.o] 错误 1
gmake[1]: *** [CMakeFiles/Makefile2:593：CMakeFiles/wheelloong_system_node.dir/all] 错误 2
gmake: *** [Makefile:146：all] 错误 2
