[  2%] Built target whl_system__cpp
[ 12%] Built target whl_system__rosidl_generator_c
[ 12%] Built target ament_cmake_python_copy_whl_system
[ 42%] Built target whl_system__rosidl_typesupport_introspection_cpp
[ 42%] Built target whl_system__rosidl_typesupport_cpp
[ 42%] Built target whl_system__rosidl_typesupport_c
[ 52%] Built target whl_system__rosidl_typesupport_fastrtps_cpp
[ 62%] Built target whl_system__rosidl_typesupport_introspection_c
[ 72%] Built target whl_system__rosidl_typesupport_fastrtps_c
[35m[1mConsolidate compiler generated dependencies of target wheelloong_system_node[0m
[ 72%] Built target whl_system
[ 74%] [32mBuilding CXX object CMakeFiles/wheelloong_system_node.dir/src/wheelloong_system.cpp.o[0m
[ 76%] Built target whl_system__py
[ 84%] Built target whl_system__rosidl_generator_py
[ 88%] Built target whl_system__rosidl_typesupport_c__pyext
[ 92%] Built target whl_system__rosidl_typesupport_fastrtps_c__pyext
[ 96%] Built target whl_system__rosidl_typesupport_introspection_c__pyext
running egg_info
writing whl_system.egg-info/PKG-INFO
writing dependency_links to whl_system.egg-info/dependency_links.txt
writing top-level names to whl_system.egg-info/top_level.txt
reading manifest file 'whl_system.egg-info/SOURCES.txt'
writing manifest file 'whl_system.egg-info/SOURCES.txt'
[ 96%] Built target ament_cmake_python_build_whl_system_egg
[ 98%] [32m[1mLinking CXX executable wheelloong_system_node[0m
