[0.010s] Invoking command in '/home/user/qiaoyin/build/driver': CMAKE_PREFIX_PATH=/opt/ros/humble /usr/bin/cmake --build /home/user/qiaoyin/build/driver -- -j24 -l24
[0.047s] [ 10%] Built target driver__rosidl_generator_c
[0.047s] [ 11%] Built target driver__cpp
[0.055s] [ 11%] Built target ament_cmake_python_copy_driver
[0.062s] [ 22%] Built target driver__rosidl_typesupport_c
[0.063s] [ 32%] Built target driver__rosidl_typesupport_fastrtps_c
[0.066s] [ 56%] Built target driver__rosidl_typesupport_fastrtps_cpp
[0.066s] [ 64%] Built target driver__rosidl_typesupport_introspection_c
[0.066s] [ 64%] Built target driver__rosidl_typesupport_introspection_cpp
[0.069s] [ 74%] Built target driver__rosidl_typesupport_cpp
[0.079s] [35m[1mConsolidate compiler generated dependencies of target arm_driver_node[0m
[0.083s] [ 74%] Built target driver
[0.093s] [ 76%] [32mBuilding CXX object CMakeFiles/arm_driver_node.dir/src/jaka.cpp.o[0m
[0.093s] [ 77%] [32mBuilding CXX object CMakeFiles/arm_driver_node.dir/src/main.cpp.o[0m
[0.094s] [ 79%] [32mBuilding CXX object CMakeFiles/arm_driver_node.dir/src/arm_driver_node.cpp.o[0m
[0.101s] [ 80%] Built target driver__py
[0.123s] [ 89%] Built target driver__rosidl_generator_py
[0.143s] [ 92%] Built target driver__rosidl_typesupport_c__pyext
[0.144s] [ 95%] Built target driver__rosidl_typesupport_introspection_c__pyext
[0.145s] [ 98%] Built target driver__rosidl_typesupport_fastrtps_c__pyext
[0.210s] running egg_info
[0.210s] writing driver.egg-info/PKG-INFO
[0.210s] writing dependency_links to driver.egg-info/dependency_links.txt
[0.210s] writing top-level names to driver.egg-info/top_level.txt
[0.212s] reading manifest file 'driver.egg-info/SOURCES.txt'
[0.212s] writing manifest file 'driver.egg-info/SOURCES.txt'
[0.229s] [ 98%] Built target ament_cmake_python_build_driver_egg
[1.482s] [01m[K/home/user/qiaoyin/src/driver/src/arm_driver_node.cpp:[m[K In member function ‘[01m[Kvoid ArmDriverNode::publish_arm_info_callback()[m[K’:
[1.482s] [01m[K/home/user/qiaoyin/src/driver/src/arm_driver_node.cpp:33:31:[m[K [01;31m[Kerror: [m[Kcannot convert ‘[01m[Kstd::vector<float>[m[K’ to ‘[01m[Kstd::vector<double>&[m[K’
[1.482s]    33 |     if (!jaka_.getMotorActual([01;31m[Kjoint_values[m[K)) {
[1.482s]       |                               [01;31m[K^~~~~~~~~~~~[m[K
[1.482s]       |                               [01;31m[K|[m[K
[1.482s]       |                               [01;31m[Kstd::vector<float>[m[K
[1.482s] In file included from [01m[K/home/user/qiaoyin/src/driver/src/arm_driver_node.h:3[m[K,
[1.483s]                  from [01m[K/home/user/qiaoyin/src/driver/src/arm_driver_node.cpp:1[m[K:
[1.483s] [01m[K/home/user/qiaoyin/src/driver/src/jaka.h:78:46:[m[K [01;36m[Knote: [m[K  initializing argument 1 of ‘[01m[Kbool JAKA::getMotorActual(std::vector<double>&)[m[K’
[1.483s]    78 |     bool getMotorActual([01;36m[Kstd::vector<double> &actJointVel[m[K);
[1.483s]       |                         [01;36m[K~~~~~~~~~~~~~~~~~~~~~^~~~~~~~~~~[m[K
[1.483s] [01m[K/home/user/qiaoyin/src/driver/src/arm_driver_node.cpp:40:29:[m[K [01;31m[Kerror: [m[K‘[01m[Kusing _left_arm_joints_type = struct std::array<double, 7>[m[K’ {aka ‘[01m[Kstruct std::array<double, 7>[m[K’} has no member named ‘[01m[Kassign[m[K’
[1.483s]    40 |         msg.left_arm_joints.[01;31m[Kassign[m[K(joint_values.begin(), joint_values.begin() + 7);
[1.483s]       |                             [01;31m[K^~~~~~[m[K
[1.483s] [01m[K/home/user/qiaoyin/src/driver/src/arm_driver_node.cpp:41:30:[m[K [01;31m[Kerror: [m[K‘[01m[Kusing _right_arm_joints_type = struct std::array<double, 7>[m[K’ {aka ‘[01m[Kstruct std::array<double, 7>[m[K’} has no member named ‘[01m[Kassign[m[K’
[1.483s]    41 |         msg.right_arm_joints.[01;31m[Kassign[m[K(joint_values.begin() + 7, joint_values.end());
[1.483s]       |                              [01;31m[K^~~~~~[m[K
[1.483s] In file included from [01m[K/opt/ros/humble/include/rclcpp/rclcpp/logging.hpp:24[m[K,
[1.483s]                  from [01m[K/opt/ros/humble/include/rclcpp/rclcpp/client.hpp:40[m[K,
[1.483s]                  from [01m[K/opt/ros/humble/include/rclcpp/rclcpp/callback_group.hpp:24[m[K,
[1.483s]                  from [01m[K/opt/ros/humble/include/rclcpp/rclcpp/any_executable.hpp:20[m[K,
[1.483s]                  from [01m[K/opt/ros/humble/include/rclcpp/rclcpp/memory_strategy.hpp:25[m[K,
[1.483s]                  from [01m[K/opt/ros/humble/include/rclcpp/rclcpp/memory_strategies.hpp:18[m[K,
[1.483s]                  from [01m[K/opt/ros/humble/include/rclcpp/rclcpp/executor_options.hpp:20[m[K,
[1.483s]                  from [01m[K/opt/ros/humble/include/rclcpp/rclcpp/executor.hpp:37[m[K,
[1.483s]                  from [01m[K/opt/ros/humble/include/rclcpp/rclcpp/executors/multi_threaded_executor.hpp:25[m[K,
[1.483s]                  from [01m[K/opt/ros/humble/include/rclcpp/rclcpp/executors.hpp:21[m[K,
[1.483s]                  from [01m[K/opt/ros/humble/include/rclcpp/rclcpp/rclcpp.hpp:155[m[K,
[1.483s]                  from [01m[K/home/user/qiaoyin/src/driver/src/arm_driver_node.h:5[m[K,
[1.484s]                  from [01m[K/home/user/qiaoyin/src/driver/src/arm_driver_node.cpp:1[m[K:
[1.484s] [01m[K/home/user/qiaoyin/src/driver/src/arm_driver_node.cpp:43:41:[m[K [01;35m[Kwarning: [m[Kformat ‘[01m[K%d[m[K’ expects argument of type ‘[01m[Kint[m[K’, but argument 5 has type ‘[01m[Kstd::vector<float>::size_type[m[K’ {aka ‘[01m[Klong unsigned int[m[K’} [[01;35m[K]8;;https://gcc.gnu.org/onlinedocs/gcc/Warning-Options.html#index-Wformat=-Wformat=]8;;[m[K]
[1.484s]    43 |         RCLCPP_WARN(this->get_logger(), [01;35m[K"Invalid joint data size: %d"[m[K, [32m[Kjoint_values.size()[m[K);
[1.484s]       |                                         [01;35m[K^~~~~~~~~~~~~~~~~~~~~~~~~~~~~[m[K  [32m[K~~~~~~~~~~~~~~~~~~~[m[K
[1.484s]       |                                                                                         [32m[K|[m[K
[1.484s]       |                                                                                         [32m[Kstd::vector<float>::size_type {aka long unsigned int}[m[K
[1.484s] [01m[K/home/user/qiaoyin/src/driver/src/arm_driver_node.cpp:43:68:[m[K [01;36m[Knote: [m[Kformat string is defined here
[1.484s]    43 |         RCLCPP_WARN(this->get_logger(), "Invalid joint data size: [01;36m[K%d[m[K", joint_values.size());
[1.484s]       |                                                                   [01;36m[K~^[m[K
[1.484s]       |                                                                    [01;36m[K|[m[K
[1.484s]       |                                                                    [01;36m[Kint[m[K
[1.484s]       |                                                                   [32m[K%ld[m[K
[1.484s] [01m[K/home/user/qiaoyin/src/driver/src/arm_driver_node.cpp:51:23:[m[K [01;31m[Kerror: [m[K‘[01m[KCartesianPose JAKA::curCart [2][m[K’ is private within this context
[1.484s]    51 |                 jaka_.[01;31m[KcurCart[m[K[i].tran.x,
[1.484s]       |                       [01;31m[K^~~~~~~[m[K
[1.484s] In file included from [01m[K/home/user/qiaoyin/src/driver/src/arm_driver_node.h:3[m[K,
[1.484s]                  from [01m[K/home/user/qiaoyin/src/driver/src/arm_driver_node.cpp:1[m[K:
[1.484s] [01m[K/home/user/qiaoyin/src/driver/src/jaka.h:36:19:[m[K [01;36m[Knote: [m[Kdeclared private here
[1.484s]    36 |     CartesianPose [01;36m[KcurCart[m[K[2];
[1.484s]       |                   [01;36m[K^~~~~~~[m[K
[1.484s] [01m[K/home/user/qiaoyin/src/driver/src/arm_driver_node.cpp:52:23:[m[K [01;31m[Kerror: [m[K‘[01m[KCartesianPose JAKA::curCart [2][m[K’ is private within this context
[1.484s]    52 |                 jaka_.[01;31m[KcurCart[m[K[i].tran.y,
[1.484s]       |                       [01;31m[K^~~~~~~[m[K
[1.484s] In file included from [01m[K/home/user/qiaoyin/src/driver/src/arm_driver_node.h:3[m[K,
[1.484s]                  from [01m[K/home/user/qiaoyin/src/driver/src/arm_driver_node.cpp:1[m[K:
[1.484s] [01m[K/home/user/qiaoyin/src/driver/src/jaka.h:36:19:[m[K [01;36m[Knote: [m[Kdeclared private here
[1.484s]    36 |     CartesianPose [01;36m[KcurCart[m[K[2];
[1.484s]       |                   [01;36m[K^~~~~~~[m[K
[1.484s] [01m[K/home/user/qiaoyin/src/driver/src/arm_driver_node.cpp:53:23:[m[K [01;31m[Kerror: [m[K‘[01m[KCartesianPose JAKA::curCart [2][m[K’ is private within this context
[1.484s]    53 |                 jaka_.[01;31m[KcurCart[m[K[i].tran.z,
[1.484s]       |                       [01;31m[K^~~~~~~[m[K
[1.484s] In file included from [01m[K/home/user/qiaoyin/src/driver/src/arm_driver_node.h:3[m[K,
[1.484s]                  from [01m[K/home/user/qiaoyin/src/driver/src/arm_driver_node.cpp:1[m[K:
[1.484s] [01m[K/home/user/qiaoyin/src/driver/src/jaka.h:36:19:[m[K [01;36m[Knote: [m[Kdeclared private here
[1.484s]    36 |     CartesianPose [01;36m[KcurCart[m[K[2];
[1.484s]       |                   [01;36m[K^~~~~~~[m[K
[1.484s] [01m[K/home/user/qiaoyin/src/driver/src/arm_driver_node.cpp:54:23:[m[K [01;31m[Kerror: [m[K‘[01m[KCartesianPose JAKA::curCart [2][m[K’ is private within this context
[1.484s]    54 |                 jaka_.[01;31m[KcurCart[m[K[i].rpy.rx,
[1.484s]       |                       [01;31m[K^~~~~~~[m[K
[1.484s] In file included from [01m[K/home/user/qiaoyin/src/driver/src/arm_driver_node.h:3[m[K,
[1.484s]                  from [01m[K/home/user/qiaoyin/src/driver/src/arm_driver_node.cpp:1[m[K:
[1.485s] [01m[K/home/user/qiaoyin/src/driver/src/jaka.h:36:19:[m[K [01;36m[Knote: [m[Kdeclared private here
[1.485s]    36 |     CartesianPose [01;36m[KcurCart[m[K[2];
[1.485s]       |                   [01;36m[K^~~~~~~[m[K
[1.485s] [01m[K/home/user/qiaoyin/src/driver/src/arm_driver_node.cpp:55:23:[m[K [01;31m[Kerror: [m[K‘[01m[KCartesianPose JAKA::curCart [2][m[K’ is private within this context
[1.485s]    55 |                 jaka_.[01;31m[KcurCart[m[K[i].rpy.ry,
[1.485s]       |                       [01;31m[K^~~~~~~[m[K
[1.485s] In file included from [01m[K/home/user/qiaoyin/src/driver/src/arm_driver_node.h:3[m[K,
[1.485s]                  from [01m[K/home/user/qiaoyin/src/driver/src/arm_driver_node.cpp:1[m[K:
[1.485s] [01m[K/home/user/qiaoyin/src/driver/src/jaka.h:36:19:[m[K [01;36m[Knote: [m[Kdeclared private here
[1.485s]    36 |     CartesianPose [01;36m[KcurCart[m[K[2];
[1.485s]       |                   [01;36m[K^~~~~~~[m[K
[1.485s] [01m[K/home/user/qiaoyin/src/driver/src/arm_driver_node.cpp:56:23:[m[K [01;31m[Kerror: [m[K‘[01m[KCartesianPose JAKA::curCart [2][m[K’ is private within this context
[1.485s]    56 |                 jaka_.[01;31m[KcurCart[m[K[i].rpy.rz
[1.485s]       |                       [01;31m[K^~~~~~~[m[K
[1.485s] In file included from [01m[K/home/user/qiaoyin/src/driver/src/arm_driver_node.h:3[m[K,
[1.485s]                  from [01m[K/home/user/qiaoyin/src/driver/src/arm_driver_node.cpp:1[m[K:
[1.485s] [01m[K/home/user/qiaoyin/src/driver/src/jaka.h:36:19:[m[K [01;36m[Knote: [m[Kdeclared private here
[1.485s]    36 |     CartesianPose [01;36m[KcurCart[m[K[2];
[1.485s]       |                   [01;36m[K^~~~~~~[m[K
[1.485s] [01m[K/home/user/qiaoyin/src/driver/src/arm_driver_node.cpp:60:23:[m[K [01;31m[Kerror: [m[K‘[01m[KCartesianPose JAKA::curCart [2][m[K’ is private within this context
[1.485s]    60 |                 jaka_.[01;31m[KcurCart[m[K[i].tran.x,
[1.485s]       |                       [01;31m[K^~~~~~~[m[K
[1.485s] In file included from [01m[K/home/user/qiaoyin/src/driver/src/arm_driver_node.h:3[m[K,
[1.485s]                  from [01m[K/home/user/qiaoyin/src/driver/src/arm_driver_node.cpp:1[m[K:
[1.485s] [01m[K/home/user/qiaoyin/src/driver/src/jaka.h:36:19:[m[K [01;36m[Knote: [m[Kdeclared private here
[1.485s]    36 |     CartesianPose [01;36m[KcurCart[m[K[2];
[1.485s]       |                   [01;36m[K^~~~~~~[m[K
[1.485s] [01m[K/home/user/qiaoyin/src/driver/src/arm_driver_node.cpp:61:23:[m[K [01;31m[Kerror: [m[K‘[01m[KCartesianPose JAKA::curCart [2][m[K’ is private within this context
[1.485s]    61 |                 jaka_.[01;31m[KcurCart[m[K[i].tran.y,
[1.485s]       |                       [01;31m[K^~~~~~~[m[K
[1.485s] In file included from [01m[K/home/user/qiaoyin/src/driver/src/arm_driver_node.h:3[m[K,
[1.485s]                  from [01m[K/home/user/qiaoyin/src/driver/src/arm_driver_node.cpp:1[m[K:
[1.485s] [01m[K/home/user/qiaoyin/src/driver/src/jaka.h:36:19:[m[K [01;36m[Knote: [m[Kdeclared private here
[1.485s]    36 |     CartesianPose [01;36m[KcurCart[m[K[2];
[1.485s]       |                   [01;36m[K^~~~~~~[m[K
[1.485s] [01m[K/home/user/qiaoyin/src/driver/src/arm_driver_node.cpp:62:23:[m[K [01;31m[Kerror: [m[K‘[01m[KCartesianPose JAKA::curCart [2][m[K’ is private within this context
[1.485s]    62 |                 jaka_.[01;31m[KcurCart[m[K[i].tran.z,
[1.485s]       |                       [01;31m[K^~~~~~~[m[K
[1.485s] In file included from [01m[K/home/user/qiaoyin/src/driver/src/arm_driver_node.h:3[m[K,
[1.485s]                  from [01m[K/home/user/qiaoyin/src/driver/src/arm_driver_node.cpp:1[m[K:
[1.485s] [01m[K/home/user/qiaoyin/src/driver/src/jaka.h:36:19:[m[K [01;36m[Knote: [m[Kdeclared private here
[1.485s]    36 |     CartesianPose [01;36m[KcurCart[m[K[2];
[1.485s]       |                   [01;36m[K^~~~~~~[m[K
[1.486s] [01m[K/home/user/qiaoyin/src/driver/src/arm_driver_node.cpp:63:23:[m[K [01;31m[Kerror: [m[K‘[01m[KCartesianPose JAKA::curCart [2][m[K’ is private within this context
[1.486s]    63 |                 jaka_.[01;31m[KcurCart[m[K[i].rpy.rx,
[1.486s]       |                       [01;31m[K^~~~~~~[m[K
[1.486s] In file included from [01m[K/home/user/qiaoyin/src/driver/src/arm_driver_node.h:3[m[K,
[1.486s]                  from [01m[K/home/user/qiaoyin/src/driver/src/arm_driver_node.cpp:1[m[K:
[1.486s] [01m[K/home/user/qiaoyin/src/driver/src/jaka.h:36:19:[m[K [01;36m[Knote: [m[Kdeclared private here
[1.486s]    36 |     CartesianPose [01;36m[KcurCart[m[K[2];
[1.486s]       |                   [01;36m[K^~~~~~~[m[K
[1.486s] [01m[K/home/user/qiaoyin/src/driver/src/arm_driver_node.cpp:64:23:[m[K [01;31m[Kerror: [m[K‘[01m[KCartesianPose JAKA::curCart [2][m[K’ is private within this context
[1.486s]    64 |                 jaka_.[01;31m[KcurCart[m[K[i].rpy.ry,
[1.486s]       |                       [01;31m[K^~~~~~~[m[K
[1.486s] In file included from [01m[K/home/user/qiaoyin/src/driver/src/arm_driver_node.h:3[m[K,
[1.486s]                  from [01m[K/home/user/qiaoyin/src/driver/src/arm_driver_node.cpp:1[m[K:
[1.486s] [01m[K/home/user/qiaoyin/src/driver/src/jaka.h:36:19:[m[K [01;36m[Knote: [m[Kdeclared private here
[1.486s]    36 |     CartesianPose [01;36m[KcurCart[m[K[2];
[1.486s]       |                   [01;36m[K^~~~~~~[m[K
[1.486s] [01m[K/home/user/qiaoyin/src/driver/src/arm_driver_node.cpp:65:23:[m[K [01;31m[Kerror: [m[K‘[01m[KCartesianPose JAKA::curCart [2][m[K’ is private within this context
[1.486s]    65 |                 jaka_.[01;31m[KcurCart[m[K[i].rpy.rz
[1.486s]       |                       [01;31m[K^~~~~~~[m[K
[1.486s] In file included from [01m[K/home/user/qiaoyin/src/driver/src/arm_driver_node.h:3[m[K,
[1.486s]                  from [01m[K/home/user/qiaoyin/src/driver/src/arm_driver_node.cpp:1[m[K:
[1.486s] [01m[K/home/user/qiaoyin/src/driver/src/jaka.h:36:19:[m[K [01;36m[Knote: [m[Kdeclared private here
[1.486s]    36 |     CartesianPose [01;36m[KcurCart[m[K[2];
[1.486s]       |                   [01;36m[K^~~~~~~[m[K
[1.486s] [01m[K/home/user/qiaoyin/src/driver/src/arm_driver_node.cpp:71:24:[m[K [01;31m[Kerror: [m[K‘[01m[Kdouble JAKA::vel [2][m[K’ is private within this context
[1.486s]    71 |     msg.speed = {jaka_.[01;31m[Kvel[m[K[0], jaka_.vel[1]};
[1.486s]       |                        [01;31m[K^~~[m[K
[1.486s] In file included from [01m[K/home/user/qiaoyin/src/driver/src/arm_driver_node.h:3[m[K,
[1.486s]                  from [01m[K/home/user/qiaoyin/src/driver/src/arm_driver_node.cpp:1[m[K:
[1.486s] [01m[K/home/user/qiaoyin/src/driver/src/jaka.h:29:12:[m[K [01;36m[Knote: [m[Kdeclared private here
[1.486s]    29 |     double [01;36m[Kvel[m[K[2] = {1, 1};
[1.486s]       |            [01;36m[K^~~[m[K
[1.486s] [01m[K/home/user/qiaoyin/src/driver/src/arm_driver_node.cpp:71:38:[m[K [01;31m[Kerror: [m[K‘[01m[Kdouble JAKA::vel [2][m[K’ is private within this context
[1.486s]    71 |     msg.speed = {jaka_.vel[0], jaka_.[01;31m[Kvel[m[K[1]};
[1.486s]       |                                      [01;31m[K^~~[m[K
[1.486s] In file included from [01m[K/home/user/qiaoyin/src/driver/src/arm_driver_node.h:3[m[K,
[1.486s]                  from [01m[K/home/user/qiaoyin/src/driver/src/arm_driver_node.cpp:1[m[K:
[1.486s] [01m[K/home/user/qiaoyin/src/driver/src/jaka.h:29:12:[m[K [01;36m[Knote: [m[Kdeclared private here
[1.486s]    29 |     double [01;36m[Kvel[m[K[2] = {1, 1};
[1.486s]       |            [01;36m[K^~~[m[K
[1.961s] gmake[2]: *** [CMakeFiles/arm_driver_node.dir/build.make:76：CMakeFiles/arm_driver_node.dir/src/arm_driver_node.cpp.o] 错误 1
[1.961s] gmake[1]: *** [CMakeFiles/Makefile2:593：CMakeFiles/arm_driver_node.dir/all] 错误 2
[1.961s] gmake: *** [Makefile:146：all] 错误 2
[1.963s] Invoked command in '/home/user/qiaoyin/build/driver' returned '2': CMAKE_PREFIX_PATH=/opt/ros/humble /usr/bin/cmake --build /home/user/qiaoyin/build/driver -- -j24 -l24
