[35m[1mConsolidate compiler generated dependencies of target driver__rosidl_generator_c[0m
[  1%] Built target driver__cpp
[ 12%] Built target driver__rosidl_generator_c
[ 12%] Built target ament_cmake_python_copy_driver
[35m[1mConsolidate compiler generated dependencies of target driver__rosidl_typesupport_c[0m
[35m[1mConsolidate compiler generated dependencies of target driver__rosidl_typesupport_introspection_c[0m
[35m[1mConsolidate compiler generated dependencies of target driver__rosidl_typesupport_cpp[0m
[35m[1mConsolidate compiler generated dependencies of target driver__rosidl_typesupport_introspection_cpp[0m
[35m[1mConsolidate compiler generated dependencies of target driver__rosidl_typesupport_fastrtps_cpp[0m
[35m[1mConsolidate compiler generated dependencies of target driver__rosidl_typesupport_fastrtps_c[0m
[ 23%] Built target driver__rosidl_typesupport_c
[ 33%] Built target driver__rosidl_typesupport_introspection_c
[ 44%] Built target driver__rosidl_typesupport_fastrtps_cpp
[ 66%] Built target driver__rosidl_typesupport_cpp
[ 66%] Built target driver__rosidl_typesupport_introspection_cpp
[ 76%] Built target driver__rosidl_typesupport_fastrtps_c
[35m[1mConsolidate compiler generated dependencies of target arm_driver_node[0m
[ 76%] Built target driver
[ 78%] [32mBuilding CXX object CMakeFiles/arm_driver_node.dir/src/jaka.cpp.o[0m
[ 80%] Built target driver__py
[ 81%] [32mBuilding C object CMakeFiles/driver__rosidl_generator_py.dir/rosidl_generator_py/driver/srv/_arm_set_joints_s.c.o[0m
[ 83%] [32mBuilding C object CMakeFiles/driver__rosidl_generator_py.dir/rosidl_generator_py/driver/msg/_arm_info_s.c.o[0m
[ 84%] [32mBuilding C object CMakeFiles/driver__rosidl_generator_py.dir/rosidl_generator_py/driver/srv/_arm_set_cart_s.c.o[0m
[ 86%] [32mBuilding C object CMakeFiles/driver__rosidl_generator_py.dir/rosidl_generator_py/driver/msg/_agv_info_s.c.o[0m
[ 87%] [32mBuilding C object CMakeFiles/driver__rosidl_generator_py.dir/rosidl_generator_py/driver/msg/_gripper_info_s.c.o[0m
running egg_info
writing driver.egg-info/PKG-INFO
writing dependency_links to driver.egg-info/dependency_links.txt
writing top-level names to driver.egg-info/top_level.txt
reading manifest file 'driver.egg-info/SOURCES.txt'
writing manifest file 'driver.egg-info/SOURCES.txt'
[ 89%] [32m[1mLinking C shared library rosidl_generator_py/driver/libdriver__rosidl_generator_py.so[0m
[ 89%] Built target ament_cmake_python_build_driver_egg
[ 89%] Built target driver__rosidl_generator_py
[ 90%] [32mBuilding C object CMakeFiles/driver__rosidl_typesupport_introspection_c__pyext.dir/rosidl_generator_py/driver/_driver_s.ep.rosidl_typesupport_introspection_c.c.o[0m
[ 92%] [32mBuilding C object CMakeFiles/driver__rosidl_typesupport_c__pyext.dir/rosidl_generator_py/driver/_driver_s.ep.rosidl_typesupport_c.c.o[0m
[ 93%] [32mBuilding C object CMakeFiles/driver__rosidl_typesupport_fastrtps_c__pyext.dir/rosidl_generator_py/driver/_driver_s.ep.rosidl_typesupport_fastrtps_c.c.o[0m
[ 95%] [32m[1mLinking C shared library rosidl_generator_py/driver/driver_s__rosidl_typesupport_introspection_c.cpython-310-x86_64-linux-gnu.so[0m
[ 96%] [32m[1mLinking C shared library rosidl_generator_py/driver/driver_s__rosidl_typesupport_c.cpython-310-x86_64-linux-gnu.so[0m
[ 98%] [32m[1mLinking C shared library rosidl_generator_py/driver/driver_s__rosidl_typesupport_fastrtps_c.cpython-310-x86_64-linux-gnu.so[0m
[ 98%] Built target driver__rosidl_typesupport_introspection_c__pyext
[ 98%] Built target driver__rosidl_typesupport_c__pyext
[ 98%] Built target driver__rosidl_typesupport_fastrtps_c__pyext
