[0.063s] DEBUG:colcon:Command line arguments: ['/usr/bin/colcon', 'build']
[0.063s] DEBUG:colcon:Parsed command line arguments: Namespace(log_base=None, log_level=None, verb_name='build', build_base='build', install_base='install', merge_install=False, symlink_install=False, test_result_base=None, continue_on_error=False, executor='parallel', parallel_workers=24, event_handlers=None, ignore_user_meta=False, metas=['./colcon.meta'], base_paths=['.'], packages_ignore=None, packages_ignore_regex=None, paths=None, packages_up_to=None, packages_up_to_regex=None, packages_above=None, packages_above_and_dependencies=None, packages_above_depth=None, packages_select_by_dep=None, packages_skip_by_dep=None, packages_skip_up_to=None, packages_select_build_failed=False, packages_skip_build_finished=False, packages_select_test_failures=False, packages_skip_test_passed=False, packages_select=None, packages_skip=None, packages_select_regex=None, packages_skip_regex=None, packages_start=None, packages_end=None, allow_overriding=[], cmake_args=None, cmake_target=None, cmake_target_skip_unavailable=False, cmake_clean_cache=False, cmake_clean_first=False, cmake_force_configure=False, ament_cmake_args=None, catkin_cmake_args=None, catkin_skip_building_tests=False, mixin_files=None, mixin=None, verb_parser=<colcon_mixin.mixin.mixin_argument.MixinArgumentDecorator object at 0x7c507aa65270>, verb_extension=<colcon_core.verb.build.BuildVerb object at 0x7c507aa643d0>, main=<bound method BuildVerb.main of <colcon_core.verb.build.BuildVerb object at 0x7c507aa643d0>>, mixin_verb=('build',))
[0.151s] Level 1:colcon.colcon_core.package_discovery:discover_packages(colcon_meta) check parameters
[0.151s] Level 1:colcon.colcon_core.package_discovery:discover_packages(recursive) check parameters
[0.151s] Level 1:colcon.colcon_core.package_discovery:discover_packages(ignore) check parameters
[0.151s] Level 1:colcon.colcon_core.package_discovery:discover_packages(path) check parameters
[0.151s] Level 1:colcon.colcon_core.package_discovery:discover_packages(colcon_meta) discover
[0.151s] Level 1:colcon.colcon_core.package_discovery:discover_packages(recursive) discover
[0.151s] INFO:colcon.colcon_core.package_discovery:Crawling recursively for packages in '/home/user/qiaoyin'
[0.151s] Level 1:colcon.colcon_core.package_identification:_identify(.) by extensions ['ignore', 'ignore_ament_install']
[0.151s] Level 1:colcon.colcon_core.package_identification:_identify(.) by extension 'ignore'
[0.151s] Level 1:colcon.colcon_core.package_identification:_identify(.) by extension 'ignore_ament_install'
[0.151s] Level 1:colcon.colcon_core.package_identification:_identify(.) by extensions ['colcon_pkg']
[0.151s] Level 1:colcon.colcon_core.package_identification:_identify(.) by extension 'colcon_pkg'
[0.151s] Level 1:colcon.colcon_core.package_identification:_identify(.) by extensions ['colcon_meta']
[0.151s] Level 1:colcon.colcon_core.package_identification:_identify(.) by extension 'colcon_meta'
[0.151s] Level 1:colcon.colcon_core.package_identification:_identify(.) by extensions ['ros']
[0.151s] Level 1:colcon.colcon_core.package_identification:_identify(.) by extension 'ros'
[0.158s] Level 1:colcon.colcon_core.package_identification:_identify(.) by extensions ['cmake', 'python']
[0.158s] Level 1:colcon.colcon_core.package_identification:_identify(.) by extension 'cmake'
[0.158s] Level 1:colcon.colcon_core.package_identification:_identify(.) by extension 'python'
[0.158s] Level 1:colcon.colcon_core.package_identification:_identify(.) by extensions ['python_setup_py']
[0.158s] Level 1:colcon.colcon_core.package_identification:_identify(.) by extension 'python_setup_py'
[0.158s] Level 1:colcon.colcon_core.package_identification:_identify(build) by extensions ['ignore', 'ignore_ament_install']
[0.158s] Level 1:colcon.colcon_core.package_identification:_identify(build) by extension 'ignore'
[0.158s] Level 1:colcon.colcon_core.package_identification:_identify(build) ignored
[0.158s] Level 1:colcon.colcon_core.package_identification:_identify(install) by extensions ['ignore', 'ignore_ament_install']
[0.158s] Level 1:colcon.colcon_core.package_identification:_identify(install) by extension 'ignore'
[0.158s] Level 1:colcon.colcon_core.package_identification:_identify(install) ignored
[0.158s] Level 1:colcon.colcon_core.package_identification:_identify(log) by extensions ['ignore', 'ignore_ament_install']
[0.159s] Level 1:colcon.colcon_core.package_identification:_identify(log) by extension 'ignore'
[0.159s] Level 1:colcon.colcon_core.package_identification:_identify(log) ignored
[0.159s] Level 1:colcon.colcon_core.package_identification:_identify(src) by extensions ['ignore', 'ignore_ament_install']
[0.159s] Level 1:colcon.colcon_core.package_identification:_identify(src) by extension 'ignore'
[0.159s] Level 1:colcon.colcon_core.package_identification:_identify(src) by extension 'ignore_ament_install'
[0.159s] Level 1:colcon.colcon_core.package_identification:_identify(src) by extensions ['colcon_pkg']
[0.159s] Level 1:colcon.colcon_core.package_identification:_identify(src) by extension 'colcon_pkg'
[0.159s] Level 1:colcon.colcon_core.package_identification:_identify(src) by extensions ['colcon_meta']
[0.159s] Level 1:colcon.colcon_core.package_identification:_identify(src) by extension 'colcon_meta'
[0.159s] Level 1:colcon.colcon_core.package_identification:_identify(src) by extensions ['ros']
[0.159s] Level 1:colcon.colcon_core.package_identification:_identify(src) by extension 'ros'
[0.159s] Level 1:colcon.colcon_core.package_identification:_identify(src) by extensions ['cmake', 'python']
[0.159s] Level 1:colcon.colcon_core.package_identification:_identify(src) by extension 'cmake'
[0.159s] Level 1:colcon.colcon_core.package_identification:_identify(src) by extension 'python'
[0.159s] Level 1:colcon.colcon_core.package_identification:_identify(src) by extensions ['python_setup_py']
[0.159s] Level 1:colcon.colcon_core.package_identification:_identify(src) by extension 'python_setup_py'
[0.159s] Level 1:colcon.colcon_core.package_identification:_identify(src/driver) by extensions ['ignore', 'ignore_ament_install']
[0.159s] Level 1:colcon.colcon_core.package_identification:_identify(src/driver) by extension 'ignore'
[0.159s] Level 1:colcon.colcon_core.package_identification:_identify(src/driver) by extension 'ignore_ament_install'
[0.159s] Level 1:colcon.colcon_core.package_identification:_identify(src/driver) by extensions ['colcon_pkg']
[0.159s] Level 1:colcon.colcon_core.package_identification:_identify(src/driver) by extension 'colcon_pkg'
[0.159s] Level 1:colcon.colcon_core.package_identification:_identify(src/driver) by extensions ['colcon_meta']
[0.159s] Level 1:colcon.colcon_core.package_identification:_identify(src/driver) by extension 'colcon_meta'
[0.159s] Level 1:colcon.colcon_core.package_identification:_identify(src/driver) by extensions ['ros']
[0.159s] Level 1:colcon.colcon_core.package_identification:_identify(src/driver) by extension 'ros'
[0.160s] DEBUG:colcon.colcon_core.package_identification:Package 'src/driver' with type 'ros.ament_cmake' and name 'driver'
[0.161s] Level 1:colcon.colcon_core.package_identification:_identify(src/interface) by extensions ['ignore', 'ignore_ament_install']
[0.161s] Level 1:colcon.colcon_core.package_identification:_identify(src/interface) by extension 'ignore'
[0.161s] Level 1:colcon.colcon_core.package_identification:_identify(src/interface) by extension 'ignore_ament_install'
[0.161s] Level 1:colcon.colcon_core.package_identification:_identify(src/interface) by extensions ['colcon_pkg']
[0.161s] Level 1:colcon.colcon_core.package_identification:_identify(src/interface) by extension 'colcon_pkg'
[0.161s] Level 1:colcon.colcon_core.package_identification:_identify(src/interface) by extensions ['colcon_meta']
[0.161s] Level 1:colcon.colcon_core.package_identification:_identify(src/interface) by extension 'colcon_meta'
[0.161s] Level 1:colcon.colcon_core.package_identification:_identify(src/interface) by extensions ['ros']
[0.161s] Level 1:colcon.colcon_core.package_identification:_identify(src/interface) by extension 'ros'
[0.161s] DEBUG:colcon.colcon_core.package_identification:Package 'src/interface' with type 'ros.ament_cmake' and name 'interface'
[0.161s] Level 1:colcon.colcon_core.package_identification:_identify(src/system) by extensions ['ignore', 'ignore_ament_install']
[0.161s] Level 1:colcon.colcon_core.package_identification:_identify(src/system) by extension 'ignore'
[0.161s] Level 1:colcon.colcon_core.package_identification:_identify(src/system) by extension 'ignore_ament_install'
[0.161s] Level 1:colcon.colcon_core.package_identification:_identify(src/system) by extensions ['colcon_pkg']
[0.161s] Level 1:colcon.colcon_core.package_identification:_identify(src/system) by extension 'colcon_pkg'
[0.161s] Level 1:colcon.colcon_core.package_identification:_identify(src/system) by extensions ['colcon_meta']
[0.161s] Level 1:colcon.colcon_core.package_identification:_identify(src/system) by extension 'colcon_meta'
[0.161s] Level 1:colcon.colcon_core.package_identification:_identify(src/system) by extensions ['ros']
[0.161s] Level 1:colcon.colcon_core.package_identification:_identify(src/system) by extension 'ros'
[0.162s] DEBUG:colcon.colcon_core.package_identification:Package 'src/system' with type 'ros.ament_cmake' and name 'system'
[0.162s] Level 1:colcon.colcon_core.package_identification:_identify(src/whl_system) by extensions ['ignore', 'ignore_ament_install']
[0.162s] Level 1:colcon.colcon_core.package_identification:_identify(src/whl_system) by extension 'ignore'
[0.162s] Level 1:colcon.colcon_core.package_identification:_identify(src/whl_system) by extension 'ignore_ament_install'
[0.162s] Level 1:colcon.colcon_core.package_identification:_identify(src/whl_system) by extensions ['colcon_pkg']
[0.162s] Level 1:colcon.colcon_core.package_identification:_identify(src/whl_system) by extension 'colcon_pkg'
[0.162s] Level 1:colcon.colcon_core.package_identification:_identify(src/whl_system) by extensions ['colcon_meta']
[0.162s] Level 1:colcon.colcon_core.package_identification:_identify(src/whl_system) by extension 'colcon_meta'
[0.162s] Level 1:colcon.colcon_core.package_identification:_identify(src/whl_system) by extensions ['ros']
[0.162s] Level 1:colcon.colcon_core.package_identification:_identify(src/whl_system) by extension 'ros'
[0.162s] Level 1:colcon.colcon_core.package_identification:_identify(src/whl_system) by extensions ['cmake', 'python']
[0.162s] Level 1:colcon.colcon_core.package_identification:_identify(src/whl_system) by extension 'cmake'
[0.162s] Level 1:colcon.colcon_core.package_identification:_identify(src/whl_system) by extension 'python'
[0.162s] Level 1:colcon.colcon_core.package_identification:_identify(src/whl_system) by extensions ['python_setup_py']
[0.162s] Level 1:colcon.colcon_core.package_identification:_identify(src/whl_system) by extension 'python_setup_py'
[0.162s] Level 1:colcon.colcon_core.package_identification:_identify(src/whl_system/src) by extensions ['ignore', 'ignore_ament_install']
[0.162s] Level 1:colcon.colcon_core.package_identification:_identify(src/whl_system/src) by extension 'ignore'
[0.162s] Level 1:colcon.colcon_core.package_identification:_identify(src/whl_system/src) by extension 'ignore_ament_install'
[0.162s] Level 1:colcon.colcon_core.package_identification:_identify(src/whl_system/src) by extensions ['colcon_pkg']
[0.162s] Level 1:colcon.colcon_core.package_identification:_identify(src/whl_system/src) by extension 'colcon_pkg'
[0.162s] Level 1:colcon.colcon_core.package_identification:_identify(src/whl_system/src) by extensions ['colcon_meta']
[0.162s] Level 1:colcon.colcon_core.package_identification:_identify(src/whl_system/src) by extension 'colcon_meta'
[0.162s] Level 1:colcon.colcon_core.package_identification:_identify(src/whl_system/src) by extensions ['ros']
[0.162s] Level 1:colcon.colcon_core.package_identification:_identify(src/whl_system/src) by extension 'ros'
[0.162s] Level 1:colcon.colcon_core.package_identification:_identify(src/whl_system/src) by extensions ['cmake', 'python']
[0.162s] Level 1:colcon.colcon_core.package_identification:_identify(src/whl_system/src) by extension 'cmake'
[0.162s] Level 1:colcon.colcon_core.package_identification:_identify(src/whl_system/src) by extension 'python'
[0.162s] Level 1:colcon.colcon_core.package_identification:_identify(src/whl_system/src) by extensions ['python_setup_py']
[0.162s] Level 1:colcon.colcon_core.package_identification:_identify(src/whl_system/src) by extension 'python_setup_py'
[0.162s] Level 1:colcon.colcon_core.package_discovery:discover_packages(recursive) using defaults
[0.162s] Level 1:colcon.colcon_core.package_discovery:discover_packages(ignore) discover
[0.162s] Level 1:colcon.colcon_core.package_discovery:discover_packages(ignore) using defaults
[0.162s] Level 1:colcon.colcon_core.package_discovery:discover_packages(path) discover
[0.162s] Level 1:colcon.colcon_core.package_discovery:discover_packages(path) using defaults
[0.179s] Level 1:colcon.colcon_core.package_discovery:discover_packages(prefix_path) check parameters
[0.179s] Level 1:colcon.colcon_core.package_discovery:discover_packages(prefix_path) discover
[0.181s] DEBUG:colcon.colcon_installed_package_information.package_discovery:Found 271 installed packages in /opt/ros/humble
[0.181s] Level 1:colcon.colcon_core.package_discovery:discover_packages(prefix_path) using defaults
[0.203s] Level 5:colcon.colcon_core.verb:set package 'driver' build argument 'cmake_args' from command line to 'None'
[0.203s] Level 5:colcon.colcon_core.verb:set package 'driver' build argument 'cmake_target' from command line to 'None'
[0.203s] Level 5:colcon.colcon_core.verb:set package 'driver' build argument 'cmake_target_skip_unavailable' from command line to 'False'
[0.203s] Level 5:colcon.colcon_core.verb:set package 'driver' build argument 'cmake_clean_cache' from command line to 'False'
[0.203s] Level 5:colcon.colcon_core.verb:set package 'driver' build argument 'cmake_clean_first' from command line to 'False'
[0.203s] Level 5:colcon.colcon_core.verb:set package 'driver' build argument 'cmake_force_configure' from command line to 'False'
[0.203s] Level 5:colcon.colcon_core.verb:set package 'driver' build argument 'ament_cmake_args' from command line to 'None'
[0.203s] Level 5:colcon.colcon_core.verb:set package 'driver' build argument 'catkin_cmake_args' from command line to 'None'
[0.203s] Level 5:colcon.colcon_core.verb:set package 'driver' build argument 'catkin_skip_building_tests' from command line to 'False'
[0.203s] DEBUG:colcon.colcon_core.verb:Building package 'driver' with the following arguments: {'ament_cmake_args': None, 'build_base': '/home/user/qiaoyin/build/driver', 'catkin_cmake_args': None, 'catkin_skip_building_tests': False, 'cmake_args': None, 'cmake_clean_cache': False, 'cmake_clean_first': False, 'cmake_force_configure': False, 'cmake_target': None, 'cmake_target_skip_unavailable': False, 'install_base': '/home/user/qiaoyin/install/driver', 'merge_install': False, 'path': '/home/user/qiaoyin/src/driver', 'symlink_install': False, 'test_result_base': None}
[0.203s] Level 5:colcon.colcon_core.verb:set package 'interface' build argument 'cmake_args' from command line to 'None'
[0.203s] Level 5:colcon.colcon_core.verb:set package 'interface' build argument 'cmake_target' from command line to 'None'
[0.203s] Level 5:colcon.colcon_core.verb:set package 'interface' build argument 'cmake_target_skip_unavailable' from command line to 'False'
[0.203s] Level 5:colcon.colcon_core.verb:set package 'interface' build argument 'cmake_clean_cache' from command line to 'False'
[0.203s] Level 5:colcon.colcon_core.verb:set package 'interface' build argument 'cmake_clean_first' from command line to 'False'
[0.203s] Level 5:colcon.colcon_core.verb:set package 'interface' build argument 'cmake_force_configure' from command line to 'False'
[0.203s] Level 5:colcon.colcon_core.verb:set package 'interface' build argument 'ament_cmake_args' from command line to 'None'
[0.203s] Level 5:colcon.colcon_core.verb:set package 'interface' build argument 'catkin_cmake_args' from command line to 'None'
[0.203s] Level 5:colcon.colcon_core.verb:set package 'interface' build argument 'catkin_skip_building_tests' from command line to 'False'
[0.203s] DEBUG:colcon.colcon_core.verb:Building package 'interface' with the following arguments: {'ament_cmake_args': None, 'build_base': '/home/user/qiaoyin/build/interface', 'catkin_cmake_args': None, 'catkin_skip_building_tests': False, 'cmake_args': None, 'cmake_clean_cache': False, 'cmake_clean_first': False, 'cmake_force_configure': False, 'cmake_target': None, 'cmake_target_skip_unavailable': False, 'install_base': '/home/user/qiaoyin/install/interface', 'merge_install': False, 'path': '/home/user/qiaoyin/src/interface', 'symlink_install': False, 'test_result_base': None}
[0.204s] Level 5:colcon.colcon_core.verb:set package 'system' build argument 'cmake_args' from command line to 'None'
[0.204s] Level 5:colcon.colcon_core.verb:set package 'system' build argument 'cmake_target' from command line to 'None'
[0.204s] Level 5:colcon.colcon_core.verb:set package 'system' build argument 'cmake_target_skip_unavailable' from command line to 'False'
[0.204s] Level 5:colcon.colcon_core.verb:set package 'system' build argument 'cmake_clean_cache' from command line to 'False'
[0.204s] Level 5:colcon.colcon_core.verb:set package 'system' build argument 'cmake_clean_first' from command line to 'False'
[0.204s] Level 5:colcon.colcon_core.verb:set package 'system' build argument 'cmake_force_configure' from command line to 'False'
[0.204s] Level 5:colcon.colcon_core.verb:set package 'system' build argument 'ament_cmake_args' from command line to 'None'
[0.204s] Level 5:colcon.colcon_core.verb:set package 'system' build argument 'catkin_cmake_args' from command line to 'None'
[0.204s] Level 5:colcon.colcon_core.verb:set package 'system' build argument 'catkin_skip_building_tests' from command line to 'False'
[0.204s] DEBUG:colcon.colcon_core.verb:Building package 'system' with the following arguments: {'ament_cmake_args': None, 'build_base': '/home/user/qiaoyin/build/system', 'catkin_cmake_args': None, 'catkin_skip_building_tests': False, 'cmake_args': None, 'cmake_clean_cache': False, 'cmake_clean_first': False, 'cmake_force_configure': False, 'cmake_target': None, 'cmake_target_skip_unavailable': False, 'install_base': '/home/user/qiaoyin/install/system', 'merge_install': False, 'path': '/home/user/qiaoyin/src/system', 'symlink_install': False, 'test_result_base': None}
[0.204s] INFO:colcon.colcon_core.executor:Executing jobs using 'parallel' executor
[0.205s] DEBUG:colcon.colcon_parallel_executor.executor.parallel:run_until_complete
[0.205s] INFO:colcon.colcon_ros.task.ament_cmake.build:Building ROS package in '/home/user/qiaoyin/src/driver' with build type 'ament_cmake'
[0.205s] INFO:colcon.colcon_cmake.task.cmake.build:Building CMake package in '/home/user/qiaoyin/src/driver'
[0.206s] INFO:colcon.colcon_core.plugin_system:Skipping extension 'colcon_core.shell.bat': Not used on non-Windows systems
[0.207s] INFO:colcon.colcon_core.shell:Skip shell extension 'powershell' for command environment: Not usable outside of PowerShell
[0.207s] DEBUG:colcon.colcon_core.shell:Skip shell extension 'dsv' for command environment
[0.209s] INFO:colcon.colcon_ros.task.ament_cmake.build:Building ROS package in '/home/user/qiaoyin/src/interface' with build type 'ament_cmake'
[0.209s] INFO:colcon.colcon_cmake.task.cmake.build:Building CMake package in '/home/user/qiaoyin/src/interface'
[0.209s] INFO:colcon.colcon_core.shell:Skip shell extension 'powershell' for command environment: Not usable outside of PowerShell
[0.209s] DEBUG:colcon.colcon_core.shell:Skip shell extension 'dsv' for command environment
[0.211s] INFO:colcon.colcon_ros.task.ament_cmake.build:Building ROS package in '/home/user/qiaoyin/src/system' with build type 'ament_cmake'
[0.211s] INFO:colcon.colcon_cmake.task.cmake.build:Building CMake package in '/home/user/qiaoyin/src/system'
[0.211s] INFO:colcon.colcon_core.shell:Skip shell extension 'powershell' for command environment: Not usable outside of PowerShell
[0.211s] DEBUG:colcon.colcon_core.shell:Skip shell extension 'dsv' for command environment
[0.217s] DEBUG:colcon.colcon_core.event_handler.log_command:Invoking command in '/home/user/qiaoyin/build/driver': CMAKE_PREFIX_PATH=/opt/ros/humble /usr/bin/cmake --build /home/user/qiaoyin/build/driver -- -j24 -l24
[0.221s] DEBUG:colcon.colcon_core.event_handler.log_command:Invoking command in '/home/user/qiaoyin/build/interface': CMAKE_PREFIX_PATH=/opt/ros/humble /usr/bin/cmake --build /home/user/qiaoyin/build/interface -- -j24 -l24
[0.224s] DEBUG:colcon.colcon_core.event_handler.log_command:Invoking command in '/home/user/qiaoyin/build/system': CMAKE_PREFIX_PATH=/opt/ros/humble /usr/bin/cmake --build /home/user/qiaoyin/build/system -- -j24 -l24
[0.248s] DEBUG:colcon.colcon_core.event_handler.log_command:Invoked command in '/home/user/qiaoyin/build/interface' returned '0': CMAKE_PREFIX_PATH=/opt/ros/humble /usr/bin/cmake --build /home/user/qiaoyin/build/interface -- -j24 -l24
[0.256s] DEBUG:colcon.colcon_core.event_handler.log_command:Invoking command in '/home/user/qiaoyin/build/interface': CMAKE_PREFIX_PATH=/opt/ros/humble /usr/bin/cmake --install /home/user/qiaoyin/build/interface
[0.257s] DEBUG:colcon.colcon_core.event_handler.log_command:Invoked command in '/home/user/qiaoyin/build/system' returned '0': CMAKE_PREFIX_PATH=/opt/ros/humble /usr/bin/cmake --build /home/user/qiaoyin/build/system -- -j24 -l24
[0.258s] DEBUG:colcon.colcon_core.event_handler.log_command:Invoking command in '/home/user/qiaoyin/build/system': CMAKE_PREFIX_PATH=/opt/ros/humble /usr/bin/cmake --install /home/user/qiaoyin/build/system
[0.264s] Level 1:colcon.colcon_core.environment:create_environment_scripts_only(system)
[0.264s] DEBUG:colcon.colcon_core.event_handler.log_command:Invoked command in '/home/user/qiaoyin/build/system' returned '0': CMAKE_PREFIX_PATH=/opt/ros/humble /usr/bin/cmake --install /home/user/qiaoyin/build/system
[0.266s] Level 1:colcon.colcon_core.environment:checking '/home/user/qiaoyin/install/system' for CMake module files
[0.266s] Level 1:colcon.colcon_core.environment:checking '/home/user/qiaoyin/install/system' for CMake config files
[0.266s] Level 1:colcon.colcon_core.shell:create_environment_hook('system', 'cmake_prefix_path')
[0.266s] INFO:colcon.colcon_core.shell:Creating environment hook '/home/user/qiaoyin/install/system/share/system/hook/cmake_prefix_path.ps1'
[0.267s] INFO:colcon.colcon_core.shell:Creating environment descriptor '/home/user/qiaoyin/install/system/share/system/hook/cmake_prefix_path.dsv'
[0.267s] INFO:colcon.colcon_core.shell:Creating environment hook '/home/user/qiaoyin/install/system/share/system/hook/cmake_prefix_path.sh'
[0.268s] Level 1:colcon.colcon_core.environment:checking '/home/user/qiaoyin/install/system/bin'
[0.268s] Level 1:colcon.colcon_core.environment:checking '/home/user/qiaoyin/install/system/lib/pkgconfig/system.pc'
[0.268s] Level 1:colcon.colcon_core.environment:checking '/home/user/qiaoyin/install/system/lib/python3.10/site-packages'
[0.268s] Level 1:colcon.colcon_core.environment:checking '/home/user/qiaoyin/install/system/bin'
[0.269s] INFO:colcon.colcon_core.shell:Creating package script '/home/user/qiaoyin/install/system/share/system/package.ps1'
[0.269s] INFO:colcon.colcon_core.shell:Creating package descriptor '/home/user/qiaoyin/install/system/share/system/package.dsv'
[0.270s] INFO:colcon.colcon_core.shell:Creating package script '/home/user/qiaoyin/install/system/share/system/package.sh'
[0.270s] INFO:colcon.colcon_core.shell:Creating package script '/home/user/qiaoyin/install/system/share/system/package.bash'
[0.271s] INFO:colcon.colcon_core.shell:Creating package script '/home/user/qiaoyin/install/system/share/system/package.zsh'
[0.271s] Level 1:colcon.colcon_core.environment:create_file_with_runtime_dependencies(/home/user/qiaoyin/install/system/share/colcon-core/packages/system)
[0.272s] Level 1:colcon.colcon_core.environment:create_environment_scripts_only(system)
[0.272s] Level 1:colcon.colcon_core.environment:checking '/home/user/qiaoyin/install/system' for CMake module files
[0.272s] Level 1:colcon.colcon_core.environment:checking '/home/user/qiaoyin/install/system' for CMake config files
[0.272s] Level 1:colcon.colcon_core.shell:create_environment_hook('system', 'cmake_prefix_path')
[0.272s] INFO:colcon.colcon_core.shell:Creating environment hook '/home/user/qiaoyin/install/system/share/system/hook/cmake_prefix_path.ps1'
[0.273s] INFO:colcon.colcon_core.shell:Creating environment descriptor '/home/user/qiaoyin/install/system/share/system/hook/cmake_prefix_path.dsv'
[0.273s] INFO:colcon.colcon_core.shell:Creating environment hook '/home/user/qiaoyin/install/system/share/system/hook/cmake_prefix_path.sh'
[0.273s] Level 1:colcon.colcon_core.environment:checking '/home/user/qiaoyin/install/system/bin'
[0.273s] Level 1:colcon.colcon_core.environment:checking '/home/user/qiaoyin/install/system/lib/pkgconfig/system.pc'
[0.273s] Level 1:colcon.colcon_core.environment:checking '/home/user/qiaoyin/install/system/lib/python3.10/site-packages'
[0.274s] Level 1:colcon.colcon_core.environment:checking '/home/user/qiaoyin/install/system/bin'
[0.274s] INFO:colcon.colcon_core.shell:Creating package script '/home/user/qiaoyin/install/system/share/system/package.ps1'
[0.274s] INFO:colcon.colcon_core.shell:Creating package descriptor '/home/user/qiaoyin/install/system/share/system/package.dsv'
[0.274s] INFO:colcon.colcon_core.shell:Creating package script '/home/user/qiaoyin/install/system/share/system/package.sh'
[0.275s] INFO:colcon.colcon_core.shell:Creating package script '/home/user/qiaoyin/install/system/share/system/package.bash'
[0.275s] INFO:colcon.colcon_core.shell:Creating package script '/home/user/qiaoyin/install/system/share/system/package.zsh'
[0.275s] Level 1:colcon.colcon_core.environment:create_file_with_runtime_dependencies(/home/user/qiaoyin/install/system/share/colcon-core/packages/system)
[0.275s] Level 1:colcon.colcon_core.environment:create_environment_scripts_only(interface)
[0.276s] Level 1:colcon.colcon_core.environment:checking '/home/user/qiaoyin/install/interface' for CMake module files
[0.276s] DEBUG:colcon.colcon_core.event_handler.log_command:Invoked command in '/home/user/qiaoyin/build/interface' returned '0': CMAKE_PREFIX_PATH=/opt/ros/humble /usr/bin/cmake --install /home/user/qiaoyin/build/interface
[0.276s] Level 1:colcon.colcon_core.environment:checking '/home/user/qiaoyin/install/interface' for CMake config files
[0.277s] Level 1:colcon.colcon_core.shell:create_environment_hook('interface', 'cmake_prefix_path')
[0.277s] INFO:colcon.colcon_core.shell:Creating environment hook '/home/user/qiaoyin/install/interface/share/interface/hook/cmake_prefix_path.ps1'
[0.277s] INFO:colcon.colcon_core.shell:Creating environment descriptor '/home/user/qiaoyin/install/interface/share/interface/hook/cmake_prefix_path.dsv'
[0.277s] INFO:colcon.colcon_core.shell:Creating environment hook '/home/user/qiaoyin/install/interface/share/interface/hook/cmake_prefix_path.sh'
[0.278s] Level 1:colcon.colcon_core.environment:checking '/home/user/qiaoyin/install/interface/bin'
[0.278s] Level 1:colcon.colcon_core.environment:checking '/home/user/qiaoyin/install/interface/lib/pkgconfig/interface.pc'
[0.278s] Level 1:colcon.colcon_core.environment:checking '/home/user/qiaoyin/install/interface/lib/python3.10/site-packages'
[0.278s] Level 1:colcon.colcon_core.environment:checking '/home/user/qiaoyin/install/interface/bin'
[0.278s] INFO:colcon.colcon_core.shell:Creating package script '/home/user/qiaoyin/install/interface/share/interface/package.ps1'
[0.278s] INFO:colcon.colcon_core.shell:Creating package descriptor '/home/user/qiaoyin/install/interface/share/interface/package.dsv'
[0.279s] INFO:colcon.colcon_core.shell:Creating package script '/home/user/qiaoyin/install/interface/share/interface/package.sh'
[0.279s] INFO:colcon.colcon_core.shell:Creating package script '/home/user/qiaoyin/install/interface/share/interface/package.bash'
[0.279s] INFO:colcon.colcon_core.shell:Creating package script '/home/user/qiaoyin/install/interface/share/interface/package.zsh'
[0.279s] Level 1:colcon.colcon_core.environment:create_file_with_runtime_dependencies(/home/user/qiaoyin/install/interface/share/colcon-core/packages/interface)
[0.280s] Level 1:colcon.colcon_core.environment:create_environment_scripts_only(interface)
[0.280s] Level 1:colcon.colcon_core.environment:checking '/home/user/qiaoyin/install/interface' for CMake module files
[0.280s] Level 1:colcon.colcon_core.environment:checking '/home/user/qiaoyin/install/interface' for CMake config files
[0.280s] Level 1:colcon.colcon_core.shell:create_environment_hook('interface', 'cmake_prefix_path')
[0.280s] INFO:colcon.colcon_core.shell:Creating environment hook '/home/user/qiaoyin/install/interface/share/interface/hook/cmake_prefix_path.ps1'
[0.280s] INFO:colcon.colcon_core.shell:Creating environment descriptor '/home/user/qiaoyin/install/interface/share/interface/hook/cmake_prefix_path.dsv'
[0.280s] INFO:colcon.colcon_core.shell:Creating environment hook '/home/user/qiaoyin/install/interface/share/interface/hook/cmake_prefix_path.sh'
[0.281s] Level 1:colcon.colcon_core.environment:checking '/home/user/qiaoyin/install/interface/bin'
[0.281s] Level 1:colcon.colcon_core.environment:checking '/home/user/qiaoyin/install/interface/lib/pkgconfig/interface.pc'
[0.281s] Level 1:colcon.colcon_core.environment:checking '/home/user/qiaoyin/install/interface/lib/python3.10/site-packages'
[0.281s] Level 1:colcon.colcon_core.environment:checking '/home/user/qiaoyin/install/interface/bin'
[0.281s] INFO:colcon.colcon_core.shell:Creating package script '/home/user/qiaoyin/install/interface/share/interface/package.ps1'
[0.282s] INFO:colcon.colcon_core.shell:Creating package descriptor '/home/user/qiaoyin/install/interface/share/interface/package.dsv'
[0.282s] INFO:colcon.colcon_core.shell:Creating package script '/home/user/qiaoyin/install/interface/share/interface/package.sh'
[0.282s] INFO:colcon.colcon_core.shell:Creating package script '/home/user/qiaoyin/install/interface/share/interface/package.bash'
[0.282s] INFO:colcon.colcon_core.shell:Creating package script '/home/user/qiaoyin/install/interface/share/interface/package.zsh'
[0.283s] Level 1:colcon.colcon_core.environment:create_file_with_runtime_dependencies(/home/user/qiaoyin/install/interface/share/colcon-core/packages/interface)
[2.793s] DEBUG:colcon.colcon_core.event_handler.log_command:Invoked command in '/home/user/qiaoyin/build/driver' returned '2': CMAKE_PREFIX_PATH=/opt/ros/humble /usr/bin/cmake --build /home/user/qiaoyin/build/driver -- -j24 -l24
[2.793s] Level 1:colcon.colcon_core.environment:create_environment_scripts_only(driver)
[2.793s] Level 1:colcon.colcon_core.environment:checking '/home/user/qiaoyin/install/driver' for CMake module files
[2.794s] Level 1:colcon.colcon_core.environment:checking '/home/user/qiaoyin/install/driver' for CMake config files
[2.794s] Level 1:colcon.colcon_core.shell:create_environment_hook('driver', 'cmake_prefix_path')
[2.794s] INFO:colcon.colcon_core.shell:Creating environment hook '/home/user/qiaoyin/install/driver/share/driver/hook/cmake_prefix_path.ps1'
[2.794s] INFO:colcon.colcon_core.shell:Creating environment descriptor '/home/user/qiaoyin/install/driver/share/driver/hook/cmake_prefix_path.dsv'
[2.794s] INFO:colcon.colcon_core.shell:Creating environment hook '/home/user/qiaoyin/install/driver/share/driver/hook/cmake_prefix_path.sh'
[2.795s] Level 1:colcon.colcon_core.environment:checking '/home/user/qiaoyin/install/driver/bin'
[2.795s] Level 1:colcon.colcon_core.environment:checking '/home/user/qiaoyin/install/driver/lib/pkgconfig/driver.pc'
[2.795s] Level 1:colcon.colcon_core.environment:checking '/home/user/qiaoyin/install/driver/lib/python3.10/site-packages'
[2.795s] Level 1:colcon.colcon_core.environment:checking '/home/user/qiaoyin/install/driver/bin'
[2.795s] INFO:colcon.colcon_core.shell:Creating package script '/home/user/qiaoyin/install/driver/share/driver/package.ps1'
[2.795s] INFO:colcon.colcon_core.shell:Creating package descriptor '/home/user/qiaoyin/install/driver/share/driver/package.dsv'
[2.796s] INFO:colcon.colcon_core.shell:Creating package script '/home/user/qiaoyin/install/driver/share/driver/package.sh'
[2.796s] INFO:colcon.colcon_core.shell:Creating package script '/home/user/qiaoyin/install/driver/share/driver/package.bash'
[2.796s] INFO:colcon.colcon_core.shell:Creating package script '/home/user/qiaoyin/install/driver/share/driver/package.zsh'
[2.796s] Level 1:colcon.colcon_core.environment:create_file_with_runtime_dependencies(/home/user/qiaoyin/install/driver/share/colcon-core/packages/driver)
[2.806s] DEBUG:colcon.colcon_parallel_executor.executor.parallel:closing loop
[2.807s] DEBUG:colcon.colcon_parallel_executor.executor.parallel:loop closed
[2.807s] DEBUG:colcon.colcon_parallel_executor.executor.parallel:run_until_complete finished with '2'
[2.807s] DEBUG:colcon.colcon_core.event_reactor:joining thread
[2.810s] INFO:colcon.colcon_core.plugin_system:Skipping extension 'colcon_notification.desktop_notification.terminal_notifier': Not used on non-Darwin systems
[2.810s] INFO:colcon.colcon_core.plugin_system:Skipping extension 'colcon_notification.desktop_notification.win32': Not used on non-Windows systems
[2.810s] INFO:colcon.colcon_notification.desktop_notification:Sending desktop notification using 'notify2'
[2.818s] DEBUG:colcon.colcon_core.event_reactor:joined thread
[2.818s] INFO:colcon.colcon_core.shell:Creating prefix script '/home/user/qiaoyin/install/local_setup.ps1'
[2.819s] INFO:colcon.colcon_core.shell:Creating prefix util module '/home/user/qiaoyin/install/_local_setup_util_ps1.py'
[2.819s] INFO:colcon.colcon_core.shell:Creating prefix chain script '/home/user/qiaoyin/install/setup.ps1'
[2.820s] INFO:colcon.colcon_core.shell:Creating prefix script '/home/user/qiaoyin/install/local_setup.sh'
[2.820s] INFO:colcon.colcon_core.shell:Creating prefix util module '/home/user/qiaoyin/install/_local_setup_util_sh.py'
[2.821s] INFO:colcon.colcon_core.shell:Creating prefix chain script '/home/user/qiaoyin/install/setup.sh'
[2.821s] INFO:colcon.colcon_core.shell:Creating prefix script '/home/user/qiaoyin/install/local_setup.bash'
[2.821s] INFO:colcon.colcon_core.shell:Creating prefix chain script '/home/user/qiaoyin/install/setup.bash'
[2.822s] INFO:colcon.colcon_core.shell:Creating prefix script '/home/user/qiaoyin/install/local_setup.zsh'
[2.822s] INFO:colcon.colcon_core.shell:Creating prefix chain script '/home/user/qiaoyin/install/setup.zsh'
