[0.006s] Invoking command in '/home/user/qiaoyin/build/wheelloong_utility': CMAKE_PREFIX_PATH=/opt/ros/humble /usr/bin/cmake /home/user/qiaoyin/wheelloong_utility -DCMAKE_INSTALL_PREFIX=/home/user/qiaoyin/install/wheelloong_utility
[0.043s] -- The C compiler identification is GNU 11.4.0
[0.079s] -- The CXX compiler identification is GNU 11.4.0
[0.084s] -- Detecting C compiler ABI info
[0.127s] -- Detecting C compiler ABI info - done
[0.132s] -- Check for working C compiler: /usr/bin/cc - skipped
[0.132s] -- Detecting C compile features
[0.132s] -- Detecting C compile features - done
[0.134s] -- Detecting CXX compiler ABI info
[0.182s] -- Detecting CXX compiler ABI info - done
[0.186s] -- Check for working CXX compiler: /usr/bin/c++ - skipped
[0.186s] -- Detecting CXX compile features
[0.187s] -- Detecting CXX compile features - done
[0.187s] [31mCMake Error at CMakeLists.txt:9 (target_include_directories):
[0.187s]   Cannot specify include directories for target "wheelloong_utility" which is
[0.187s]   not built by this project.
[0.187s] 
[0.188s] [0m
[0.188s] [31mCMake Error at CMakeLists.txt:15 (ament_export_include_directories):
[0.188s]   Unknown CMake command "ament_export_include_directories".
[0.188s] 
[0.188s] [0m
[0.188s] -- Configuring incomplete, errors occurred!
[0.188s] See also "/home/user/qiaoyin/build/wheelloong_utility/CMakeFiles/CMakeOutput.log".
[0.190s] Invoked command in '/home/user/qiaoyin/build/wheelloong_utility' returned '1': CMAKE_PREFIX_PATH=/opt/ros/humble /usr/bin/cmake /home/user/qiaoyin/wheelloong_utility -DCMAKE_INSTALL_PREFIX=/home/user/qiaoyin/install/wheelloong_utility
