[0.007s] Invoking command in '/home/user/qiaoyin/build/interface': CMAKE_PREFIX_PATH=/opt/ros/humble /usr/bin/cmake /home/user/qiaoyin/src/interface -DCMAKE_INSTALL_PREFIX=/home/user/qiaoyin/install/interface
[0.044s] -- The C compiler identification is GNU 11.4.0
[0.083s] -- The CXX compiler identification is GNU 11.4.0
[0.087s] -- Detecting C compiler ABI info
[0.129s] -- Detecting C compiler ABI info - done
[0.134s] -- Check for working C compiler: /usr/bin/cc - skipped
[0.134s] -- Detecting C compile features
[0.134s] -- Detecting C compile features - done
[0.136s] -- Detecting CXX compiler ABI info
[0.190s] -- Detecting CXX compiler ABI info - done
[0.195s] -- Check for working CXX compiler: /usr/bin/c++ - skipped
[0.195s] -- Detecting CXX compile features
[0.195s] -- Detecting CXX compile features - done
[0.196s] -- Found ament_cmake: 1.3.11 (/opt/ros/humble/share/ament_cmake/cmake)
[0.296s] -- Found Python3: /usr/bin/python3 (found version "3.10.12") found components: Interpreter 
[0.349s] -- Found rclcpp: 16.0.12 (/opt/ros/humble/share/rclcpp/cmake)
[0.372s] -- Found rosidl_generator_c: 3.1.6 (/opt/ros/humble/share/rosidl_generator_c/cmake)
[0.374s] -- Found rosidl_adapter: 3.1.6 (/opt/ros/humble/share/rosidl_adapter/cmake)
[0.379s] -- Found rosidl_generator_cpp: 3.1.6 (/opt/ros/humble/share/rosidl_generator_cpp/cmake)
[0.385s] -- Using all available rosidl_typesupport_c: rosidl_typesupport_fastrtps_c;rosidl_typesupport_introspection_c
[0.394s] -- Using all available rosidl_typesupport_cpp: rosidl_typesupport_fastrtps_cpp;rosidl_typesupport_introspection_cpp
[0.416s] -- Found rmw_implementation_cmake: 6.1.2 (/opt/ros/humble/share/rmw_implementation_cmake/cmake)
[0.418s] -- Found rmw_fastrtps_cpp: 6.2.7 (/opt/ros/humble/share/rmw_fastrtps_cpp/cmake)
[0.473s] -- Found OpenSSL: /usr/lib/x86_64-linux-gnu/libcrypto.so (found version "3.0.2")  
[0.495s] -- Found FastRTPS: /opt/ros/humble/include  
[0.518s] -- Using RMW implementation 'rmw_fastrtps_cpp' as default
[0.522s] -- Looking for pthread.h
[0.568s] -- Looking for pthread.h - found
[0.568s] -- Performing Test CMAKE_HAVE_LIBC_PTHREAD
[0.613s] -- Performing Test CMAKE_HAVE_LIBC_PTHREAD - Success
[0.614s] -- Found Threads: TRUE  
[0.645s] -- Found example_interfaces: 0.9.3 (/opt/ros/humble/share/example_interfaces/cmake)
[0.667s] -- Found ament_lint_auto: 0.12.12 (/opt/ros/humble/share/ament_lint_auto/cmake)
[0.709s] -- Added test 'lint_cmake' to check CMake code style
[0.709s] -- Added test 'xmllint' to check XML markup files
[0.710s] -- Configuring done
[0.712s] -- Generating done
[0.713s] -- Build files have been written to: /home/user/qiaoyin/build/interface
[0.719s] Invoked command in '/home/user/qiaoyin/build/interface' returned '0': CMAKE_PREFIX_PATH=/opt/ros/humble /usr/bin/cmake /home/user/qiaoyin/src/interface -DCMAKE_INSTALL_PREFIX=/home/user/qiaoyin/install/interface
[0.720s] Invoking command in '/home/user/qiaoyin/build/interface': CMAKE_PREFIX_PATH=/opt/ros/humble /usr/bin/cmake --build /home/user/qiaoyin/build/interface -- -j24 -l24
[0.746s] Invoked command in '/home/user/qiaoyin/build/interface' returned '0': CMAKE_PREFIX_PATH=/opt/ros/humble /usr/bin/cmake --build /home/user/qiaoyin/build/interface -- -j24 -l24
[0.752s] Invoking command in '/home/user/qiaoyin/build/interface': CMAKE_PREFIX_PATH=/opt/ros/humble /usr/bin/cmake --install /home/user/qiaoyin/build/interface
[0.757s] -- Install configuration: ""
[0.757s] -- Installing: /home/user/qiaoyin/install/interface/share/ament_index/resource_index/package_run_dependencies/interface
[0.757s] -- Installing: /home/user/qiaoyin/install/interface/share/ament_index/resource_index/parent_prefix_path/interface
[0.757s] -- Installing: /home/user/qiaoyin/install/interface/share/interface/environment/ament_prefix_path.sh
[0.757s] -- Installing: /home/user/qiaoyin/install/interface/share/interface/environment/ament_prefix_path.dsv
[0.757s] -- Installing: /home/user/qiaoyin/install/interface/share/interface/environment/path.sh
[0.757s] -- Installing: /home/user/qiaoyin/install/interface/share/interface/environment/path.dsv
[0.757s] -- Installing: /home/user/qiaoyin/install/interface/share/interface/local_setup.bash
[0.757s] -- Installing: /home/user/qiaoyin/install/interface/share/interface/local_setup.sh
[0.757s] -- Installing: /home/user/qiaoyin/install/interface/share/interface/local_setup.zsh
[0.757s] -- Installing: /home/user/qiaoyin/install/interface/share/interface/local_setup.dsv
[0.757s] -- Installing: /home/user/qiaoyin/install/interface/share/interface/package.dsv
[0.757s] -- Installing: /home/user/qiaoyin/install/interface/share/ament_index/resource_index/packages/interface
[0.757s] -- Installing: /home/user/qiaoyin/install/interface/share/interface/cmake/interfaceConfig.cmake
[0.757s] -- Installing: /home/user/qiaoyin/install/interface/share/interface/cmake/interfaceConfig-version.cmake
[0.757s] -- Installing: /home/user/qiaoyin/install/interface/share/interface/package.xml
[0.759s] Invoked command in '/home/user/qiaoyin/build/interface' returned '0': CMAKE_PREFIX_PATH=/opt/ros/humble /usr/bin/cmake --install /home/user/qiaoyin/build/interface
