[0.011s] Invoking command in '/home/user/qiaoyin/build/driver': CMAKE_PREFIX_PATH=/opt/ros/humble /usr/bin/cmake --build /home/user/qiaoyin/build/driver -- -j24 -l24
[0.027s] -- Found ament_cmake: 1.3.11 (/opt/ros/humble/share/ament_cmake/cmake)
[0.121s] -- Found rclcpp: 16.0.12 (/opt/ros/humble/share/rclcpp/cmake)
[0.139s] -- Found rosidl_generator_c: 3.1.6 (/opt/ros/humble/share/rosidl_generator_c/cmake)
[0.140s] -- Found rosidl_adapter: 3.1.6 (/opt/ros/humble/share/rosidl_adapter/cmake)
[0.144s] -- Found rosidl_generator_cpp: 3.1.6 (/opt/ros/humble/share/rosidl_generator_cpp/cmake)
[0.150s] -- Using all available rosidl_typesupport_c: rosidl_typesupport_fastrtps_c;rosidl_typesupport_introspection_c
[0.157s] -- Using all available rosidl_typesupport_cpp: rosidl_typesupport_fastrtps_cpp;rosidl_typesupport_introspection_cpp
[0.177s] -- Found rmw_implementation_cmake: 6.1.2 (/opt/ros/humble/share/rmw_implementation_cmake/cmake)
[0.177s] -- Found rmw_fastrtps_cpp: 6.2.7 (/opt/ros/humble/share/rmw_fastrtps_cpp/cmake)
[0.237s] -- Using RMW implementation 'rmw_fastrtps_cpp' as default
[0.263s] -- Found rosidl_default_generators: 1.2.0 (/opt/ros/humble/share/rosidl_default_generators/cmake)
[0.378s] [31mCMake Error at /opt/ros/humble/share/rosidl_adapter/cmake/rosidl_adapt_interfaces.cmake:59 (message):
[0.378s]   execute_process(/usr/bin/python3 -m rosidl_adapter --package-name driver
[0.378s]   --arguments-file
[0.378s]   /home/user/qiaoyin/build/driver/rosidl_adapter__arguments__driver.json
[0.378s]   --output-dir /home/user/qiaoyin/build/driver/rosidl_adapter/driver
[0.378s]   --output-file /home/user/qiaoyin/build/driver/rosidl_adapter/driver.idls)
[0.378s]   returned error code 1:
[0.378s] 
[0.378s]   Error processing 'float64[7] leftArmJoints' of 'driver/ArmInfo':
[0.378s]   ''leftArmJoints' is an invalid field name.  It should have the pattern
[0.378s]   '^(?!.*__)(?!.*_$)[a-z][a-z0-9_]*$''
[0.378s] 
[0.378s]   Traceback (most recent call last):
[0.378s] 
[0.378s]     File "/usr/lib/python3.10/runpy.py", line 196, in _run_module_as_main
[0.378s]       return _run_code(code, main_globals, None,
[0.378s]     File "/usr/lib/python3.10/runpy.py", line 86, in _run_code
[0.378s]       exec(code, run_globals)
[0.378s]     File "/opt/ros/humble/local/lib/python3.10/dist-packages/rosidl_adapter/__main__.py", line 19, in <module>
[0.378s]       sys.exit(main())
[0.378s]     File "/opt/ros/humble/local/lib/python3.10/dist-packages/rosidl_adapter/main.py", line 53, in main
[0.378s]       abs_idl_file = convert_to_idl(
[0.378s]     File "/opt/ros/humble/local/lib/python3.10/dist-packages/rosidl_adapter/__init__.py", line 19, in convert_to_idl
[0.378s]       return convert_msg_to_idl(
[0.378s]     File "/opt/ros/humble/local/lib/python3.10/dist-packages/rosidl_adapter/msg/__init__.py", line 28, in convert_msg_to_idl
[0.378s]       msg = parse_message_string(package_name, input_file.stem, content)
[0.378s]     File "/opt/ros/humble/local/lib/python3.10/dist-packages/rosidl_adapter/parser.py", line 519, in parse_message_string
[0.378s]       fields.append(Field(
[0.378s]     File "/opt/ros/humble/local/lib/python3.10/dist-packages/rosidl_adapter/parser.py", line 354, in __init__
[0.378s]       raise NameError(
[0.378s] 
[0.379s]   NameError: 'leftArmJoints' is an invalid field name.  It should have the
[0.379s]   pattern '^(?!.*__)(?!.*_$)[a-z][a-z0-9_]*$'
[0.379s] 
[0.379s] Call Stack (most recent call first):
[0.379s]   /opt/ros/humble/share/rosidl_cmake/cmake/rosidl_generate_interfaces.cmake:130 (rosidl_adapt_interfaces)
[0.379s]   CMakeLists.txt:15 (rosidl_generate_interfaces)
[0.379s] 
[0.379s] [0m
[0.379s] -- Configuring incomplete, errors occurred!
[0.379s] See also "/home/user/qiaoyin/build/driver/CMakeFiles/CMakeOutput.log".
[0.382s] gmake: *** [Makefile:226：cmake_check_build_system] 错误 1
[0.384s] Invoked command in '/home/user/qiaoyin/build/driver' returned '2': CMAKE_PREFIX_PATH=/opt/ros/humble /usr/bin/cmake --build /home/user/qiaoyin/build/driver -- -j24 -l24
