[0.006s] Invoking command in '/home/user/qiaoyin/build/system': CMAKE_PREFIX_PATH=/opt/ros/humble /usr/bin/cmake --build /home/user/qiaoyin/build/system -- -j24 -l24
[0.021s] -- Found ament_cmake: 1.3.11 (/opt/ros/humble/share/ament_cmake/cmake)
[0.101s] -- Found rclcpp: 16.0.12 (/opt/ros/humble/share/rclcpp/cmake)
[0.118s] -- Found rosidl_generator_c: 3.1.6 (/opt/ros/humble/share/rosidl_generator_c/cmake)
[0.119s] -- Found rosidl_adapter: 3.1.6 (/opt/ros/humble/share/rosidl_adapter/cmake)
[0.122s] -- Found rosidl_generator_cpp: 3.1.6 (/opt/ros/humble/share/rosidl_generator_cpp/cmake)
[0.128s] -- Using all available rosidl_typesupport_c: rosidl_typesupport_fastrtps_c;rosidl_typesupport_introspection_c
[0.135s] -- Using all available rosidl_typesupport_cpp: rosidl_typesupport_fastrtps_cpp;rosidl_typesupport_introspection_cpp
[0.154s] -- Found rmw_implementation_cmake: 6.1.2 (/opt/ros/humble/share/rmw_implementation_cmake/cmake)
[0.155s] -- Found rmw_fastrtps_cpp: 6.2.7 (/opt/ros/humble/share/rmw_fastrtps_cpp/cmake)
[0.210s] -- Using RMW implementation 'rmw_fastrtps_cpp' as default
[0.242s] [31mCMake Error at CMakeLists.txt:13 (find_package):
[0.242s]   By not providing "Findwheelloong_utillity.cmake" in CMAKE_MODULE_PATH this
[0.242s]   project has asked CMake to find a package configuration file provided by
[0.242s]   "wheelloong_utillity", but CMake did not find one.
[0.242s] 
[0.242s]   Could not find a package configuration file provided by
[0.242s]   "wheelloong_utillity" with any of the following names:
[0.242s] 
[0.242s]     wheelloong_utillityConfig.cmake
[0.243s]     wheelloong_utillity-config.cmake
[0.243s] 
[0.243s]   Add the installation prefix of "wheelloong_utillity" to CMAKE_PREFIX_PATH
[0.243s]   or set "wheelloong_utillity_DIR" to a directory containing one of the above
[0.243s]   files.  If "wheelloong_utillity" provides a separate development package or
[0.243s]   SDK, be sure it has been installed.
[0.243s] 
[0.243s] [0m
[0.243s] -- Configuring incomplete, errors occurred!
[0.243s] See also "/home/user/qiaoyin/build/system/CMakeFiles/CMakeOutput.log".
[0.246s] gmake: *** [Makefile:226：cmake_check_build_system] 错误 1
[0.247s] Invoked command in '/home/user/qiaoyin/build/system' returned '2': CMAKE_PREFIX_PATH=/opt/ros/humble /usr/bin/cmake --build /home/user/qiaoyin/build/system -- -j24 -l24
