[0.012s] Invoking command in '/home/user/qiaoyin/build/driver': CMAKE_PREFIX_PATH=/opt/ros/humble /usr/bin/cmake --build /home/user/qiaoyin/build/driver -- -j24 -l24
[0.048s] [  1%] Built target driver__cpp
[0.049s] [ 12%] Built target driver__rosidl_generator_c
[0.055s] [ 12%] Built target ament_cmake_python_copy_driver
[0.064s] [ 22%] Built target driver__rosidl_typesupport_c
[0.065s] [ 33%] Built target driver__rosidl_typesupport_cpp
[0.066s] [ 43%] Built target driver__rosidl_typesupport_introspection_c
[0.068s] [ 54%] Built target driver__rosidl_typesupport_introspection_cpp
[0.070s] [ 65%] Built target driver__rosidl_typesupport_fastrtps_c
[0.071s] [ 75%] Built target driver__rosidl_typesupport_fastrtps_cpp
[0.073s] [35m[1mConsolidate compiler generated dependencies of target arm_driver_node[0m
[0.084s] [ 77%] Built target driver
[0.084s] [ 77%] [32mBuilding CXX object CMakeFiles/arm_driver_node.dir/src/arm_driver_node.cpp.o[0m
[0.101s] [ 78%] Built target driver__py
[0.121s] [ 87%] Built target driver__rosidl_generator_py
[0.138s] [ 90%] Built target driver__rosidl_typesupport_introspection_c__pyext
[0.139s] [ 93%] Built target driver__rosidl_typesupport_fastrtps_c__pyext
[0.139s] [ 96%] Built target driver__rosidl_typesupport_c__pyext
[0.213s] running egg_info
[0.213s] writing driver.egg-info/PKG-INFO
[0.213s] writing dependency_links to driver.egg-info/dependency_links.txt
[0.213s] writing top-level names to driver.egg-info/top_level.txt
[0.215s] reading manifest file 'driver.egg-info/SOURCES.txt'
[0.215s] writing manifest file 'driver.egg-info/SOURCES.txt'
[0.235s] [ 96%] Built target ament_cmake_python_build_driver_egg
[1.389s] [01m[K/home/user/qiaoyin/src/driver/src/arm_driver_node.cpp:[m[K In function ‘[01m[Kint main(int, char**)[m[K’:
[1.389s] [01m[K/home/user/qiaoyin/src/driver/src/arm_driver_node.cpp:9:17:[m[K [01;31m[Kerror: [m[Kno matching function for call to ‘[01m[Kspin(std::unique_ptr<JAKA>&)[m[K’
[1.389s]     9 |     [01;31m[Krclcpp::spin(arm)[m[K;
[1.389s]       |     [01;31m[K~~~~~~~~~~~~^~~~~[m[K
[1.389s] In file included from [01m[K/opt/ros/humble/include/rclcpp/rclcpp/rclcpp.hpp:155[m[K,
[1.389s]                  from [01m[K/home/user/qiaoyin/src/driver/src/arm_driver_node.cpp:2[m[K:
[1.390s] [01m[K/opt/ros/humble/include/rclcpp/rclcpp/executors.hpp:45:1:[m[K [01;36m[Knote: [m[Kcandidate: ‘[01m[Kvoid rclcpp::spin(rclcpp::node_interfaces::NodeBaseInterface::SharedPtr)[m[K’
[1.390s]    45 | [01;36m[Kspin[m[K(rclcpp::node_interfaces::NodeBaseInterface::SharedPtr node_ptr);
[1.390s]       | [01;36m[K^~~~[m[K
[1.390s] [01m[K/opt/ros/humble/include/rclcpp/rclcpp/executors.hpp:45:60:[m[K [01;36m[Knote: [m[K  no known conversion for argument 1 from ‘[01m[Kstd::unique_ptr<JAKA>[m[K’ to ‘[01m[Krclcpp::node_interfaces::NodeBaseInterface::SharedPtr[m[K’ {aka ‘[01m[Kstd::shared_ptr<rclcpp::node_interfaces::NodeBaseInterface>[m[K’}
[1.390s]    45 | spin([01;36m[Krclcpp::node_interfaces::NodeBaseInterface::SharedPtr node_ptr[m[K);
[1.390s]       |      [01;36m[K~~~~~~~~~~~~~~~~~~~~~~~~~~~~~~~~~~~~~~~~~~~~~~~~~~~~~~^~~~~~~~[m[K
[1.390s] [01m[K/opt/ros/humble/include/rclcpp/rclcpp/executors.hpp:49:1:[m[K [01;36m[Knote: [m[Kcandidate: ‘[01m[Kvoid rclcpp::spin(rclcpp::Node::SharedPtr)[m[K’
[1.390s]    49 | [01;36m[Kspin[m[K(rclcpp::Node::SharedPtr node_ptr);
[1.390s]       | [01;36m[K^~~~[m[K
[1.390s] [01m[K/opt/ros/humble/include/rclcpp/rclcpp/executors.hpp:49:30:[m[K [01;36m[Knote: [m[K  no known conversion for argument 1 from ‘[01m[Kstd::unique_ptr<JAKA>[m[K’ to ‘[01m[Krclcpp::Node::SharedPtr[m[K’ {aka ‘[01m[Kstd::shared_ptr<rclcpp::Node>[m[K’}
[1.390s]    49 | spin([01;36m[Krclcpp::Node::SharedPtr node_ptr[m[K);
[1.390s]       |      [01;36m[K~~~~~~~~~~~~~~~~~~~~~~~~^~~~~~~~[m[K
[1.638s] gmake[2]: *** [CMakeFiles/arm_driver_node.dir/build.make:76：CMakeFiles/arm_driver_node.dir/src/arm_driver_node.cpp.o] 错误 1
[1.638s] gmake[1]: *** [CMakeFiles/Makefile2:593：CMakeFiles/arm_driver_node.dir/all] 错误 2
[1.638s] gmake: *** [Makefile:146：all] 错误 2
[1.640s] Invoked command in '/home/user/qiaoyin/build/driver' returned '2': CMAKE_PREFIX_PATH=/opt/ros/humble /usr/bin/cmake --build /home/user/qiaoyin/build/driver -- -j24 -l24
