[  1%] Built target driver__cpp
[ 12%] Built target driver__rosidl_generator_c
[ 12%] Built target ament_cmake_python_copy_driver
[ 30%] Built target driver__rosidl_typesupport_cpp
[ 33%] Built target driver__rosidl_typesupport_fastrtps_cpp
[ 43%] Built target driver__rosidl_typesupport_c
[ 54%] Built target driver__rosidl_typesupport_introspection_cpp
[ 72%] Built target driver__rosidl_typesupport_fastrtps_c
[ 75%] Built target driver__rosidl_typesupport_introspection_c
[35m[1mConsolidate compiler generated dependencies of target arm_driver_node[0m
[ 75%] Built target driver
[ 77%] [32mBuilding CXX object CMakeFiles/arm_driver_node.dir/src/arm_driver_node.cpp.o[0m
[ 78%] Built target driver__py
[ 87%] Built target driver__rosidl_generator_py
[ 93%] Built target driver__rosidl_typesupport_c__pyext
[ 93%] Built target driver__rosidl_typesupport_introspection_c__pyext
[ 96%] Built target driver__rosidl_typesupport_fastrtps_c__pyext
running egg_info
writing driver.egg-info/PKG-INFO
writing dependency_links to driver.egg-info/dependency_links.txt
writing top-level names to driver.egg-info/top_level.txt
reading manifest file 'driver.egg-info/SOURCES.txt'
writing manifest file 'driver.egg-info/SOURCES.txt'
[ 96%] Built target ament_cmake_python_build_driver_egg
[01m[K/home/user/qiaoyin/src/driver/src/arm_driver_node.cpp:[m[K In function ‘[01m[Kint main(int, char**)[m[K’:
[01m[K/home/user/qiaoyin/src/driver/src/arm_driver_node.cpp:8:17:[m[K [01;31m[Kerror: [m[Kno matching function for call to ‘[01m[Kspin(std::unique_ptr<JAKA>&)[m[K’
    8 |     [01;31m[Krclcpp::spin(arm)[m[K;
      |     [01;31m[K~~~~~~~~~~~~^~~~~[m[K
In file included from [01m[K/opt/ros/humble/include/rclcpp/rclcpp/rclcpp.hpp:155[m[K,
                 from [01m[K/home/user/qiaoyin/src/driver/src/arm_driver_node.cpp:2[m[K:
[01m[K/opt/ros/humble/include/rclcpp/rclcpp/executors.hpp:45:1:[m[K [01;36m[Knote: [m[Kcandidate: ‘[01m[Kvoid rclcpp::spin(rclcpp::node_interfaces::NodeBaseInterface::SharedPtr)[m[K’
   45 | [01;36m[Kspin[m[K(rclcpp::node_interfaces::NodeBaseInterface::SharedPtr node_ptr);
      | [01;36m[K^~~~[m[K
[01m[K/opt/ros/humble/include/rclcpp/rclcpp/executors.hpp:45:60:[m[K [01;36m[Knote: [m[K  no known conversion for argument 1 from ‘[01m[Kstd::unique_ptr<JAKA>[m[K’ to ‘[01m[Krclcpp::node_interfaces::NodeBaseInterface::SharedPtr[m[K’ {aka ‘[01m[Kstd::shared_ptr<rclcpp::node_interfaces::NodeBaseInterface>[m[K’}
   45 | spin([01;36m[Krclcpp::node_interfaces::NodeBaseInterface::SharedPtr node_ptr[m[K);
      |      [01;36m[K~~~~~~~~~~~~~~~~~~~~~~~~~~~~~~~~~~~~~~~~~~~~~~~~~~~~~~^~~~~~~~[m[K
[01m[K/opt/ros/humble/include/rclcpp/rclcpp/executors.hpp:49:1:[m[K [01;36m[Knote: [m[Kcandidate: ‘[01m[Kvoid rclcpp::spin(rclcpp::Node::SharedPtr)[m[K’
   49 | [01;36m[Kspin[m[K(rclcpp::Node::SharedPtr node_ptr);
      | [01;36m[K^~~~[m[K
[01m[K/opt/ros/humble/include/rclcpp/rclcpp/executors.hpp:49:30:[m[K [01;36m[Knote: [m[K  no known conversion for argument 1 from ‘[01m[Kstd::unique_ptr<JAKA>[m[K’ to ‘[01m[Krclcpp::Node::SharedPtr[m[K’ {aka ‘[01m[Kstd::shared_ptr<rclcpp::Node>[m[K’}
   49 | spin([01;36m[Krclcpp::Node::SharedPtr node_ptr[m[K);
      |      [01;36m[K~~~~~~~~~~~~~~~~~~~~~~~~^~~~~~~~[m[K
gmake[2]: *** [CMakeFiles/arm_driver_node.dir/build.make:76：CMakeFiles/arm_driver_node.dir/src/arm_driver_node.cpp.o] 错误 1
gmake[1]: *** [CMakeFiles/Makefile2:593：CMakeFiles/arm_driver_node.dir/all] 错误 2
gmake: *** [Makefile:146：all] 错误 2
