[0.008s] Invoking command in '/home/user/qiaoyin/build/driver': CMAKE_PREFIX_PATH=/opt/ros/humble /usr/bin/cmake --build /home/user/qiaoyin/build/driver -- -j24 -l24
[0.043s] [  1%] Built target driver__cpp
[0.046s] [ 11%] Built target driver__rosidl_generator_c
[0.053s] [ 11%] Built target ament_cmake_python_copy_driver
[0.057s] [ 22%] Built target driver__rosidl_typesupport_cpp
[0.057s] [ 32%] Built target driver__rosidl_typesupport_introspection_cpp
[0.060s] [ 43%] Built target driver__rosidl_typesupport_fastrtps_cpp
[0.062s] [ 53%] Built target driver__rosidl_typesupport_introspection_c
[0.063s] [ 64%] Built target driver__rosidl_typesupport_c
[0.066s] [ 74%] Built target driver__rosidl_typesupport_fastrtps_c
[0.066s] [35m[1mConsolidate compiler generated dependencies of target arm_driver_node[0m
[0.078s] [ 74%] Built target driver
[0.079s] [ 77%] [32mBuilding CXX object CMakeFiles/arm_driver_node.dir/src/arm_driver_node.cpp.o[0m
[0.079s] [ 77%] [32mBuilding CXX object CMakeFiles/arm_driver_node.dir/src/main.cpp.o[0m
[0.092s] [ 79%] Built target driver__py
[0.108s] [ 88%] Built target driver__rosidl_generator_py
[0.124s] [ 94%] Built target driver__rosidl_typesupport_fastrtps_c__pyext
[0.124s] [ 94%] Built target driver__rosidl_typesupport_c__pyext
[0.125s] [ 97%] Built target driver__rosidl_typesupport_introspection_c__pyext
[0.195s] running egg_info
[0.195s] writing driver.egg-info/PKG-INFO
[0.195s] writing dependency_links to driver.egg-info/dependency_links.txt
[0.195s] writing top-level names to driver.egg-info/top_level.txt
[0.197s] reading manifest file 'driver.egg-info/SOURCES.txt'
[0.197s] writing manifest file 'driver.egg-info/SOURCES.txt'
[0.212s] [ 97%] Built target ament_cmake_python_build_driver_egg
[1.388s] In file included from [01m[K/opt/ros/humble/include/rclcpp/rclcpp/logging.hpp:24[m[K,
[1.388s]                  from [01m[K/opt/ros/humble/include/rclcpp/rclcpp/client.hpp:40[m[K,
[1.388s]                  from [01m[K/opt/ros/humble/include/rclcpp/rclcpp/callback_group.hpp:24[m[K,
[1.388s]                  from [01m[K/opt/ros/humble/include/rclcpp/rclcpp/any_executable.hpp:20[m[K,
[1.388s]                  from [01m[K/opt/ros/humble/include/rclcpp/rclcpp/memory_strategy.hpp:25[m[K,
[1.388s]                  from [01m[K/opt/ros/humble/include/rclcpp/rclcpp/memory_strategies.hpp:18[m[K,
[1.388s]                  from [01m[K/opt/ros/humble/include/rclcpp/rclcpp/executor_options.hpp:20[m[K,
[1.388s]                  from [01m[K/opt/ros/humble/include/rclcpp/rclcpp/executor.hpp:37[m[K,
[1.388s]                  from [01m[K/opt/ros/humble/include/rclcpp/rclcpp/executors/multi_threaded_executor.hpp:25[m[K,
[1.388s]                  from [01m[K/opt/ros/humble/include/rclcpp/rclcpp/executors.hpp:21[m[K,
[1.388s]                  from [01m[K/opt/ros/humble/include/rclcpp/rclcpp/rclcpp.hpp:155[m[K,
[1.388s]                  from [01m[K/home/user/qiaoyin/src/driver/src/arm_driver_node.h:5[m[K,
[1.388s]                  from [01m[K/home/user/qiaoyin/src/driver/src/arm_driver_node.cpp:1[m[K:
[1.388s] [01m[K/home/user/qiaoyin/src/driver/src/arm_driver_node.cpp:[m[K In member function ‘[01m[Kvoid ArmDriverNode::publish_arm_info_callback()[m[K’:
[1.388s] [01m[K/home/user/qiaoyin/src/driver/src/arm_driver_node.cpp:40:41:[m[K [01;35m[Kwarning: [m[Kformat ‘[01m[K%d[m[K’ expects argument of type ‘[01m[Kint[m[K’, but argument 5 has type ‘[01m[Kstd::vector<double>::size_type[m[K’ {aka ‘[01m[Klong unsigned int[m[K’} [[01;35m[K]8;;https://gcc.gnu.org/onlinedocs/gcc/Warning-Options.html#index-Wformat=-Wformat=]8;;[m[K]
[1.388s]    40 |         RCLCPP_WARN(this->get_logger(), [01;35m[K"Invalid joint data size: %d"[m[K, [32m[Kjoint_values.size()[m[K);
[1.388s]       |                                         [01;35m[K^~~~~~~~~~~~~~~~~~~~~~~~~~~~~[m[K  [32m[K~~~~~~~~~~~~~~~~~~~[m[K
[1.388s]       |                                                                                         [32m[K|[m[K
[1.388s]       |                                                                                         [32m[Kstd::vector<double>::size_type {aka long unsigned int}[m[K
[1.389s] [01m[K/home/user/qiaoyin/src/driver/src/arm_driver_node.cpp:40:68:[m[K [01;36m[Knote: [m[Kformat string is defined here
[1.389s]    40 |         RCLCPP_WARN(this->get_logger(), "Invalid joint data size: [01;36m[K%d[m[K", joint_values.size());
[1.389s]       |                                                                   [01;36m[K~^[m[K
[1.389s]       |                                                                    [01;36m[K|[m[K
[1.389s]       |                                                                    [01;36m[Kint[m[K
[1.389s]       |                                                                   [32m[K%ld[m[K
[1.389s] [01m[K/home/user/qiaoyin/src/driver/src/arm_driver_node.cpp:48:23:[m[K [01;31m[Kerror: [m[K‘[01m[KCartesianPose JAKA::curCart [2][m[K’ is private within this context
[1.389s]    48 |                 jaka_.[01;31m[KcurCart[m[K[i].tran.x,
[1.389s]       |                       [01;31m[K^~~~~~~[m[K
[1.389s] In file included from [01m[K/home/user/qiaoyin/src/driver/src/arm_driver_node.h:3[m[K,
[1.389s]                  from [01m[K/home/user/qiaoyin/src/driver/src/arm_driver_node.cpp:1[m[K:
[1.389s] [01m[K/home/user/qiaoyin/src/driver/src/jaka.h:36:19:[m[K [01;36m[Knote: [m[Kdeclared private here
[1.389s]    36 |     CartesianPose [01;36m[KcurCart[m[K[2];
[1.389s]       |                   [01;36m[K^~~~~~~[m[K
[1.389s] [01m[K/home/user/qiaoyin/src/driver/src/arm_driver_node.cpp:49:23:[m[K [01;31m[Kerror: [m[K‘[01m[KCartesianPose JAKA::curCart [2][m[K’ is private within this context
[1.389s]    49 |                 jaka_.[01;31m[KcurCart[m[K[i].tran.y,
[1.389s]       |                       [01;31m[K^~~~~~~[m[K
[1.389s] In file included from [01m[K/home/user/qiaoyin/src/driver/src/arm_driver_node.h:3[m[K,
[1.389s]                  from [01m[K/home/user/qiaoyin/src/driver/src/arm_driver_node.cpp:1[m[K:
[1.389s] [01m[K/home/user/qiaoyin/src/driver/src/jaka.h:36:19:[m[K [01;36m[Knote: [m[Kdeclared private here
[1.389s]    36 |     CartesianPose [01;36m[KcurCart[m[K[2];
[1.389s]       |                   [01;36m[K^~~~~~~[m[K
[1.389s] [01m[K/home/user/qiaoyin/src/driver/src/arm_driver_node.cpp:50:23:[m[K [01;31m[Kerror: [m[K‘[01m[KCartesianPose JAKA::curCart [2][m[K’ is private within this context
[1.389s]    50 |                 jaka_.[01;31m[KcurCart[m[K[i].tran.z,
[1.389s]       |                       [01;31m[K^~~~~~~[m[K
[1.389s] In file included from [01m[K/home/user/qiaoyin/src/driver/src/arm_driver_node.h:3[m[K,
[1.389s]                  from [01m[K/home/user/qiaoyin/src/driver/src/arm_driver_node.cpp:1[m[K:
[1.389s] [01m[K/home/user/qiaoyin/src/driver/src/jaka.h:36:19:[m[K [01;36m[Knote: [m[Kdeclared private here
[1.389s]    36 |     CartesianPose [01;36m[KcurCart[m[K[2];
[1.389s]       |                   [01;36m[K^~~~~~~[m[K
[1.389s] [01m[K/home/user/qiaoyin/src/driver/src/arm_driver_node.cpp:51:23:[m[K [01;31m[Kerror: [m[K‘[01m[KCartesianPose JAKA::curCart [2][m[K’ is private within this context
[1.389s]    51 |                 jaka_.[01;31m[KcurCart[m[K[i].rpy.rx,
[1.389s]       |                       [01;31m[K^~~~~~~[m[K
[1.389s] In file included from [01m[K/home/user/qiaoyin/src/driver/src/arm_driver_node.h:3[m[K,
[1.389s]                  from [01m[K/home/user/qiaoyin/src/driver/src/arm_driver_node.cpp:1[m[K:
[1.389s] [01m[K/home/user/qiaoyin/src/driver/src/jaka.h:36:19:[m[K [01;36m[Knote: [m[Kdeclared private here
[1.389s]    36 |     CartesianPose [01;36m[KcurCart[m[K[2];
[1.389s]       |                   [01;36m[K^~~~~~~[m[K
[1.389s] [01m[K/home/user/qiaoyin/src/driver/src/arm_driver_node.cpp:52:23:[m[K [01;31m[Kerror: [m[K‘[01m[KCartesianPose JAKA::curCart [2][m[K’ is private within this context
[1.389s]    52 |                 jaka_.[01;31m[KcurCart[m[K[i].rpy.ry,
[1.389s]       |                       [01;31m[K^~~~~~~[m[K
[1.389s] In file included from [01m[K/home/user/qiaoyin/src/driver/src/arm_driver_node.h:3[m[K,
[1.389s]                  from [01m[K/home/user/qiaoyin/src/driver/src/arm_driver_node.cpp:1[m[K:
[1.390s] [01m[K/home/user/qiaoyin/src/driver/src/jaka.h:36:19:[m[K [01;36m[Knote: [m[Kdeclared private here
[1.390s]    36 |     CartesianPose [01;36m[KcurCart[m[K[2];
[1.390s]       |                   [01;36m[K^~~~~~~[m[K
[1.390s] [01m[K/home/user/qiaoyin/src/driver/src/arm_driver_node.cpp:53:23:[m[K [01;31m[Kerror: [m[K‘[01m[KCartesianPose JAKA::curCart [2][m[K’ is private within this context
[1.390s]    53 |                 jaka_.[01;31m[KcurCart[m[K[i].rpy.rz
[1.390s]       |                       [01;31m[K^~~~~~~[m[K
[1.390s] In file included from [01m[K/home/user/qiaoyin/src/driver/src/arm_driver_node.h:3[m[K,
[1.390s]                  from [01m[K/home/user/qiaoyin/src/driver/src/arm_driver_node.cpp:1[m[K:
[1.390s] [01m[K/home/user/qiaoyin/src/driver/src/jaka.h:36:19:[m[K [01;36m[Knote: [m[Kdeclared private here
[1.390s]    36 |     CartesianPose [01;36m[KcurCart[m[K[2];
[1.390s]       |                   [01;36m[K^~~~~~~[m[K
[1.390s] [01m[K/home/user/qiaoyin/src/driver/src/arm_driver_node.cpp:57:23:[m[K [01;31m[Kerror: [m[K‘[01m[KCartesianPose JAKA::curCart [2][m[K’ is private within this context
[1.390s]    57 |                 jaka_.[01;31m[KcurCart[m[K[i].tran.x,
[1.390s]       |                       [01;31m[K^~~~~~~[m[K
[1.390s] In file included from [01m[K/home/user/qiaoyin/src/driver/src/arm_driver_node.h:3[m[K,
[1.390s]                  from [01m[K/home/user/qiaoyin/src/driver/src/arm_driver_node.cpp:1[m[K:
[1.390s] [01m[K/home/user/qiaoyin/src/driver/src/jaka.h:36:19:[m[K [01;36m[Knote: [m[Kdeclared private here
[1.390s]    36 |     CartesianPose [01;36m[KcurCart[m[K[2];
[1.390s]       |                   [01;36m[K^~~~~~~[m[K
[1.390s] [01m[K/home/user/qiaoyin/src/driver/src/arm_driver_node.cpp:58:23:[m[K [01;31m[Kerror: [m[K‘[01m[KCartesianPose JAKA::curCart [2][m[K’ is private within this context
[1.390s]    58 |                 jaka_.[01;31m[KcurCart[m[K[i].tran.y,
[1.390s]       |                       [01;31m[K^~~~~~~[m[K
[1.390s] In file included from [01m[K/home/user/qiaoyin/src/driver/src/arm_driver_node.h:3[m[K,
[1.390s]                  from [01m[K/home/user/qiaoyin/src/driver/src/arm_driver_node.cpp:1[m[K:
[1.390s] [01m[K/home/user/qiaoyin/src/driver/src/jaka.h:36:19:[m[K [01;36m[Knote: [m[Kdeclared private here
[1.390s]    36 |     CartesianPose [01;36m[KcurCart[m[K[2];
[1.390s]       |                   [01;36m[K^~~~~~~[m[K
[1.390s] [01m[K/home/user/qiaoyin/src/driver/src/arm_driver_node.cpp:59:23:[m[K [01;31m[Kerror: [m[K‘[01m[KCartesianPose JAKA::curCart [2][m[K’ is private within this context
[1.390s]    59 |                 jaka_.[01;31m[KcurCart[m[K[i].tran.z,
[1.390s]       |                       [01;31m[K^~~~~~~[m[K
[1.390s] In file included from [01m[K/home/user/qiaoyin/src/driver/src/arm_driver_node.h:3[m[K,
[1.390s]                  from [01m[K/home/user/qiaoyin/src/driver/src/arm_driver_node.cpp:1[m[K:
[1.390s] [01m[K/home/user/qiaoyin/src/driver/src/jaka.h:36:19:[m[K [01;36m[Knote: [m[Kdeclared private here
[1.390s]    36 |     CartesianPose [01;36m[KcurCart[m[K[2];
[1.390s]       |                   [01;36m[K^~~~~~~[m[K
[1.390s] [01m[K/home/user/qiaoyin/src/driver/src/arm_driver_node.cpp:60:23:[m[K [01;31m[Kerror: [m[K‘[01m[KCartesianPose JAKA::curCart [2][m[K’ is private within this context
[1.390s]    60 |                 jaka_.[01;31m[KcurCart[m[K[i].rpy.rx,
[1.390s]       |                       [01;31m[K^~~~~~~[m[K
[1.390s] In file included from [01m[K/home/user/qiaoyin/src/driver/src/arm_driver_node.h:3[m[K,
[1.390s]                  from [01m[K/home/user/qiaoyin/src/driver/src/arm_driver_node.cpp:1[m[K:
[1.390s] [01m[K/home/user/qiaoyin/src/driver/src/jaka.h:36:19:[m[K [01;36m[Knote: [m[Kdeclared private here
[1.390s]    36 |     CartesianPose [01;36m[KcurCart[m[K[2];
[1.390s]       |                   [01;36m[K^~~~~~~[m[K
[1.391s] [01m[K/home/user/qiaoyin/src/driver/src/arm_driver_node.cpp:61:23:[m[K [01;31m[Kerror: [m[K‘[01m[KCartesianPose JAKA::curCart [2][m[K’ is private within this context
[1.391s]    61 |                 jaka_.[01;31m[KcurCart[m[K[i].rpy.ry,
[1.391s]       |                       [01;31m[K^~~~~~~[m[K
[1.391s] In file included from [01m[K/home/user/qiaoyin/src/driver/src/arm_driver_node.h:3[m[K,
[1.391s]                  from [01m[K/home/user/qiaoyin/src/driver/src/arm_driver_node.cpp:1[m[K:
[1.391s] [01m[K/home/user/qiaoyin/src/driver/src/jaka.h:36:19:[m[K [01;36m[Knote: [m[Kdeclared private here
[1.391s]    36 |     CartesianPose [01;36m[KcurCart[m[K[2];
[1.391s]       |                   [01;36m[K^~~~~~~[m[K
[1.391s] [01m[K/home/user/qiaoyin/src/driver/src/arm_driver_node.cpp:62:23:[m[K [01;31m[Kerror: [m[K‘[01m[KCartesianPose JAKA::curCart [2][m[K’ is private within this context
[1.391s]    62 |                 jaka_.[01;31m[KcurCart[m[K[i].rpy.rz
[1.391s]       |                       [01;31m[K^~~~~~~[m[K
[1.391s] In file included from [01m[K/home/user/qiaoyin/src/driver/src/arm_driver_node.h:3[m[K,
[1.391s]                  from [01m[K/home/user/qiaoyin/src/driver/src/arm_driver_node.cpp:1[m[K:
[1.391s] [01m[K/home/user/qiaoyin/src/driver/src/jaka.h:36:19:[m[K [01;36m[Knote: [m[Kdeclared private here
[1.391s]    36 |     CartesianPose [01;36m[KcurCart[m[K[2];
[1.391s]       |                   [01;36m[K^~~~~~~[m[K
[1.391s] [01m[K/home/user/qiaoyin/src/driver/src/arm_driver_node.cpp:68:24:[m[K [01;31m[Kerror: [m[K‘[01m[Kdouble JAKA::vel [2][m[K’ is private within this context
[1.391s]    68 |     msg.speed = {jaka_.[01;31m[Kvel[m[K[0], jaka_.vel[1]};
[1.391s]       |                        [01;31m[K^~~[m[K
[1.391s] In file included from [01m[K/home/user/qiaoyin/src/driver/src/arm_driver_node.h:3[m[K,
[1.391s]                  from [01m[K/home/user/qiaoyin/src/driver/src/arm_driver_node.cpp:1[m[K:
[1.391s] [01m[K/home/user/qiaoyin/src/driver/src/jaka.h:29:12:[m[K [01;36m[Knote: [m[Kdeclared private here
[1.391s]    29 |     double [01;36m[Kvel[m[K[2] = {1, 1};
[1.391s]       |            [01;36m[K^~~[m[K
[1.391s] [01m[K/home/user/qiaoyin/src/driver/src/arm_driver_node.cpp:68:38:[m[K [01;31m[Kerror: [m[K‘[01m[Kdouble JAKA::vel [2][m[K’ is private within this context
[1.391s]    68 |     msg.speed = {jaka_.vel[0], jaka_.[01;31m[Kvel[m[K[1]};
[1.391s]       |                                      [01;31m[K^~~[m[K
[1.391s] In file included from [01m[K/home/user/qiaoyin/src/driver/src/arm_driver_node.h:3[m[K,
[1.391s]                  from [01m[K/home/user/qiaoyin/src/driver/src/arm_driver_node.cpp:1[m[K:
[1.391s] [01m[K/home/user/qiaoyin/src/driver/src/jaka.h:29:12:[m[K [01;36m[Knote: [m[Kdeclared private here
[1.391s]    29 |     double [01;36m[Kvel[m[K[2] = {1, 1};
[1.391s]       |            [01;36m[K^~~[m[K
[1.837s] gmake[2]: *** [CMakeFiles/arm_driver_node.dir/build.make:76：CMakeFiles/arm_driver_node.dir/src/arm_driver_node.cpp.o] 错误 1
[1.837s] gmake[1]: *** [CMakeFiles/Makefile2:593：CMakeFiles/arm_driver_node.dir/all] 错误 2
[1.837s] gmake: *** [Makefile:146：all] 错误 2
[1.839s] Invoked command in '/home/user/qiaoyin/build/driver' returned '2': CMAKE_PREFIX_PATH=/opt/ros/humble /usr/bin/cmake --build /home/user/qiaoyin/build/driver -- -j24 -l24
