[01m[K/home/user/qiaoyin/src/whl_system/src/wheelloong_system.cpp:[m[K In member function ‘[01m[Kvoid WheelloongSystem::update(const whl::inputStruct&)[m[K’:
[01m[K/home/user/qiaoyin/src/whl_system/src/wheelloong_system.cpp:9:55:[m[K [01;35m[Kwarning: [m[Kunused parameter ‘[01m[Kinput[m[K’ [[01;35m[K]8;;https://gcc.gnu.org/onlinedocs/gcc/Warning-Options.html#index-Wunused-parameter-Wunused-parameter]8;;[m[K]
    9 | void WheelloongSystem::update([01;35m[Kconst whl::inputStruct& input[m[K)
      |                               [01;35m[K~~~~~~~~~~~~~~~~~~~~~~~~^~~~~[m[K
[01m[K/home/user/qiaoyin/src/whl_system/src/wheelloong_system.cpp:[m[K In member function ‘[01m[Kvoid WheelloongSystem::map_output_to_response(const whl::outputStruct&, std::shared_ptr<whl_system::srv::InoutStruct_Response_<std::allocator<void> > >)[m[K’:
[01m[K/home/user/qiaoyin/src/whl_system/src/wheelloong_system.cpp:41:23:[m[K [01;31m[Kerror: [m[K‘[01m[Kusing element_type = struct whl_system::srv::InoutStruct_Response_<std::allocator<void> >[m[K’ {aka ‘[01m[Kstruct whl_system::srv::InoutStruct_Response_<std::allocator<void> >[m[K’} has no member named ‘[01m[Kq_arm_joints[m[K’; did you mean ‘[01m[Kq_arm_info[m[K’?
   41 |             response->[01;31m[Kq_arm_joints[m[K[i][j] = output.ctrl.q_arm_joints[i][j];
      |                       [01;31m[K^~~~~~~~~~~~[m[K
      |                       [32m[Kq_arm_info[m[K
[01m[K/home/user/qiaoyin/src/whl_system/src/wheelloong_system.cpp:42:23:[m[K [01;31m[Kerror: [m[K‘[01m[Kusing element_type = struct whl_system::srv::InoutStruct_Response_<std::allocator<void> >[m[K’ {aka ‘[01m[Kstruct whl_system::srv::InoutStruct_Response_<std::allocator<void> >[m[K’} has no member named ‘[01m[Kexp_arm_joints[m[K’; did you mean ‘[01m[Kexp_arm_info[m[K’?
   42 |             response->[01;31m[Kexp_arm_joints[m[K[i][j] = output.ctrl.exp_arm_joints[i][j];
      |                       [01;31m[K^~~~~~~~~~~~~~[m[K
      |                       [32m[Kexp_arm_info[m[K
[01m[K/home/user/qiaoyin/src/whl_system/src/wheelloong_system.cpp:43:23:[m[K [01;31m[Kerror: [m[K‘[01m[Kusing element_type = struct whl_system::srv::InoutStruct_Response_<std::allocator<void> >[m[K’ {aka ‘[01m[Kstruct whl_system::srv::InoutStruct_Response_<std::allocator<void> >[m[K’} has no member named ‘[01m[Kq_arm_pos[m[K’
   43 |             response->[01;31m[Kq_arm_pos[m[K[i][j] = output.ctrl.q_arm_pos[i][j];
      |                       [01;31m[K^~~~~~~~~[m[K
[01m[K/home/user/qiaoyin/src/whl_system/src/wheelloong_system.cpp:44:23:[m[K [01;31m[Kerror: [m[K‘[01m[Kusing element_type = struct whl_system::srv::InoutStruct_Response_<std::allocator<void> >[m[K’ {aka ‘[01m[Kstruct whl_system::srv::InoutStruct_Response_<std::allocator<void> >[m[K’} has no member named ‘[01m[Kexp_arm_pos[m[K’; did you mean ‘[01m[Kexp_arm_info[m[K’?
   44 |             response->[01;31m[Kexp_arm_pos[m[K[i][j] = output.ctrl.exp_arm_pos[i][j];
      |                       [01;31m[K^~~~~~~~~~~[m[K
      |                       [32m[Kexp_arm_info[m[K
gmake[2]: *** [CMakeFiles/wheelloong_system_node.dir/build.make:76：CMakeFiles/wheelloong_system_node.dir/src/wheelloong_system.cpp.o] 错误 1
gmake[1]: *** [CMakeFiles/Makefile2:593：CMakeFiles/wheelloong_system_node.dir/all] 错误 2
gmake: *** [Makefile:146：all] 错误 2
