[0.009s] Invoking command in '/home/user/qiaoyin/build/whl_system': CMAKE_PREFIX_PATH=/opt/ros/humble /usr/bin/cmake /home/user/qiaoyin/src/whl_system -DCMAKE_INSTALL_PREFIX=/home/user/qiaoyin/install/whl_system
[0.018s] -- Found ament_cmake: 1.3.11 (/opt/ros/humble/share/ament_cmake/cmake)
[0.101s] -- Found rclcpp: 16.0.12 (/opt/ros/humble/share/rclcpp/cmake)
[0.119s] -- Found rosidl_generator_c: 3.1.6 (/opt/ros/humble/share/rosidl_generator_c/cmake)
[0.120s] -- Found rosidl_adapter: 3.1.6 (/opt/ros/humble/share/rosidl_adapter/cmake)
[0.124s] -- Found rosidl_generator_cpp: 3.1.6 (/opt/ros/humble/share/rosidl_generator_cpp/cmake)
[0.130s] -- Using all available rosidl_typesupport_c: rosidl_typesupport_fastrtps_c;rosidl_typesupport_introspection_c
[0.137s] -- Using all available rosidl_typesupport_cpp: rosidl_typesupport_fastrtps_cpp;rosidl_typesupport_introspection_cpp
[0.156s] -- Found rmw_implementation_cmake: 6.1.2 (/opt/ros/humble/share/rmw_implementation_cmake/cmake)
[0.157s] -- Found rmw_fastrtps_cpp: 6.2.7 (/opt/ros/humble/share/rmw_fastrtps_cpp/cmake)
[0.218s] -- Using RMW implementation 'rmw_fastrtps_cpp' as default
[0.248s] -- Found rosidl_default_generators: 1.2.0 (/opt/ros/humble/share/rosidl_default_generators/cmake)
[0.415s] -- Found ament_cmake_ros: 0.10.0 (/opt/ros/humble/share/ament_cmake_ros/cmake)
[0.607s] -- Using all available rosidl_typesupport_c: rosidl_typesupport_fastrtps_c;rosidl_typesupport_introspection_c
[0.681s] -- Using all available rosidl_typesupport_cpp: rosidl_typesupport_fastrtps_cpp;rosidl_typesupport_introspection_cpp
[0.696s] -- Found python_cmake_module: 0.10.0 (/opt/ros/humble/share/python_cmake_module/cmake)
[0.711s] -- Using PYTHON_EXECUTABLE: /usr/bin/python3
[0.711s] -- Using PYTHON_INCLUDE_DIRS: /usr/include/python3.10
[0.711s] -- Using PYTHON_LIBRARIES: /usr/lib/x86_64-linux-gnu/libpython3.10.so
[0.717s] -- Found ament_lint_auto: 0.12.12 (/opt/ros/humble/share/ament_lint_auto/cmake)
[0.722s] -- Added test 'cppcheck' to perform static code analysis on C / C++ code
[0.723s] -- Configured cppcheck include dirs: 
[0.723s] -- Configured cppcheck exclude dirs and/or files: 
[0.723s] -- Added test 'lint_cmake' to check CMake code style
[0.723s] -- Added test 'uncrustify' to check C / C++ code style
[0.723s] -- Configured uncrustify additional arguments: 
[0.724s] -- Added test 'xmllint' to check XML markup files
[0.724s] -- Configuring done
[0.747s] -- Generating done
[0.754s] -- Build files have been written to: /home/user/qiaoyin/build/whl_system
[0.760s] Invoked command in '/home/user/qiaoyin/build/whl_system' returned '0': CMAKE_PREFIX_PATH=/opt/ros/humble /usr/bin/cmake /home/user/qiaoyin/src/whl_system -DCMAKE_INSTALL_PREFIX=/home/user/qiaoyin/install/whl_system
[0.761s] Invoking command in '/home/user/qiaoyin/build/whl_system': CMAKE_PREFIX_PATH=/opt/ros/humble /usr/bin/cmake --build /home/user/qiaoyin/build/whl_system -- -j24 -l24
[0.789s] [  2%] [34m[1mGenerating C code for ROS interfaces[0m
[0.795s] [  4%] [34m[1mGenerating C++ code for ROS interfaces[0m
[0.800s] [  4%] Built target ament_cmake_python_copy_whl_system
[0.940s] running egg_info
[0.941s] creating whl_system.egg-info
[0.941s] writing whl_system.egg-info/PKG-INFO
[0.941s] writing dependency_links to whl_system.egg-info/dependency_links.txt
[0.941s] writing top-level names to whl_system.egg-info/top_level.txt
[0.941s] writing manifest file 'whl_system.egg-info/SOURCES.txt'
[0.943s] reading manifest file 'whl_system.egg-info/SOURCES.txt'
[0.943s] writing manifest file 'whl_system.egg-info/SOURCES.txt'
[0.961s] [  4%] Built target ament_cmake_python_build_whl_system_egg
[1.053s] [  4%] Built target whl_system__cpp
[1.059s] [  8%] [34m[1mGenerating C++ type support for eProsima Fast-RTPS[0m
[1.059s] [  8%] [34m[1mGenerating C++ type support dispatch for ROS interfaces[0m
[1.060s] [ 10%] [34m[1mGenerating C++ introspection for ROS interfaces[0m
[1.062s] [ 12%] [32mBuilding C object CMakeFiles/whl_system__rosidl_generator_c.dir/rosidl_generator_c/whl_system/msg/detail/arm_info__functions.c.o[0m
[1.062s] [ 14%] [32mBuilding C object CMakeFiles/whl_system__rosidl_generator_c.dir/rosidl_generator_c/whl_system/msg/detail/agv_info__functions.c.o[0m
[1.062s] [ 16%] [32mBuilding C object CMakeFiles/whl_system__rosidl_generator_c.dir/rosidl_generator_c/whl_system/srv/detail/inout_struct__functions.c.o[0m
[1.105s] [ 18%] [32m[1mLinking C shared library libwhl_system__rosidl_generator_c.so[0m
[1.130s] [ 18%] Built target whl_system__rosidl_generator_c
[1.137s] [ 20%] [34m[1mGenerating C type support for eProsima Fast-RTPS[0m
[1.137s] [ 24%] [34m[1mGenerating C type support dispatch for ROS interfaces[0m
[1.137s] [ 24%] [34m[1mGenerating C introspection for ROS interfaces[0m
[1.275s] [ 30%] [32mBuilding CXX object CMakeFiles/whl_system__rosidl_typesupport_cpp.dir/rosidl_typesupport_cpp/whl_system/srv/inout_struct__type_support.cpp.o[0m
[1.275s] [ 30%] [32mBuilding CXX object CMakeFiles/whl_system__rosidl_typesupport_cpp.dir/rosidl_typesupport_cpp/whl_system/msg/agv_info__type_support.cpp.o[0m
[1.275s] [ 30%] [32mBuilding CXX object CMakeFiles/whl_system__rosidl_typesupport_cpp.dir/rosidl_typesupport_cpp/whl_system/msg/arm_info__type_support.cpp.o[0m
[1.296s] [ 32%] [32mBuilding CXX object CMakeFiles/whl_system__rosidl_typesupport_introspection_cpp.dir/rosidl_typesupport_introspection_cpp/whl_system/msg/detail/agv_info__type_support.cpp.o[0m
[1.297s] [ 36%] [32mBuilding CXX object CMakeFiles/whl_system__rosidl_typesupport_introspection_cpp.dir/rosidl_typesupport_introspection_cpp/whl_system/msg/detail/arm_info__type_support.cpp.o[0m
[1.297s] [ 36%] [32mBuilding CXX object CMakeFiles/whl_system__rosidl_typesupport_introspection_cpp.dir/rosidl_typesupport_introspection_cpp/whl_system/srv/detail/inout_struct__type_support.cpp.o[0m
[1.314s] [ 38%] [32mBuilding CXX object CMakeFiles/whl_system__rosidl_typesupport_fastrtps_cpp.dir/rosidl_typesupport_fastrtps_cpp/whl_system/msg/detail/dds_fastrtps/agv_info__type_support.cpp.o[0m
[1.315s] [ 40%] [32mBuilding CXX object CMakeFiles/whl_system__rosidl_typesupport_fastrtps_cpp.dir/rosidl_typesupport_fastrtps_cpp/whl_system/srv/detail/dds_fastrtps/inout_struct__type_support.cpp.o[0m
[1.316s] [ 42%] [32mBuilding CXX object CMakeFiles/whl_system__rosidl_typesupport_fastrtps_cpp.dir/rosidl_typesupport_fastrtps_cpp/whl_system/msg/detail/dds_fastrtps/arm_info__type_support.cpp.o[0m
[1.356s] [ 46%] [32mBuilding CXX object CMakeFiles/whl_system__rosidl_typesupport_c.dir/rosidl_typesupport_c/whl_system/msg/agv_info__type_support.cpp.o[0m
[1.357s] [ 46%] [32mBuilding CXX object CMakeFiles/whl_system__rosidl_typesupport_c.dir/rosidl_typesupport_c/whl_system/msg/arm_info__type_support.cpp.o[0m
[1.358s] [ 48%] [32mBuilding CXX object CMakeFiles/whl_system__rosidl_typesupport_c.dir/rosidl_typesupport_c/whl_system/srv/inout_struct__type_support.cpp.o[0m
[1.390s] [ 51%] [32mBuilding C object CMakeFiles/whl_system__rosidl_typesupport_introspection_c.dir/rosidl_typesupport_introspection_c/whl_system/srv/detail/inout_struct__type_support.c.o[0m
[1.391s] [ 53%] [32mBuilding C object CMakeFiles/whl_system__rosidl_typesupport_introspection_c.dir/rosidl_typesupport_introspection_c/whl_system/msg/detail/arm_info__type_support.c.o[0m
[1.391s] [ 55%] [32mBuilding C object CMakeFiles/whl_system__rosidl_typesupport_introspection_c.dir/rosidl_typesupport_introspection_c/whl_system/msg/detail/agv_info__type_support.c.o[0m
[1.391s] [ 57%] [32m[1mLinking CXX shared library libwhl_system__rosidl_typesupport_c.so[0m
[1.400s] [ 59%] [32mBuilding CXX object CMakeFiles/whl_system__rosidl_typesupport_fastrtps_c.dir/rosidl_typesupport_fastrtps_c/whl_system/srv/detail/inout_struct__type_support_c.cpp.o[0m
[1.401s] [ 61%] [32mBuilding CXX object CMakeFiles/whl_system__rosidl_typesupport_fastrtps_c.dir/rosidl_typesupport_fastrtps_c/whl_system/msg/detail/arm_info__type_support_c.cpp.o[0m
[1.401s] [ 63%] [32mBuilding CXX object CMakeFiles/whl_system__rosidl_typesupport_fastrtps_c.dir/rosidl_typesupport_fastrtps_c/whl_system/msg/detail/agv_info__type_support_c.cpp.o[0m
[1.423s] [ 63%] Built target whl_system__rosidl_typesupport_c
[1.437s] [ 65%] [32m[1mLinking C shared library libwhl_system__rosidl_typesupport_introspection_c.so[0m
[1.467s] [ 65%] Built target whl_system__rosidl_typesupport_introspection_c
[1.562s] [ 67%] [32m[1mLinking CXX shared library libwhl_system__rosidl_typesupport_cpp.so[0m
[1.594s] [ 67%] Built target whl_system__rosidl_typesupport_cpp
[1.612s] [ 69%] [32mBuilding CXX object CMakeFiles/wheelloong_system_node.dir/src/wheelloong_system.cpp.o[0m
[1.625s] [ 71%] [32m[1mLinking CXX shared library libwhl_system__rosidl_typesupport_fastrtps_c.so[0m
[1.654s] [ 73%] [32m[1mLinking CXX shared library libwhl_system__rosidl_typesupport_fastrtps_cpp.so[0m
[1.675s] [ 73%] Built target whl_system__rosidl_typesupport_fastrtps_c
[1.686s] [ 75%] [32m[1mLinking CXX shared library libwhl_system__rosidl_typesupport_introspection_cpp.so[0m
[1.702s] [ 75%] Built target whl_system__rosidl_typesupport_fastrtps_cpp
[1.734s] [ 75%] Built target whl_system__rosidl_typesupport_introspection_cpp
[1.747s] [ 75%] Built target whl_system
[1.760s] [ 77%] [34m[1mGenerating Python code for ROS interfaces[0m
[2.142s] [ 77%] Built target whl_system__py
[2.156s] [ 79%] [32mBuilding C object CMakeFiles/whl_system__rosidl_generator_py.dir/rosidl_generator_py/whl_system/msg/_agv_info_s.c.o[0m
[2.156s] [ 81%] [32mBuilding C object CMakeFiles/whl_system__rosidl_generator_py.dir/rosidl_generator_py/whl_system/msg/_arm_info_s.c.o[0m
[2.156s] [ 83%] [32mBuilding C object CMakeFiles/whl_system__rosidl_generator_py.dir/rosidl_generator_py/whl_system/srv/_inout_struct_s.c.o[0m
[2.241s] [ 85%] [32m[1mLinking C shared library rosidl_generator_py/whl_system/libwhl_system__rosidl_generator_py.so[0m
[2.268s] [ 85%] Built target whl_system__rosidl_generator_py
[2.284s] [ 87%] [32mBuilding C object CMakeFiles/whl_system__rosidl_typesupport_fastrtps_c__pyext.dir/rosidl_generator_py/whl_system/_whl_system_s.ep.rosidl_typesupport_fastrtps_c.c.o[0m
[2.284s] [ 91%] [32mBuilding C object CMakeFiles/whl_system__rosidl_typesupport_introspection_c__pyext.dir/rosidl_generator_py/whl_system/_whl_system_s.ep.rosidl_typesupport_introspection_c.c.o[0m
[2.284s] [ 91%] [32mBuilding C object CMakeFiles/whl_system__rosidl_typesupport_c__pyext.dir/rosidl_generator_py/whl_system/_whl_system_s.ep.rosidl_typesupport_c.c.o[0m
[2.346s] [ 95%] [32m[1mLinking C shared library rosidl_generator_py/whl_system/whl_system_s__rosidl_typesupport_introspection_c.cpython-310-x86_64-linux-gnu.so[0m
[2.346s] [ 97%] [32m[1mLinking C shared library rosidl_generator_py/whl_system/whl_system_s__rosidl_typesupport_fastrtps_c.cpython-310-x86_64-linux-gnu.so[0m
[2.346s] [ 97%] [32m[1mLinking C shared library rosidl_generator_py/whl_system/whl_system_s__rosidl_typesupport_c.cpython-310-x86_64-linux-gnu.so[0m
[2.368s] [ 97%] Built target whl_system__rosidl_typesupport_c__pyext
[2.369s] [ 97%] Built target whl_system__rosidl_typesupport_fastrtps_c__pyext
[2.372s] [ 97%] Built target whl_system__rosidl_typesupport_introspection_c__pyext
[2.889s] [01m[K/home/user/qiaoyin/src/whl_system/src/wheelloong_system.cpp:[m[K In member function ‘[01m[Kvoid WheelloongSystem::update(const whl::inputStruct&)[m[K’:
[2.889s] [01m[K/home/user/qiaoyin/src/whl_system/src/wheelloong_system.cpp:9:55:[m[K [01;35m[Kwarning: [m[Kunused parameter ‘[01m[Kinput[m[K’ [[01;35m[K]8;;https://gcc.gnu.org/onlinedocs/gcc/Warning-Options.html#index-Wunused-parameter-Wunused-parameter]8;;[m[K]
[2.889s]     9 | void WheelloongSystem::update([01;35m[Kconst whl::inputStruct& input[m[K)
[2.889s]       |                               [01;35m[K~~~~~~~~~~~~~~~~~~~~~~~~^~~~~[m[K
[2.891s] [01m[K/home/user/qiaoyin/src/whl_system/src/wheelloong_system.cpp:[m[K In member function ‘[01m[Kvoid WheelloongSystem::map_output_to_response(const whl::outputStruct&, std::shared_ptr<whl_system::srv::InoutStruct_Response_<std::allocator<void> > >)[m[K’:
[2.892s] [01m[K/home/user/qiaoyin/src/whl_system/src/wheelloong_system.cpp:41:23:[m[K [01;31m[Kerror: [m[K‘[01m[Kusing element_type = struct whl_system::srv::InoutStruct_Response_<std::allocator<void> >[m[K’ {aka ‘[01m[Kstruct whl_system::srv::InoutStruct_Response_<std::allocator<void> >[m[K’} has no member named ‘[01m[Kq_arm_joints[m[K’; did you mean ‘[01m[Kq_arm_info[m[K’?
[2.892s]    41 |             response->[01;31m[Kq_arm_joints[m[K[i][j] = output.ctrl.q_arm_joints[i][j];
[2.892s]       |                       [01;31m[K^~~~~~~~~~~~[m[K
[2.892s]       |                       [32m[Kq_arm_info[m[K
[2.892s] [01m[K/home/user/qiaoyin/src/whl_system/src/wheelloong_system.cpp:42:23:[m[K [01;31m[Kerror: [m[K‘[01m[Kusing element_type = struct whl_system::srv::InoutStruct_Response_<std::allocator<void> >[m[K’ {aka ‘[01m[Kstruct whl_system::srv::InoutStruct_Response_<std::allocator<void> >[m[K’} has no member named ‘[01m[Kexp_arm_joints[m[K’; did you mean ‘[01m[Kexp_arm_info[m[K’?
[2.892s]    42 |             response->[01;31m[Kexp_arm_joints[m[K[i][j] = output.ctrl.exp_arm_joints[i][j];
[2.892s]       |                       [01;31m[K^~~~~~~~~~~~~~[m[K
[2.892s]       |                       [32m[Kexp_arm_info[m[K
[2.892s] [01m[K/home/user/qiaoyin/src/whl_system/src/wheelloong_system.cpp:43:23:[m[K [01;31m[Kerror: [m[K‘[01m[Kusing element_type = struct whl_system::srv::InoutStruct_Response_<std::allocator<void> >[m[K’ {aka ‘[01m[Kstruct whl_system::srv::InoutStruct_Response_<std::allocator<void> >[m[K’} has no member named ‘[01m[Kq_arm_pos[m[K’
[2.892s]    43 |             response->[01;31m[Kq_arm_pos[m[K[i][j] = output.ctrl.q_arm_pos[i][j];
[2.892s]       |                       [01;31m[K^~~~~~~~~[m[K
[2.892s] [01m[K/home/user/qiaoyin/src/whl_system/src/wheelloong_system.cpp:44:23:[m[K [01;31m[Kerror: [m[K‘[01m[Kusing element_type = struct whl_system::srv::InoutStruct_Response_<std::allocator<void> >[m[K’ {aka ‘[01m[Kstruct whl_system::srv::InoutStruct_Response_<std::allocator<void> >[m[K’} has no member named ‘[01m[Kexp_arm_pos[m[K’; did you mean ‘[01m[Kexp_arm_info[m[K’?
[2.892s]    44 |             response->[01;31m[Kexp_arm_pos[m[K[i][j] = output.ctrl.exp_arm_pos[i][j];
[2.892s]       |                       [01;31m[K^~~~~~~~~~~[m[K
[2.892s]       |                       [32m[Kexp_arm_info[m[K
[3.126s] gmake[2]: *** [CMakeFiles/wheelloong_system_node.dir/build.make:76：CMakeFiles/wheelloong_system_node.dir/src/wheelloong_system.cpp.o] 错误 1
[3.126s] gmake[1]: *** [CMakeFiles/Makefile2:593：CMakeFiles/wheelloong_system_node.dir/all] 错误 2
[3.126s] gmake: *** [Makefile:146：all] 错误 2
[3.128s] Invoked command in '/home/user/qiaoyin/build/whl_system' returned '2': CMAKE_PREFIX_PATH=/opt/ros/humble /usr/bin/cmake --build /home/user/qiaoyin/build/whl_system -- -j24 -l24
