[0.065s] DEBUG:colcon:Command line arguments: ['/usr/bin/colcon', 'build']
[0.065s] DEBUG:colcon:Parsed command line arguments: Namespace(log_base=None, log_level=None, verb_name='build', build_base='build', install_base='install', merge_install=False, symlink_install=False, test_result_base=None, continue_on_error=False, executor='parallel', parallel_workers=24, event_handlers=None, ignore_user_meta=False, metas=['./colcon.meta'], base_paths=['.'], packages_ignore=None, packages_ignore_regex=None, paths=None, packages_up_to=None, packages_up_to_regex=None, packages_above=None, packages_above_and_dependencies=None, packages_above_depth=None, packages_select_by_dep=None, packages_skip_by_dep=None, packages_skip_up_to=None, packages_select_build_failed=False, packages_skip_build_finished=False, packages_select_test_failures=False, packages_skip_test_passed=False, packages_select=None, packages_skip=None, packages_select_regex=None, packages_skip_regex=None, packages_start=None, packages_end=None, allow_overriding=[], cmake_args=None, cmake_target=None, cmake_target_skip_unavailable=False, cmake_clean_cache=False, cmake_clean_first=False, cmake_force_configure=False, ament_cmake_args=None, catkin_cmake_args=None, catkin_skip_building_tests=False, mixin_files=None, mixin=None, verb_parser=<colcon_mixin.mixin.mixin_argument.MixinArgumentDecorator object at 0x790530965240>, verb_extension=<colcon_core.verb.build.BuildVerb object at 0x7905309643a0>, main=<bound method BuildVerb.main of <colcon_core.verb.build.BuildVerb object at 0x7905309643a0>>, mixin_verb=('build',))
[0.149s] Level 1:colcon.colcon_core.package_discovery:discover_packages(colcon_meta) check parameters
[0.149s] Level 1:colcon.colcon_core.package_discovery:discover_packages(recursive) check parameters
[0.149s] Level 1:colcon.colcon_core.package_discovery:discover_packages(ignore) check parameters
[0.149s] Level 1:colcon.colcon_core.package_discovery:discover_packages(path) check parameters
[0.149s] Level 1:colcon.colcon_core.package_discovery:discover_packages(colcon_meta) discover
[0.149s] Level 1:colcon.colcon_core.package_discovery:discover_packages(recursive) discover
[0.149s] INFO:colcon.colcon_core.package_discovery:Crawling recursively for packages in '/home/user/qiaoyin'
[0.149s] Level 1:colcon.colcon_core.package_identification:_identify(.) by extensions ['ignore', 'ignore_ament_install']
[0.149s] Level 1:colcon.colcon_core.package_identification:_identify(.) by extension 'ignore'
[0.149s] Level 1:colcon.colcon_core.package_identification:_identify(.) by extension 'ignore_ament_install'
[0.149s] Level 1:colcon.colcon_core.package_identification:_identify(.) by extensions ['colcon_pkg']
[0.149s] Level 1:colcon.colcon_core.package_identification:_identify(.) by extension 'colcon_pkg'
[0.149s] Level 1:colcon.colcon_core.package_identification:_identify(.) by extensions ['colcon_meta']
[0.149s] Level 1:colcon.colcon_core.package_identification:_identify(.) by extension 'colcon_meta'
[0.149s] Level 1:colcon.colcon_core.package_identification:_identify(.) by extensions ['ros']
[0.149s] Level 1:colcon.colcon_core.package_identification:_identify(.) by extension 'ros'
[0.155s] Level 1:colcon.colcon_core.package_identification:_identify(.) by extensions ['cmake', 'python']
[0.155s] Level 1:colcon.colcon_core.package_identification:_identify(.) by extension 'cmake'
[0.156s] Level 1:colcon.colcon_core.package_identification:_identify(.) by extension 'python'
[0.156s] Level 1:colcon.colcon_core.package_identification:_identify(.) by extensions ['python_setup_py']
[0.156s] Level 1:colcon.colcon_core.package_identification:_identify(.) by extension 'python_setup_py'
[0.156s] Level 1:colcon.colcon_core.package_identification:_identify(build) by extensions ['ignore', 'ignore_ament_install']
[0.156s] Level 1:colcon.colcon_core.package_identification:_identify(build) by extension 'ignore'
[0.156s] Level 1:colcon.colcon_core.package_identification:_identify(build) ignored
[0.156s] Level 1:colcon.colcon_core.package_identification:_identify(install) by extensions ['ignore', 'ignore_ament_install']
[0.156s] Level 1:colcon.colcon_core.package_identification:_identify(install) by extension 'ignore'
[0.156s] Level 1:colcon.colcon_core.package_identification:_identify(install) ignored
[0.156s] Level 1:colcon.colcon_core.package_identification:_identify(log) by extensions ['ignore', 'ignore_ament_install']
[0.156s] Level 1:colcon.colcon_core.package_identification:_identify(log) by extension 'ignore'
[0.156s] Level 1:colcon.colcon_core.package_identification:_identify(log) ignored
[0.156s] Level 1:colcon.colcon_core.package_identification:_identify(src) by extensions ['ignore', 'ignore_ament_install']
[0.156s] Level 1:colcon.colcon_core.package_identification:_identify(src) by extension 'ignore'
[0.156s] Level 1:colcon.colcon_core.package_identification:_identify(src) by extension 'ignore_ament_install'
[0.156s] Level 1:colcon.colcon_core.package_identification:_identify(src) by extensions ['colcon_pkg']
[0.156s] Level 1:colcon.colcon_core.package_identification:_identify(src) by extension 'colcon_pkg'
[0.156s] Level 1:colcon.colcon_core.package_identification:_identify(src) by extensions ['colcon_meta']
[0.156s] Level 1:colcon.colcon_core.package_identification:_identify(src) by extension 'colcon_meta'
[0.156s] Level 1:colcon.colcon_core.package_identification:_identify(src) by extensions ['ros']
[0.156s] Level 1:colcon.colcon_core.package_identification:_identify(src) by extension 'ros'
[0.156s] Level 1:colcon.colcon_core.package_identification:_identify(src) by extensions ['cmake', 'python']
[0.156s] Level 1:colcon.colcon_core.package_identification:_identify(src) by extension 'cmake'
[0.156s] Level 1:colcon.colcon_core.package_identification:_identify(src) by extension 'python'
[0.156s] Level 1:colcon.colcon_core.package_identification:_identify(src) by extensions ['python_setup_py']
[0.156s] Level 1:colcon.colcon_core.package_identification:_identify(src) by extension 'python_setup_py'
[0.156s] Level 1:colcon.colcon_core.package_identification:_identify(src/system) by extensions ['ignore', 'ignore_ament_install']
[0.156s] Level 1:colcon.colcon_core.package_identification:_identify(src/system) by extension 'ignore'
[0.156s] Level 1:colcon.colcon_core.package_identification:_identify(src/system) by extension 'ignore_ament_install'
[0.156s] Level 1:colcon.colcon_core.package_identification:_identify(src/system) by extensions ['colcon_pkg']
[0.156s] Level 1:colcon.colcon_core.package_identification:_identify(src/system) by extension 'colcon_pkg'
[0.156s] Level 1:colcon.colcon_core.package_identification:_identify(src/system) by extensions ['colcon_meta']
[0.156s] Level 1:colcon.colcon_core.package_identification:_identify(src/system) by extension 'colcon_meta'
[0.156s] Level 1:colcon.colcon_core.package_identification:_identify(src/system) by extensions ['ros']
[0.156s] Level 1:colcon.colcon_core.package_identification:_identify(src/system) by extension 'ros'
[0.158s] DEBUG:colcon.colcon_core.package_identification:Package 'src/system' with type 'ros.ament_cmake' and name 'system'
[0.158s] Level 1:colcon.colcon_core.package_identification:_identify(wheelloong_utility) by extensions ['ignore', 'ignore_ament_install']
[0.158s] Level 1:colcon.colcon_core.package_identification:_identify(wheelloong_utility) by extension 'ignore'
[0.158s] Level 1:colcon.colcon_core.package_identification:_identify(wheelloong_utility) by extension 'ignore_ament_install'
[0.158s] Level 1:colcon.colcon_core.package_identification:_identify(wheelloong_utility) by extensions ['colcon_pkg']
[0.158s] Level 1:colcon.colcon_core.package_identification:_identify(wheelloong_utility) by extension 'colcon_pkg'
[0.158s] Level 1:colcon.colcon_core.package_identification:_identify(wheelloong_utility) by extensions ['colcon_meta']
[0.158s] Level 1:colcon.colcon_core.package_identification:_identify(wheelloong_utility) by extension 'colcon_meta'
[0.158s] Level 1:colcon.colcon_core.package_identification:_identify(wheelloong_utility) by extensions ['ros']
[0.158s] Level 1:colcon.colcon_core.package_identification:_identify(wheelloong_utility) by extension 'ros'
[0.158s] DEBUG:colcon.colcon_core.package_identification:Package 'wheelloong_utility' with type 'ros.ament_cmake' and name 'wheelloong_utility'
[0.158s] Level 1:colcon.colcon_core.package_discovery:discover_packages(recursive) using defaults
[0.158s] Level 1:colcon.colcon_core.package_discovery:discover_packages(ignore) discover
[0.158s] Level 1:colcon.colcon_core.package_discovery:discover_packages(ignore) using defaults
[0.159s] Level 1:colcon.colcon_core.package_discovery:discover_packages(path) discover
[0.159s] Level 1:colcon.colcon_core.package_discovery:discover_packages(path) using defaults
[0.175s] Level 1:colcon.colcon_core.package_discovery:discover_packages(prefix_path) check parameters
[0.175s] Level 1:colcon.colcon_core.package_discovery:discover_packages(prefix_path) discover
[0.177s] DEBUG:colcon.colcon_installed_package_information.package_discovery:Found 271 installed packages in /opt/ros/humble
[0.177s] Level 1:colcon.colcon_core.package_discovery:discover_packages(prefix_path) using defaults
[0.196s] Level 5:colcon.colcon_core.verb:set package 'system' build argument 'cmake_args' from command line to 'None'
[0.196s] Level 5:colcon.colcon_core.verb:set package 'system' build argument 'cmake_target' from command line to 'None'
[0.196s] Level 5:colcon.colcon_core.verb:set package 'system' build argument 'cmake_target_skip_unavailable' from command line to 'False'
[0.196s] Level 5:colcon.colcon_core.verb:set package 'system' build argument 'cmake_clean_cache' from command line to 'False'
[0.196s] Level 5:colcon.colcon_core.verb:set package 'system' build argument 'cmake_clean_first' from command line to 'False'
[0.196s] Level 5:colcon.colcon_core.verb:set package 'system' build argument 'cmake_force_configure' from command line to 'False'
[0.196s] Level 5:colcon.colcon_core.verb:set package 'system' build argument 'ament_cmake_args' from command line to 'None'
[0.196s] Level 5:colcon.colcon_core.verb:set package 'system' build argument 'catkin_cmake_args' from command line to 'None'
[0.196s] Level 5:colcon.colcon_core.verb:set package 'system' build argument 'catkin_skip_building_tests' from command line to 'False'
[0.197s] DEBUG:colcon.colcon_core.verb:Building package 'system' with the following arguments: {'ament_cmake_args': None, 'build_base': '/home/user/qiaoyin/build/system', 'catkin_cmake_args': None, 'catkin_skip_building_tests': False, 'cmake_args': None, 'cmake_clean_cache': False, 'cmake_clean_first': False, 'cmake_force_configure': False, 'cmake_target': None, 'cmake_target_skip_unavailable': False, 'install_base': '/home/user/qiaoyin/install/system', 'merge_install': False, 'path': '/home/user/qiaoyin/src/system', 'symlink_install': False, 'test_result_base': None}
[0.197s] Level 5:colcon.colcon_core.verb:set package 'wheelloong_utility' build argument 'cmake_args' from command line to 'None'
[0.197s] Level 5:colcon.colcon_core.verb:set package 'wheelloong_utility' build argument 'cmake_target' from command line to 'None'
[0.197s] Level 5:colcon.colcon_core.verb:set package 'wheelloong_utility' build argument 'cmake_target_skip_unavailable' from command line to 'False'
[0.197s] Level 5:colcon.colcon_core.verb:set package 'wheelloong_utility' build argument 'cmake_clean_cache' from command line to 'False'
[0.197s] Level 5:colcon.colcon_core.verb:set package 'wheelloong_utility' build argument 'cmake_clean_first' from command line to 'False'
[0.197s] Level 5:colcon.colcon_core.verb:set package 'wheelloong_utility' build argument 'cmake_force_configure' from command line to 'False'
[0.197s] Level 5:colcon.colcon_core.verb:set package 'wheelloong_utility' build argument 'ament_cmake_args' from command line to 'None'
[0.197s] Level 5:colcon.colcon_core.verb:set package 'wheelloong_utility' build argument 'catkin_cmake_args' from command line to 'None'
[0.197s] Level 5:colcon.colcon_core.verb:set package 'wheelloong_utility' build argument 'catkin_skip_building_tests' from command line to 'False'
[0.197s] DEBUG:colcon.colcon_core.verb:Building package 'wheelloong_utility' with the following arguments: {'ament_cmake_args': None, 'build_base': '/home/user/qiaoyin/build/wheelloong_utility', 'catkin_cmake_args': None, 'catkin_skip_building_tests': False, 'cmake_args': None, 'cmake_clean_cache': False, 'cmake_clean_first': False, 'cmake_force_configure': False, 'cmake_target': None, 'cmake_target_skip_unavailable': False, 'install_base': '/home/user/qiaoyin/install/wheelloong_utility', 'merge_install': False, 'path': '/home/user/qiaoyin/wheelloong_utility', 'symlink_install': False, 'test_result_base': None}
[0.197s] INFO:colcon.colcon_core.executor:Executing jobs using 'parallel' executor
[0.198s] DEBUG:colcon.colcon_parallel_executor.executor.parallel:run_until_complete
[0.198s] INFO:colcon.colcon_ros.task.ament_cmake.build:Building ROS package in '/home/user/qiaoyin/src/system' with build type 'ament_cmake'
[0.198s] INFO:colcon.colcon_cmake.task.cmake.build:Building CMake package in '/home/user/qiaoyin/src/system'
[0.199s] INFO:colcon.colcon_core.plugin_system:Skipping extension 'colcon_core.shell.bat': Not used on non-Windows systems
[0.199s] INFO:colcon.colcon_core.shell:Skip shell extension 'powershell' for command environment: Not usable outside of PowerShell
[0.199s] DEBUG:colcon.colcon_core.shell:Skip shell extension 'dsv' for command environment
[0.201s] INFO:colcon.colcon_ros.task.ament_cmake.build:Building ROS package in '/home/user/qiaoyin/wheelloong_utility' with build type 'ament_cmake'
[0.201s] INFO:colcon.colcon_cmake.task.cmake.build:Building CMake package in '/home/user/qiaoyin/wheelloong_utility'
[0.201s] INFO:colcon.colcon_core.shell:Skip shell extension 'powershell' for command environment: Not usable outside of PowerShell
[0.201s] DEBUG:colcon.colcon_core.shell:Skip shell extension 'dsv' for command environment
[0.206s] DEBUG:colcon.colcon_core.event_handler.log_command:Invoking command in '/home/user/qiaoyin/build/system': CMAKE_PREFIX_PATH=/opt/ros/humble /usr/bin/cmake --build /home/user/qiaoyin/build/system -- -j24 -l24
[0.208s] DEBUG:colcon.colcon_core.event_handler.log_command:Invoking command in '/home/user/qiaoyin/build/wheelloong_utility': CMAKE_PREFIX_PATH=/opt/ros/humble /usr/bin/cmake /home/user/qiaoyin/wheelloong_utility -DCMAKE_INSTALL_PREFIX=/home/user/qiaoyin/install/wheelloong_utility
[0.231s] DEBUG:colcon.colcon_core.event_handler.log_command:Invoked command in '/home/user/qiaoyin/build/system' returned '0': CMAKE_PREFIX_PATH=/opt/ros/humble /usr/bin/cmake --build /home/user/qiaoyin/build/system -- -j24 -l24
[0.237s] DEBUG:colcon.colcon_core.event_handler.log_command:Invoking command in '/home/user/qiaoyin/build/system': CMAKE_PREFIX_PATH=/opt/ros/humble /usr/bin/cmake --install /home/user/qiaoyin/build/system
[0.245s] Level 1:colcon.colcon_core.environment:create_environment_scripts_only(system)
[0.245s] DEBUG:colcon.colcon_core.event_handler.log_command:Invoked command in '/home/user/qiaoyin/build/system' returned '0': CMAKE_PREFIX_PATH=/opt/ros/humble /usr/bin/cmake --install /home/user/qiaoyin/build/system
[0.247s] Level 1:colcon.colcon_core.environment:checking '/home/user/qiaoyin/install/system' for CMake module files
[0.247s] Level 1:colcon.colcon_core.environment:checking '/home/user/qiaoyin/install/system' for CMake config files
[0.247s] Level 1:colcon.colcon_core.shell:create_environment_hook('system', 'cmake_prefix_path')
[0.247s] INFO:colcon.colcon_core.shell:Creating environment hook '/home/user/qiaoyin/install/system/share/system/hook/cmake_prefix_path.ps1'
[0.248s] INFO:colcon.colcon_core.shell:Creating environment descriptor '/home/user/qiaoyin/install/system/share/system/hook/cmake_prefix_path.dsv'
[0.248s] INFO:colcon.colcon_core.shell:Creating environment hook '/home/user/qiaoyin/install/system/share/system/hook/cmake_prefix_path.sh'
[0.249s] Level 1:colcon.colcon_core.environment:checking '/home/user/qiaoyin/install/system/bin'
[0.249s] Level 1:colcon.colcon_core.environment:checking '/home/user/qiaoyin/install/system/lib/pkgconfig/system.pc'
[0.249s] Level 1:colcon.colcon_core.environment:checking '/home/user/qiaoyin/install/system/lib/python3.10/site-packages'
[0.249s] Level 1:colcon.colcon_core.environment:checking '/home/user/qiaoyin/install/system/bin'
[0.249s] INFO:colcon.colcon_core.shell:Creating package script '/home/user/qiaoyin/install/system/share/system/package.ps1'
[0.250s] INFO:colcon.colcon_core.shell:Creating package descriptor '/home/user/qiaoyin/install/system/share/system/package.dsv'
[0.250s] INFO:colcon.colcon_core.shell:Creating package script '/home/user/qiaoyin/install/system/share/system/package.sh'
[0.251s] INFO:colcon.colcon_core.shell:Creating package script '/home/user/qiaoyin/install/system/share/system/package.bash'
[0.251s] INFO:colcon.colcon_core.shell:Creating package script '/home/user/qiaoyin/install/system/share/system/package.zsh'
[0.251s] Level 1:colcon.colcon_core.environment:create_file_with_runtime_dependencies(/home/user/qiaoyin/install/system/share/colcon-core/packages/system)
[0.252s] Level 1:colcon.colcon_core.environment:create_environment_scripts_only(system)
[0.252s] Level 1:colcon.colcon_core.environment:checking '/home/user/qiaoyin/install/system' for CMake module files
[0.252s] Level 1:colcon.colcon_core.environment:checking '/home/user/qiaoyin/install/system' for CMake config files
[0.252s] Level 1:colcon.colcon_core.shell:create_environment_hook('system', 'cmake_prefix_path')
[0.252s] INFO:colcon.colcon_core.shell:Creating environment hook '/home/user/qiaoyin/install/system/share/system/hook/cmake_prefix_path.ps1'
[0.253s] INFO:colcon.colcon_core.shell:Creating environment descriptor '/home/user/qiaoyin/install/system/share/system/hook/cmake_prefix_path.dsv'
[0.253s] INFO:colcon.colcon_core.shell:Creating environment hook '/home/user/qiaoyin/install/system/share/system/hook/cmake_prefix_path.sh'
[0.253s] Level 1:colcon.colcon_core.environment:checking '/home/user/qiaoyin/install/system/bin'
[0.253s] Level 1:colcon.colcon_core.environment:checking '/home/user/qiaoyin/install/system/lib/pkgconfig/system.pc'
[0.253s] Level 1:colcon.colcon_core.environment:checking '/home/user/qiaoyin/install/system/lib/python3.10/site-packages'
[0.253s] Level 1:colcon.colcon_core.environment:checking '/home/user/qiaoyin/install/system/bin'
[0.253s] INFO:colcon.colcon_core.shell:Creating package script '/home/user/qiaoyin/install/system/share/system/package.ps1'
[0.254s] INFO:colcon.colcon_core.shell:Creating package descriptor '/home/user/qiaoyin/install/system/share/system/package.dsv'
[0.254s] INFO:colcon.colcon_core.shell:Creating package script '/home/user/qiaoyin/install/system/share/system/package.sh'
[0.254s] INFO:colcon.colcon_core.shell:Creating package script '/home/user/qiaoyin/install/system/share/system/package.bash'
[0.254s] INFO:colcon.colcon_core.shell:Creating package script '/home/user/qiaoyin/install/system/share/system/package.zsh'
[0.255s] Level 1:colcon.colcon_core.environment:create_file_with_runtime_dependencies(/home/user/qiaoyin/install/system/share/colcon-core/packages/system)
[0.354s] DEBUG:colcon.colcon_core.event_handler.log_command:Invoked command in '/home/user/qiaoyin/build/wheelloong_utility' returned '1': CMAKE_PREFIX_PATH=/opt/ros/humble /usr/bin/cmake /home/user/qiaoyin/wheelloong_utility -DCMAKE_INSTALL_PREFIX=/home/user/qiaoyin/install/wheelloong_utility
[0.361s] Level 1:colcon.colcon_core.environment:create_environment_scripts_only(wheelloong_utility)
[0.361s] Level 1:colcon.colcon_core.environment:checking '/home/user/qiaoyin/install/wheelloong_utility' for CMake module files
[0.362s] Level 1:colcon.colcon_core.environment:checking '/home/user/qiaoyin/install/wheelloong_utility' for CMake config files
[0.362s] Level 1:colcon.colcon_core.environment:checking '/home/user/qiaoyin/install/wheelloong_utility/bin'
[0.362s] Level 1:colcon.colcon_core.environment:checking '/home/user/qiaoyin/install/wheelloong_utility/lib/pkgconfig/wheelloong_utility.pc'
[0.362s] Level 1:colcon.colcon_core.environment:checking '/home/user/qiaoyin/install/wheelloong_utility/lib/python3.10/site-packages'
[0.362s] Level 1:colcon.colcon_core.environment:checking '/home/user/qiaoyin/install/wheelloong_utility/bin'
[0.362s] INFO:colcon.colcon_core.shell:Creating package script '/home/user/qiaoyin/install/wheelloong_utility/share/wheelloong_utility/package.ps1'
[0.362s] INFO:colcon.colcon_core.shell:Creating package descriptor '/home/user/qiaoyin/install/wheelloong_utility/share/wheelloong_utility/package.dsv'
[0.363s] INFO:colcon.colcon_core.shell:Creating package script '/home/user/qiaoyin/install/wheelloong_utility/share/wheelloong_utility/package.sh'
[0.363s] INFO:colcon.colcon_core.shell:Creating package script '/home/user/qiaoyin/install/wheelloong_utility/share/wheelloong_utility/package.bash'
[0.363s] INFO:colcon.colcon_core.shell:Creating package script '/home/user/qiaoyin/install/wheelloong_utility/share/wheelloong_utility/package.zsh'
[0.363s] Level 1:colcon.colcon_core.environment:create_file_with_runtime_dependencies(/home/user/qiaoyin/install/wheelloong_utility/share/colcon-core/packages/wheelloong_utility)
[0.373s] DEBUG:colcon.colcon_parallel_executor.executor.parallel:closing loop
[0.373s] DEBUG:colcon.colcon_parallel_executor.executor.parallel:loop closed
[0.374s] DEBUG:colcon.colcon_parallel_executor.executor.parallel:run_until_complete finished with '1'
[0.374s] DEBUG:colcon.colcon_core.event_reactor:joining thread
[0.377s] INFO:colcon.colcon_core.plugin_system:Skipping extension 'colcon_notification.desktop_notification.terminal_notifier': Not used on non-Darwin systems
[0.377s] INFO:colcon.colcon_core.plugin_system:Skipping extension 'colcon_notification.desktop_notification.win32': Not used on non-Windows systems
[0.377s] INFO:colcon.colcon_notification.desktop_notification:Sending desktop notification using 'notify2'
[0.383s] DEBUG:colcon.colcon_core.event_reactor:joined thread
[0.384s] INFO:colcon.colcon_core.shell:Creating prefix script '/home/user/qiaoyin/install/local_setup.ps1'
[0.384s] INFO:colcon.colcon_core.shell:Creating prefix util module '/home/user/qiaoyin/install/_local_setup_util_ps1.py'
[0.385s] INFO:colcon.colcon_core.shell:Creating prefix chain script '/home/user/qiaoyin/install/setup.ps1'
[0.386s] INFO:colcon.colcon_core.shell:Creating prefix script '/home/user/qiaoyin/install/local_setup.sh'
[0.386s] INFO:colcon.colcon_core.shell:Creating prefix util module '/home/user/qiaoyin/install/_local_setup_util_sh.py'
[0.387s] INFO:colcon.colcon_core.shell:Creating prefix chain script '/home/user/qiaoyin/install/setup.sh'
[0.387s] INFO:colcon.colcon_core.shell:Creating prefix script '/home/user/qiaoyin/install/local_setup.bash'
[0.387s] INFO:colcon.colcon_core.shell:Creating prefix chain script '/home/user/qiaoyin/install/setup.bash'
[0.388s] INFO:colcon.colcon_core.shell:Creating prefix script '/home/user/qiaoyin/install/local_setup.zsh'
[0.388s] INFO:colcon.colcon_core.shell:Creating prefix chain script '/home/user/qiaoyin/install/setup.zsh'
