-- Found ament_cmake: 1.3.11 (/opt/ros/humble/share/ament_cmake/cmake)
-- Found rclcpp: 16.0.12 (/opt/ros/humble/share/rclcpp/cmake)
-- Found rosidl_generator_c: 3.1.6 (/opt/ros/humble/share/rosidl_generator_c/cmake)
-- Found rosidl_adapter: 3.1.6 (/opt/ros/humble/share/rosidl_adapter/cmake)
-- Found rosidl_generator_cpp: 3.1.6 (/opt/ros/humble/share/rosidl_generator_cpp/cmake)
-- Using all available rosidl_typesupport_c: rosidl_typesupport_fastrtps_c;rosidl_typesupport_introspection_c
-- Using all available rosidl_typesupport_cpp: rosidl_typesupport_fastrtps_cpp;rosidl_typesupport_introspection_cpp
-- Found rmw_implementation_cmake: 6.1.2 (/opt/ros/humble/share/rmw_implementation_cmake/cmake)
-- Found rmw_fastrtps_cpp: 6.2.7 (/opt/ros/humble/share/rmw_fastrtps_cpp/cmake)
-- Using RMW implementation 'rmw_fastrtps_cpp' as default
-- Found rosidl_default_generators: 1.2.0 (/opt/ros/humble/share/rosidl_default_generators/cmake)
-- Found ament_cmake_ros: 0.10.0 (/opt/ros/humble/share/ament_cmake_ros/cmake)
-- Using all available rosidl_typesupport_c: rosidl_typesupport_fastrtps_c;rosidl_typesupport_introspection_c
-- Using all available rosidl_typesupport_cpp: rosidl_typesupport_fastrtps_cpp;rosidl_typesupport_introspection_cpp
-- Found python_cmake_module: 0.10.0 (/opt/ros/humble/share/python_cmake_module/cmake)
-- Using PYTHON_EXECUTABLE: /usr/bin/python3
-- Using PYTHON_INCLUDE_DIRS: /usr/include/python3.10
-- Using PYTHON_LIBRARIES: /usr/lib/x86_64-linux-gnu/libpython3.10.so
-- Found ament_lint_auto: 0.12.12 (/opt/ros/humble/share/ament_lint_auto/cmake)
-- Added test 'cppcheck' to perform static code analysis on C / C++ code
-- Configured cppcheck include dirs: 
-- Configured cppcheck exclude dirs and/or files: 
-- Added test 'lint_cmake' to check CMake code style
-- Added test 'uncrustify' to check C / C++ code style
-- Configured uncrustify additional arguments: 
-- Added test 'xmllint' to check XML markup files
-- Configuring done
-- Generating done
-- Build files have been written to: /home/user/qiaoyin/build/whl_system
[35m[1mConsolidate compiler generated dependencies of target whl_system__rosidl_generator_c[0m
[  2%] Built target whl_system__cpp
[ 12%] Built target whl_system__rosidl_generator_c
[35m[1mConsolidate compiler generated dependencies of target whl_system__rosidl_typesupport_cpp[0m
[35m[1mConsolidate compiler generated dependencies of target whl_system__rosidl_typesupport_introspection_cpp[0m
[ 12%] Built target ament_cmake_python_copy_whl_system
[35m[1mConsolidate compiler generated dependencies of target whl_system__rosidl_typesupport_introspection_c[0m
[35m[1mConsolidate compiler generated dependencies of target whl_system__rosidl_typesupport_c[0m
[35m[1mConsolidate compiler generated dependencies of target whl_system__rosidl_typesupport_fastrtps_cpp[0m
[ 28%] Built target whl_system__rosidl_typesupport_introspection_c
[ 32%] Built target whl_system__rosidl_typesupport_cpp
[35m[1mConsolidate compiler generated dependencies of target whl_system__rosidl_typesupport_fastrtps_c[0m
[ 42%] Built target whl_system__rosidl_typesupport_introspection_cpp
[ 52%] Built target whl_system__rosidl_typesupport_c
[ 62%] Built target whl_system__rosidl_typesupport_fastrtps_cpp
[35m[1mConsolidate compiler generated dependencies of target wheelloong_system_node[0m
[ 72%] Built target whl_system__rosidl_typesupport_fastrtps_c
[ 74%] [32mBuilding CXX object CMakeFiles/wheelloong_system_node.dir/src/wheelloong_system.cpp.o[0m
[ 74%] Built target whl_system
[ 76%] Built target whl_system__py
[35m[1mConsolidate compiler generated dependencies of target whl_system__rosidl_generator_py[0m
[ 84%] Built target whl_system__rosidl_generator_py
[35m[1mConsolidate compiler generated dependencies of target whl_system__rosidl_typesupport_introspection_c__pyext[0m
[35m[1mConsolidate compiler generated dependencies of target whl_system__rosidl_typesupport_fastrtps_c__pyext[0m
[35m[1mConsolidate compiler generated dependencies of target whl_system__rosidl_typesupport_c__pyext[0m
[ 88%] Built target whl_system__rosidl_typesupport_introspection_c__pyext
[ 92%] Built target whl_system__rosidl_typesupport_fastrtps_c__pyext
[ 96%] Built target whl_system__rosidl_typesupport_c__pyext
running egg_info
writing whl_system.egg-info/PKG-INFO
writing dependency_links to whl_system.egg-info/dependency_links.txt
writing top-level names to whl_system.egg-info/top_level.txt
reading manifest file 'whl_system.egg-info/SOURCES.txt'
writing manifest file 'whl_system.egg-info/SOURCES.txt'
[ 96%] Built target ament_cmake_python_build_whl_system_egg
[01m[K/home/user/qiaoyin/src/whl_system/src/wheelloong_system.cpp:7:6:[m[K [01;31m[Kerror: [m[Kno declaration matches ‘[01m[Kvoid WheelloongSystem::update(const whl::inputStruct&)[m[K’
    7 | void [01;31m[KWheelloongSystem[m[K::update(const whl::inputStruct& input)
      |      [01;31m[K^~~~~~~~~~~~~~~~[m[K
In file included from [01m[K/home/user/qiaoyin/src/whl_system/src/wheelloong_system.cpp:1[m[K:
[01m[K/home/user/qiaoyin/src/whl_system/src/wheelloong_system.h:14:10:[m[K [01;36m[Knote: [m[Kcandidate is: ‘[01m[Kvoid WheelloongSystem::update()[m[K’
   14 |     void [01;36m[Kupdate[m[K();
      |          [01;36m[K^~~~~~[m[K
[01m[K/home/user/qiaoyin/src/whl_system/src/wheelloong_system.h:9:7:[m[K [01;36m[Knote: [m[K‘[01m[Kclass WheelloongSystem[m[K’ defined here
    9 | class [01;36m[KWheelloongSystem[m[K
      |       [01;36m[K^~~~~~~~~~~~~~~~[m[K
[01m[K/home/user/qiaoyin/src/whl_system/src/wheelloong_system.cpp:19:19:[m[K [01;31m[Kerror: [m[Kno declaration matches ‘[01m[Kwhl::outputStruct WheelloongSystem::dwdate()[m[K’
   19 | whl::outputStruct [01;31m[KWheelloongSystem[m[K::dwdate()
      |                   [01;31m[K^~~~~~~~~~~~~~~~[m[K
In file included from [01m[K/home/user/qiaoyin/src/whl_system/src/wheelloong_system.cpp:1[m[K:
[01m[K/home/user/qiaoyin/src/whl_system/src/wheelloong_system.h:16:10:[m[K [01;36m[Knote: [m[Kcandidate is: ‘[01m[Kvoid WheelloongSystem::dwdate()[m[K’
   16 |     void [01;36m[Kdwdate[m[K();
      |          [01;36m[K^~~~~~[m[K
[01m[K/home/user/qiaoyin/src/whl_system/src/wheelloong_system.h:9:7:[m[K [01;36m[Knote: [m[K‘[01m[Kclass WheelloongSystem[m[K’ defined here
    9 | class [01;36m[KWheelloongSystem[m[K
      |       [01;36m[K^~~~~~~~~~~~~~~~[m[K
gmake[2]: *** [CMakeFiles/wheelloong_system_node.dir/build.make:90：CMakeFiles/wheelloong_system_node.dir/src/wheelloong_system.cpp.o] 错误 1
gmake[1]: *** [CMakeFiles/Makefile2:593：CMakeFiles/wheelloong_system_node.dir/all] 错误 2
gmake: *** [Makefile:146：all] 错误 2
