[0.006s] Invoking command in '/home/user/qiaoyin/build/whl_system': CMAKE_PREFIX_PATH=/opt/ros/humble /usr/bin/cmake --build /home/user/qiaoyin/build/whl_system -- -j24 -l24
[0.023s] -- Found ament_cmake: 1.3.11 (/opt/ros/humble/share/ament_cmake/cmake)
[0.105s] -- Found rclcpp: 16.0.12 (/opt/ros/humble/share/rclcpp/cmake)
[0.123s] -- Found rosidl_generator_c: 3.1.6 (/opt/ros/humble/share/rosidl_generator_c/cmake)
[0.124s] -- Found rosidl_adapter: 3.1.6 (/opt/ros/humble/share/rosidl_adapter/cmake)
[0.128s] -- Found rosidl_generator_cpp: 3.1.6 (/opt/ros/humble/share/rosidl_generator_cpp/cmake)
[0.133s] -- Using all available rosidl_typesupport_c: rosidl_typesupport_fastrtps_c;rosidl_typesupport_introspection_c
[0.141s] -- Using all available rosidl_typesupport_cpp: rosidl_typesupport_fastrtps_cpp;rosidl_typesupport_introspection_cpp
[0.160s] -- Found rmw_implementation_cmake: 6.1.2 (/opt/ros/humble/share/rmw_implementation_cmake/cmake)
[0.161s] -- Found rmw_fastrtps_cpp: 6.2.7 (/opt/ros/humble/share/rmw_fastrtps_cpp/cmake)
[0.225s] -- Using RMW implementation 'rmw_fastrtps_cpp' as default
[0.253s] -- Found rosidl_default_generators: 1.2.0 (/opt/ros/humble/share/rosidl_default_generators/cmake)
[0.419s] -- Found ament_cmake_ros: 0.10.0 (/opt/ros/humble/share/ament_cmake_ros/cmake)
[0.612s] -- Using all available rosidl_typesupport_c: rosidl_typesupport_fastrtps_c;rosidl_typesupport_introspection_c
[0.684s] -- Using all available rosidl_typesupport_cpp: rosidl_typesupport_fastrtps_cpp;rosidl_typesupport_introspection_cpp
[0.697s] -- Found python_cmake_module: 0.10.0 (/opt/ros/humble/share/python_cmake_module/cmake)
[0.710s] -- Using PYTHON_EXECUTABLE: /usr/bin/python3
[0.710s] -- Using PYTHON_INCLUDE_DIRS: /usr/include/python3.10
[0.710s] -- Using PYTHON_LIBRARIES: /usr/lib/x86_64-linux-gnu/libpython3.10.so
[0.717s] -- Found ament_lint_auto: 0.12.12 (/opt/ros/humble/share/ament_lint_auto/cmake)
[0.722s] -- Added test 'cppcheck' to perform static code analysis on C / C++ code
[0.722s] -- Configured cppcheck include dirs: 
[0.722s] -- Configured cppcheck exclude dirs and/or files: 
[0.723s] -- Added test 'lint_cmake' to check CMake code style
[0.723s] -- Added test 'uncrustify' to check C / C++ code style
[0.723s] -- Configured uncrustify additional arguments: 
[0.724s] -- Added test 'xmllint' to check XML markup files
[0.724s] -- Configuring done
[0.744s] -- Generating done
[0.751s] -- Build files have been written to: /home/user/qiaoyin/build/whl_system
[0.770s] [35m[1mConsolidate compiler generated dependencies of target whl_system__rosidl_generator_c[0m
[0.778s] [  2%] Built target whl_system__cpp
[0.778s] [ 12%] Built target whl_system__rosidl_generator_c
[0.784s] [35m[1mConsolidate compiler generated dependencies of target whl_system__rosidl_typesupport_cpp[0m
[0.784s] [35m[1mConsolidate compiler generated dependencies of target whl_system__rosidl_typesupport_introspection_cpp[0m
[0.784s] [ 12%] Built target ament_cmake_python_copy_whl_system
[0.785s] [35m[1mConsolidate compiler generated dependencies of target whl_system__rosidl_typesupport_introspection_c[0m
[0.786s] [35m[1mConsolidate compiler generated dependencies of target whl_system__rosidl_typesupport_c[0m
[0.786s] [35m[1mConsolidate compiler generated dependencies of target whl_system__rosidl_typesupport_fastrtps_cpp[0m
[0.792s] [ 28%] Built target whl_system__rosidl_typesupport_introspection_c
[0.792s] [ 32%] Built target whl_system__rosidl_typesupport_cpp
[0.792s] [35m[1mConsolidate compiler generated dependencies of target whl_system__rosidl_typesupport_fastrtps_c[0m
[0.793s] [ 42%] Built target whl_system__rosidl_typesupport_introspection_cpp
[0.794s] [ 52%] Built target whl_system__rosidl_typesupport_c
[0.796s] [ 62%] Built target whl_system__rosidl_typesupport_fastrtps_cpp
[0.800s] [35m[1mConsolidate compiler generated dependencies of target wheelloong_system_node[0m
[0.801s] [ 72%] Built target whl_system__rosidl_typesupport_fastrtps_c
[0.812s] [ 74%] [32mBuilding CXX object CMakeFiles/wheelloong_system_node.dir/src/wheelloong_system.cpp.o[0m
[0.813s] [ 74%] Built target whl_system
[0.827s] [ 76%] Built target whl_system__py
[0.835s] [35m[1mConsolidate compiler generated dependencies of target whl_system__rosidl_generator_py[0m
[0.845s] [ 84%] Built target whl_system__rosidl_generator_py
[0.853s] [35m[1mConsolidate compiler generated dependencies of target whl_system__rosidl_typesupport_introspection_c__pyext[0m
[0.853s] [35m[1mConsolidate compiler generated dependencies of target whl_system__rosidl_typesupport_fastrtps_c__pyext[0m
[0.853s] [35m[1mConsolidate compiler generated dependencies of target whl_system__rosidl_typesupport_c__pyext[0m
[0.862s] [ 88%] Built target whl_system__rosidl_typesupport_introspection_c__pyext
[0.862s] [ 92%] Built target whl_system__rosidl_typesupport_fastrtps_c__pyext
[0.863s] [ 96%] Built target whl_system__rosidl_typesupport_c__pyext
[0.934s] running egg_info
[0.935s] writing whl_system.egg-info/PKG-INFO
[0.935s] writing dependency_links to whl_system.egg-info/dependency_links.txt
[0.935s] writing top-level names to whl_system.egg-info/top_level.txt
[0.936s] reading manifest file 'whl_system.egg-info/SOURCES.txt'
[0.937s] writing manifest file 'whl_system.egg-info/SOURCES.txt'
[0.956s] [ 96%] Built target ament_cmake_python_build_whl_system_egg
[1.993s] [01m[K/home/user/qiaoyin/src/whl_system/src/wheelloong_system.cpp:7:6:[m[K [01;31m[Kerror: [m[Kno declaration matches ‘[01m[Kvoid WheelloongSystem::update(const whl::inputStruct&)[m[K’
[1.993s]     7 | void [01;31m[KWheelloongSystem[m[K::update(const whl::inputStruct& input)
[1.993s]       |      [01;31m[K^~~~~~~~~~~~~~~~[m[K
[1.993s] In file included from [01m[K/home/user/qiaoyin/src/whl_system/src/wheelloong_system.cpp:1[m[K:
[1.993s] [01m[K/home/user/qiaoyin/src/whl_system/src/wheelloong_system.h:14:10:[m[K [01;36m[Knote: [m[Kcandidate is: ‘[01m[Kvoid WheelloongSystem::update()[m[K’
[1.993s]    14 |     void [01;36m[Kupdate[m[K();
[1.993s]       |          [01;36m[K^~~~~~[m[K
[1.993s] [01m[K/home/user/qiaoyin/src/whl_system/src/wheelloong_system.h:9:7:[m[K [01;36m[Knote: [m[K‘[01m[Kclass WheelloongSystem[m[K’ defined here
[1.994s]     9 | class [01;36m[KWheelloongSystem[m[K
[1.994s]       |       [01;36m[K^~~~~~~~~~~~~~~~[m[K
[1.994s] [01m[K/home/user/qiaoyin/src/whl_system/src/wheelloong_system.cpp:19:19:[m[K [01;31m[Kerror: [m[Kno declaration matches ‘[01m[Kwhl::outputStruct WheelloongSystem::dwdate()[m[K’
[1.994s]    19 | whl::outputStruct [01;31m[KWheelloongSystem[m[K::dwdate()
[1.994s]       |                   [01;31m[K^~~~~~~~~~~~~~~~[m[K
[1.994s] In file included from [01m[K/home/user/qiaoyin/src/whl_system/src/wheelloong_system.cpp:1[m[K:
[1.994s] [01m[K/home/user/qiaoyin/src/whl_system/src/wheelloong_system.h:16:10:[m[K [01;36m[Knote: [m[Kcandidate is: ‘[01m[Kvoid WheelloongSystem::dwdate()[m[K’
[1.994s]    16 |     void [01;36m[Kdwdate[m[K();
[1.994s]       |          [01;36m[K^~~~~~[m[K
[1.994s] [01m[K/home/user/qiaoyin/src/whl_system/src/wheelloong_system.h:9:7:[m[K [01;36m[Knote: [m[K‘[01m[Kclass WheelloongSystem[m[K’ defined here
[1.994s]     9 | class [01;36m[KWheelloongSystem[m[K
[1.994s]       |       [01;36m[K^~~~~~~~~~~~~~~~[m[K
[2.216s] gmake[2]: *** [CMakeFiles/wheelloong_system_node.dir/build.make:90：CMakeFiles/wheelloong_system_node.dir/src/wheelloong_system.cpp.o] 错误 1
[2.216s] gmake[1]: *** [CMakeFiles/Makefile2:593：CMakeFiles/wheelloong_system_node.dir/all] 错误 2
[2.216s] gmake: *** [Makefile:146：all] 错误 2
[2.218s] Invoked command in '/home/user/qiaoyin/build/whl_system' returned '2': CMAKE_PREFIX_PATH=/opt/ros/humble /usr/bin/cmake --build /home/user/qiaoyin/build/whl_system -- -j24 -l24
