[  1%] Built target driver__cpp
[ 11%] Built target driver__rosidl_generator_c
[ 11%] Built target ament_cmake_python_copy_driver
[ 31%] Built target driver__rosidl_typesupport_introspection_cpp
[ 32%] Built target driver__rosidl_typesupport_cpp
[ 43%] Built target driver__rosidl_typesupport_c
[ 53%] Built target driver__rosidl_typesupport_fastrtps_cpp
[ 64%] Built target driver__rosidl_typesupport_introspection_c
[ 74%] Built target driver__rosidl_typesupport_fastrtps_c
[35m[1mConsolidate compiler generated dependencies of target arm_driver_node[0m
[ 74%] Built target driver
[ 76%] [32mBuilding CXX object CMakeFiles/arm_driver_node.dir/src/arm_driver_node.cpp.o[0m
[ 77%] [32mBuilding CXX object CMakeFiles/arm_driver_node.dir/src/main.cpp.o[0m
[ 79%] Built target driver__py
[ 88%] Built target driver__rosidl_generator_py
[ 91%] Built target driver__rosidl_typesupport_introspection_c__pyext
[ 94%] Built target driver__rosidl_typesupport_c__pyext
[ 97%] Built target driver__rosidl_typesupport_fastrtps_c__pyext
running egg_info
writing driver.egg-info/PKG-INFO
writing dependency_links to driver.egg-info/dependency_links.txt
writing top-level names to driver.egg-info/top_level.txt
reading manifest file 'driver.egg-info/SOURCES.txt'
writing manifest file 'driver.egg-info/SOURCES.txt'
[ 97%] Built target ament_cmake_python_build_driver_egg
[01m[K/home/user/qiaoyin/src/driver/src/arm_driver_node.cpp:[m[K In member function ‘[01m[Kvoid ArmDriverNode::handle_arm_set_cart(std::shared_ptr<driver::srv::ArmSetCart_Request_<std::allocator<void> > >, std::shared_ptr<driver::srv::ArmSetCart_Response_<std::allocator<void> > >)[m[K’:
[01m[K/home/user/qiaoyin/src/driver/src/arm_driver_node.cpp:82:47:[m[K [01;31m[Kerror: [m[K‘[01m[Kusing element_type = struct driver::srv::ArmSetCart_Request_<std::allocator<void> >[m[K’ {aka ‘[01m[Kstruct driver::srv::ArmSetCart_Request_<std::allocator<void> >[m[K’} has no member named ‘[01m[Kleft_cpos[m[K’
   82 |     bool result = jaka_.setCartesian(request->[01;31m[Kleft_cpos[m[K, request->right_cpos);
      |                                               [01;31m[K^~~~~~~~~[m[K
[01m[K/home/user/qiaoyin/src/driver/src/arm_driver_node.cpp:82:67:[m[K [01;31m[Kerror: [m[K‘[01m[Kusing element_type = struct driver::srv::ArmSetCart_Request_<std::allocator<void> >[m[K’ {aka ‘[01m[Kstruct driver::srv::ArmSetCart_Request_<std::allocator<void> >[m[K’} has no member named ‘[01m[Kright_cpos[m[K’
   82 |     bool result = jaka_.setCartesian(request->left_cpos, request->[01;31m[Kright_cpos[m[K);
      |                                                                   [01;31m[K^~~~~~~~~~[m[K
gmake[2]: *** [CMakeFiles/arm_driver_node.dir/build.make:76：CMakeFiles/arm_driver_node.dir/src/arm_driver_node.cpp.o] 错误 1
gmake[1]: *** [CMakeFiles/Makefile2:593：CMakeFiles/arm_driver_node.dir/all] 错误 2
gmake: *** [Makefile:146：all] 错误 2
