[0.009s] Invoking command in '/home/user/qiaoyin/build/driver': CMAKE_PREFIX_PATH=/opt/ros/humble /usr/bin/cmake --build /home/user/qiaoyin/build/driver -- -j24 -l24
[0.048s] [  1%] Built target driver__cpp
[0.049s] [ 11%] Built target driver__rosidl_generator_c
[0.056s] [ 11%] Built target ament_cmake_python_copy_driver
[0.063s] [ 31%] Built target driver__rosidl_typesupport_introspection_cpp
[0.063s] [ 32%] Built target driver__rosidl_typesupport_cpp
[0.063s] [ 43%] Built target driver__rosidl_typesupport_c
[0.064s] [ 53%] Built target driver__rosidl_typesupport_fastrtps_cpp
[0.064s] [ 64%] Built target driver__rosidl_typesupport_introspection_c
[0.065s] [ 74%] Built target driver__rosidl_typesupport_fastrtps_c
[0.073s] [35m[1mConsolidate compiler generated dependencies of target arm_driver_node[0m
[0.077s] [ 74%] Built target driver
[0.084s] [ 76%] [32mBuilding CXX object CMakeFiles/arm_driver_node.dir/src/arm_driver_node.cpp.o[0m
[0.085s] [ 77%] [32mBuilding CXX object CMakeFiles/arm_driver_node.dir/src/main.cpp.o[0m
[0.091s] [ 79%] Built target driver__py
[0.107s] [ 88%] Built target driver__rosidl_generator_py
[0.123s] [ 91%] Built target driver__rosidl_typesupport_introspection_c__pyext
[0.124s] [ 94%] Built target driver__rosidl_typesupport_c__pyext
[0.125s] [ 97%] Built target driver__rosidl_typesupport_fastrtps_c__pyext
[0.206s] running egg_info
[0.206s] writing driver.egg-info/PKG-INFO
[0.207s] writing dependency_links to driver.egg-info/dependency_links.txt
[0.207s] writing top-level names to driver.egg-info/top_level.txt
[0.208s] reading manifest file 'driver.egg-info/SOURCES.txt'
[0.209s] writing manifest file 'driver.egg-info/SOURCES.txt'
[0.226s] [ 97%] Built target ament_cmake_python_build_driver_egg
[1.472s] [01m[K/home/user/qiaoyin/src/driver/src/arm_driver_node.cpp:[m[K In member function ‘[01m[Kvoid ArmDriverNode::handle_arm_set_cart(std::shared_ptr<driver::srv::ArmSetCart_Request_<std::allocator<void> > >, std::shared_ptr<driver::srv::ArmSetCart_Response_<std::allocator<void> > >)[m[K’:
[1.472s] [01m[K/home/user/qiaoyin/src/driver/src/arm_driver_node.cpp:82:47:[m[K [01;31m[Kerror: [m[K‘[01m[Kusing element_type = struct driver::srv::ArmSetCart_Request_<std::allocator<void> >[m[K’ {aka ‘[01m[Kstruct driver::srv::ArmSetCart_Request_<std::allocator<void> >[m[K’} has no member named ‘[01m[Kleft_cpos[m[K’
[1.472s]    82 |     bool result = jaka_.setCartesian(request->[01;31m[Kleft_cpos[m[K, request->right_cpos);
[1.472s]       |                                               [01;31m[K^~~~~~~~~[m[K
[1.472s] [01m[K/home/user/qiaoyin/src/driver/src/arm_driver_node.cpp:82:67:[m[K [01;31m[Kerror: [m[K‘[01m[Kusing element_type = struct driver::srv::ArmSetCart_Request_<std::allocator<void> >[m[K’ {aka ‘[01m[Kstruct driver::srv::ArmSetCart_Request_<std::allocator<void> >[m[K’} has no member named ‘[01m[Kright_cpos[m[K’
[1.472s]    82 |     bool result = jaka_.setCartesian(request->left_cpos, request->[01;31m[Kright_cpos[m[K);
[1.472s]       |                                                                   [01;31m[K^~~~~~~~~~[m[K
[2.125s] gmake[2]: *** [CMakeFiles/arm_driver_node.dir/build.make:76：CMakeFiles/arm_driver_node.dir/src/arm_driver_node.cpp.o] 错误 1
[2.126s] gmake[1]: *** [CMakeFiles/Makefile2:593：CMakeFiles/arm_driver_node.dir/all] 错误 2
[2.126s] gmake: *** [Makefile:146：all] 错误 2
[2.127s] Invoked command in '/home/user/qiaoyin/build/driver' returned '2': CMAKE_PREFIX_PATH=/opt/ros/humble /usr/bin/cmake --build /home/user/qiaoyin/build/driver -- -j24 -l24
