[0.007s] Invoking command in '/home/user/qiaoyin/build/wheelloong_utillity': CMAKE_PREFIX_PATH=/opt/ros/humble /usr/bin/cmake --build /home/user/qiaoyin/build/wheelloong_utillity -- -j24 -l24
[0.021s] -- Found ament_cmake: 1.3.11 (/opt/ros/humble/share/ament_cmake/cmake)
[0.097s] [31mCMake Error at CMakeLists.txt:18 (target_include_directories):
[0.097s]   Cannot specify include directories for target "wheelloong_utillity" which
[0.097s]   is not built by this project.
[0.097s] 
[0.097s] [0m
[0.097s] [31mCMake Error at CMakeLists.txt:27 (install):
[0.097s]   install TARGETS given target "wheelloong_utillity" which does not exist.
[0.097s] 
[0.097s] [0m
[0.098s] -- Found ament_lint_auto: 0.12.12 (/opt/ros/humble/share/ament_lint_auto/cmake)
[0.154s] -- Added test 'cppcheck' to perform static code analysis on C / C++ code
[0.154s] -- Configured cppcheck include dirs: /home/user/qiaoyin/src/wheelloong_utillity/include;/home/user/qiaoyin/src/wheelloong_utillity/include/wheelloong_utillity/eigen3
[0.154s] -- Configured cppcheck exclude dirs and/or files: 
[0.159s] -- Added test 'lint_cmake' to check CMake code style
[0.173s] -- Added test 'uncrustify' to check C / C++ code style
[0.173s] -- Configured uncrustify additional arguments: 
[0.174s] -- Added test 'xmllint' to check XML markup files
[0.175s] -- Configuring incomplete, errors occurred!
[0.175s] See also "/home/user/qiaoyin/build/wheelloong_utillity/CMakeFiles/CMakeOutput.log".
[0.177s] gmake: *** [Makefile:226：cmake_check_build_system] 错误 1
[0.178s] Invoked command in '/home/user/qiaoyin/build/wheelloong_utillity' returned '2': CMAKE_PREFIX_PATH=/opt/ros/humble /usr/bin/cmake --build /home/user/qiaoyin/build/wheelloong_utillity -- -j24 -l24
