/usr/bin/ld: /usr/lib/gcc/x86_64-linux-gnu/11/../../../x86_64-linux-gnu/Scrt1.o: in function `_start':
(.text+0x1b): undefined reference to `main'
/usr/bin/ld: CMakeFiles/arm_driver_node.dir/src/jaka.cpp.o: in function `JAKA::JAKA()':
jaka.cpp:(.text+0x28): undefined reference to `JAKAZuRobot::JAKAZuRobot()'
/usr/bin/ld: jaka.cpp:(.text+0x16e): undefined reference to `JAKAZuRobot::login_in(char const*)'
/usr/bin/ld: jaka.cpp:(.text+0x1e4): undefined reference to `JAKAZuRobot::clear_error()'
/usr/bin/ld: jaka.cpp:(.text+0x266): undefined reference to `JAKAZuRobot::power_on()'
/usr/bin/ld: jaka.cpp:(.text+0x34b): undefined reference to `JAKAZuRobot::~JAKAZuRobot()'
/usr/bin/ld: CMakeFiles/arm_driver_node.dir/src/jaka.cpp.o: in function `JAKA::~JAKA()':
jaka.cpp:(.text+0x398): undefined reference to `JAKAZuRobot::power_off()'
/usr/bin/ld: jaka.cpp:(.text+0x3e8): undefined reference to `JAKAZuRobot::login_out()'
/usr/bin/ld: jaka.cpp:(.text+0x463): undefined reference to `JAKAZuRobot::~JAKAZuRobot()'
/usr/bin/ld: CMakeFiles/arm_driver_node.dir/src/jaka.cpp.o: in function `JAKA::enableMunip()':
jaka.cpp:(.text+0x4a4): undefined reference to `JAKAZuRobot::enable_robot()'
/usr/bin/ld: jaka.cpp:(.text+0x4fb): undefined reference to `JAKAZuRobot::servo_move_use_none_filter()'
/usr/bin/ld: jaka.cpp:(.text+0x511): undefined reference to `JAKAZuRobot::servo_move_enable(int, int)'
/usr/bin/ld: jaka.cpp:(.text+0x527): undefined reference to `JAKAZuRobot::servo_move_enable(int, int)'
/usr/bin/ld: CMakeFiles/arm_driver_node.dir/src/jaka.cpp.o: in function `JAKA::disableMunip()':
jaka.cpp:(.text+0x554): undefined reference to `JAKAZuRobot::servo_move_enable(int, int)'
/usr/bin/ld: jaka.cpp:(.text+0x56a): undefined reference to `JAKAZuRobot::servo_move_enable(int, int)'
/usr/bin/ld: jaka.cpp:(.text+0x576): undefined reference to `JAKAZuRobot::disable_robot()'
/usr/bin/ld: CMakeFiles/arm_driver_node.dir/src/jaka.cpp.o: in function `JAKA::setJoint(std::vector<float, std::allocator<float> > const&, std::vector<float, std::allocator<float> > const&)':
jaka.cpp:(.text+0x832): undefined reference to `JAKAZuRobot::edg_servo_j(unsigned char, JointValue const*, MoveMode, unsigned int)'
/usr/bin/ld: jaka.cpp:(.text+0x85c): undefined reference to `JAKAZuRobot::edg_servo_j(unsigned char, JointValue const*, MoveMode, unsigned int)'
/usr/bin/ld: jaka.cpp:(.text+0x86b): undefined reference to `JAKAZuRobot::edg_send()'
/usr/bin/ld: CMakeFiles/arm_driver_node.dir/src/jaka.cpp.o: in function `JAKA::setCartesian(std::vector<float, std::allocator<float> > const&, std::vector<float, std::allocator<float> > const&)':
jaka.cpp:(.text+0xae7): undefined reference to `JAKAZuRobot::edg_servo_p(unsigned char, CartesianPose const*, MoveMode, unsigned int)'
/usr/bin/ld: jaka.cpp:(.text+0xb11): undefined reference to `JAKAZuRobot::edg_servo_p(unsigned char, CartesianPose const*, MoveMode, unsigned int)'
/usr/bin/ld: jaka.cpp:(.text+0xb20): undefined reference to `JAKAZuRobot::edg_send()'
/usr/bin/ld: CMakeFiles/arm_driver_node.dir/src/jaka.cpp.o: in function `JAKA::getMotorActual(std::vector<float, std::allocator<float> >&)':
jaka.cpp:(.text+0xbd6): undefined reference to `JAKAZuRobot::edg_recv(timespec*)'
/usr/bin/ld: jaka.cpp:(.text+0xc44): undefined reference to `JAKAZuRobot::edg_get_stat(unsigned char, JointValue*, CartesianPose*)'
/usr/bin/ld: CMakeFiles/arm_driver_node.dir/src/jaka.cpp.o: in function `JAKA::getError()':
jaka.cpp:(.text+0xfb2): undefined reference to `JAKAZuRobot::robot_is_in_error(int*)'
/usr/bin/ld: CMakeFiles/arm_driver_node.dir/src/jaka.cpp.o: in function `JAKA::clearError()':
jaka.cpp:(.text+0x1044): undefined reference to `JAKAZuRobot::robot_is_in_error(int*)'
/usr/bin/ld: jaka.cpp:(.text+0x10b7): undefined reference to `JAKAZuRobot::get_last_error(ErrorCode*)'
/usr/bin/ld: jaka.cpp:(.text+0x110a): undefined reference to `JAKAZuRobot::clear_error()'
/usr/bin/ld: CMakeFiles/arm_driver_node.dir/src/jaka.cpp.o: in function `JAKA::getMotorStatus()':
jaka.cpp:(.text+0x1167): undefined reference to `JAKAZuRobot::get_robot_state(RobotState*)'
collect2: error: ld returned 1 exit status
gmake[2]: *** [CMakeFiles/arm_driver_node.dir/build.make:159：arm_driver_node] 错误 1
gmake[1]: *** [CMakeFiles/Makefile2:593：CMakeFiles/arm_driver_node.dir/all] 错误 2
gmake[1]: *** 正在等待未完成的任务....
gmake: *** [Makefile:146：all] 错误 2
