[0.059s] DEBUG:colcon:Command line arguments: ['/usr/bin/colcon', 'build']
[0.059s] DEBUG:colcon:Parsed command line arguments: Namespace(log_base=None, log_level=None, verb_name='build', build_base='build', install_base='install', merge_install=False, symlink_install=False, test_result_base=None, continue_on_error=False, executor='parallel', parallel_workers=24, event_handlers=None, ignore_user_meta=False, metas=['./colcon.meta'], base_paths=['.'], packages_ignore=None, packages_ignore_regex=None, paths=None, packages_up_to=None, packages_up_to_regex=None, packages_above=None, packages_above_and_dependencies=None, packages_above_depth=None, packages_select_by_dep=None, packages_skip_by_dep=None, packages_skip_up_to=None, packages_select_build_failed=False, packages_skip_build_finished=False, packages_select_test_failures=False, packages_skip_test_passed=False, packages_select=None, packages_skip=None, packages_select_regex=None, packages_skip_regex=None, packages_start=None, packages_end=None, allow_overriding=[], cmake_args=None, cmake_target=None, cmake_target_skip_unavailable=False, cmake_clean_cache=False, cmake_clean_first=False, cmake_force_configure=False, ament_cmake_args=None, catkin_cmake_args=None, catkin_skip_building_tests=False, mixin_files=None, mixin=None, verb_parser=<colcon_mixin.mixin.mixin_argument.MixinArgumentDecorator object at 0x74ff5bd51270>, verb_extension=<colcon_core.verb.build.BuildVerb object at 0x74ff5bd503d0>, main=<bound method BuildVerb.main of <colcon_core.verb.build.BuildVerb object at 0x74ff5bd503d0>>, mixin_verb=('build',))
[0.139s] Level 1:colcon.colcon_core.package_discovery:discover_packages(colcon_meta) check parameters
[0.139s] Level 1:colcon.colcon_core.package_discovery:discover_packages(recursive) check parameters
[0.139s] Level 1:colcon.colcon_core.package_discovery:discover_packages(ignore) check parameters
[0.139s] Level 1:colcon.colcon_core.package_discovery:discover_packages(path) check parameters
[0.139s] Level 1:colcon.colcon_core.package_discovery:discover_packages(colcon_meta) discover
[0.139s] Level 1:colcon.colcon_core.package_discovery:discover_packages(recursive) discover
[0.139s] INFO:colcon.colcon_core.package_discovery:Crawling recursively for packages in '/home/user/qiaoyin'
[0.139s] Level 1:colcon.colcon_core.package_identification:_identify(.) by extensions ['ignore', 'ignore_ament_install']
[0.139s] Level 1:colcon.colcon_core.package_identification:_identify(.) by extension 'ignore'
[0.139s] Level 1:colcon.colcon_core.package_identification:_identify(.) by extension 'ignore_ament_install'
[0.139s] Level 1:colcon.colcon_core.package_identification:_identify(.) by extensions ['colcon_pkg']
[0.139s] Level 1:colcon.colcon_core.package_identification:_identify(.) by extension 'colcon_pkg'
[0.139s] Level 1:colcon.colcon_core.package_identification:_identify(.) by extensions ['colcon_meta']
[0.139s] Level 1:colcon.colcon_core.package_identification:_identify(.) by extension 'colcon_meta'
[0.139s] Level 1:colcon.colcon_core.package_identification:_identify(.) by extensions ['ros']
[0.139s] Level 1:colcon.colcon_core.package_identification:_identify(.) by extension 'ros'
[0.146s] Level 1:colcon.colcon_core.package_identification:_identify(.) by extensions ['cmake', 'python']
[0.146s] Level 1:colcon.colcon_core.package_identification:_identify(.) by extension 'cmake'
[0.146s] Level 1:colcon.colcon_core.package_identification:_identify(.) by extension 'python'
[0.146s] Level 1:colcon.colcon_core.package_identification:_identify(.) by extensions ['python_setup_py']
[0.146s] Level 1:colcon.colcon_core.package_identification:_identify(.) by extension 'python_setup_py'
[0.146s] Level 1:colcon.colcon_core.package_identification:_identify(build) by extensions ['ignore', 'ignore_ament_install']
[0.146s] Level 1:colcon.colcon_core.package_identification:_identify(build) by extension 'ignore'
[0.146s] Level 1:colcon.colcon_core.package_identification:_identify(build) ignored
[0.146s] Level 1:colcon.colcon_core.package_identification:_identify(install) by extensions ['ignore', 'ignore_ament_install']
[0.146s] Level 1:colcon.colcon_core.package_identification:_identify(install) by extension 'ignore'
[0.146s] Level 1:colcon.colcon_core.package_identification:_identify(install) ignored
[0.146s] Level 1:colcon.colcon_core.package_identification:_identify(log) by extensions ['ignore', 'ignore_ament_install']
[0.146s] Level 1:colcon.colcon_core.package_identification:_identify(log) by extension 'ignore'
[0.146s] Level 1:colcon.colcon_core.package_identification:_identify(log) ignored
[0.146s] Level 1:colcon.colcon_core.package_identification:_identify(src) by extensions ['ignore', 'ignore_ament_install']
[0.146s] Level 1:colcon.colcon_core.package_identification:_identify(src) by extension 'ignore'
[0.146s] Level 1:colcon.colcon_core.package_identification:_identify(src) by extension 'ignore_ament_install'
[0.146s] Level 1:colcon.colcon_core.package_identification:_identify(src) by extensions ['colcon_pkg']
[0.146s] Level 1:colcon.colcon_core.package_identification:_identify(src) by extension 'colcon_pkg'
[0.146s] Level 1:colcon.colcon_core.package_identification:_identify(src) by extensions ['colcon_meta']
[0.146s] Level 1:colcon.colcon_core.package_identification:_identify(src) by extension 'colcon_meta'
[0.146s] Level 1:colcon.colcon_core.package_identification:_identify(src) by extensions ['ros']
[0.146s] Level 1:colcon.colcon_core.package_identification:_identify(src) by extension 'ros'
[0.146s] Level 1:colcon.colcon_core.package_identification:_identify(src) by extensions ['cmake', 'python']
[0.146s] Level 1:colcon.colcon_core.package_identification:_identify(src) by extension 'cmake'
[0.146s] Level 1:colcon.colcon_core.package_identification:_identify(src) by extension 'python'
[0.146s] Level 1:colcon.colcon_core.package_identification:_identify(src) by extensions ['python_setup_py']
[0.146s] Level 1:colcon.colcon_core.package_identification:_identify(src) by extension 'python_setup_py'
[0.146s] Level 1:colcon.colcon_core.package_identification:_identify(src/interface) by extensions ['ignore', 'ignore_ament_install']
[0.146s] Level 1:colcon.colcon_core.package_identification:_identify(src/interface) by extension 'ignore'
[0.147s] Level 1:colcon.colcon_core.package_identification:_identify(src/interface) by extension 'ignore_ament_install'
[0.147s] Level 1:colcon.colcon_core.package_identification:_identify(src/interface) by extensions ['colcon_pkg']
[0.147s] Level 1:colcon.colcon_core.package_identification:_identify(src/interface) by extension 'colcon_pkg'
[0.147s] Level 1:colcon.colcon_core.package_identification:_identify(src/interface) by extensions ['colcon_meta']
[0.147s] Level 1:colcon.colcon_core.package_identification:_identify(src/interface) by extension 'colcon_meta'
[0.147s] Level 1:colcon.colcon_core.package_identification:_identify(src/interface) by extensions ['ros']
[0.147s] Level 1:colcon.colcon_core.package_identification:_identify(src/interface) by extension 'ros'
[0.148s] DEBUG:colcon.colcon_core.package_identification:Package 'src/interface' with type 'ros.ament_cmake' and name 'interface'
[0.148s] Level 1:colcon.colcon_core.package_identification:_identify(src/whl_system) by extensions ['ignore', 'ignore_ament_install']
[0.148s] Level 1:colcon.colcon_core.package_identification:_identify(src/whl_system) by extension 'ignore'
[0.148s] Level 1:colcon.colcon_core.package_identification:_identify(src/whl_system) by extension 'ignore_ament_install'
[0.148s] Level 1:colcon.colcon_core.package_identification:_identify(src/whl_system) by extensions ['colcon_pkg']
[0.148s] Level 1:colcon.colcon_core.package_identification:_identify(src/whl_system) by extension 'colcon_pkg'
[0.148s] Level 1:colcon.colcon_core.package_identification:_identify(src/whl_system) by extensions ['colcon_meta']
[0.148s] Level 1:colcon.colcon_core.package_identification:_identify(src/whl_system) by extension 'colcon_meta'
[0.148s] Level 1:colcon.colcon_core.package_identification:_identify(src/whl_system) by extensions ['ros']
[0.148s] Level 1:colcon.colcon_core.package_identification:_identify(src/whl_system) by extension 'ros'
[0.149s] DEBUG:colcon.colcon_core.package_identification:Package 'src/whl_system' with type 'ros.ament_cmake' and name 'whl_system'
[0.149s] Level 1:colcon.colcon_core.package_discovery:discover_packages(recursive) using defaults
[0.149s] Level 1:colcon.colcon_core.package_discovery:discover_packages(ignore) discover
[0.149s] Level 1:colcon.colcon_core.package_discovery:discover_packages(ignore) using defaults
[0.149s] Level 1:colcon.colcon_core.package_discovery:discover_packages(path) discover
[0.149s] Level 1:colcon.colcon_core.package_discovery:discover_packages(path) using defaults
[0.165s] Level 1:colcon.colcon_core.package_discovery:discover_packages(prefix_path) check parameters
[0.165s] Level 1:colcon.colcon_core.package_discovery:discover_packages(prefix_path) discover
[0.166s] DEBUG:colcon.colcon_installed_package_information.package_discovery:Found 271 installed packages in /opt/ros/humble
[0.167s] Level 1:colcon.colcon_core.package_discovery:discover_packages(prefix_path) using defaults
[0.184s] Level 5:colcon.colcon_core.verb:set package 'interface' build argument 'cmake_args' from command line to 'None'
[0.184s] Level 5:colcon.colcon_core.verb:set package 'interface' build argument 'cmake_target' from command line to 'None'
[0.184s] Level 5:colcon.colcon_core.verb:set package 'interface' build argument 'cmake_target_skip_unavailable' from command line to 'False'
[0.184s] Level 5:colcon.colcon_core.verb:set package 'interface' build argument 'cmake_clean_cache' from command line to 'False'
[0.184s] Level 5:colcon.colcon_core.verb:set package 'interface' build argument 'cmake_clean_first' from command line to 'False'
[0.184s] Level 5:colcon.colcon_core.verb:set package 'interface' build argument 'cmake_force_configure' from command line to 'False'
[0.184s] Level 5:colcon.colcon_core.verb:set package 'interface' build argument 'ament_cmake_args' from command line to 'None'
[0.184s] Level 5:colcon.colcon_core.verb:set package 'interface' build argument 'catkin_cmake_args' from command line to 'None'
[0.184s] Level 5:colcon.colcon_core.verb:set package 'interface' build argument 'catkin_skip_building_tests' from command line to 'False'
[0.184s] DEBUG:colcon.colcon_core.verb:Building package 'interface' with the following arguments: {'ament_cmake_args': None, 'build_base': '/home/user/qiaoyin/build/interface', 'catkin_cmake_args': None, 'catkin_skip_building_tests': False, 'cmake_args': None, 'cmake_clean_cache': False, 'cmake_clean_first': False, 'cmake_force_configure': False, 'cmake_target': None, 'cmake_target_skip_unavailable': False, 'install_base': '/home/user/qiaoyin/install/interface', 'merge_install': False, 'path': '/home/user/qiaoyin/src/interface', 'symlink_install': False, 'test_result_base': None}
[0.185s] Level 5:colcon.colcon_core.verb:set package 'whl_system' build argument 'cmake_args' from command line to 'None'
[0.185s] Level 5:colcon.colcon_core.verb:set package 'whl_system' build argument 'cmake_target' from command line to 'None'
[0.185s] Level 5:colcon.colcon_core.verb:set package 'whl_system' build argument 'cmake_target_skip_unavailable' from command line to 'False'
[0.185s] Level 5:colcon.colcon_core.verb:set package 'whl_system' build argument 'cmake_clean_cache' from command line to 'False'
[0.185s] Level 5:colcon.colcon_core.verb:set package 'whl_system' build argument 'cmake_clean_first' from command line to 'False'
[0.185s] Level 5:colcon.colcon_core.verb:set package 'whl_system' build argument 'cmake_force_configure' from command line to 'False'
[0.185s] Level 5:colcon.colcon_core.verb:set package 'whl_system' build argument 'ament_cmake_args' from command line to 'None'
[0.185s] Level 5:colcon.colcon_core.verb:set package 'whl_system' build argument 'catkin_cmake_args' from command line to 'None'
[0.185s] Level 5:colcon.colcon_core.verb:set package 'whl_system' build argument 'catkin_skip_building_tests' from command line to 'False'
[0.185s] DEBUG:colcon.colcon_core.verb:Building package 'whl_system' with the following arguments: {'ament_cmake_args': None, 'build_base': '/home/user/qiaoyin/build/whl_system', 'catkin_cmake_args': None, 'catkin_skip_building_tests': False, 'cmake_args': None, 'cmake_clean_cache': False, 'cmake_clean_first': False, 'cmake_force_configure': False, 'cmake_target': None, 'cmake_target_skip_unavailable': False, 'install_base': '/home/user/qiaoyin/install/whl_system', 'merge_install': False, 'path': '/home/user/qiaoyin/src/whl_system', 'symlink_install': False, 'test_result_base': None}
[0.185s] INFO:colcon.colcon_core.executor:Executing jobs using 'parallel' executor
[0.185s] DEBUG:colcon.colcon_parallel_executor.executor.parallel:run_until_complete
[0.186s] INFO:colcon.colcon_ros.task.ament_cmake.build:Building ROS package in '/home/user/qiaoyin/src/interface' with build type 'ament_cmake'
[0.186s] INFO:colcon.colcon_cmake.task.cmake.build:Building CMake package in '/home/user/qiaoyin/src/interface'
[0.187s] INFO:colcon.colcon_core.plugin_system:Skipping extension 'colcon_core.shell.bat': Not used on non-Windows systems
[0.187s] INFO:colcon.colcon_core.shell:Skip shell extension 'powershell' for command environment: Not usable outside of PowerShell
[0.187s] DEBUG:colcon.colcon_core.shell:Skip shell extension 'dsv' for command environment
[0.188s] INFO:colcon.colcon_ros.task.ament_cmake.build:Building ROS package in '/home/user/qiaoyin/src/whl_system' with build type 'ament_cmake'
[0.188s] INFO:colcon.colcon_cmake.task.cmake.build:Building CMake package in '/home/user/qiaoyin/src/whl_system'
[0.188s] INFO:colcon.colcon_core.shell:Skip shell extension 'powershell' for command environment: Not usable outside of PowerShell
[0.188s] DEBUG:colcon.colcon_core.shell:Skip shell extension 'dsv' for command environment
[0.193s] DEBUG:colcon.colcon_core.event_handler.log_command:Invoking command in '/home/user/qiaoyin/build/interface': CMAKE_PREFIX_PATH=/opt/ros/humble /usr/bin/cmake /home/user/qiaoyin/src/interface -DCMAKE_INSTALL_PREFIX=/home/user/qiaoyin/install/interface
[0.194s] DEBUG:colcon.colcon_core.event_handler.log_command:Invoking command in '/home/user/qiaoyin/build/whl_system': CMAKE_PREFIX_PATH=/opt/ros/humble /usr/bin/cmake /home/user/qiaoyin/src/whl_system -DCMAKE_INSTALL_PREFIX=/home/user/qiaoyin/install/whl_system
[0.905s] DEBUG:colcon.colcon_core.event_handler.log_command:Invoked command in '/home/user/qiaoyin/build/interface' returned '0': CMAKE_PREFIX_PATH=/opt/ros/humble /usr/bin/cmake /home/user/qiaoyin/src/interface -DCMAKE_INSTALL_PREFIX=/home/user/qiaoyin/install/interface
[0.906s] DEBUG:colcon.colcon_core.event_handler.log_command:Invoking command in '/home/user/qiaoyin/build/interface': CMAKE_PREFIX_PATH=/opt/ros/humble /usr/bin/cmake --build /home/user/qiaoyin/build/interface -- -j24 -l24
[0.932s] DEBUG:colcon.colcon_core.event_handler.log_command:Invoked command in '/home/user/qiaoyin/build/interface' returned '0': CMAKE_PREFIX_PATH=/opt/ros/humble /usr/bin/cmake --build /home/user/qiaoyin/build/interface -- -j24 -l24
[0.938s] DEBUG:colcon.colcon_core.event_handler.log_command:Invoking command in '/home/user/qiaoyin/build/interface': CMAKE_PREFIX_PATH=/opt/ros/humble /usr/bin/cmake --install /home/user/qiaoyin/build/interface
[0.944s] Level 1:colcon.colcon_core.environment:create_environment_scripts_only(interface)
[0.945s] DEBUG:colcon.colcon_core.event_handler.log_command:Invoked command in '/home/user/qiaoyin/build/interface' returned '0': CMAKE_PREFIX_PATH=/opt/ros/humble /usr/bin/cmake --install /home/user/qiaoyin/build/interface
[0.946s] Level 1:colcon.colcon_core.environment:checking '/home/user/qiaoyin/install/interface' for CMake module files
[0.946s] Level 1:colcon.colcon_core.environment:checking '/home/user/qiaoyin/install/interface' for CMake config files
[0.946s] Level 1:colcon.colcon_core.shell:create_environment_hook('interface', 'cmake_prefix_path')
[0.946s] INFO:colcon.colcon_core.shell:Creating environment hook '/home/user/qiaoyin/install/interface/share/interface/hook/cmake_prefix_path.ps1'
[0.946s] INFO:colcon.colcon_core.shell:Creating environment descriptor '/home/user/qiaoyin/install/interface/share/interface/hook/cmake_prefix_path.dsv'
[0.947s] INFO:colcon.colcon_core.shell:Creating environment hook '/home/user/qiaoyin/install/interface/share/interface/hook/cmake_prefix_path.sh'
[0.947s] Level 1:colcon.colcon_core.environment:checking '/home/user/qiaoyin/install/interface/bin'
[0.947s] Level 1:colcon.colcon_core.environment:checking '/home/user/qiaoyin/install/interface/lib/pkgconfig/interface.pc'
[0.947s] Level 1:colcon.colcon_core.environment:checking '/home/user/qiaoyin/install/interface/lib/python3.10/site-packages'
[0.947s] Level 1:colcon.colcon_core.environment:checking '/home/user/qiaoyin/install/interface/bin'
[0.948s] INFO:colcon.colcon_core.shell:Creating package script '/home/user/qiaoyin/install/interface/share/interface/package.ps1'
[0.948s] INFO:colcon.colcon_core.shell:Creating package descriptor '/home/user/qiaoyin/install/interface/share/interface/package.dsv'
[0.948s] INFO:colcon.colcon_core.shell:Creating package script '/home/user/qiaoyin/install/interface/share/interface/package.sh'
[0.949s] INFO:colcon.colcon_core.shell:Creating package script '/home/user/qiaoyin/install/interface/share/interface/package.bash'
[0.949s] INFO:colcon.colcon_core.shell:Creating package script '/home/user/qiaoyin/install/interface/share/interface/package.zsh'
[0.950s] Level 1:colcon.colcon_core.environment:create_file_with_runtime_dependencies(/home/user/qiaoyin/install/interface/share/colcon-core/packages/interface)
[0.950s] Level 1:colcon.colcon_core.environment:create_environment_scripts_only(interface)
[0.950s] Level 1:colcon.colcon_core.environment:checking '/home/user/qiaoyin/install/interface' for CMake module files
[0.950s] Level 1:colcon.colcon_core.environment:checking '/home/user/qiaoyin/install/interface' for CMake config files
[0.950s] Level 1:colcon.colcon_core.shell:create_environment_hook('interface', 'cmake_prefix_path')
[0.950s] INFO:colcon.colcon_core.shell:Creating environment hook '/home/user/qiaoyin/install/interface/share/interface/hook/cmake_prefix_path.ps1'
[0.951s] INFO:colcon.colcon_core.shell:Creating environment descriptor '/home/user/qiaoyin/install/interface/share/interface/hook/cmake_prefix_path.dsv'
[0.951s] INFO:colcon.colcon_core.shell:Creating environment hook '/home/user/qiaoyin/install/interface/share/interface/hook/cmake_prefix_path.sh'
[0.951s] Level 1:colcon.colcon_core.environment:checking '/home/user/qiaoyin/install/interface/bin'
[0.951s] Level 1:colcon.colcon_core.environment:checking '/home/user/qiaoyin/install/interface/lib/pkgconfig/interface.pc'
[0.951s] Level 1:colcon.colcon_core.environment:checking '/home/user/qiaoyin/install/interface/lib/python3.10/site-packages'
[0.951s] Level 1:colcon.colcon_core.environment:checking '/home/user/qiaoyin/install/interface/bin'
[0.952s] INFO:colcon.colcon_core.shell:Creating package script '/home/user/qiaoyin/install/interface/share/interface/package.ps1'
[0.952s] INFO:colcon.colcon_core.shell:Creating package descriptor '/home/user/qiaoyin/install/interface/share/interface/package.dsv'
[0.952s] INFO:colcon.colcon_core.shell:Creating package script '/home/user/qiaoyin/install/interface/share/interface/package.sh'
[0.952s] INFO:colcon.colcon_core.shell:Creating package script '/home/user/qiaoyin/install/interface/share/interface/package.bash'
[0.953s] INFO:colcon.colcon_core.shell:Creating package script '/home/user/qiaoyin/install/interface/share/interface/package.zsh'
[0.953s] Level 1:colcon.colcon_core.environment:create_file_with_runtime_dependencies(/home/user/qiaoyin/install/interface/share/colcon-core/packages/interface)
[1.363s] DEBUG:colcon.colcon_core.event_handler.log_command:Invoked command in '/home/user/qiaoyin/build/whl_system' returned '0': CMAKE_PREFIX_PATH=/opt/ros/humble /usr/bin/cmake /home/user/qiaoyin/src/whl_system -DCMAKE_INSTALL_PREFIX=/home/user/qiaoyin/install/whl_system
[1.364s] DEBUG:colcon.colcon_core.event_handler.log_command:Invoking command in '/home/user/qiaoyin/build/whl_system': CMAKE_PREFIX_PATH=/opt/ros/humble /usr/bin/cmake --build /home/user/qiaoyin/build/whl_system -- -j24 -l24
[3.771s] DEBUG:colcon.colcon_core.event_handler.log_command:Invoked command in '/home/user/qiaoyin/build/whl_system' returned '0': CMAKE_PREFIX_PATH=/opt/ros/humble /usr/bin/cmake --build /home/user/qiaoyin/build/whl_system -- -j24 -l24
[3.773s] DEBUG:colcon.colcon_core.event_handler.log_command:Invoking command in '/home/user/qiaoyin/build/whl_system': CMAKE_PREFIX_PATH=/opt/ros/humble /usr/bin/cmake --install /home/user/qiaoyin/build/whl_system
[3.815s] Level 1:colcon.colcon_core.environment:create_environment_scripts_only(whl_system)
[3.815s] Level 1:colcon.colcon_core.environment:checking '/home/user/qiaoyin/install/whl_system' for CMake module files
[3.816s] DEBUG:colcon.colcon_core.event_handler.log_command:Invoked command in '/home/user/qiaoyin/build/whl_system' returned '0': CMAKE_PREFIX_PATH=/opt/ros/humble /usr/bin/cmake --install /home/user/qiaoyin/build/whl_system
[3.816s] Level 1:colcon.colcon_core.environment:checking '/home/user/qiaoyin/install/whl_system' for CMake config files
[3.817s] Level 1:colcon.colcon_core.shell:create_environment_hook('whl_system', 'cmake_prefix_path')
[3.817s] INFO:colcon.colcon_core.shell:Creating environment hook '/home/user/qiaoyin/install/whl_system/share/whl_system/hook/cmake_prefix_path.ps1'
[3.817s] INFO:colcon.colcon_core.shell:Creating environment descriptor '/home/user/qiaoyin/install/whl_system/share/whl_system/hook/cmake_prefix_path.dsv'
[3.818s] INFO:colcon.colcon_core.shell:Creating environment hook '/home/user/qiaoyin/install/whl_system/share/whl_system/hook/cmake_prefix_path.sh'
[3.818s] Level 1:colcon.colcon_core.environment:checking '/home/user/qiaoyin/install/whl_system/lib'
[3.818s] Level 1:colcon.colcon_core.shell:create_environment_hook('whl_system', 'ld_library_path_lib')
[3.819s] INFO:colcon.colcon_core.shell:Creating environment hook '/home/user/qiaoyin/install/whl_system/share/whl_system/hook/ld_library_path_lib.ps1'
[3.819s] INFO:colcon.colcon_core.shell:Creating environment descriptor '/home/user/qiaoyin/install/whl_system/share/whl_system/hook/ld_library_path_lib.dsv'
[3.819s] INFO:colcon.colcon_core.shell:Creating environment hook '/home/user/qiaoyin/install/whl_system/share/whl_system/hook/ld_library_path_lib.sh'
[3.819s] Level 1:colcon.colcon_core.environment:checking '/home/user/qiaoyin/install/whl_system/bin'
[3.819s] Level 1:colcon.colcon_core.environment:checking '/home/user/qiaoyin/install/whl_system/lib/pkgconfig/whl_system.pc'
[3.820s] Level 1:colcon.colcon_core.environment:checking '/home/user/qiaoyin/install/whl_system/lib/python3.10/site-packages'
[3.820s] Level 1:colcon.colcon_core.environment:checking '/home/user/qiaoyin/install/whl_system/bin'
[3.820s] INFO:colcon.colcon_core.shell:Creating package script '/home/user/qiaoyin/install/whl_system/share/whl_system/package.ps1'
[3.820s] INFO:colcon.colcon_core.shell:Creating package descriptor '/home/user/qiaoyin/install/whl_system/share/whl_system/package.dsv'
[3.820s] INFO:colcon.colcon_core.shell:Creating package script '/home/user/qiaoyin/install/whl_system/share/whl_system/package.sh'
[3.821s] INFO:colcon.colcon_core.shell:Creating package script '/home/user/qiaoyin/install/whl_system/share/whl_system/package.bash'
[3.821s] INFO:colcon.colcon_core.shell:Creating package script '/home/user/qiaoyin/install/whl_system/share/whl_system/package.zsh'
[3.821s] Level 1:colcon.colcon_core.environment:create_file_with_runtime_dependencies(/home/user/qiaoyin/install/whl_system/share/colcon-core/packages/whl_system)
[3.821s] Level 1:colcon.colcon_core.environment:create_environment_scripts_only(whl_system)
[3.821s] Level 1:colcon.colcon_core.environment:checking '/home/user/qiaoyin/install/whl_system' for CMake module files
[3.822s] Level 1:colcon.colcon_core.environment:checking '/home/user/qiaoyin/install/whl_system' for CMake config files
[3.822s] Level 1:colcon.colcon_core.shell:create_environment_hook('whl_system', 'cmake_prefix_path')
[3.822s] INFO:colcon.colcon_core.shell:Creating environment hook '/home/user/qiaoyin/install/whl_system/share/whl_system/hook/cmake_prefix_path.ps1'
[3.822s] INFO:colcon.colcon_core.shell:Creating environment descriptor '/home/user/qiaoyin/install/whl_system/share/whl_system/hook/cmake_prefix_path.dsv'
[3.823s] INFO:colcon.colcon_core.shell:Creating environment hook '/home/user/qiaoyin/install/whl_system/share/whl_system/hook/cmake_prefix_path.sh'
[3.823s] Level 1:colcon.colcon_core.environment:checking '/home/user/qiaoyin/install/whl_system/lib'
[3.823s] Level 1:colcon.colcon_core.shell:create_environment_hook('whl_system', 'ld_library_path_lib')
[3.823s] INFO:colcon.colcon_core.shell:Creating environment hook '/home/user/qiaoyin/install/whl_system/share/whl_system/hook/ld_library_path_lib.ps1'
[3.823s] INFO:colcon.colcon_core.shell:Creating environment descriptor '/home/user/qiaoyin/install/whl_system/share/whl_system/hook/ld_library_path_lib.dsv'
[3.823s] INFO:colcon.colcon_core.shell:Creating environment hook '/home/user/qiaoyin/install/whl_system/share/whl_system/hook/ld_library_path_lib.sh'
[3.824s] Level 1:colcon.colcon_core.environment:checking '/home/user/qiaoyin/install/whl_system/bin'
[3.824s] Level 1:colcon.colcon_core.environment:checking '/home/user/qiaoyin/install/whl_system/lib/pkgconfig/whl_system.pc'
[3.824s] Level 1:colcon.colcon_core.environment:checking '/home/user/qiaoyin/install/whl_system/lib/python3.10/site-packages'
[3.824s] Level 1:colcon.colcon_core.environment:checking '/home/user/qiaoyin/install/whl_system/bin'
[3.824s] INFO:colcon.colcon_core.shell:Creating package script '/home/user/qiaoyin/install/whl_system/share/whl_system/package.ps1'
[3.824s] INFO:colcon.colcon_core.shell:Creating package descriptor '/home/user/qiaoyin/install/whl_system/share/whl_system/package.dsv'
[3.825s] INFO:colcon.colcon_core.shell:Creating package script '/home/user/qiaoyin/install/whl_system/share/whl_system/package.sh'
[3.825s] INFO:colcon.colcon_core.shell:Creating package script '/home/user/qiaoyin/install/whl_system/share/whl_system/package.bash'
[3.825s] INFO:colcon.colcon_core.shell:Creating package script '/home/user/qiaoyin/install/whl_system/share/whl_system/package.zsh'
[3.825s] Level 1:colcon.colcon_core.environment:create_file_with_runtime_dependencies(/home/user/qiaoyin/install/whl_system/share/colcon-core/packages/whl_system)
[3.826s] DEBUG:colcon.colcon_parallel_executor.executor.parallel:closing loop
[3.826s] DEBUG:colcon.colcon_parallel_executor.executor.parallel:loop closed
[3.826s] DEBUG:colcon.colcon_parallel_executor.executor.parallel:run_until_complete finished with '0'
[3.826s] DEBUG:colcon.colcon_core.event_reactor:joining thread
[3.829s] INFO:colcon.colcon_core.plugin_system:Skipping extension 'colcon_notification.desktop_notification.terminal_notifier': Not used on non-Darwin systems
[3.829s] INFO:colcon.colcon_core.plugin_system:Skipping extension 'colcon_notification.desktop_notification.win32': Not used on non-Windows systems
[3.829s] INFO:colcon.colcon_notification.desktop_notification:Sending desktop notification using 'notify2'
[3.835s] DEBUG:colcon.colcon_core.event_reactor:joined thread
[3.835s] INFO:colcon.colcon_core.shell:Creating prefix script '/home/user/qiaoyin/install/local_setup.ps1'
[3.836s] INFO:colcon.colcon_core.shell:Creating prefix util module '/home/user/qiaoyin/install/_local_setup_util_ps1.py'
[3.836s] INFO:colcon.colcon_core.shell:Creating prefix chain script '/home/user/qiaoyin/install/setup.ps1'
[3.837s] INFO:colcon.colcon_core.shell:Creating prefix script '/home/user/qiaoyin/install/local_setup.sh'
[3.837s] INFO:colcon.colcon_core.shell:Creating prefix util module '/home/user/qiaoyin/install/_local_setup_util_sh.py'
[3.838s] INFO:colcon.colcon_core.shell:Creating prefix chain script '/home/user/qiaoyin/install/setup.sh'
[3.838s] INFO:colcon.colcon_core.shell:Creating prefix script '/home/user/qiaoyin/install/local_setup.bash'
[3.838s] INFO:colcon.colcon_core.shell:Creating prefix chain script '/home/user/qiaoyin/install/setup.bash'
[3.839s] INFO:colcon.colcon_core.shell:Creating prefix script '/home/user/qiaoyin/install/local_setup.zsh'
[3.839s] INFO:colcon.colcon_core.shell:Creating prefix chain script '/home/user/qiaoyin/install/setup.zsh'
