[  1%] Built target driver__cpp
[ 12%] Built target driver__rosidl_generator_c
[ 12%] Built target ament_cmake_python_copy_driver
[ 22%] Built target driver__rosidl_typesupport_introspection_cpp
[ 42%] Built target driver__rosidl_typesupport_fastrtps_cpp
[ 44%] Built target driver__rosidl_typesupport_c
[ 54%] Built target driver__rosidl_typesupport_cpp
[ 65%] Built target driver__rosidl_typesupport_fastrtps_c
[ 76%] Built target driver__rosidl_typesupport_introspection_c
[35m[1mConsolidate compiler generated dependencies of target arm_driver_node[0m
[ 76%] Built target driver
[ 77%] [32mBuilding CXX object CMakeFiles/arm_driver_node.dir/src/arm_driver_node.cpp.o[0m
[ 78%] Built target driver__py
[ 88%] Built target driver__rosidl_generator_py
[ 96%] Built target driver__rosidl_typesupport_introspection_c__pyext
[ 96%] Built target driver__rosidl_typesupport_c__pyext
[ 96%] Built target driver__rosidl_typesupport_fastrtps_c__pyext
running egg_info
writing driver.egg-info/PKG-INFO
writing dependency_links to driver.egg-info/dependency_links.txt
writing top-level names to driver.egg-info/top_level.txt
reading manifest file 'driver.egg-info/SOURCES.txt'
writing manifest file 'driver.egg-info/SOURCES.txt'
[ 96%] Built target ament_cmake_python_build_driver_egg
[01m[K/home/user/qiaoyin/src/driver/src/arm_driver_node.cpp:[m[K In member function ‘[01m[Kvoid ArmDriverNode::handle_arm_enable(std::shared_ptr<driver::srv::ArmEnable_Request_<std::allocator<void> > >, std::shared_ptr<driver::srv::ArmEnable_Response_<std::allocator<void> > >)[m[K’:
[01m[K/home/user/qiaoyin/src/driver/src/arm_driver_node.cpp:120:14:[m[K [01;31m[Kerror: [m[K‘[01m[Kclass std::shared_ptr<driver::srv::ArmEnable_Response_<std::allocator<void> > >[m[K’ has no member named ‘[01m[Ksuccess[m[K’
  120 |     response.[01;31m[Ksuccess[m[K = res;
      |              [01;31m[K^~~~~~~[m[K
gmake[2]: *** [CMakeFiles/arm_driver_node.dir/build.make:76：CMakeFiles/arm_driver_node.dir/src/arm_driver_node.cpp.o] 错误 1
gmake[1]: *** [CMakeFiles/Makefile2:593：CMakeFiles/arm_driver_node.dir/all] 错误 2
gmake: *** [Makefile:146：all] 错误 2
