[  1%] Built target whl_system__cpp
[ 11%] Built target whl_system__rosidl_generator_c
[ 11%] Built target ament_cmake_python_copy_whl_system
[ 21%] Built target whl_system__rosidl_typesupport_introspection_cpp
[ 30%] Built target whl_system__rosidl_typesupport_introspection_c
[ 40%] Built target whl_system__rosidl_typesupport_cpp
[ 50%] Built target whl_system__rosidl_typesupport_fastrtps_cpp
[ 59%] Built target whl_system__rosidl_typesupport_fastrtps_c
[ 69%] Built target whl_system__rosidl_typesupport_c
[35m[1mConsolidate compiler generated dependencies of target wheelloong_system_node[0m
[ 69%] Built target whl_system
[ 71%] [32mBuilding CXX object CMakeFiles/wheelloong_system_node.dir/src/system_node.cpp.o[0m
[ 73%] [32mBuilding CXX object CMakeFiles/wheelloong_system_node.dir/src/wheelloong_system.cpp.o[0m
[ 75%] Built target whl_system__py
[ 82%] Built target whl_system__rosidl_generator_py
[ 86%] Built target whl_system__rosidl_typesupport_c__pyext
[ 90%] Built target whl_system__rosidl_typesupport_fastrtps_c__pyext
[ 94%] Built target whl_system__rosidl_typesupport_introspection_c__pyext
running egg_info
writing whl_system.egg-info/PKG-INFO
writing dependency_links to whl_system.egg-info/dependency_links.txt
writing top-level names to whl_system.egg-info/top_level.txt
reading manifest file 'whl_system.egg-info/SOURCES.txt'
writing manifest file 'whl_system.egg-info/SOURCES.txt'
[ 94%] Built target ament_cmake_python_build_whl_system_egg
